audio tensor([[[0.0000, 0.3776, 0.0000,  ..., 1.5493, 0.0000, 0.2908],
         [0.0000, 0.8448, 0.0416,  ..., 1.0477, 0.2990, 0.1918],
         [0.0000, 0.9225, 0.0475,  ..., 0.9375, 0.0000, 0.4430],
         ...,
         [0.0000, 0.6003, 0.0000,  ..., 0.6562, 0.2396, 0.7777],
         [0.0000, 0.4617, 0.0000,  ..., 0.0000, 0.1451, 0.4535],
         [0.0606, 0.2299, 0.0294,  ..., 0.0181, 0.0000, 0.0000]],

        [[0.0000, 0.0000, 0.0000,  ..., 0.0000, 0.2288, 0.1777],
         [0.0000, 0.0000, 0.0000,  ..., 0.0000, 0.2288, 0.1777],
         [0.0000, 0.0000, 0.0000,  ..., 0.0000, 0.2288, 0.1777],
         ...,
         [0.0000, 0.1375, 1.3750,  ..., 0.0000, 0.0251, 0.0000],
         [0.0000, 0.3553, 0.9262,  ..., 0.0000, 0.0000, 0.1198],
         [0.0000, 0.1862, 0.1795,  ..., 0.0000, 0.0000, 0.2251]],

        [[0.0000, 0.0000, 0.5618,  ..., 0.0000, 0.0000, 0.0000],
         [0.0465, 0.0000, 0.0396,  ..., 0.0000, 0.0000, 0.0000],
         [0.0663, 0.0000, 0.6016,  ..., 0.0000, 0.0000, 0.0000],
         ...,
         [0.0000, 0.0000, 0.6002,  ..., 0.0000, 0.0000, 0.0000],
         [0.0000, 0.0000, 0.4641,  ..., 0.0000, 0.0820, 0.0000],
         [0.0000, 0.0000, 0.2352,  ..., 0.0000, 0.1307, 0.0000]],

        ...,

        [[0.0135, 0.4572, 0.0000,  ..., 0.1157, 0.0649, 0.0000],
         [0.0000, 0.4693, 0.0000,  ..., 0.1185, 0.1795, 0.0000],
         [0.0000, 0.8599, 0.0000,  ..., 0.0000, 0.1173, 0.4413],
         ...,
         [0.0000, 0.1836, 0.1771,  ..., 0.0904, 0.2659, 0.0000],
         [0.0216, 0.1413, 0.1363,  ..., 0.4399, 0.1092, 0.0000],
         [0.0000, 0.0000, 0.1874,  ..., 0.1734, 0.1204, 0.0000]],

        [[0.0173, 0.0122, 0.0443,  ..., 0.3771, 0.1058, 0.0000],
         [0.1516, 0.0000, 0.0000,  ..., 0.0986, 0.0000, 0.0000],
         [0.0000, 0.0000, 0.0089,  ..., 0.1615, 0.1458, 0.0000],
         ...,
         [0.0099, 0.0199, 0.2094,  ..., 0.3011, 0.0000, 0.0000],
         [0.2826, 0.0000, 0.0000,  ..., 0.3471, 0.0000, 0.0000],
         [0.0834, 0.0000, 0.0000,  ..., 0.4939, 0.0000, 0.0000]],

        [[0.0000, 0.1549, 0.6407,  ..., 0.0000, 0.4375, 0.3995],
         [0.0000, 0.1802, 0.9988,  ..., 0.0000, 0.2911, 0.5170],
         [0.0000, 0.4388, 1.0547,  ..., 0.0000, 0.0848, 0.3806],
         ...,
         [0.0000, 0.4210, 0.8536,  ..., 0.0000, 0.0000, 0.4452],
         [0.0000, 0.4878, 1.1811,  ..., 0.0000, 0.0000, 0.3723],
         [0.0000, 0.7236, 0.9116,  ..., 0.0000, 0.0000, 0.4314]]],
       device='cuda:0')
video tensor([[[4.8910e-01, 8.6232e-02, 2.9752e-01,  ..., 2.8205e-02,
          2.2721e-01, 2.5872e-01],
         [6.0048e-01, 8.5066e-02, 3.0931e-01,  ..., 3.1088e-02,
          3.9896e-01, 2.3780e-01],
         [6.6297e-01, 8.1537e-02, 4.4340e-01,  ..., 1.8889e-02,
          5.0188e-01, 2.6410e-01],
         ...,
         [1.1570e+00, 1.3903e-01, 4.6566e-01,  ..., 2.8812e-01,
          5.0619e-02, 1.8517e-01],
         [1.1378e+00, 1.6468e-01, 4.0116e-01,  ..., 4.0112e-01,
          2.4513e-02, 1.0638e-01],
         [1.2304e+00, 3.7061e-02, 3.8357e-01,  ..., 3.8242e-01,
          2.5623e-02, 1.9315e-01]],

        [[2.8824e-01, 8.9712e-03, 1.7677e-03,  ..., 2.1644e-01,
          0.0000e+00, 1.2538e-02],
         [4.0034e-01, 1.0370e-01, 3.8865e-02,  ..., 1.0941e-01,
          9.8046e-03, 4.3652e-02],
         [6.7462e-01, 7.0679e-02, 7.1856e-02,  ..., 1.3892e-01,
          3.7335e-02, 4.6638e-02],
         ...,
         [2.0393e+00, 1.6319e-01, 1.4311e-01,  ..., 3.0530e-02,
          1.0503e+00, 1.6649e-01],
         [2.2174e+00, 2.4595e-01, 1.6503e-01,  ..., 4.9373e-02,
          1.1249e+00, 4.1388e-01],
         [1.7291e+00, 2.3426e-01, 1.2281e-01,  ..., 1.8785e-01,
          1.0152e+00, 3.5657e-01]],

        [[1.2697e-01, 5.4376e-01, 1.6888e-02,  ..., 5.4003e-03,
          3.4329e-03, 2.9163e-04],
         [1.2697e-01, 5.4376e-01, 1.6888e-02,  ..., 5.4003e-03,
          3.4329e-03, 2.9163e-04],
         [1.2697e-01, 5.4376e-01, 1.6888e-02,  ..., 5.4003e-03,
          3.4329e-03, 2.9163e-04],
         ...,
         [6.9159e-01, 2.4011e-01, 8.7491e-01,  ..., 2.7257e-01,
          2.3223e-02, 3.0494e-02],
         [7.0093e-01, 2.4047e-01, 8.6958e-01,  ..., 2.6900e-01,
          2.4494e-02, 3.1308e-02],
         [6.9706e-01, 2.4275e-01, 8.6499e-01,  ..., 2.6754e-01,
          2.4303e-02, 3.1071e-02]],

        ...,

        [[1.8863e-01, 7.2575e-01, 1.2127e+00,  ..., 2.4170e-01,
          3.5162e-01, 5.2701e-01],
         [2.8335e-01, 5.6013e-01, 1.2471e+00,  ..., 3.0497e-01,
          4.0040e-01, 6.2519e-01],
         [3.8719e-01, 4.0454e-01, 1.3429e+00,  ..., 3.4508e-01,
          3.8119e-01, 4.0371e-01],
         ...,
         [1.0063e+00, 1.1788e-01, 5.5971e-01,  ..., 1.5351e-01,
          3.2635e-01, 9.4817e-02],
         [1.3510e+00, 1.3780e-01, 9.4187e-01,  ..., 5.8260e-02,
          4.1244e-01, 9.9651e-02],
         [1.0470e+00, 2.6478e-01, 8.9138e-01,  ..., 1.3466e-01,
          2.9383e-01, 9.2074e-02]],

        [[2.3634e-01, 9.6101e-01, 8.3420e-01,  ..., 5.0478e-01,
          1.0861e+00, 1.1830e+00],
         [2.2628e-01, 9.5269e-01, 1.0275e+00,  ..., 5.8277e-01,
          1.1720e+00, 1.1575e+00],
         [1.9516e-01, 9.8222e-01, 9.1298e-01,  ..., 5.2868e-01,
          1.1014e+00, 1.0820e+00],
         ...,
         [7.4685e-02, 8.8996e-01, 8.4634e-01,  ..., 5.0969e-01,
          1.2584e+00, 8.4368e-01],
         [9.5578e-02, 8.9057e-01, 8.0528e-01,  ..., 5.4680e-01,
          1.1679e+00, 8.1853e-01],
         [9.0045e-02, 9.0509e-01, 8.4222e-01,  ..., 5.1441e-01,
          1.2120e+00, 7.9549e-01]],

        [[4.2687e-01, 5.4086e-01, 6.4129e-01,  ..., 4.9847e-01,
          3.9815e-02, 2.2473e-01],
         [3.9943e-01, 5.8904e-01, 6.4501e-01,  ..., 5.6114e-01,
          4.5735e-02, 1.9996e-01],
         [4.5063e-01, 6.9692e-01, 6.6881e-01,  ..., 6.6739e-01,
          1.8896e-02, 3.3820e-01],
         ...,
         [2.8826e-01, 4.0234e-01, 6.4950e-01,  ..., 5.7546e-01,
          4.1329e-02, 2.2365e-01],
         [2.5680e-01, 4.1124e-01, 6.5687e-01,  ..., 5.8527e-01,
          3.5654e-02, 1.7608e-01],
         [2.9759e-01, 3.3615e-01, 6.8873e-01,  ..., 5.5198e-01,
          2.3031e-02, 2.1130e-01]]], device='cuda:0')
video_st tensor([[[1.5650, 0.7154, 0.7944,  ..., 1.9361, 0.1277, 1.0127],
         [1.9567, 0.9157, 0.6822,  ..., 1.7471, 0.2720, 1.2473],
         [2.0687, 0.8049, 0.7722,  ..., 1.4428, 0.1850, 0.8811],
         ...,
         [2.0025, 0.6117, 0.7383,  ..., 2.1047, 0.3917, 0.7746],
         [2.4633, 0.8968, 0.9133,  ..., 2.0886, 0.4708, 0.4116],
         [2.6718, 0.7266, 1.0744,  ..., 1.5210, 0.6753, 0.2644]],

        [[0.8148, 0.0345, 0.5187,  ..., 0.2759, 0.1943, 1.1297],
         [0.5863, 0.1140, 0.8686,  ..., 0.2575, 0.1380, 2.0623],
         [0.5429, 0.1038, 0.8432,  ..., 0.1702, 0.3773, 1.8927],
         ...,
         [1.0671, 1.5851, 1.4510,  ..., 1.8939, 0.2195, 2.2665],
         [0.2820, 2.3987, 0.9570,  ..., 1.5259, 0.2755, 1.2509],
         [0.6890, 1.8034, 0.9446,  ..., 1.6234, 0.2525, 1.1527]],

        [[0.2550, 0.0138, 0.2959,  ..., 0.0077, 0.2074, 0.0000],
         [0.7061, 0.0442, 0.5259,  ..., 0.0037, 0.0978, 0.0000],
         [1.0983, 0.0432, 0.8112,  ..., 0.0163, 0.1204, 0.0000],
         ...,
         [1.4201, 0.4849, 1.0115,  ..., 0.1494, 0.5166, 0.5824],
         [1.4561, 0.5115, 1.0363,  ..., 0.1460, 0.5056, 0.6274],
         [1.4806, 0.5340, 1.0778,  ..., 0.1493, 0.5314, 0.6256]],

        ...,

        [[1.5218, 0.5563, 0.5520,  ..., 1.5324, 1.5059, 1.8361],
         [1.4653, 0.4261, 0.8655,  ..., 1.2230, 1.2036, 1.4255],
         [1.2549, 0.4507, 0.8610,  ..., 0.6923, 1.1970, 0.7774],
         ...,
         [2.4696, 0.4671, 2.2575,  ..., 0.2527, 2.6529, 0.5961],
         [2.0408, 0.8295, 2.4930,  ..., 0.4122, 1.4935, 1.3271],
         [1.0992, 0.8420, 1.2357,  ..., 0.4859, 1.2005, 0.8213]],

        [[0.0837, 1.1877, 1.4424,  ..., 0.9727, 0.7631, 1.4421],
         [0.0788, 1.2736, 1.5340,  ..., 0.9469, 0.7148, 1.3996],
         [0.0629, 1.2820, 1.4388,  ..., 1.0263, 0.6633, 1.3937],
         ...,
         [0.0399, 1.2005, 1.2354,  ..., 0.9557, 0.6795, 1.6360],
         [0.0380, 1.1792, 1.3501,  ..., 1.0327, 0.7626, 1.7247],
         [0.0632, 1.1120, 1.3874,  ..., 0.9908, 0.7614, 1.7271]],

        [[1.7761, 0.5133, 1.2000,  ..., 1.3380, 0.6008, 1.0279],
         [1.7951, 0.5095, 1.0440,  ..., 1.1414, 0.9759, 0.8431],
         [2.0833, 0.4801, 1.3299,  ..., 1.4066, 0.6035, 1.1517],
         ...,
         [1.9069, 0.6159, 0.9450,  ..., 1.2543, 0.9121, 1.0900],
         [1.5388, 0.3986, 1.0417,  ..., 1.2283, 0.7090, 1.1223],
         [1.4571, 0.5134, 1.1603,  ..., 1.4482, 0.9352, 1.0695]]],
       device='cuda:0')
target tensor([[1., 1., 0., 0., 0., 0., 0., 0., 0., 0., 0., 0., 0., 0., 0., 0., 0., 0.,
         0., 0., 0., 0., 0., 0., 0.],
        [0., 0., 0., 0., 0., 0., 0., 0., 0., 0., 0., 0., 0., 0., 0., 0., 1., 0.,
         0., 0., 0., 0., 0., 0., 0.],
        [0., 0., 0., 0., 0., 0., 0., 0., 1., 0., 0., 0., 0., 0., 0., 0., 0., 0.,
         0., 0., 0., 0., 0., 0., 0.],
        [1., 0., 0., 0., 0., 0., 0., 1., 0., 0., 0., 0., 0., 0., 0., 0., 0., 0.,
         0., 0., 0., 0., 0., 0., 0.],
        [1., 0., 0., 1., 0., 0., 0., 0., 0., 0., 0., 0., 0., 0., 0., 0., 0., 0.,
         0., 0., 0., 0., 0., 0., 0.],
        [1., 0., 0., 0., 0., 0., 0., 0., 0., 0., 0., 0., 0., 0., 0., 0., 0., 0.,
         0., 0., 0., 0., 0., 1., 0.],
        [1., 0., 0., 0., 0., 0., 0., 0., 0., 0., 0., 0., 0., 0., 0., 0., 0., 0.,
         1., 0., 0., 0., 0., 0., 0.],
        [1., 0., 0., 0., 0., 0., 0., 0., 0., 0., 0., 0., 0., 0., 0., 0., 0., 0.,
         0., 0., 0., 0., 0., 1., 0.],
        [1., 1., 0., 0., 0., 0., 0., 0., 0., 0., 0., 0., 0., 0., 0., 0., 0., 0.,
         0., 0., 0., 0., 0., 0., 0.],
        [0., 0., 0., 0., 0., 0., 0., 0., 0., 0., 0., 0., 0., 0., 1., 0., 0., 0.,
         0., 0., 0., 0., 0., 0., 0.],
        [1., 0., 0., 0., 0., 0., 0., 0., 0., 0., 0., 0., 0., 0., 0., 0., 0., 0.,
         1., 0., 0., 0., 0., 0., 0.],
        [0., 0., 0., 0., 0., 0., 0., 0., 0., 1., 0., 0., 0., 1., 0., 0., 0., 0.,
         0., 0., 0., 0., 0., 0., 0.],
        [0., 0., 1., 0., 0., 0., 0., 0., 0., 0., 0., 0., 0., 0., 0., 0., 0., 0.,
         0., 0., 0., 0., 0., 0., 0.],
        [1., 0., 0., 0., 0., 0., 0., 0., 0., 0., 0., 0., 0., 0., 0., 0., 0., 0.,
         0., 1., 0., 0., 0., 0., 0.],
        [1., 0., 0., 0., 0., 0., 0., 0., 0., 0., 0., 0., 0., 0., 0., 0., 0., 0.,
         0., 0., 1., 0., 0., 0., 0.],
        [0., 0., 0., 0., 0., 0., 0., 0., 0., 0., 0., 0., 0., 0., 0., 0., 1., 0.,
         0., 0., 0., 0., 0., 0., 0.]], device='cuda:0')
Audio Event Detection Segment-level F1: 33.6
Visual Event Detection Segment-level F1: 43.4
Audio-Visual Event Detection Segment-level F1: 41.8
Segment-levelType@Avg. F1: 39.6
Segment-level Event@Avg. F1: 31.1
Audio Event Detection Event-level F1: 28.7
Visual Event Detection Event-level F1: 40.9
Audio-Visual Event Detection Event-level F1: 37.1
Event-level Type@Avg. F1: 35.6
Event-level Event@Avg. F1: 26.8
