111111111111
Train Epoch: 1 [0/10000 (0%)]	Loss: 2.172634
Train Epoch: 1 [800/10000 (8%)]	Loss: 0.712979
Train Epoch: 1 [1600/10000 (16%)]	Loss: 0.560392
Train Epoch: 1 [2400/10000 (24%)]	Loss: 0.503504
Train Epoch: 1 [3200/10000 (32%)]	Loss: 0.508853
Train Epoch: 1 [4000/10000 (40%)]	Loss: 0.452101
Train Epoch: 1 [4800/10000 (48%)]	Loss: 0.478113
Train Epoch: 1 [5600/10000 (56%)]	Loss: 0.415968
Train Epoch: 1 [6400/10000 (64%)]	Loss: 0.377390
Train Epoch: 1 [7200/10000 (72%)]	Loss: 0.429891
Train Epoch: 1 [8000/10000 (80%)]	Loss: 0.367642
Train Epoch: 1 [8800/10000 (88%)]	Loss: 0.352003
Train Epoch: 1 [9600/10000 (96%)]	Loss: 0.341726
Audio Event Detection Segment-level F1: 59.5
Visual Event Detection Segment-level F1: 53.6
Audio-Visual Event Detection Segment-level F1: 49.6
Segment-levelType@Avg. F1: 54.2
Segment-level Event@Avg. F1: 54.9
Audio Event Detection Event-level F1: 50.7
Visual Event Detection Event-level F1: 47.6
Audio-Visual Event Detection Event-level F1: 42.5
Event-level Type@Avg. F1: 47.0
Event-level Event@Avg. F1: 46.9
Train Epoch: 2 [0/10000 (0%)]	Loss: 0.349700
Train Epoch: 2 [800/10000 (8%)]	Loss: 0.340410
Train Epoch: 2 [1600/10000 (16%)]	Loss: 0.375564
Train Epoch: 2 [2400/10000 (24%)]	Loss: 0.335236
Train Epoch: 2 [3200/10000 (32%)]	Loss: 0.424055
Train Epoch: 2 [4000/10000 (40%)]	Loss: 0.323826
Train Epoch: 2 [4800/10000 (48%)]	Loss: 0.367012
Train Epoch: 2 [5600/10000 (56%)]	Loss: 0.417486
Train Epoch: 2 [6400/10000 (64%)]	Loss: 0.396360
Train Epoch: 2 [7200/10000 (72%)]	Loss: 0.407522
Train Epoch: 2 [8000/10000 (80%)]	Loss: 0.290422
Train Epoch: 2 [8800/10000 (88%)]	Loss: 0.391855
Train Epoch: 2 [9600/10000 (96%)]	Loss: 0.385312
Audio Event Detection Segment-level F1: 57.9
Visual Event Detection Segment-level F1: 50.3
Audio-Visual Event Detection Segment-level F1: 46.8
Segment-levelType@Avg. F1: 51.6
Segment-level Event@Avg. F1: 52.7
Audio Event Detection Event-level F1: 48.1
Visual Event Detection Event-level F1: 45.1
Audio-Visual Event Detection Event-level F1: 39.5
Event-level Type@Avg. F1: 44.2
Event-level Event@Avg. F1: 44.7
Train Epoch: 3 [0/10000 (0%)]	Loss: 0.353280
Train Epoch: 3 [800/10000 (8%)]	Loss: 0.349141
Train Epoch: 3 [1600/10000 (16%)]	Loss: 0.346653
Train Epoch: 3 [2400/10000 (24%)]	Loss: 0.318073
Train Epoch: 3 [3200/10000 (32%)]	Loss: 0.354615
Train Epoch: 3 [4000/10000 (40%)]	Loss: 0.328701
Train Epoch: 3 [4800/10000 (48%)]	Loss: 0.389341
Train Epoch: 3 [5600/10000 (56%)]	Loss: 0.358022
Train Epoch: 3 [6400/10000 (64%)]	Loss: 0.275688
Train Epoch: 3 [7200/10000 (72%)]	Loss: 0.297500
Train Epoch: 3 [8000/10000 (80%)]	Loss: 0.335653
Train Epoch: 3 [8800/10000 (88%)]	Loss: 0.334513
Train Epoch: 3 [9600/10000 (96%)]	Loss: 0.395109
Audio Event Detection Segment-level F1: 59.4
Visual Event Detection Segment-level F1: 49.7
Audio-Visual Event Detection Segment-level F1: 46.5
Segment-levelType@Avg. F1: 51.9
Segment-level Event@Avg. F1: 52.9
Audio Event Detection Event-level F1: 49.4
Visual Event Detection Event-level F1: 44.2
Audio-Visual Event Detection Event-level F1: 39.3
Event-level Type@Avg. F1: 44.3
Event-level Event@Avg. F1: 45.4
Train Epoch: 4 [0/10000 (0%)]	Loss: 0.369481
Train Epoch: 4 [800/10000 (8%)]	Loss: 0.352255
Train Epoch: 4 [1600/10000 (16%)]	Loss: 0.318685
Train Epoch: 4 [2400/10000 (24%)]	Loss: 0.266860
Train Epoch: 4 [3200/10000 (32%)]	Loss: 0.307937
Train Epoch: 4 [4000/10000 (40%)]	Loss: 0.467132
Train Epoch: 4 [4800/10000 (48%)]	Loss: 0.298087
Train Epoch: 4 [5600/10000 (56%)]	Loss: 0.354745
Train Epoch: 4 [6400/10000 (64%)]	Loss: 0.396516
Train Epoch: 4 [7200/10000 (72%)]	Loss: 0.384805
Train Epoch: 4 [8000/10000 (80%)]	Loss: 0.467303
Train Epoch: 4 [8800/10000 (88%)]	Loss: 0.349563
Train Epoch: 4 [9600/10000 (96%)]	Loss: 0.315780
Audio Event Detection Segment-level F1: 59.8
Visual Event Detection Segment-level F1: 53.4
Audio-Visual Event Detection Segment-level F1: 49.2
Segment-levelType@Avg. F1: 54.1
Segment-level Event@Avg. F1: 54.9
Audio Event Detection Event-level F1: 50.6
Visual Event Detection Event-level F1: 47.8
Audio-Visual Event Detection Event-level F1: 41.0
Event-level Type@Avg. F1: 46.4
Event-level Event@Avg. F1: 46.9
Train Epoch: 5 [0/10000 (0%)]	Loss: 0.304635
Train Epoch: 5 [800/10000 (8%)]	Loss: 0.372775
Train Epoch: 5 [1600/10000 (16%)]	Loss: 0.333537
Train Epoch: 5 [2400/10000 (24%)]	Loss: 0.277524
Train Epoch: 5 [3200/10000 (32%)]	Loss: 0.361511
Train Epoch: 5 [4000/10000 (40%)]	Loss: 0.274213
Train Epoch: 5 [4800/10000 (48%)]	Loss: 0.321766
Train Epoch: 5 [5600/10000 (56%)]	Loss: 0.279664
Train Epoch: 5 [6400/10000 (64%)]	Loss: 0.311886
Train Epoch: 5 [7200/10000 (72%)]	Loss: 0.353878
Train Epoch: 5 [8000/10000 (80%)]	Loss: 0.336750
Train Epoch: 5 [8800/10000 (88%)]	Loss: 0.319623
Train Epoch: 5 [9600/10000 (96%)]	Loss: 0.376579
Audio Event Detection Segment-level F1: 59.4
Visual Event Detection Segment-level F1: 53.7
Audio-Visual Event Detection Segment-level F1: 49.2
Segment-levelType@Avg. F1: 54.1
Segment-level Event@Avg. F1: 54.5
Audio Event Detection Event-level F1: 49.7
Visual Event Detection Event-level F1: 48.5
Audio-Visual Event Detection Event-level F1: 41.9
Event-level Type@Avg. F1: 46.7
Event-level Event@Avg. F1: 46.5
Train Epoch: 6 [0/10000 (0%)]	Loss: 0.326186
Train Epoch: 6 [800/10000 (8%)]	Loss: 0.336606
Train Epoch: 6 [1600/10000 (16%)]	Loss: 0.330090
Train Epoch: 6 [2400/10000 (24%)]	Loss: 0.309923
Train Epoch: 6 [3200/10000 (32%)]	Loss: 0.321872
Train Epoch: 6 [4000/10000 (40%)]	Loss: 0.304976
Train Epoch: 6 [4800/10000 (48%)]	Loss: 0.357924
Train Epoch: 6 [5600/10000 (56%)]	Loss: 0.321061
Train Epoch: 6 [6400/10000 (64%)]	Loss: 0.331364
Train Epoch: 6 [7200/10000 (72%)]	Loss: 0.280561
Train Epoch: 6 [8000/10000 (80%)]	Loss: 0.639646
Train Epoch: 6 [8800/10000 (88%)]	Loss: 0.456760
Train Epoch: 6 [9600/10000 (96%)]	Loss: 0.415973
Audio Event Detection Segment-level F1: 60.0
Visual Event Detection Segment-level F1: 27.4
Audio-Visual Event Detection Segment-level F1: 26.7
Segment-levelType@Avg. F1: 38.0
Segment-level Event@Avg. F1: 45.8
Audio Event Detection Event-level F1: 50.8
Visual Event Detection Event-level F1: 20.7
Audio-Visual Event Detection Event-level F1: 20.5
Event-level Type@Avg. F1: 30.7
Event-level Event@Avg. F1: 37.9
Train Epoch: 7 [0/10000 (0%)]	Loss: 0.392386
Train Epoch: 7 [800/10000 (8%)]	Loss: 0.362491
Train Epoch: 7 [1600/10000 (16%)]	Loss: 0.367502
Train Epoch: 7 [2400/10000 (24%)]	Loss: 0.382068
Train Epoch: 7 [3200/10000 (32%)]	Loss: 0.379822
Train Epoch: 7 [4000/10000 (40%)]	Loss: 0.307681
Train Epoch: 7 [4800/10000 (48%)]	Loss: 0.429679
Train Epoch: 7 [5600/10000 (56%)]	Loss: 0.344447
Train Epoch: 7 [6400/10000 (64%)]	Loss: 0.344601
Train Epoch: 7 [7200/10000 (72%)]	Loss: 0.328949
Train Epoch: 7 [8000/10000 (80%)]	Loss: 0.293856
Train Epoch: 7 [8800/10000 (88%)]	Loss: 0.344595
Train Epoch: 7 [9600/10000 (96%)]	Loss: 0.372952
Audio Event Detection Segment-level F1: 59.9
Visual Event Detection Segment-level F1: 50.8
Audio-Visual Event Detection Segment-level F1: 47.4
Segment-levelType@Avg. F1: 52.7
Segment-level Event@Avg. F1: 54.4
Audio Event Detection Event-level F1: 50.6
Visual Event Detection Event-level F1: 43.1
Audio-Visual Event Detection Event-level F1: 39.1
Event-level Type@Avg. F1: 44.3
Event-level Event@Avg. F1: 44.7
Train Epoch: 8 [0/10000 (0%)]	Loss: 0.331092
Train Epoch: 8 [800/10000 (8%)]	Loss: 0.366813
Train Epoch: 8 [1600/10000 (16%)]	Loss: 0.340952
Train Epoch: 8 [2400/10000 (24%)]	Loss: 0.347396
Train Epoch: 8 [3200/10000 (32%)]	Loss: 0.358879
Train Epoch: 8 [4000/10000 (40%)]	Loss: 0.337182
Train Epoch: 8 [4800/10000 (48%)]	Loss: 0.334059
Train Epoch: 8 [5600/10000 (56%)]	Loss: 0.306491
Train Epoch: 8 [6400/10000 (64%)]	Loss: 0.364534
Train Epoch: 8 [7200/10000 (72%)]	Loss: 0.358689
Train Epoch: 8 [8000/10000 (80%)]	Loss: 0.490098
Train Epoch: 8 [8800/10000 (88%)]	Loss: 0.367607
Train Epoch: 8 [9600/10000 (96%)]	Loss: 0.356855
Audio Event Detection Segment-level F1: 61.1
Visual Event Detection Segment-level F1: 48.8
Audio-Visual Event Detection Segment-level F1: 44.9
Segment-levelType@Avg. F1: 51.6
Segment-level Event@Avg. F1: 54.3
Audio Event Detection Event-level F1: 52.3
Visual Event Detection Event-level F1: 41.4
Audio-Visual Event Detection Event-level F1: 36.4
Event-level Type@Avg. F1: 43.4
Event-level Event@Avg. F1: 45.4
Train Epoch: 9 [0/10000 (0%)]	Loss: 0.305573
Train Epoch: 9 [800/10000 (8%)]	Loss: 0.309726
Train Epoch: 9 [1600/10000 (16%)]	Loss: 0.309688
Train Epoch: 9 [2400/10000 (24%)]	Loss: 0.345193
Train Epoch: 9 [3200/10000 (32%)]	Loss: 0.344753
Train Epoch: 9 [4000/10000 (40%)]	Loss: 0.339981
Train Epoch: 9 [4800/10000 (48%)]	Loss: 0.322545
Train Epoch: 9 [5600/10000 (56%)]	Loss: 0.297235
Train Epoch: 9 [6400/10000 (64%)]	Loss: 0.336929
Train Epoch: 9 [7200/10000 (72%)]	Loss: 0.376031
Train Epoch: 9 [8000/10000 (80%)]	Loss: 0.312674
Train Epoch: 9 [8800/10000 (88%)]	Loss: 0.313859
Train Epoch: 9 [9600/10000 (96%)]	Loss: 0.358357
Audio Event Detection Segment-level F1: 62.7
Visual Event Detection Segment-level F1: 49.6
Audio-Visual Event Detection Segment-level F1: 46.4
Segment-levelType@Avg. F1: 52.9
Segment-level Event@Avg. F1: 55.5
Audio Event Detection Event-level F1: 53.0
Visual Event Detection Event-level F1: 41.6
Audio-Visual Event Detection Event-level F1: 38.0
Event-level Type@Avg. F1: 44.2
Event-level Event@Avg. F1: 45.9
Train Epoch: 10 [0/10000 (0%)]	Loss: 0.341531
Train Epoch: 10 [800/10000 (8%)]	Loss: 0.310248
Train Epoch: 10 [1600/10000 (16%)]	Loss: 0.318405
Train Epoch: 10 [2400/10000 (24%)]	Loss: 0.331006
Train Epoch: 10 [3200/10000 (32%)]	Loss: 0.340394
Train Epoch: 10 [4000/10000 (40%)]	Loss: 0.303313
Train Epoch: 10 [4800/10000 (48%)]	Loss: 0.316741
Train Epoch: 10 [5600/10000 (56%)]	Loss: 0.319365
Train Epoch: 10 [6400/10000 (64%)]	Loss: 0.339547
Train Epoch: 10 [7200/10000 (72%)]	Loss: 0.293073
Train Epoch: 10 [8000/10000 (80%)]	Loss: 0.312311
Train Epoch: 10 [8800/10000 (88%)]	Loss: 0.299505
Train Epoch: 10 [9600/10000 (96%)]	Loss: 0.310321
Audio Event Detection Segment-level F1: 60.7
Visual Event Detection Segment-level F1: 53.0
Audio-Visual Event Detection Segment-level F1: 49.6
Segment-levelType@Avg. F1: 54.4
Segment-level Event@Avg. F1: 55.7
Audio Event Detection Event-level F1: 50.6
Visual Event Detection Event-level F1: 45.3
Audio-Visual Event Detection Event-level F1: 40.9
Event-level Type@Avg. F1: 45.6
Event-level Event@Avg. F1: 45.3
Train Epoch: 11 [0/10000 (0%)]	Loss: 0.368734
Train Epoch: 11 [800/10000 (8%)]	Loss: 0.338425
Train Epoch: 11 [1600/10000 (16%)]	Loss: 0.329603
Train Epoch: 11 [2400/10000 (24%)]	Loss: 0.309755
Train Epoch: 11 [3200/10000 (32%)]	Loss: 0.338976
Train Epoch: 11 [4000/10000 (40%)]	Loss: 0.250691
Train Epoch: 11 [4800/10000 (48%)]	Loss: 0.302475
Train Epoch: 11 [5600/10000 (56%)]	Loss: 0.312698
Train Epoch: 11 [6400/10000 (64%)]	Loss: 0.309624
Train Epoch: 11 [7200/10000 (72%)]	Loss: 0.286217
Train Epoch: 11 [8000/10000 (80%)]	Loss: 0.332014
Train Epoch: 11 [8800/10000 (88%)]	Loss: 0.311924
Train Epoch: 11 [9600/10000 (96%)]	Loss: 0.292017
Audio Event Detection Segment-level F1: 61.1
Visual Event Detection Segment-level F1: 54.6
Audio-Visual Event Detection Segment-level F1: 50.5
Segment-levelType@Avg. F1: 55.4
Segment-level Event@Avg. F1: 56.5
Audio Event Detection Event-level F1: 51.4
Visual Event Detection Event-level F1: 47.0
Audio-Visual Event Detection Event-level F1: 41.9
Event-level Type@Avg. F1: 46.8
Event-level Event@Avg. F1: 46.0
Train Epoch: 12 [0/10000 (0%)]	Loss: 0.286250
Train Epoch: 12 [800/10000 (8%)]	Loss: 0.277800
Train Epoch: 12 [1600/10000 (16%)]	Loss: 0.281235
Train Epoch: 12 [2400/10000 (24%)]	Loss: 0.261073
Train Epoch: 12 [3200/10000 (32%)]	Loss: 0.254722
Train Epoch: 12 [4000/10000 (40%)]	Loss: 0.280925
Train Epoch: 12 [4800/10000 (48%)]	Loss: 0.314006
Train Epoch: 12 [5600/10000 (56%)]	Loss: 0.315339
Train Epoch: 12 [6400/10000 (64%)]	Loss: 0.318957
Train Epoch: 12 [7200/10000 (72%)]	Loss: 0.332514
Train Epoch: 12 [8000/10000 (80%)]	Loss: 0.295105
Train Epoch: 12 [8800/10000 (88%)]	Loss: 0.322611
Train Epoch: 12 [9600/10000 (96%)]	Loss: 0.306599
Audio Event Detection Segment-level F1: 61.6
Visual Event Detection Segment-level F1: 54.2
Audio-Visual Event Detection Segment-level F1: 50.7
Segment-levelType@Avg. F1: 55.5
Segment-level Event@Avg. F1: 56.8
Audio Event Detection Event-level F1: 52.1
Visual Event Detection Event-level F1: 46.5
Audio-Visual Event Detection Event-level F1: 41.9
Event-level Type@Avg. F1: 46.9
Event-level Event@Avg. F1: 46.4
Train Epoch: 13 [0/10000 (0%)]	Loss: 0.288097
Train Epoch: 13 [800/10000 (8%)]	Loss: 0.306148
Train Epoch: 13 [1600/10000 (16%)]	Loss: 0.262148
Train Epoch: 13 [2400/10000 (24%)]	Loss: 0.314899
Train Epoch: 13 [3200/10000 (32%)]	Loss: 0.338569
Train Epoch: 13 [4000/10000 (40%)]	Loss: 0.262387
Train Epoch: 13 [4800/10000 (48%)]	Loss: 0.282840
Train Epoch: 13 [5600/10000 (56%)]	Loss: 0.313231
Train Epoch: 13 [6400/10000 (64%)]	Loss: 0.270843
Train Epoch: 13 [7200/10000 (72%)]	Loss: 0.261854
Train Epoch: 13 [8000/10000 (80%)]	Loss: 0.278122
Train Epoch: 13 [8800/10000 (88%)]	Loss: 0.315937
Train Epoch: 13 [9600/10000 (96%)]	Loss: 0.320503
Audio Event Detection Segment-level F1: 61.4
Visual Event Detection Segment-level F1: 54.1
Audio-Visual Event Detection Segment-level F1: 49.7
Segment-levelType@Avg. F1: 55.1
Segment-level Event@Avg. F1: 56.7
Audio Event Detection Event-level F1: 51.6
Visual Event Detection Event-level F1: 46.8
Audio-Visual Event Detection Event-level F1: 40.6
Event-level Type@Avg. F1: 46.4
Event-level Event@Avg. F1: 46.4
Train Epoch: 14 [0/10000 (0%)]	Loss: 0.284744
Train Epoch: 14 [800/10000 (8%)]	Loss: 0.289478
Train Epoch: 14 [1600/10000 (16%)]	Loss: 0.317020
Train Epoch: 14 [2400/10000 (24%)]	Loss: 0.293191
Train Epoch: 14 [3200/10000 (32%)]	Loss: 0.331846
Train Epoch: 14 [4000/10000 (40%)]	Loss: 0.316508
Train Epoch: 14 [4800/10000 (48%)]	Loss: 0.281877
Train Epoch: 14 [5600/10000 (56%)]	Loss: 0.325164
Train Epoch: 14 [6400/10000 (64%)]	Loss: 0.318745
Train Epoch: 14 [7200/10000 (72%)]	Loss: 0.367685
Train Epoch: 14 [8000/10000 (80%)]	Loss: 0.285166
Train Epoch: 14 [8800/10000 (88%)]	Loss: 0.316623
Train Epoch: 14 [9600/10000 (96%)]	Loss: 0.358952
Audio Event Detection Segment-level F1: 62.0
Visual Event Detection Segment-level F1: 53.2
Audio-Visual Event Detection Segment-level F1: 49.2
Segment-levelType@Avg. F1: 54.8
Segment-level Event@Avg. F1: 56.7
Audio Event Detection Event-level F1: 52.3
Visual Event Detection Event-level F1: 45.4
Audio-Visual Event Detection Event-level F1: 40.1
Event-level Type@Avg. F1: 45.9
Event-level Event@Avg. F1: 46.4
Train Epoch: 15 [0/10000 (0%)]	Loss: 0.288906
Train Epoch: 15 [800/10000 (8%)]	Loss: 0.295691
Train Epoch: 15 [1600/10000 (16%)]	Loss: 0.264872
Train Epoch: 15 [2400/10000 (24%)]	Loss: 0.293770
Train Epoch: 15 [3200/10000 (32%)]	Loss: 0.285848
Train Epoch: 15 [4000/10000 (40%)]	Loss: 0.299233
Train Epoch: 15 [4800/10000 (48%)]	Loss: 0.354045
Train Epoch: 15 [5600/10000 (56%)]	Loss: 0.268881
Train Epoch: 15 [6400/10000 (64%)]	Loss: 0.299195
Train Epoch: 15 [7200/10000 (72%)]	Loss: 0.288596
Train Epoch: 15 [8000/10000 (80%)]	Loss: 0.269318
Train Epoch: 15 [8800/10000 (88%)]	Loss: 0.316339
Train Epoch: 15 [9600/10000 (96%)]	Loss: 0.255126
Audio Event Detection Segment-level F1: 61.9
Visual Event Detection Segment-level F1: 53.1
Audio-Visual Event Detection Segment-level F1: 49.1
Segment-levelType@Avg. F1: 54.7
Segment-level Event@Avg. F1: 56.5
Audio Event Detection Event-level F1: 52.0
Visual Event Detection Event-level F1: 44.6
Audio-Visual Event Detection Event-level F1: 40.0
Event-level Type@Avg. F1: 45.5
Event-level Event@Avg. F1: 45.8
Train Epoch: 16 [0/10000 (0%)]	Loss: 0.266922
Train Epoch: 16 [800/10000 (8%)]	Loss: 0.267655
Train Epoch: 16 [1600/10000 (16%)]	Loss: 0.349833
Train Epoch: 16 [2400/10000 (24%)]	Loss: 0.282304
Train Epoch: 16 [3200/10000 (32%)]	Loss: 0.319636
Train Epoch: 16 [4000/10000 (40%)]	Loss: 0.264269
Train Epoch: 16 [4800/10000 (48%)]	Loss: 0.288394
Train Epoch: 16 [5600/10000 (56%)]	Loss: 0.318167
Train Epoch: 16 [6400/10000 (64%)]	Loss: 0.345132
Train Epoch: 16 [7200/10000 (72%)]	Loss: 0.332554
Train Epoch: 16 [8000/10000 (80%)]	Loss: 0.326011
Train Epoch: 16 [8800/10000 (88%)]	Loss: 0.234822
Train Epoch: 16 [9600/10000 (96%)]	Loss: 0.304273
Audio Event Detection Segment-level F1: 61.3
Visual Event Detection Segment-level F1: 54.2
Audio-Visual Event Detection Segment-level F1: 50.1
Segment-levelType@Avg. F1: 55.2
Segment-level Event@Avg. F1: 56.4
Audio Event Detection Event-level F1: 51.7
Visual Event Detection Event-level F1: 46.4
Audio-Visual Event Detection Event-level F1: 41.2
Event-level Type@Avg. F1: 46.5
Event-level Event@Avg. F1: 46.0
Train Epoch: 17 [0/10000 (0%)]	Loss: 0.310139
Train Epoch: 17 [800/10000 (8%)]	Loss: 0.306879
Train Epoch: 17 [1600/10000 (16%)]	Loss: 0.297170
Train Epoch: 17 [2400/10000 (24%)]	Loss: 0.269849
Train Epoch: 17 [3200/10000 (32%)]	Loss: 0.319988
Train Epoch: 17 [4000/10000 (40%)]	Loss: 0.297917
Train Epoch: 17 [4800/10000 (48%)]	Loss: 0.369168
Train Epoch: 17 [5600/10000 (56%)]	Loss: 0.334433
Train Epoch: 17 [6400/10000 (64%)]	Loss: 0.295710
Train Epoch: 17 [7200/10000 (72%)]	Loss: 0.289885
Train Epoch: 17 [8000/10000 (80%)]	Loss: 0.351114
Train Epoch: 17 [8800/10000 (88%)]	Loss: 0.258540
Train Epoch: 17 [9600/10000 (96%)]	Loss: 0.298776
Audio Event Detection Segment-level F1: 62.0
Visual Event Detection Segment-level F1: 53.0
Audio-Visual Event Detection Segment-level F1: 49.1
Segment-levelType@Avg. F1: 54.7
Segment-level Event@Avg. F1: 57.0
Audio Event Detection Event-level F1: 52.0
Visual Event Detection Event-level F1: 46.0
Audio-Visual Event Detection Event-level F1: 40.6
Event-level Type@Avg. F1: 46.2
Event-level Event@Avg. F1: 46.5
Train Epoch: 18 [0/10000 (0%)]	Loss: 0.328759
Train Epoch: 18 [800/10000 (8%)]	Loss: 0.295871
Train Epoch: 18 [1600/10000 (16%)]	Loss: 0.299512
Train Epoch: 18 [2400/10000 (24%)]	Loss: 0.342126
Train Epoch: 18 [3200/10000 (32%)]	Loss: 0.278544
Train Epoch: 18 [4000/10000 (40%)]	Loss: 0.312102
Train Epoch: 18 [4800/10000 (48%)]	Loss: 0.306721
Train Epoch: 18 [5600/10000 (56%)]	Loss: 0.280947
Train Epoch: 18 [6400/10000 (64%)]	Loss: 0.372462
Train Epoch: 18 [7200/10000 (72%)]	Loss: 0.310233
Train Epoch: 18 [8000/10000 (80%)]	Loss: 0.288689
Train Epoch: 18 [8800/10000 (88%)]	Loss: 0.280862
Train Epoch: 18 [9600/10000 (96%)]	Loss: 0.406212
Audio Event Detection Segment-level F1: 61.1
Visual Event Detection Segment-level F1: 54.1
Audio-Visual Event Detection Segment-level F1: 50.0
Segment-levelType@Avg. F1: 55.0
Segment-level Event@Avg. F1: 56.1
Audio Event Detection Event-level F1: 51.4
Visual Event Detection Event-level F1: 46.8
Audio-Visual Event Detection Event-level F1: 41.4
Event-level Type@Avg. F1: 46.5
Event-level Event@Avg. F1: 45.9
Train Epoch: 19 [0/10000 (0%)]	Loss: 0.265989
Train Epoch: 19 [800/10000 (8%)]	Loss: 0.353016
Train Epoch: 19 [1600/10000 (16%)]	Loss: 0.260720
Train Epoch: 19 [2400/10000 (24%)]	Loss: 0.276333
Train Epoch: 19 [3200/10000 (32%)]	Loss: 0.315152
Train Epoch: 19 [4000/10000 (40%)]	Loss: 0.297929
Train Epoch: 19 [4800/10000 (48%)]	Loss: 0.319041
Train Epoch: 19 [5600/10000 (56%)]	Loss: 0.261874
Train Epoch: 19 [6400/10000 (64%)]	Loss: 0.270821
Train Epoch: 19 [7200/10000 (72%)]	Loss: 0.288682
Train Epoch: 19 [8000/10000 (80%)]	Loss: 0.333168
Train Epoch: 19 [8800/10000 (88%)]	Loss: 0.242348
Train Epoch: 19 [9600/10000 (96%)]	Loss: 0.299074
Audio Event Detection Segment-level F1: 61.2
Visual Event Detection Segment-level F1: 53.1
Audio-Visual Event Detection Segment-level F1: 49.4
Segment-levelType@Avg. F1: 54.5
Segment-level Event@Avg. F1: 56.3
Audio Event Detection Event-level F1: 51.6
Visual Event Detection Event-level F1: 45.5
Audio-Visual Event Detection Event-level F1: 40.7
Event-level Type@Avg. F1: 45.9
Event-level Event@Avg. F1: 45.9
Train Epoch: 20 [0/10000 (0%)]	Loss: 0.337763
Train Epoch: 20 [800/10000 (8%)]	Loss: 0.277221
Train Epoch: 20 [1600/10000 (16%)]	Loss: 0.277718
Train Epoch: 20 [2400/10000 (24%)]	Loss: 0.276353
Train Epoch: 20 [3200/10000 (32%)]	Loss: 0.294472
Train Epoch: 20 [4000/10000 (40%)]	Loss: 0.283222
Train Epoch: 20 [4800/10000 (48%)]	Loss: 0.301165
Train Epoch: 20 [5600/10000 (56%)]	Loss: 0.346922
Train Epoch: 20 [6400/10000 (64%)]	Loss: 0.284555
Train Epoch: 20 [7200/10000 (72%)]	Loss: 0.311171
Train Epoch: 20 [8000/10000 (80%)]	Loss: 0.279959
Train Epoch: 20 [8800/10000 (88%)]	Loss: 0.306940
Train Epoch: 20 [9600/10000 (96%)]	Loss: 0.343735
Audio Event Detection Segment-level F1: 60.8
Visual Event Detection Segment-level F1: 50.7
Audio-Visual Event Detection Segment-level F1: 47.1
Segment-levelType@Avg. F1: 52.9
Segment-level Event@Avg. F1: 55.5
Audio Event Detection Event-level F1: 51.0
Visual Event Detection Event-level F1: 43.5
Audio-Visual Event Detection Event-level F1: 38.8
Event-level Type@Avg. F1: 44.4
Event-level Event@Avg. F1: 45.3
Train Epoch: 21 [0/10000 (0%)]	Loss: 0.372080
Train Epoch: 21 [800/10000 (8%)]	Loss: 0.267657
Train Epoch: 21 [1600/10000 (16%)]	Loss: 0.328543
Train Epoch: 21 [2400/10000 (24%)]	Loss: 0.294380
Train Epoch: 21 [3200/10000 (32%)]	Loss: 0.364303
Train Epoch: 21 [4000/10000 (40%)]	Loss: 0.272534
Train Epoch: 21 [4800/10000 (48%)]	Loss: 0.328835
Train Epoch: 21 [5600/10000 (56%)]	Loss: 0.309818
Train Epoch: 21 [6400/10000 (64%)]	Loss: 0.262337
Train Epoch: 21 [7200/10000 (72%)]	Loss: 0.286694
Train Epoch: 21 [8000/10000 (80%)]	Loss: 0.290409
Train Epoch: 21 [8800/10000 (88%)]	Loss: 0.242391
Train Epoch: 21 [9600/10000 (96%)]	Loss: 0.288935
Audio Event Detection Segment-level F1: 61.6
Visual Event Detection Segment-level F1: 53.2
Audio-Visual Event Detection Segment-level F1: 49.1
Segment-levelType@Avg. F1: 54.6
Segment-level Event@Avg. F1: 56.5
Audio Event Detection Event-level F1: 52.1
Visual Event Detection Event-level F1: 45.7
Audio-Visual Event Detection Event-level F1: 40.2
Event-level Type@Avg. F1: 46.0
Event-level Event@Avg. F1: 46.2
Train Epoch: 22 [0/10000 (0%)]	Loss: 0.267428
Train Epoch: 22 [800/10000 (8%)]	Loss: 0.247120
Train Epoch: 22 [1600/10000 (16%)]	Loss: 0.267704
Train Epoch: 22 [2400/10000 (24%)]	Loss: 0.281050
Train Epoch: 22 [3200/10000 (32%)]	Loss: 0.293941
Train Epoch: 22 [4000/10000 (40%)]	Loss: 0.299205
Train Epoch: 22 [4800/10000 (48%)]	Loss: 0.297618
Train Epoch: 22 [5600/10000 (56%)]	Loss: 0.343018
Train Epoch: 22 [6400/10000 (64%)]	Loss: 0.294575
Train Epoch: 22 [7200/10000 (72%)]	Loss: 0.302510
Train Epoch: 22 [8000/10000 (80%)]	Loss: 0.287043
Train Epoch: 22 [8800/10000 (88%)]	Loss: 0.304515
Train Epoch: 22 [9600/10000 (96%)]	Loss: 0.284075
Audio Event Detection Segment-level F1: 61.1
Visual Event Detection Segment-level F1: 53.3
Audio-Visual Event Detection Segment-level F1: 49.4
Segment-levelType@Avg. F1: 54.6
Segment-level Event@Avg. F1: 56.3
Audio Event Detection Event-level F1: 52.0
Visual Event Detection Event-level F1: 45.7
Audio-Visual Event Detection Event-level F1: 40.3
Event-level Type@Avg. F1: 46.0
Event-level Event@Avg. F1: 46.1
Train Epoch: 23 [0/10000 (0%)]	Loss: 0.267166
Train Epoch: 23 [800/10000 (8%)]	Loss: 0.299443
Train Epoch: 23 [1600/10000 (16%)]	Loss: 0.306567
Train Epoch: 23 [2400/10000 (24%)]	Loss: 0.298355
Train Epoch: 23 [3200/10000 (32%)]	Loss: 0.280789
Train Epoch: 23 [4000/10000 (40%)]	Loss: 0.273556
Train Epoch: 23 [4800/10000 (48%)]	Loss: 0.280734
Train Epoch: 23 [5600/10000 (56%)]	Loss: 0.278555
Train Epoch: 23 [6400/10000 (64%)]	Loss: 0.323200
Train Epoch: 23 [7200/10000 (72%)]	Loss: 0.286077
Train Epoch: 23 [8000/10000 (80%)]	Loss: 0.269914
Train Epoch: 23 [8800/10000 (88%)]	Loss: 0.280473
Train Epoch: 23 [9600/10000 (96%)]	Loss: 0.267087
Audio Event Detection Segment-level F1: 61.5
Visual Event Detection Segment-level F1: 54.0
Audio-Visual Event Detection Segment-level F1: 50.1
Segment-levelType@Avg. F1: 55.2
Segment-level Event@Avg. F1: 56.5
Audio Event Detection Event-level F1: 52.1
Visual Event Detection Event-level F1: 46.8
Audio-Visual Event Detection Event-level F1: 41.4
Event-level Type@Avg. F1: 46.8
Event-level Event@Avg. F1: 46.5
Train Epoch: 24 [0/10000 (0%)]	Loss: 0.312102
Train Epoch: 24 [800/10000 (8%)]	Loss: 0.308676
Train Epoch: 24 [1600/10000 (16%)]	Loss: 0.267873
Train Epoch: 24 [2400/10000 (24%)]	Loss: 0.272723
Train Epoch: 24 [3200/10000 (32%)]	Loss: 0.274651
Train Epoch: 24 [4000/10000 (40%)]	Loss: 0.273592
Train Epoch: 24 [4800/10000 (48%)]	Loss: 0.316049
Train Epoch: 24 [5600/10000 (56%)]	Loss: 0.285283
Train Epoch: 24 [6400/10000 (64%)]	Loss: 0.275463
Train Epoch: 24 [7200/10000 (72%)]	Loss: 0.244839
Train Epoch: 24 [8000/10000 (80%)]	Loss: 0.295807
Train Epoch: 24 [8800/10000 (88%)]	Loss: 0.292332
Train Epoch: 24 [9600/10000 (96%)]	Loss: 0.295013
Audio Event Detection Segment-level F1: 61.6
Visual Event Detection Segment-level F1: 53.2
Audio-Visual Event Detection Segment-level F1: 49.4
Segment-levelType@Avg. F1: 54.7
Segment-level Event@Avg. F1: 56.5
Audio Event Detection Event-level F1: 51.9
Visual Event Detection Event-level F1: 45.8
Audio-Visual Event Detection Event-level F1: 40.8
Event-level Type@Avg. F1: 46.2
Event-level Event@Avg. F1: 46.2
Train Epoch: 25 [0/10000 (0%)]	Loss: 0.299276
Train Epoch: 25 [800/10000 (8%)]	Loss: 0.265842
Train Epoch: 25 [1600/10000 (16%)]	Loss: 0.290851
Train Epoch: 25 [2400/10000 (24%)]	Loss: 0.293365
Train Epoch: 25 [3200/10000 (32%)]	Loss: 0.349696
Train Epoch: 25 [4000/10000 (40%)]	Loss: 0.294135
Train Epoch: 25 [4800/10000 (48%)]	Loss: 0.287735
Train Epoch: 25 [5600/10000 (56%)]	Loss: 0.275377
Train Epoch: 25 [6400/10000 (64%)]	Loss: 0.284864
Train Epoch: 25 [7200/10000 (72%)]	Loss: 0.266952
Train Epoch: 25 [8000/10000 (80%)]	Loss: 0.310170
Train Epoch: 25 [8800/10000 (88%)]	Loss: 0.316211
Train Epoch: 25 [9600/10000 (96%)]	Loss: 0.326499
Audio Event Detection Segment-level F1: 61.4
Visual Event Detection Segment-level F1: 52.7
Audio-Visual Event Detection Segment-level F1: 48.8
Segment-levelType@Avg. F1: 54.3
Segment-level Event@Avg. F1: 56.3
Audio Event Detection Event-level F1: 51.8
Visual Event Detection Event-level F1: 44.8
Audio-Visual Event Detection Event-level F1: 39.6
Event-level Type@Avg. F1: 45.4
Event-level Event@Avg. F1: 45.8
Train Epoch: 26 [0/10000 (0%)]	Loss: 0.325115
Train Epoch: 26 [800/10000 (8%)]	Loss: 0.273664
Train Epoch: 26 [1600/10000 (16%)]	Loss: 0.277462
Train Epoch: 26 [2400/10000 (24%)]	Loss: 0.355941
Train Epoch: 26 [3200/10000 (32%)]	Loss: 0.297432
Train Epoch: 26 [4000/10000 (40%)]	Loss: 0.284558
Train Epoch: 26 [4800/10000 (48%)]	Loss: 0.266096
Train Epoch: 26 [5600/10000 (56%)]	Loss: 0.255739
Train Epoch: 26 [6400/10000 (64%)]	Loss: 0.319499
Train Epoch: 26 [7200/10000 (72%)]	Loss: 0.268360
Train Epoch: 26 [8000/10000 (80%)]	Loss: 0.288597
Train Epoch: 26 [8800/10000 (88%)]	Loss: 0.357190
Train Epoch: 26 [9600/10000 (96%)]	Loss: 0.309770
Audio Event Detection Segment-level F1: 61.6
Visual Event Detection Segment-level F1: 53.4
Audio-Visual Event Detection Segment-level F1: 49.7
Segment-levelType@Avg. F1: 54.9
Segment-level Event@Avg. F1: 56.5
Audio Event Detection Event-level F1: 51.8
Visual Event Detection Event-level F1: 46.0
Audio-Visual Event Detection Event-level F1: 41.0
Event-level Type@Avg. F1: 46.3
Event-level Event@Avg. F1: 46.1
Train Epoch: 27 [0/10000 (0%)]	Loss: 0.262052
Train Epoch: 27 [800/10000 (8%)]	Loss: 0.307930
Train Epoch: 27 [1600/10000 (16%)]	Loss: 0.274981
Train Epoch: 27 [2400/10000 (24%)]	Loss: 0.268589
Train Epoch: 27 [3200/10000 (32%)]	Loss: 0.268661
Train Epoch: 27 [4000/10000 (40%)]	Loss: 0.322816
Train Epoch: 27 [4800/10000 (48%)]	Loss: 0.290182
Train Epoch: 27 [5600/10000 (56%)]	Loss: 0.332643
Train Epoch: 27 [6400/10000 (64%)]	Loss: 0.241336
Train Epoch: 27 [7200/10000 (72%)]	Loss: 0.277942
Train Epoch: 27 [8000/10000 (80%)]	Loss: 0.307263
Train Epoch: 27 [8800/10000 (88%)]	Loss: 0.248267
Train Epoch: 27 [9600/10000 (96%)]	Loss: 0.332399
Audio Event Detection Segment-level F1: 61.7
Visual Event Detection Segment-level F1: 52.9
Audio-Visual Event Detection Segment-level F1: 49.2
Segment-levelType@Avg. F1: 54.6
Segment-level Event@Avg. F1: 56.5
Audio Event Detection Event-level F1: 52.0
Visual Event Detection Event-level F1: 45.5
Audio-Visual Event Detection Event-level F1: 40.6
Event-level Type@Avg. F1: 46.0
Event-level Event@Avg. F1: 46.2
Train Epoch: 28 [0/10000 (0%)]	Loss: 0.241928
Train Epoch: 28 [800/10000 (8%)]	Loss: 0.299567
Train Epoch: 28 [1600/10000 (16%)]	Loss: 0.268352
Train Epoch: 28 [2400/10000 (24%)]	Loss: 0.288308
Train Epoch: 28 [3200/10000 (32%)]	Loss: 0.280919
Train Epoch: 28 [4000/10000 (40%)]	Loss: 0.279720
Train Epoch: 28 [4800/10000 (48%)]	Loss: 0.297128
Train Epoch: 28 [5600/10000 (56%)]	Loss: 0.264689
Train Epoch: 28 [6400/10000 (64%)]	Loss: 0.300321
Train Epoch: 28 [7200/10000 (72%)]	Loss: 0.306203
Train Epoch: 28 [8000/10000 (80%)]	Loss: 0.308918
Train Epoch: 28 [8800/10000 (88%)]	Loss: 0.275212
Train Epoch: 28 [9600/10000 (96%)]	Loss: 0.299079
Audio Event Detection Segment-level F1: 61.0
Visual Event Detection Segment-level F1: 53.6
Audio-Visual Event Detection Segment-level F1: 49.7
Segment-levelType@Avg. F1: 54.8
Segment-level Event@Avg. F1: 56.1
Audio Event Detection Event-level F1: 51.4
Visual Event Detection Event-level F1: 46.3
Audio-Visual Event Detection Event-level F1: 41.2
Event-level Type@Avg. F1: 46.3
Event-level Event@Avg. F1: 45.9
Train Epoch: 29 [0/10000 (0%)]	Loss: 0.297998
Train Epoch: 29 [800/10000 (8%)]	Loss: 0.270022
Train Epoch: 29 [1600/10000 (16%)]	Loss: 0.282986
Train Epoch: 29 [2400/10000 (24%)]	Loss: 0.282812
Train Epoch: 29 [3200/10000 (32%)]	Loss: 0.295906
Train Epoch: 29 [4000/10000 (40%)]	Loss: 0.361109
Train Epoch: 29 [4800/10000 (48%)]	Loss: 0.304788
Train Epoch: 29 [5600/10000 (56%)]	Loss: 0.337201
Train Epoch: 29 [6400/10000 (64%)]	Loss: 0.311902
Train Epoch: 29 [7200/10000 (72%)]	Loss: 0.275581
Train Epoch: 29 [8000/10000 (80%)]	Loss: 0.283315
Train Epoch: 29 [8800/10000 (88%)]	Loss: 0.329389
Train Epoch: 29 [9600/10000 (96%)]	Loss: 0.291845
Audio Event Detection Segment-level F1: 61.4
Visual Event Detection Segment-level F1: 53.3
Audio-Visual Event Detection Segment-level F1: 49.5
Segment-levelType@Avg. F1: 54.7
Segment-level Event@Avg. F1: 56.4
Audio Event Detection Event-level F1: 51.4
Visual Event Detection Event-level F1: 45.8
Audio-Visual Event Detection Event-level F1: 41.0
Event-level Type@Avg. F1: 46.0
Event-level Event@Avg. F1: 45.8
Train Epoch: 30 [0/10000 (0%)]	Loss: 0.341413
Train Epoch: 30 [800/10000 (8%)]	Loss: 0.259777
Train Epoch: 30 [1600/10000 (16%)]	Loss: 0.287444
Train Epoch: 30 [2400/10000 (24%)]	Loss: 0.251837
Train Epoch: 30 [3200/10000 (32%)]	Loss: 0.352045
Train Epoch: 30 [4000/10000 (40%)]	Loss: 0.243509
Train Epoch: 30 [4800/10000 (48%)]	Loss: 0.266306
Train Epoch: 30 [5600/10000 (56%)]	Loss: 0.344054
Train Epoch: 30 [6400/10000 (64%)]	Loss: 0.266046
Train Epoch: 30 [7200/10000 (72%)]	Loss: 0.315090
Train Epoch: 30 [8000/10000 (80%)]	Loss: 0.281589
Train Epoch: 30 [8800/10000 (88%)]	Loss: 0.256072
Train Epoch: 30 [9600/10000 (96%)]	Loss: 0.318901
Audio Event Detection Segment-level F1: 61.1
Visual Event Detection Segment-level F1: 53.5
Audio-Visual Event Detection Segment-level F1: 49.6
Segment-levelType@Avg. F1: 54.7
Segment-level Event@Avg. F1: 56.2
Audio Event Detection Event-level F1: 51.4
Visual Event Detection Event-level F1: 45.8
Audio-Visual Event Detection Event-level F1: 40.8
Event-level Type@Avg. F1: 46.0
Event-level Event@Avg. F1: 45.6
Train Epoch: 31 [0/10000 (0%)]	Loss: 0.240162
Train Epoch: 31 [800/10000 (8%)]	Loss: 0.279151
Train Epoch: 31 [1600/10000 (16%)]	Loss: 0.262518
Train Epoch: 31 [2400/10000 (24%)]	Loss: 0.285729
Train Epoch: 31 [3200/10000 (32%)]	Loss: 0.299654
Train Epoch: 31 [4000/10000 (40%)]	Loss: 0.284652
Train Epoch: 31 [4800/10000 (48%)]	Loss: 0.255561
Train Epoch: 31 [5600/10000 (56%)]	Loss: 0.268140
Train Epoch: 31 [6400/10000 (64%)]	Loss: 0.301179
Train Epoch: 31 [7200/10000 (72%)]	Loss: 0.315999
Train Epoch: 31 [8000/10000 (80%)]	Loss: 0.291070
Train Epoch: 31 [8800/10000 (88%)]	Loss: 0.282941
Train Epoch: 31 [9600/10000 (96%)]	Loss: 0.280448
Audio Event Detection Segment-level F1: 61.2
Visual Event Detection Segment-level F1: 53.3
Audio-Visual Event Detection Segment-level F1: 49.5
Segment-levelType@Avg. F1: 54.7
Segment-level Event@Avg. F1: 56.3
Audio Event Detection Event-level F1: 51.3
Visual Event Detection Event-level F1: 46.0
Audio-Visual Event Detection Event-level F1: 41.0
Event-level Type@Avg. F1: 46.1
Event-level Event@Avg. F1: 45.8
Train Epoch: 32 [0/10000 (0%)]	Loss: 0.270359
Train Epoch: 32 [800/10000 (8%)]	Loss: 0.282729
Train Epoch: 32 [1600/10000 (16%)]	Loss: 0.264251
Train Epoch: 32 [2400/10000 (24%)]	Loss: 0.261217
Train Epoch: 32 [3200/10000 (32%)]	Loss: 0.309389
Train Epoch: 32 [4000/10000 (40%)]	Loss: 0.289520
Train Epoch: 32 [4800/10000 (48%)]	Loss: 0.275490
Train Epoch: 32 [5600/10000 (56%)]	Loss: 0.295295
Train Epoch: 32 [6400/10000 (64%)]	Loss: 0.308095
Train Epoch: 32 [7200/10000 (72%)]	Loss: 0.271295
Train Epoch: 32 [8000/10000 (80%)]	Loss: 0.293600
Train Epoch: 32 [8800/10000 (88%)]	Loss: 0.288674
Train Epoch: 32 [9600/10000 (96%)]	Loss: 0.262165
Audio Event Detection Segment-level F1: 61.4
Visual Event Detection Segment-level F1: 53.3
Audio-Visual Event Detection Segment-level F1: 49.4
Segment-levelType@Avg. F1: 54.7
Segment-level Event@Avg. F1: 56.4
Audio Event Detection Event-level F1: 51.5
Visual Event Detection Event-level F1: 45.8
Audio-Visual Event Detection Event-level F1: 41.0
Event-level Type@Avg. F1: 46.1
Event-level Event@Avg. F1: 46.0
Train Epoch: 33 [0/10000 (0%)]	Loss: 0.315586
Train Epoch: 33 [800/10000 (8%)]	Loss: 0.264404
Train Epoch: 33 [1600/10000 (16%)]	Loss: 0.289611
Train Epoch: 33 [2400/10000 (24%)]	Loss: 0.284130
Train Epoch: 33 [3200/10000 (32%)]	Loss: 0.308260
Train Epoch: 33 [4000/10000 (40%)]	Loss: 0.266628
Train Epoch: 33 [4800/10000 (48%)]	Loss: 0.297984
Train Epoch: 33 [5600/10000 (56%)]	Loss: 0.303593
Train Epoch: 33 [6400/10000 (64%)]	Loss: 0.279432
Train Epoch: 33 [7200/10000 (72%)]	Loss: 0.260602
Train Epoch: 33 [8000/10000 (80%)]	Loss: 0.286768
Train Epoch: 33 [8800/10000 (88%)]	Loss: 0.329905
Train Epoch: 33 [9600/10000 (96%)]	Loss: 0.252433
Audio Event Detection Segment-level F1: 61.3
Visual Event Detection Segment-level F1: 53.2
Audio-Visual Event Detection Segment-level F1: 49.4
Segment-levelType@Avg. F1: 54.7
Segment-level Event@Avg. F1: 56.4
Audio Event Detection Event-level F1: 51.6
Visual Event Detection Event-level F1: 46.0
Audio-Visual Event Detection Event-level F1: 41.0
Event-level Type@Avg. F1: 46.2
Event-level Event@Avg. F1: 46.1
Train Epoch: 34 [0/10000 (0%)]	Loss: 0.282097
Train Epoch: 34 [800/10000 (8%)]	Loss: 0.308569
Train Epoch: 34 [1600/10000 (16%)]	Loss: 0.261213
Train Epoch: 34 [2400/10000 (24%)]	Loss: 0.304962
Train Epoch: 34 [3200/10000 (32%)]	Loss: 0.295840
Train Epoch: 34 [4000/10000 (40%)]	Loss: 0.261237
Train Epoch: 34 [4800/10000 (48%)]	Loss: 0.256400
Train Epoch: 34 [5600/10000 (56%)]	Loss: 0.280890
Train Epoch: 34 [6400/10000 (64%)]	Loss: 0.254804
Train Epoch: 34 [7200/10000 (72%)]	Loss: 0.268532
Train Epoch: 34 [8000/10000 (80%)]	Loss: 0.289073
Train Epoch: 34 [8800/10000 (88%)]	Loss: 0.303467
Train Epoch: 34 [9600/10000 (96%)]	Loss: 0.268304
Audio Event Detection Segment-level F1: 61.5
Visual Event Detection Segment-level F1: 53.0
Audio-Visual Event Detection Segment-level F1: 49.0
Segment-levelType@Avg. F1: 54.5
Segment-level Event@Avg. F1: 56.4
Audio Event Detection Event-level F1: 51.7
Visual Event Detection Event-level F1: 45.7
Audio-Visual Event Detection Event-level F1: 40.6
Event-level Type@Avg. F1: 46.0
Event-level Event@Avg. F1: 46.1
Train Epoch: 35 [0/10000 (0%)]	Loss: 0.367803
Train Epoch: 35 [800/10000 (8%)]	Loss: 0.285804
Train Epoch: 35 [1600/10000 (16%)]	Loss: 0.256086
Train Epoch: 35 [2400/10000 (24%)]	Loss: 0.281519
Train Epoch: 35 [3200/10000 (32%)]	Loss: 0.285155
Train Epoch: 35 [4000/10000 (40%)]	Loss: 0.288912
Train Epoch: 35 [4800/10000 (48%)]	Loss: 0.304553
Train Epoch: 35 [5600/10000 (56%)]	Loss: 0.255959
Train Epoch: 35 [6400/10000 (64%)]	Loss: 0.258208
Train Epoch: 35 [7200/10000 (72%)]	Loss: 0.268219
Train Epoch: 35 [8000/10000 (80%)]	Loss: 0.243047
Train Epoch: 35 [8800/10000 (88%)]	Loss: 0.268920
Train Epoch: 35 [9600/10000 (96%)]	Loss: 0.308392
Audio Event Detection Segment-level F1: 61.5
Visual Event Detection Segment-level F1: 53.1
Audio-Visual Event Detection Segment-level F1: 49.1
Segment-levelType@Avg. F1: 54.5
Segment-level Event@Avg. F1: 56.4
Audio Event Detection Event-level F1: 51.8
Visual Event Detection Event-level F1: 45.6
Audio-Visual Event Detection Event-level F1: 40.5
Event-level Type@Avg. F1: 46.0
Event-level Event@Avg. F1: 46.2
Train Epoch: 36 [0/10000 (0%)]	Loss: 0.291526
Train Epoch: 36 [800/10000 (8%)]	Loss: 0.262540
Train Epoch: 36 [1600/10000 (16%)]	Loss: 0.276487
Train Epoch: 36 [2400/10000 (24%)]	Loss: 0.281821
Train Epoch: 36 [3200/10000 (32%)]	Loss: 0.267690
Train Epoch: 36 [4000/10000 (40%)]	Loss: 0.350458
Train Epoch: 36 [4800/10000 (48%)]	Loss: 0.272880
Train Epoch: 36 [5600/10000 (56%)]	Loss: 0.318694
Train Epoch: 36 [6400/10000 (64%)]	Loss: 0.248501
Train Epoch: 36 [7200/10000 (72%)]	Loss: 0.354101
Train Epoch: 36 [8000/10000 (80%)]	Loss: 0.277727
Train Epoch: 36 [8800/10000 (88%)]	Loss: 0.289497
Train Epoch: 36 [9600/10000 (96%)]	Loss: 0.260229
Audio Event Detection Segment-level F1: 61.5
Visual Event Detection Segment-level F1: 53.0
Audio-Visual Event Detection Segment-level F1: 49.0
Segment-levelType@Avg. F1: 54.5
Segment-level Event@Avg. F1: 56.4
Audio Event Detection Event-level F1: 51.6
Visual Event Detection Event-level F1: 45.7
Audio-Visual Event Detection Event-level F1: 40.5
Event-level Type@Avg. F1: 45.9
Event-level Event@Avg. F1: 46.0
Train Epoch: 37 [0/10000 (0%)]	Loss: 0.266283
Train Epoch: 37 [800/10000 (8%)]	Loss: 0.256731
Train Epoch: 37 [1600/10000 (16%)]	Loss: 0.269720
Train Epoch: 37 [2400/10000 (24%)]	Loss: 0.290005
Train Epoch: 37 [3200/10000 (32%)]	Loss: 0.283844
Train Epoch: 37 [4000/10000 (40%)]	Loss: 0.294605
Train Epoch: 37 [4800/10000 (48%)]	Loss: 0.280922
Train Epoch: 37 [5600/10000 (56%)]	Loss: 0.272684
Train Epoch: 37 [6400/10000 (64%)]	Loss: 0.272972
Train Epoch: 37 [7200/10000 (72%)]	Loss: 0.307820
Train Epoch: 37 [8000/10000 (80%)]	Loss: 0.306547
Train Epoch: 37 [8800/10000 (88%)]	Loss: 0.271793
Train Epoch: 37 [9600/10000 (96%)]	Loss: 0.256391
Audio Event Detection Segment-level F1: 61.5
Visual Event Detection Segment-level F1: 53.0
Audio-Visual Event Detection Segment-level F1: 49.0
Segment-levelType@Avg. F1: 54.5
Segment-level Event@Avg. F1: 56.4
Audio Event Detection Event-level F1: 51.5
Visual Event Detection Event-level F1: 45.7
Audio-Visual Event Detection Event-level F1: 40.5
Event-level Type@Avg. F1: 45.9
Event-level Event@Avg. F1: 45.9
Train Epoch: 38 [0/10000 (0%)]	Loss: 0.256309
Train Epoch: 38 [800/10000 (8%)]	Loss: 0.297228
Train Epoch: 38 [1600/10000 (16%)]	Loss: 0.312674
Train Epoch: 38 [2400/10000 (24%)]	Loss: 0.331960
Train Epoch: 38 [3200/10000 (32%)]	Loss: 0.244526
Train Epoch: 38 [4000/10000 (40%)]	Loss: 0.253652
Train Epoch: 38 [4800/10000 (48%)]	Loss: 0.289989
Train Epoch: 38 [5600/10000 (56%)]	Loss: 0.246860
Train Epoch: 38 [6400/10000 (64%)]	Loss: 0.243742
Train Epoch: 38 [7200/10000 (72%)]	Loss: 0.242692
Train Epoch: 38 [8000/10000 (80%)]	Loss: 0.296380
Train Epoch: 38 [8800/10000 (88%)]	Loss: 0.293106
Train Epoch: 38 [9600/10000 (96%)]	Loss: 0.262914
Audio Event Detection Segment-level F1: 61.5
Visual Event Detection Segment-level F1: 53.0
Audio-Visual Event Detection Segment-level F1: 49.0
Segment-levelType@Avg. F1: 54.5
Segment-level Event@Avg. F1: 56.4
Audio Event Detection Event-level F1: 51.4
Visual Event Detection Event-level F1: 45.7
Audio-Visual Event Detection Event-level F1: 40.5
Event-level Type@Avg. F1: 45.9
Event-level Event@Avg. F1: 45.9
Train Epoch: 39 [0/10000 (0%)]	Loss: 0.277346
Train Epoch: 39 [800/10000 (8%)]	Loss: 0.295608
Train Epoch: 39 [1600/10000 (16%)]	Loss: 0.243466
Train Epoch: 39 [2400/10000 (24%)]	Loss: 0.270068
Train Epoch: 39 [3200/10000 (32%)]	Loss: 0.285107
Train Epoch: 39 [4000/10000 (40%)]	Loss: 0.300777
Train Epoch: 39 [4800/10000 (48%)]	Loss: 0.291629
Train Epoch: 39 [5600/10000 (56%)]	Loss: 0.269348
Train Epoch: 39 [6400/10000 (64%)]	Loss: 0.254447
Train Epoch: 39 [7200/10000 (72%)]	Loss: 0.263445
Train Epoch: 39 [8000/10000 (80%)]	Loss: 0.302983
Train Epoch: 39 [8800/10000 (88%)]	Loss: 0.288605
Train Epoch: 39 [9600/10000 (96%)]	Loss: 0.297185
Audio Event Detection Segment-level F1: 61.5
Visual Event Detection Segment-level F1: 53.0
Audio-Visual Event Detection Segment-level F1: 49.0
Segment-levelType@Avg. F1: 54.5
Segment-level Event@Avg. F1: 56.4
Audio Event Detection Event-level F1: 51.6
Visual Event Detection Event-level F1: 45.6
Audio-Visual Event Detection Event-level F1: 40.4
Event-level Type@Avg. F1: 45.9
Event-level Event@Avg. F1: 46.0
Train Epoch: 40 [0/10000 (0%)]	Loss: 0.313161
Train Epoch: 40 [800/10000 (8%)]	Loss: 0.287666
Train Epoch: 40 [1600/10000 (16%)]	Loss: 0.270217
Train Epoch: 40 [2400/10000 (24%)]	Loss: 0.282629
Train Epoch: 40 [3200/10000 (32%)]	Loss: 0.289087
Train Epoch: 40 [4000/10000 (40%)]	Loss: 0.260820
Train Epoch: 40 [4800/10000 (48%)]	Loss: 0.286481
Train Epoch: 40 [5600/10000 (56%)]	Loss: 0.282999
Train Epoch: 40 [6400/10000 (64%)]	Loss: 0.254100
Train Epoch: 40 [7200/10000 (72%)]	Loss: 0.308122
Train Epoch: 40 [8000/10000 (80%)]	Loss: 0.260284
Train Epoch: 40 [8800/10000 (88%)]	Loss: 0.312341
Train Epoch: 40 [9600/10000 (96%)]	Loss: 0.279895
Audio Event Detection Segment-level F1: 61.4
Visual Event Detection Segment-level F1: 53.1
Audio-Visual Event Detection Segment-level F1: 49.1
Segment-levelType@Avg. F1: 54.5
Segment-level Event@Avg. F1: 56.4
Audio Event Detection Event-level F1: 51.4
Visual Event Detection Event-level F1: 45.7
Audio-Visual Event Detection Event-level F1: 40.5
Event-level Type@Avg. F1: 45.9
Event-level Event@Avg. F1: 45.9
