111111111111
Train Epoch: 1 [0/10000 (0%)]	Loss: 2.172634
Train Epoch: 1 [800/10000 (8%)]	Loss: 0.712979
Train Epoch: 1 [1600/10000 (16%)]	Loss: 0.560392
Train Epoch: 1 [2400/10000 (24%)]	Loss: 0.503504
Train Epoch: 1 [3200/10000 (32%)]	Loss: 0.508852
Train Epoch: 1 [4000/10000 (40%)]	Loss: 0.452067
Train Epoch: 1 [4800/10000 (48%)]	Loss: 0.478046
Train Epoch: 1 [5600/10000 (56%)]	Loss: 0.416114
Train Epoch: 1 [6400/10000 (64%)]	Loss: 0.377030
Train Epoch: 1 [7200/10000 (72%)]	Loss: 0.429338
Train Epoch: 1 [8000/10000 (80%)]	Loss: 0.367431
Train Epoch: 1 [8800/10000 (88%)]	Loss: 0.351711
Train Epoch: 1 [9600/10000 (96%)]	Loss: 0.355643
Audio Event Detection Segment-level F1: 57.9
Visual Event Detection Segment-level F1: 54.5
Audio-Visual Event Detection Segment-level F1: 50.4
Segment-levelType@Avg. F1: 54.3
Segment-level Event@Avg. F1: 53.8
Audio Event Detection Event-level F1: 48.8
Visual Event Detection Event-level F1: 48.3
Audio-Visual Event Detection Event-level F1: 42.9
Event-level Type@Avg. F1: 46.7
Event-level Event@Avg. F1: 45.6
Train Epoch: 2 [0/10000 (0%)]	Loss: 0.349907
Train Epoch: 2 [800/10000 (8%)]	Loss: 0.341861
Train Epoch: 2 [1600/10000 (16%)]	Loss: 0.379380
Train Epoch: 2 [2400/10000 (24%)]	Loss: 0.330906
Train Epoch: 2 [3200/10000 (32%)]	Loss: 0.414968
Train Epoch: 2 [4000/10000 (40%)]	Loss: 0.325373
Train Epoch: 2 [4800/10000 (48%)]	Loss: 0.365867
Train Epoch: 2 [5600/10000 (56%)]	Loss: 0.419039
Train Epoch: 2 [6400/10000 (64%)]	Loss: 0.403897
Train Epoch: 2 [7200/10000 (72%)]	Loss: 0.405371
Train Epoch: 2 [8000/10000 (80%)]	Loss: 0.294057
Train Epoch: 2 [8800/10000 (88%)]	Loss: 0.346768
Train Epoch: 2 [9600/10000 (96%)]	Loss: 0.345142
Audio Event Detection Segment-level F1: 57.4
Visual Event Detection Segment-level F1: 49.9
Audio-Visual Event Detection Segment-level F1: 45.0
Segment-levelType@Avg. F1: 50.8
Segment-level Event@Avg. F1: 52.6
Audio Event Detection Event-level F1: 46.7
Visual Event Detection Event-level F1: 44.4
Audio-Visual Event Detection Event-level F1: 37.6
Event-level Type@Avg. F1: 42.9
Event-level Event@Avg. F1: 43.7
Train Epoch: 3 [0/10000 (0%)]	Loss: 0.356536
Train Epoch: 3 [800/10000 (8%)]	Loss: 0.331961
Train Epoch: 3 [1600/10000 (16%)]	Loss: 0.343004
Train Epoch: 3 [2400/10000 (24%)]	Loss: 0.316805
Train Epoch: 3 [3200/10000 (32%)]	Loss: 0.392762
Train Epoch: 3 [4000/10000 (40%)]	Loss: 0.321743
Train Epoch: 3 [4800/10000 (48%)]	Loss: 0.382644
Train Epoch: 3 [5600/10000 (56%)]	Loss: 0.378785
Train Epoch: 3 [6400/10000 (64%)]	Loss: 0.285756
Train Epoch: 3 [7200/10000 (72%)]	Loss: 0.297891
Train Epoch: 3 [8000/10000 (80%)]	Loss: 0.333100
Train Epoch: 3 [8800/10000 (88%)]	Loss: 0.332263
Train Epoch: 3 [9600/10000 (96%)]	Loss: 0.395363
Audio Event Detection Segment-level F1: 61.2
Visual Event Detection Segment-level F1: 52.2
Audio-Visual Event Detection Segment-level F1: 48.3
Segment-levelType@Avg. F1: 53.9
Segment-level Event@Avg. F1: 55.4
Audio Event Detection Event-level F1: 51.4
Visual Event Detection Event-level F1: 46.2
Audio-Visual Event Detection Event-level F1: 40.3
Event-level Type@Avg. F1: 46.0
Event-level Event@Avg. F1: 47.4
Train Epoch: 4 [0/10000 (0%)]	Loss: 0.336023
Train Epoch: 4 [800/10000 (8%)]	Loss: 0.351938
Train Epoch: 4 [1600/10000 (16%)]	Loss: 0.308343
Train Epoch: 4 [2400/10000 (24%)]	Loss: 0.269326
Train Epoch: 4 [3200/10000 (32%)]	Loss: 0.299590
Train Epoch: 4 [4000/10000 (40%)]	Loss: 0.474297
Train Epoch: 4 [4800/10000 (48%)]	Loss: 0.317607
Train Epoch: 4 [5600/10000 (56%)]	Loss: 0.395979
Train Epoch: 4 [6400/10000 (64%)]	Loss: 0.484895
Train Epoch: 4 [7200/10000 (72%)]	Loss: 0.367047
Train Epoch: 4 [8000/10000 (80%)]	Loss: 0.442329
Train Epoch: 4 [8800/10000 (88%)]	Loss: 0.366125
Train Epoch: 4 [9600/10000 (96%)]	Loss: 0.305196
Audio Event Detection Segment-level F1: 59.8
Visual Event Detection Segment-level F1: 52.5
Audio-Visual Event Detection Segment-level F1: 48.3
Segment-levelType@Avg. F1: 53.5
Segment-level Event@Avg. F1: 54.5
Audio Event Detection Event-level F1: 50.3
Visual Event Detection Event-level F1: 46.0
Audio-Visual Event Detection Event-level F1: 39.9
Event-level Type@Avg. F1: 45.4
Event-level Event@Avg. F1: 46.4
Train Epoch: 5 [0/10000 (0%)]	Loss: 0.310137
Train Epoch: 5 [800/10000 (8%)]	Loss: 0.369912
Train Epoch: 5 [1600/10000 (16%)]	Loss: 0.338386
Train Epoch: 5 [2400/10000 (24%)]	Loss: 0.285029
Train Epoch: 5 [3200/10000 (32%)]	Loss: 0.363389
Train Epoch: 5 [4000/10000 (40%)]	Loss: 0.281272
Train Epoch: 5 [4800/10000 (48%)]	Loss: 0.316704
Train Epoch: 5 [5600/10000 (56%)]	Loss: 0.287230
Train Epoch: 5 [6400/10000 (64%)]	Loss: 0.307310
Train Epoch: 5 [7200/10000 (72%)]	Loss: 0.359556
Train Epoch: 5 [8000/10000 (80%)]	Loss: 0.334291
Train Epoch: 5 [8800/10000 (88%)]	Loss: 0.308133
Train Epoch: 5 [9600/10000 (96%)]	Loss: 0.370211
Audio Event Detection Segment-level F1: 58.7
Visual Event Detection Segment-level F1: 54.0
Audio-Visual Event Detection Segment-level F1: 50.1
Segment-levelType@Avg. F1: 54.2
Segment-level Event@Avg. F1: 54.2
Audio Event Detection Event-level F1: 49.2
Visual Event Detection Event-level F1: 48.8
Audio-Visual Event Detection Event-level F1: 42.9
Event-level Type@Avg. F1: 47.0
Event-level Event@Avg. F1: 46.6
Train Epoch: 6 [0/10000 (0%)]	Loss: 0.326659
Train Epoch: 6 [800/10000 (8%)]	Loss: 0.292240
Train Epoch: 6 [1600/10000 (16%)]	Loss: 0.306616
Train Epoch: 6 [2400/10000 (24%)]	Loss: 0.308923
Train Epoch: 6 [3200/10000 (32%)]	Loss: 0.316645
Train Epoch: 6 [4000/10000 (40%)]	Loss: 0.299286
Train Epoch: 6 [4800/10000 (48%)]	Loss: 0.372271
Train Epoch: 6 [5600/10000 (56%)]	Loss: 0.322042
Train Epoch: 6 [6400/10000 (64%)]	Loss: 0.345316
Train Epoch: 6 [7200/10000 (72%)]	Loss: 0.294468
Train Epoch: 6 [8000/10000 (80%)]	Loss: 0.332995
Train Epoch: 6 [8800/10000 (88%)]	Loss: 0.352431
Train Epoch: 6 [9600/10000 (96%)]	Loss: 0.313181
Audio Event Detection Segment-level F1: 62.1
Visual Event Detection Segment-level F1: 53.8
Audio-Visual Event Detection Segment-level F1: 49.2
Segment-levelType@Avg. F1: 55.0
Segment-level Event@Avg. F1: 56.4
Audio Event Detection Event-level F1: 51.8
Visual Event Detection Event-level F1: 48.6
Audio-Visual Event Detection Event-level F1: 43.1
Event-level Type@Avg. F1: 47.8
Event-level Event@Avg. F1: 48.5
Train Epoch: 7 [0/10000 (0%)]	Loss: 0.335024
Train Epoch: 7 [800/10000 (8%)]	Loss: 0.287245
Train Epoch: 7 [1600/10000 (16%)]	Loss: 0.327192
Train Epoch: 7 [2400/10000 (24%)]	Loss: 0.361244
Train Epoch: 7 [3200/10000 (32%)]	Loss: 0.341866
Train Epoch: 7 [4000/10000 (40%)]	Loss: 0.266011
Train Epoch: 7 [4800/10000 (48%)]	Loss: 0.378832
Train Epoch: 7 [5600/10000 (56%)]	Loss: 0.340164
Train Epoch: 7 [6400/10000 (64%)]	Loss: 0.267980
Train Epoch: 7 [7200/10000 (72%)]	Loss: 0.289116
Train Epoch: 7 [8000/10000 (80%)]	Loss: 0.276339
Train Epoch: 7 [8800/10000 (88%)]	Loss: 0.307206
Train Epoch: 7 [9600/10000 (96%)]	Loss: 0.306246
Audio Event Detection Segment-level F1: 59.7
Visual Event Detection Segment-level F1: 53.1
Audio-Visual Event Detection Segment-level F1: 48.3
Segment-levelType@Avg. F1: 53.7
Segment-level Event@Avg. F1: 54.8
Audio Event Detection Event-level F1: 50.0
Visual Event Detection Event-level F1: 47.6
Audio-Visual Event Detection Event-level F1: 40.7
Event-level Type@Avg. F1: 46.1
Event-level Event@Avg. F1: 46.7
Train Epoch: 8 [0/10000 (0%)]	Loss: 0.318784
Train Epoch: 8 [800/10000 (8%)]	Loss: 0.293086
Train Epoch: 8 [1600/10000 (16%)]	Loss: 0.289280
Train Epoch: 8 [2400/10000 (24%)]	Loss: 0.308234
Train Epoch: 8 [3200/10000 (32%)]	Loss: 0.329185
Train Epoch: 8 [4000/10000 (40%)]	Loss: 0.314696
Train Epoch: 8 [4800/10000 (48%)]	Loss: 0.301248
Train Epoch: 8 [5600/10000 (56%)]	Loss: 0.298088
Train Epoch: 8 [6400/10000 (64%)]	Loss: 0.332183
Train Epoch: 8 [7200/10000 (72%)]	Loss: 0.301884
Train Epoch: 8 [8000/10000 (80%)]	Loss: 0.466270
Train Epoch: 8 [8800/10000 (88%)]	Loss: 0.392357
Train Epoch: 8 [9600/10000 (96%)]	Loss: 0.297799
Audio Event Detection Segment-level F1: 60.8
Visual Event Detection Segment-level F1: 49.9
Audio-Visual Event Detection Segment-level F1: 47.0
Segment-levelType@Avg. F1: 52.6
Segment-level Event@Avg. F1: 54.0
Audio Event Detection Event-level F1: 51.5
Visual Event Detection Event-level F1: 43.6
Audio-Visual Event Detection Event-level F1: 39.0
Event-level Type@Avg. F1: 44.7
Event-level Event@Avg. F1: 46.7
Train Epoch: 9 [0/10000 (0%)]	Loss: 0.306559
Train Epoch: 9 [800/10000 (8%)]	Loss: 0.306649
Train Epoch: 9 [1600/10000 (16%)]	Loss: 0.319101
Train Epoch: 9 [2400/10000 (24%)]	Loss: 0.325441
Train Epoch: 9 [3200/10000 (32%)]	Loss: 0.300562
Train Epoch: 9 [4000/10000 (40%)]	Loss: 0.329695
Train Epoch: 9 [4800/10000 (48%)]	Loss: 0.319855
Train Epoch: 9 [5600/10000 (56%)]	Loss: 0.308477
Train Epoch: 9 [6400/10000 (64%)]	Loss: 0.312571
Train Epoch: 9 [7200/10000 (72%)]	Loss: 0.328766
Train Epoch: 9 [8000/10000 (80%)]	Loss: 0.297725
Train Epoch: 9 [8800/10000 (88%)]	Loss: 0.306510
Train Epoch: 9 [9600/10000 (96%)]	Loss: 0.318261
Audio Event Detection Segment-level F1: 61.8
Visual Event Detection Segment-level F1: 50.3
Audio-Visual Event Detection Segment-level F1: 46.4
Segment-levelType@Avg. F1: 52.8
Segment-level Event@Avg. F1: 55.7
Audio Event Detection Event-level F1: 51.2
Visual Event Detection Event-level F1: 45.1
Audio-Visual Event Detection Event-level F1: 38.6
Event-level Type@Avg. F1: 45.0
Event-level Event@Avg. F1: 47.9
Train Epoch: 10 [0/10000 (0%)]	Loss: 0.311236
Train Epoch: 10 [800/10000 (8%)]	Loss: 0.257970
Train Epoch: 10 [1600/10000 (16%)]	Loss: 0.277764
Train Epoch: 10 [2400/10000 (24%)]	Loss: 0.293268
Train Epoch: 10 [3200/10000 (32%)]	Loss: 0.295518
Train Epoch: 10 [4000/10000 (40%)]	Loss: 0.272731
Train Epoch: 10 [4800/10000 (48%)]	Loss: 0.290803
Train Epoch: 10 [5600/10000 (56%)]	Loss: 0.328069
Train Epoch: 10 [6400/10000 (64%)]	Loss: 0.298902
Train Epoch: 10 [7200/10000 (72%)]	Loss: 0.287712
Train Epoch: 10 [8000/10000 (80%)]	Loss: 0.304893
Train Epoch: 10 [8800/10000 (88%)]	Loss: 0.277450
Train Epoch: 10 [9600/10000 (96%)]	Loss: 0.279575
Audio Event Detection Segment-level F1: 60.4
Visual Event Detection Segment-level F1: 51.5
Audio-Visual Event Detection Segment-level F1: 47.6
Segment-levelType@Avg. F1: 53.2
Segment-level Event@Avg. F1: 54.8
Audio Event Detection Event-level F1: 50.7
Visual Event Detection Event-level F1: 45.5
Audio-Visual Event Detection Event-level F1: 39.3
Event-level Type@Avg. F1: 45.2
Event-level Event@Avg. F1: 46.7
Train Epoch: 11 [0/10000 (0%)]	Loss: 0.323492
Train Epoch: 11 [800/10000 (8%)]	Loss: 0.302211
Train Epoch: 11 [1600/10000 (16%)]	Loss: 0.311556
Train Epoch: 11 [2400/10000 (24%)]	Loss: 0.275985
Train Epoch: 11 [3200/10000 (32%)]	Loss: 0.310362
Train Epoch: 11 [4000/10000 (40%)]	Loss: 0.237159
Train Epoch: 11 [4800/10000 (48%)]	Loss: 0.279706
Train Epoch: 11 [5600/10000 (56%)]	Loss: 0.264536
Train Epoch: 11 [6400/10000 (64%)]	Loss: 0.281488
Train Epoch: 11 [7200/10000 (72%)]	Loss: 0.264765
Train Epoch: 11 [8000/10000 (80%)]	Loss: 0.279583
Train Epoch: 11 [8800/10000 (88%)]	Loss: 0.298424
Train Epoch: 11 [9600/10000 (96%)]	Loss: 0.283974
Audio Event Detection Segment-level F1: 61.5
Visual Event Detection Segment-level F1: 52.8
Audio-Visual Event Detection Segment-level F1: 48.8
Segment-levelType@Avg. F1: 54.4
Segment-level Event@Avg. F1: 56.2
Audio Event Detection Event-level F1: 51.7
Visual Event Detection Event-level F1: 47.8
Audio-Visual Event Detection Event-level F1: 41.9
Event-level Type@Avg. F1: 47.2
Event-level Event@Avg. F1: 48.6
Train Epoch: 12 [0/10000 (0%)]	Loss: 0.267968
Train Epoch: 12 [800/10000 (8%)]	Loss: 0.274034
Train Epoch: 12 [1600/10000 (16%)]	Loss: 0.256016
Train Epoch: 12 [2400/10000 (24%)]	Loss: 0.236577
Train Epoch: 12 [3200/10000 (32%)]	Loss: 0.237316
Train Epoch: 12 [4000/10000 (40%)]	Loss: 0.254054
Train Epoch: 12 [4800/10000 (48%)]	Loss: 0.272490
Train Epoch: 12 [5600/10000 (56%)]	Loss: 0.271493
Train Epoch: 12 [6400/10000 (64%)]	Loss: 0.291869
Train Epoch: 12 [7200/10000 (72%)]	Loss: 0.291018
Train Epoch: 12 [8000/10000 (80%)]	Loss: 0.261375
Train Epoch: 12 [8800/10000 (88%)]	Loss: 0.289798
Train Epoch: 12 [9600/10000 (96%)]	Loss: 0.263139
Audio Event Detection Segment-level F1: 61.7
Visual Event Detection Segment-level F1: 52.2
Audio-Visual Event Detection Segment-level F1: 47.8
Segment-levelType@Avg. F1: 53.9
Segment-level Event@Avg. F1: 56.0
Audio Event Detection Event-level F1: 52.1
Visual Event Detection Event-level F1: 46.6
Audio-Visual Event Detection Event-level F1: 40.5
Event-level Type@Avg. F1: 46.4
Event-level Event@Avg. F1: 48.5
Train Epoch: 13 [0/10000 (0%)]	Loss: 0.272400
Train Epoch: 13 [800/10000 (8%)]	Loss: 0.262966
Train Epoch: 13 [1600/10000 (16%)]	Loss: 0.244579
Train Epoch: 13 [2400/10000 (24%)]	Loss: 0.305216
Train Epoch: 13 [3200/10000 (32%)]	Loss: 0.280939
Train Epoch: 13 [4000/10000 (40%)]	Loss: 0.245309
Train Epoch: 13 [4800/10000 (48%)]	Loss: 0.249612
Train Epoch: 13 [5600/10000 (56%)]	Loss: 0.283882
Train Epoch: 13 [6400/10000 (64%)]	Loss: 0.242137
Train Epoch: 13 [7200/10000 (72%)]	Loss: 0.248056
Train Epoch: 13 [8000/10000 (80%)]	Loss: 0.244430
Train Epoch: 13 [8800/10000 (88%)]	Loss: 0.292331
Train Epoch: 13 [9600/10000 (96%)]	Loss: 0.274777
Audio Event Detection Segment-level F1: 61.4
Visual Event Detection Segment-level F1: 52.8
Audio-Visual Event Detection Segment-level F1: 48.7
Segment-levelType@Avg. F1: 54.3
Segment-level Event@Avg. F1: 56.0
Audio Event Detection Event-level F1: 51.3
Visual Event Detection Event-level F1: 47.2
Audio-Visual Event Detection Event-level F1: 40.8
Event-level Type@Avg. F1: 46.4
Event-level Event@Avg. F1: 48.0
Train Epoch: 14 [0/10000 (0%)]	Loss: 0.250112
Train Epoch: 14 [800/10000 (8%)]	Loss: 0.264818
Train Epoch: 14 [1600/10000 (16%)]	Loss: 0.285434
Train Epoch: 14 [2400/10000 (24%)]	Loss: 0.276579
Train Epoch: 14 [3200/10000 (32%)]	Loss: 0.319632
Train Epoch: 14 [4000/10000 (40%)]	Loss: 0.282346
Train Epoch: 14 [4800/10000 (48%)]	Loss: 0.262471
Train Epoch: 14 [5600/10000 (56%)]	Loss: 0.280221
Train Epoch: 14 [6400/10000 (64%)]	Loss: 0.289085
Train Epoch: 14 [7200/10000 (72%)]	Loss: 0.324595
Train Epoch: 14 [8000/10000 (80%)]	Loss: 0.252464
Train Epoch: 14 [8800/10000 (88%)]	Loss: 0.278853
Train Epoch: 14 [9600/10000 (96%)]	Loss: 0.327219
Audio Event Detection Segment-level F1: 61.1
Visual Event Detection Segment-level F1: 51.6
Audio-Visual Event Detection Segment-level F1: 47.6
Segment-levelType@Avg. F1: 53.4
Segment-level Event@Avg. F1: 55.4
Audio Event Detection Event-level F1: 51.5
Visual Event Detection Event-level F1: 45.8
Audio-Visual Event Detection Event-level F1: 40.0
Event-level Type@Avg. F1: 45.8
Event-level Event@Avg. F1: 47.6
Train Epoch: 15 [0/10000 (0%)]	Loss: 0.273136
Train Epoch: 15 [800/10000 (8%)]	Loss: 0.272427
Train Epoch: 15 [1600/10000 (16%)]	Loss: 0.257240
Train Epoch: 15 [2400/10000 (24%)]	Loss: 0.249457
Train Epoch: 15 [3200/10000 (32%)]	Loss: 0.262117
Train Epoch: 15 [4000/10000 (40%)]	Loss: 0.293344
Train Epoch: 15 [4800/10000 (48%)]	Loss: 0.298001
Train Epoch: 15 [5600/10000 (56%)]	Loss: 0.249611
Train Epoch: 15 [6400/10000 (64%)]	Loss: 0.270388
Train Epoch: 15 [7200/10000 (72%)]	Loss: 0.269436
Train Epoch: 15 [8000/10000 (80%)]	Loss: 0.240261
Train Epoch: 15 [8800/10000 (88%)]	Loss: 0.271856
Train Epoch: 15 [9600/10000 (96%)]	Loss: 0.247836
Audio Event Detection Segment-level F1: 61.8
Visual Event Detection Segment-level F1: 51.5
Audio-Visual Event Detection Segment-level F1: 47.7
Segment-levelType@Avg. F1: 53.7
Segment-level Event@Avg. F1: 56.2
Audio Event Detection Event-level F1: 51.9
Visual Event Detection Event-level F1: 46.3
Audio-Visual Event Detection Event-level F1: 40.6
Event-level Type@Avg. F1: 46.3
Event-level Event@Avg. F1: 48.4
Train Epoch: 16 [0/10000 (0%)]	Loss: 0.245763
Train Epoch: 16 [800/10000 (8%)]	Loss: 0.243738
Train Epoch: 16 [1600/10000 (16%)]	Loss: 0.278122
Train Epoch: 16 [2400/10000 (24%)]	Loss: 0.258019
Train Epoch: 16 [3200/10000 (32%)]	Loss: 0.282262
Train Epoch: 16 [4000/10000 (40%)]	Loss: 0.240157
Train Epoch: 16 [4800/10000 (48%)]	Loss: 0.248550
Train Epoch: 16 [5600/10000 (56%)]	Loss: 0.283141
Train Epoch: 16 [6400/10000 (64%)]	Loss: 0.296999
Train Epoch: 16 [7200/10000 (72%)]	Loss: 0.283879
Train Epoch: 16 [8000/10000 (80%)]	Loss: 0.292392
Train Epoch: 16 [8800/10000 (88%)]	Loss: 0.234786
Train Epoch: 16 [9600/10000 (96%)]	Loss: 0.264091
Audio Event Detection Segment-level F1: 61.3
Visual Event Detection Segment-level F1: 52.1
Audio-Visual Event Detection Segment-level F1: 48.1
Segment-levelType@Avg. F1: 53.8
Segment-level Event@Avg. F1: 55.7
Audio Event Detection Event-level F1: 51.3
Visual Event Detection Event-level F1: 47.0
Audio-Visual Event Detection Event-level F1: 40.9
Event-level Type@Avg. F1: 46.4
Event-level Event@Avg. F1: 48.0
Train Epoch: 17 [0/10000 (0%)]	Loss: 0.282540
Train Epoch: 17 [800/10000 (8%)]	Loss: 0.282600
Train Epoch: 17 [1600/10000 (16%)]	Loss: 0.262659
Train Epoch: 17 [2400/10000 (24%)]	Loss: 0.247873
Train Epoch: 17 [3200/10000 (32%)]	Loss: 0.273392
Train Epoch: 17 [4000/10000 (40%)]	Loss: 0.262858
Train Epoch: 17 [4800/10000 (48%)]	Loss: 0.339703
Train Epoch: 17 [5600/10000 (56%)]	Loss: 0.282558
Train Epoch: 17 [6400/10000 (64%)]	Loss: 0.263504
Train Epoch: 17 [7200/10000 (72%)]	Loss: 0.281461
Train Epoch: 17 [8000/10000 (80%)]	Loss: 0.330721
Train Epoch: 17 [8800/10000 (88%)]	Loss: 0.229927
Train Epoch: 17 [9600/10000 (96%)]	Loss: 0.263478
Audio Event Detection Segment-level F1: 61.0
Visual Event Detection Segment-level F1: 51.8
Audio-Visual Event Detection Segment-level F1: 47.8
Segment-levelType@Avg. F1: 53.5
Segment-level Event@Avg. F1: 55.6
Audio Event Detection Event-level F1: 51.2
Visual Event Detection Event-level F1: 46.5
Audio-Visual Event Detection Event-level F1: 40.8
Event-level Type@Avg. F1: 46.2
Event-level Event@Avg. F1: 47.9
Train Epoch: 18 [0/10000 (0%)]	Loss: 0.296523
Train Epoch: 18 [800/10000 (8%)]	Loss: 0.256261
Train Epoch: 18 [1600/10000 (16%)]	Loss: 0.249867
Train Epoch: 18 [2400/10000 (24%)]	Loss: 0.305993
Train Epoch: 18 [3200/10000 (32%)]	Loss: 0.244343
Train Epoch: 18 [4000/10000 (40%)]	Loss: 0.276429
Train Epoch: 18 [4800/10000 (48%)]	Loss: 0.253204
Train Epoch: 18 [5600/10000 (56%)]	Loss: 0.254331
Train Epoch: 18 [6400/10000 (64%)]	Loss: 0.316886
Train Epoch: 18 [7200/10000 (72%)]	Loss: 0.269212
Train Epoch: 18 [8000/10000 (80%)]	Loss: 0.259514
Train Epoch: 18 [8800/10000 (88%)]	Loss: 0.250665
Train Epoch: 18 [9600/10000 (96%)]	Loss: 0.398012
Audio Event Detection Segment-level F1: 60.8
Visual Event Detection Segment-level F1: 52.3
Audio-Visual Event Detection Segment-level F1: 48.6
Segment-levelType@Avg. F1: 53.9
Segment-level Event@Avg. F1: 55.4
Audio Event Detection Event-level F1: 51.6
Visual Event Detection Event-level F1: 47.1
Audio-Visual Event Detection Event-level F1: 41.8
Event-level Type@Avg. F1: 46.8
Event-level Event@Avg. F1: 48.2
Train Epoch: 19 [0/10000 (0%)]	Loss: 0.243599
Train Epoch: 19 [800/10000 (8%)]	Loss: 0.300364
Train Epoch: 19 [1600/10000 (16%)]	Loss: 0.242631
Train Epoch: 19 [2400/10000 (24%)]	Loss: 0.255195
Train Epoch: 19 [3200/10000 (32%)]	Loss: 0.262748
Train Epoch: 19 [4000/10000 (40%)]	Loss: 0.260968
Train Epoch: 19 [4800/10000 (48%)]	Loss: 0.280275
Train Epoch: 19 [5600/10000 (56%)]	Loss: 0.239283
Train Epoch: 19 [6400/10000 (64%)]	Loss: 0.240414
Train Epoch: 19 [7200/10000 (72%)]	Loss: 0.267686
Train Epoch: 19 [8000/10000 (80%)]	Loss: 0.280699
Train Epoch: 19 [8800/10000 (88%)]	Loss: 0.219334
Train Epoch: 19 [9600/10000 (96%)]	Loss: 0.261640
Audio Event Detection Segment-level F1: 61.2
Visual Event Detection Segment-level F1: 50.5
Audio-Visual Event Detection Segment-level F1: 47.1
Segment-levelType@Avg. F1: 52.9
Segment-level Event@Avg. F1: 55.5
Audio Event Detection Event-level F1: 50.8
Visual Event Detection Event-level F1: 45.2
Audio-Visual Event Detection Event-level F1: 40.2
Event-level Type@Avg. F1: 45.4
Event-level Event@Avg. F1: 47.4
Train Epoch: 20 [0/10000 (0%)]	Loss: 0.296485
Train Epoch: 20 [800/10000 (8%)]	Loss: 0.253905
Train Epoch: 20 [1600/10000 (16%)]	Loss: 0.244199
Train Epoch: 20 [2400/10000 (24%)]	Loss: 0.251824
Train Epoch: 20 [3200/10000 (32%)]	Loss: 0.261495
Train Epoch: 20 [4000/10000 (40%)]	Loss: 0.263034
Train Epoch: 20 [4800/10000 (48%)]	Loss: 0.264367
Train Epoch: 20 [5600/10000 (56%)]	Loss: 0.303999
Train Epoch: 20 [6400/10000 (64%)]	Loss: 0.240365
Train Epoch: 20 [7200/10000 (72%)]	Loss: 0.249801
Train Epoch: 20 [8000/10000 (80%)]	Loss: 0.260539
Train Epoch: 20 [8800/10000 (88%)]	Loss: 0.262438
Train Epoch: 20 [9600/10000 (96%)]	Loss: 0.276971
Audio Event Detection Segment-level F1: 60.9
Visual Event Detection Segment-level F1: 51.6
Audio-Visual Event Detection Segment-level F1: 48.0
Segment-levelType@Avg. F1: 53.5
Segment-level Event@Avg. F1: 55.5
Audio Event Detection Event-level F1: 50.8
Visual Event Detection Event-level F1: 46.2
Audio-Visual Event Detection Event-level F1: 40.8
Event-level Type@Avg. F1: 45.9
Event-level Event@Avg. F1: 47.5
Train Epoch: 21 [0/10000 (0%)]	Loss: 0.333303
Train Epoch: 21 [800/10000 (8%)]	Loss: 0.237865
Train Epoch: 21 [1600/10000 (16%)]	Loss: 0.264804
Train Epoch: 21 [2400/10000 (24%)]	Loss: 0.259895
Train Epoch: 21 [3200/10000 (32%)]	Loss: 0.328328
Train Epoch: 21 [4000/10000 (40%)]	Loss: 0.237367
Train Epoch: 21 [4800/10000 (48%)]	Loss: 0.271993
Train Epoch: 21 [5600/10000 (56%)]	Loss: 0.263205
Train Epoch: 21 [6400/10000 (64%)]	Loss: 0.235162
Train Epoch: 21 [7200/10000 (72%)]	Loss: 0.255148
Train Epoch: 21 [8000/10000 (80%)]	Loss: 0.254829
Train Epoch: 21 [8800/10000 (88%)]	Loss: 0.226161
Train Epoch: 21 [9600/10000 (96%)]	Loss: 0.242168
Audio Event Detection Segment-level F1: 60.8
Visual Event Detection Segment-level F1: 51.8
Audio-Visual Event Detection Segment-level F1: 48.0
Segment-levelType@Avg. F1: 53.5
Segment-level Event@Avg. F1: 55.4
Audio Event Detection Event-level F1: 50.9
Visual Event Detection Event-level F1: 46.3
Audio-Visual Event Detection Event-level F1: 40.4
Event-level Type@Avg. F1: 45.9
Event-level Event@Avg. F1: 47.4
Train Epoch: 22 [0/10000 (0%)]	Loss: 0.251693
Train Epoch: 22 [800/10000 (8%)]	Loss: 0.233464
Train Epoch: 22 [1600/10000 (16%)]	Loss: 0.239656
Train Epoch: 22 [2400/10000 (24%)]	Loss: 0.244896
Train Epoch: 22 [3200/10000 (32%)]	Loss: 0.275327
Train Epoch: 22 [4000/10000 (40%)]	Loss: 0.277604
Train Epoch: 22 [4800/10000 (48%)]	Loss: 0.271525
Train Epoch: 22 [5600/10000 (56%)]	Loss: 0.280666
Train Epoch: 22 [6400/10000 (64%)]	Loss: 0.249192
Train Epoch: 22 [7200/10000 (72%)]	Loss: 0.252188
Train Epoch: 22 [8000/10000 (80%)]	Loss: 0.256881
Train Epoch: 22 [8800/10000 (88%)]	Loss: 0.268297
Train Epoch: 22 [9600/10000 (96%)]	Loss: 0.239844
Audio Event Detection Segment-level F1: 60.7
Visual Event Detection Segment-level F1: 51.8
Audio-Visual Event Detection Segment-level F1: 48.2
Segment-levelType@Avg. F1: 53.6
Segment-level Event@Avg. F1: 55.3
Audio Event Detection Event-level F1: 50.9
Visual Event Detection Event-level F1: 46.2
Audio-Visual Event Detection Event-level F1: 40.6
Event-level Type@Avg. F1: 45.9
Event-level Event@Avg. F1: 47.3
Train Epoch: 23 [0/10000 (0%)]	Loss: 0.243583
Train Epoch: 23 [800/10000 (8%)]	Loss: 0.252395
Train Epoch: 23 [1600/10000 (16%)]	Loss: 0.277091
Train Epoch: 23 [2400/10000 (24%)]	Loss: 0.246229
Train Epoch: 23 [3200/10000 (32%)]	Loss: 0.253100
Train Epoch: 23 [4000/10000 (40%)]	Loss: 0.241975
Train Epoch: 23 [4800/10000 (48%)]	Loss: 0.256604
Train Epoch: 23 [5600/10000 (56%)]	Loss: 0.229939
Train Epoch: 23 [6400/10000 (64%)]	Loss: 0.269904
Train Epoch: 23 [7200/10000 (72%)]	Loss: 0.240060
Train Epoch: 23 [8000/10000 (80%)]	Loss: 0.243579
Train Epoch: 23 [8800/10000 (88%)]	Loss: 0.265347
Train Epoch: 23 [9600/10000 (96%)]	Loss: 0.231703
Audio Event Detection Segment-level F1: 60.6
Visual Event Detection Segment-level F1: 51.7
Audio-Visual Event Detection Segment-level F1: 48.3
Segment-levelType@Avg. F1: 53.5
Segment-level Event@Avg. F1: 55.2
Audio Event Detection Event-level F1: 50.8
Visual Event Detection Event-level F1: 46.1
Audio-Visual Event Detection Event-level F1: 40.5
Event-level Type@Avg. F1: 45.8
Event-level Event@Avg. F1: 47.2
Train Epoch: 24 [0/10000 (0%)]	Loss: 0.298775
Train Epoch: 24 [800/10000 (8%)]	Loss: 0.290195
Train Epoch: 24 [1600/10000 (16%)]	Loss: 0.238276
Train Epoch: 24 [2400/10000 (24%)]	Loss: 0.242015
Train Epoch: 24 [3200/10000 (32%)]	Loss: 0.239757
Train Epoch: 24 [4000/10000 (40%)]	Loss: 0.241326
Train Epoch: 24 [4800/10000 (48%)]	Loss: 0.261405
Train Epoch: 24 [5600/10000 (56%)]	Loss: 0.248628
Train Epoch: 24 [6400/10000 (64%)]	Loss: 0.241176
Train Epoch: 24 [7200/10000 (72%)]	Loss: 0.241421
Train Epoch: 24 [8000/10000 (80%)]	Loss: 0.268057
Train Epoch: 24 [8800/10000 (88%)]	Loss: 0.240138
Train Epoch: 24 [9600/10000 (96%)]	Loss: 0.257028
Audio Event Detection Segment-level F1: 60.8
Visual Event Detection Segment-level F1: 51.4
Audio-Visual Event Detection Segment-level F1: 47.7
Segment-levelType@Avg. F1: 53.3
Segment-level Event@Avg. F1: 55.3
Audio Event Detection Event-level F1: 51.1
Visual Event Detection Event-level F1: 46.0
Audio-Visual Event Detection Event-level F1: 40.4
Event-level Type@Avg. F1: 45.8
Event-level Event@Avg. F1: 47.5
Train Epoch: 25 [0/10000 (0%)]	Loss: 0.265201
Train Epoch: 25 [800/10000 (8%)]	Loss: 0.239597
Train Epoch: 25 [1600/10000 (16%)]	Loss: 0.240924
Train Epoch: 25 [2400/10000 (24%)]	Loss: 0.252440
Train Epoch: 25 [3200/10000 (32%)]	Loss: 0.314801
Train Epoch: 25 [4000/10000 (40%)]	Loss: 0.270657
Train Epoch: 25 [4800/10000 (48%)]	Loss: 0.255133
Train Epoch: 25 [5600/10000 (56%)]	Loss: 0.254296
Train Epoch: 25 [6400/10000 (64%)]	Loss: 0.246702
Train Epoch: 25 [7200/10000 (72%)]	Loss: 0.254527
Train Epoch: 25 [8000/10000 (80%)]	Loss: 0.267031
Train Epoch: 25 [8800/10000 (88%)]	Loss: 0.265077
Train Epoch: 25 [9600/10000 (96%)]	Loss: 0.315172
Audio Event Detection Segment-level F1: 60.9
Visual Event Detection Segment-level F1: 51.3
Audio-Visual Event Detection Segment-level F1: 47.8
Segment-levelType@Avg. F1: 53.3
Segment-level Event@Avg. F1: 55.3
Audio Event Detection Event-level F1: 51.0
Visual Event Detection Event-level F1: 46.1
Audio-Visual Event Detection Event-level F1: 40.2
Event-level Type@Avg. F1: 45.8
Event-level Event@Avg. F1: 47.6
Train Epoch: 26 [0/10000 (0%)]	Loss: 0.264935
Train Epoch: 26 [800/10000 (8%)]	Loss: 0.244624
Train Epoch: 26 [1600/10000 (16%)]	Loss: 0.248005
Train Epoch: 26 [2400/10000 (24%)]	Loss: 0.287082
Train Epoch: 26 [3200/10000 (32%)]	Loss: 0.270822
Train Epoch: 26 [4000/10000 (40%)]	Loss: 0.267018
Train Epoch: 26 [4800/10000 (48%)]	Loss: 0.238001
Train Epoch: 26 [5600/10000 (56%)]	Loss: 0.221823
Train Epoch: 26 [6400/10000 (64%)]	Loss: 0.275184
Train Epoch: 26 [7200/10000 (72%)]	Loss: 0.253661
Train Epoch: 26 [8000/10000 (80%)]	Loss: 0.243280
Train Epoch: 26 [8800/10000 (88%)]	Loss: 0.290095
Train Epoch: 26 [9600/10000 (96%)]	Loss: 0.283455
Audio Event Detection Segment-level F1: 61.0
Visual Event Detection Segment-level F1: 51.5
Audio-Visual Event Detection Segment-level F1: 48.1
Segment-levelType@Avg. F1: 53.5
Segment-level Event@Avg. F1: 55.3
Audio Event Detection Event-level F1: 51.2
Visual Event Detection Event-level F1: 46.0
Audio-Visual Event Detection Event-level F1: 40.5
Event-level Type@Avg. F1: 45.9
Event-level Event@Avg. F1: 47.5
Train Epoch: 27 [0/10000 (0%)]	Loss: 0.243281
Train Epoch: 27 [800/10000 (8%)]	Loss: 0.281199
Train Epoch: 27 [1600/10000 (16%)]	Loss: 0.248963
Train Epoch: 27 [2400/10000 (24%)]	Loss: 0.242321
Train Epoch: 27 [3200/10000 (32%)]	Loss: 0.240776
Train Epoch: 27 [4000/10000 (40%)]	Loss: 0.279836
Train Epoch: 27 [4800/10000 (48%)]	Loss: 0.271857
Train Epoch: 27 [5600/10000 (56%)]	Loss: 0.247006
Train Epoch: 27 [6400/10000 (64%)]	Loss: 0.223526
Train Epoch: 27 [7200/10000 (72%)]	Loss: 0.246736
Train Epoch: 27 [8000/10000 (80%)]	Loss: 0.248428
Train Epoch: 27 [8800/10000 (88%)]	Loss: 0.229527
Train Epoch: 27 [9600/10000 (96%)]	Loss: 0.306700
Audio Event Detection Segment-level F1: 61.0
Visual Event Detection Segment-level F1: 51.7
Audio-Visual Event Detection Segment-level F1: 48.0
Segment-levelType@Avg. F1: 53.6
Segment-level Event@Avg. F1: 55.4
Audio Event Detection Event-level F1: 51.2
Visual Event Detection Event-level F1: 45.9
Audio-Visual Event Detection Event-level F1: 40.3
Event-level Type@Avg. F1: 45.8
Event-level Event@Avg. F1: 47.4
Train Epoch: 28 [0/10000 (0%)]	Loss: 0.221150
Train Epoch: 28 [800/10000 (8%)]	Loss: 0.267306
Train Epoch: 28 [1600/10000 (16%)]	Loss: 0.230475
Train Epoch: 28 [2400/10000 (24%)]	Loss: 0.265208
Train Epoch: 28 [3200/10000 (32%)]	Loss: 0.235662
Train Epoch: 28 [4000/10000 (40%)]	Loss: 0.249492
Train Epoch: 28 [4800/10000 (48%)]	Loss: 0.263297
Train Epoch: 28 [5600/10000 (56%)]	Loss: 0.249542
Train Epoch: 28 [6400/10000 (64%)]	Loss: 0.252180
Train Epoch: 28 [7200/10000 (72%)]	Loss: 0.260000
Train Epoch: 28 [8000/10000 (80%)]	Loss: 0.251566
Train Epoch: 28 [8800/10000 (88%)]	Loss: 0.244425
Train Epoch: 28 [9600/10000 (96%)]	Loss: 0.255770
Audio Event Detection Segment-level F1: 61.0
Visual Event Detection Segment-level F1: 51.6
Audio-Visual Event Detection Segment-level F1: 48.3
Segment-levelType@Avg. F1: 53.7
Segment-level Event@Avg. F1: 55.4
Audio Event Detection Event-level F1: 51.4
Visual Event Detection Event-level F1: 46.1
Audio-Visual Event Detection Event-level F1: 40.7
Event-level Type@Avg. F1: 46.1
Event-level Event@Avg. F1: 47.7
Train Epoch: 29 [0/10000 (0%)]	Loss: 0.256260
Train Epoch: 29 [800/10000 (8%)]	Loss: 0.238522
Train Epoch: 29 [1600/10000 (16%)]	Loss: 0.245151
Train Epoch: 29 [2400/10000 (24%)]	Loss: 0.254946
Train Epoch: 29 [3200/10000 (32%)]	Loss: 0.252019
Train Epoch: 29 [4000/10000 (40%)]	Loss: 0.286823
Train Epoch: 29 [4800/10000 (48%)]	Loss: 0.272841
Train Epoch: 29 [5600/10000 (56%)]	Loss: 0.293294
Train Epoch: 29 [6400/10000 (64%)]	Loss: 0.279832
Train Epoch: 29 [7200/10000 (72%)]	Loss: 0.247303
Train Epoch: 29 [8000/10000 (80%)]	Loss: 0.263287
Train Epoch: 29 [8800/10000 (88%)]	Loss: 0.256859
Train Epoch: 29 [9600/10000 (96%)]	Loss: 0.270552
Audio Event Detection Segment-level F1: 61.0
Visual Event Detection Segment-level F1: 51.8
Audio-Visual Event Detection Segment-level F1: 48.0
Segment-levelType@Avg. F1: 53.6
Segment-level Event@Avg. F1: 55.4
Audio Event Detection Event-level F1: 51.3
Visual Event Detection Event-level F1: 46.2
Audio-Visual Event Detection Event-level F1: 40.0
Event-level Type@Avg. F1: 45.8
Event-level Event@Avg. F1: 47.6
Train Epoch: 30 [0/10000 (0%)]	Loss: 0.306830
Train Epoch: 30 [800/10000 (8%)]	Loss: 0.242272
Train Epoch: 30 [1600/10000 (16%)]	Loss: 0.236649
Train Epoch: 30 [2400/10000 (24%)]	Loss: 0.231219
Train Epoch: 30 [3200/10000 (32%)]	Loss: 0.297773
Train Epoch: 30 [4000/10000 (40%)]	Loss: 0.226820
Train Epoch: 30 [4800/10000 (48%)]	Loss: 0.254702
Train Epoch: 30 [5600/10000 (56%)]	Loss: 0.312472
Train Epoch: 30 [6400/10000 (64%)]	Loss: 0.243750
Train Epoch: 30 [7200/10000 (72%)]	Loss: 0.266118
Train Epoch: 30 [8000/10000 (80%)]	Loss: 0.260885
Train Epoch: 30 [8800/10000 (88%)]	Loss: 0.249348
Train Epoch: 30 [9600/10000 (96%)]	Loss: 0.257691
Audio Event Detection Segment-level F1: 60.9
Visual Event Detection Segment-level F1: 51.2
Audio-Visual Event Detection Segment-level F1: 47.6
Segment-levelType@Avg. F1: 53.2
Segment-level Event@Avg. F1: 55.2
Audio Event Detection Event-level F1: 51.2
Visual Event Detection Event-level F1: 45.8
Audio-Visual Event Detection Event-level F1: 40.0
Event-level Type@Avg. F1: 45.7
Event-level Event@Avg. F1: 47.5
Train Epoch: 31 [0/10000 (0%)]	Loss: 0.218789
Train Epoch: 31 [800/10000 (8%)]	Loss: 0.265202
Train Epoch: 31 [1600/10000 (16%)]	Loss: 0.241654
Train Epoch: 31 [2400/10000 (24%)]	Loss: 0.261591
Train Epoch: 31 [3200/10000 (32%)]	Loss: 0.268681
Train Epoch: 31 [4000/10000 (40%)]	Loss: 0.258324
Train Epoch: 31 [4800/10000 (48%)]	Loss: 0.232789
Train Epoch: 31 [5600/10000 (56%)]	Loss: 0.247171
Train Epoch: 31 [6400/10000 (64%)]	Loss: 0.258363
Train Epoch: 31 [7200/10000 (72%)]	Loss: 0.278032
Train Epoch: 31 [8000/10000 (80%)]	Loss: 0.250976
Train Epoch: 31 [8800/10000 (88%)]	Loss: 0.256308
Train Epoch: 31 [9600/10000 (96%)]	Loss: 0.256800
Audio Event Detection Segment-level F1: 60.9
Visual Event Detection Segment-level F1: 51.2
Audio-Visual Event Detection Segment-level F1: 47.7
Segment-levelType@Avg. F1: 53.3
Segment-level Event@Avg. F1: 55.2
Audio Event Detection Event-level F1: 51.3
Visual Event Detection Event-level F1: 45.7
Audio-Visual Event Detection Event-level F1: 40.0
Event-level Type@Avg. F1: 45.7
Event-level Event@Avg. F1: 47.5
Train Epoch: 32 [0/10000 (0%)]	Loss: 0.248703
Train Epoch: 32 [800/10000 (8%)]	Loss: 0.258518
Train Epoch: 32 [1600/10000 (16%)]	Loss: 0.249428
Train Epoch: 32 [2400/10000 (24%)]	Loss: 0.242992
Train Epoch: 32 [3200/10000 (32%)]	Loss: 0.280912
Train Epoch: 32 [4000/10000 (40%)]	Loss: 0.267617
Train Epoch: 32 [4800/10000 (48%)]	Loss: 0.246352
Train Epoch: 32 [5600/10000 (56%)]	Loss: 0.260774
Train Epoch: 32 [6400/10000 (64%)]	Loss: 0.276424
Train Epoch: 32 [7200/10000 (72%)]	Loss: 0.236300
Train Epoch: 32 [8000/10000 (80%)]	Loss: 0.276662
Train Epoch: 32 [8800/10000 (88%)]	Loss: 0.240507
Train Epoch: 32 [9600/10000 (96%)]	Loss: 0.240566
Audio Event Detection Segment-level F1: 60.8
Visual Event Detection Segment-level F1: 51.2
Audio-Visual Event Detection Segment-level F1: 47.8
Segment-levelType@Avg. F1: 53.2
Segment-level Event@Avg. F1: 55.2
Audio Event Detection Event-level F1: 51.2
Visual Event Detection Event-level F1: 45.6
Audio-Visual Event Detection Event-level F1: 40.0
Event-level Type@Avg. F1: 45.6
Event-level Event@Avg. F1: 47.4
Train Epoch: 33 [0/10000 (0%)]	Loss: 0.270280
Train Epoch: 33 [800/10000 (8%)]	Loss: 0.235636
Train Epoch: 33 [1600/10000 (16%)]	Loss: 0.269201
Train Epoch: 33 [2400/10000 (24%)]	Loss: 0.263123
Train Epoch: 33 [3200/10000 (32%)]	Loss: 0.268242
Train Epoch: 33 [4000/10000 (40%)]	Loss: 0.240061
Train Epoch: 33 [4800/10000 (48%)]	Loss: 0.243871
Train Epoch: 33 [5600/10000 (56%)]	Loss: 0.273297
Train Epoch: 33 [6400/10000 (64%)]	Loss: 0.264551
Train Epoch: 33 [7200/10000 (72%)]	Loss: 0.244967
Train Epoch: 33 [8000/10000 (80%)]	Loss: 0.269027
Train Epoch: 33 [8800/10000 (88%)]	Loss: 0.289932
Train Epoch: 33 [9600/10000 (96%)]	Loss: 0.238044
Audio Event Detection Segment-level F1: 60.8
Visual Event Detection Segment-level F1: 51.2
Audio-Visual Event Detection Segment-level F1: 47.8
Segment-levelType@Avg. F1: 53.3
Segment-level Event@Avg. F1: 55.2
Audio Event Detection Event-level F1: 51.2
Visual Event Detection Event-level F1: 45.7
Audio-Visual Event Detection Event-level F1: 40.0
Event-level Type@Avg. F1: 45.6
Event-level Event@Avg. F1: 47.4
Train Epoch: 34 [0/10000 (0%)]	Loss: 0.236963
Train Epoch: 34 [800/10000 (8%)]	Loss: 0.265104
Train Epoch: 34 [1600/10000 (16%)]	Loss: 0.241053
Train Epoch: 34 [2400/10000 (24%)]	Loss: 0.246451
Train Epoch: 34 [3200/10000 (32%)]	Loss: 0.267829
Train Epoch: 34 [4000/10000 (40%)]	Loss: 0.254197
Train Epoch: 34 [4800/10000 (48%)]	Loss: 0.235055
Train Epoch: 34 [5600/10000 (56%)]	Loss: 0.251561
Train Epoch: 34 [6400/10000 (64%)]	Loss: 0.224921
Train Epoch: 34 [7200/10000 (72%)]	Loss: 0.237250
Train Epoch: 34 [8000/10000 (80%)]	Loss: 0.254083
Train Epoch: 34 [8800/10000 (88%)]	Loss: 0.280952
Train Epoch: 34 [9600/10000 (96%)]	Loss: 0.246906
Audio Event Detection Segment-level F1: 60.9
Visual Event Detection Segment-level F1: 51.3
Audio-Visual Event Detection Segment-level F1: 47.8
Segment-levelType@Avg. F1: 53.3
Segment-level Event@Avg. F1: 55.2
Audio Event Detection Event-level F1: 51.3
Visual Event Detection Event-level F1: 45.6
Audio-Visual Event Detection Event-level F1: 40.0
Event-level Type@Avg. F1: 45.6
Event-level Event@Avg. F1: 47.4
Train Epoch: 35 [0/10000 (0%)]	Loss: 0.313103
Train Epoch: 35 [800/10000 (8%)]	Loss: 0.262697
Train Epoch: 35 [1600/10000 (16%)]	Loss: 0.239347
Train Epoch: 35 [2400/10000 (24%)]	Loss: 0.253675
Train Epoch: 35 [3200/10000 (32%)]	Loss: 0.255766
Train Epoch: 35 [4000/10000 (40%)]	Loss: 0.242456
Train Epoch: 35 [4800/10000 (48%)]	Loss: 0.286308
Train Epoch: 35 [5600/10000 (56%)]	Loss: 0.237503
Train Epoch: 35 [6400/10000 (64%)]	Loss: 0.231574
Train Epoch: 35 [7200/10000 (72%)]	Loss: 0.243354
Train Epoch: 35 [8000/10000 (80%)]	Loss: 0.229353
Train Epoch: 35 [8800/10000 (88%)]	Loss: 0.252093
Train Epoch: 35 [9600/10000 (96%)]	Loss: 0.255275
Audio Event Detection Segment-level F1: 60.8
Visual Event Detection Segment-level F1: 51.3
Audio-Visual Event Detection Segment-level F1: 47.8
Segment-levelType@Avg. F1: 53.3
Segment-level Event@Avg. F1: 55.2
Audio Event Detection Event-level F1: 51.3
Visual Event Detection Event-level F1: 45.6
Audio-Visual Event Detection Event-level F1: 40.0
Event-level Type@Avg. F1: 45.6
Event-level Event@Avg. F1: 47.4
Train Epoch: 36 [0/10000 (0%)]	Loss: 0.253938
Train Epoch: 36 [800/10000 (8%)]	Loss: 0.226779
Train Epoch: 36 [1600/10000 (16%)]	Loss: 0.245291
Train Epoch: 36 [2400/10000 (24%)]	Loss: 0.249852
Train Epoch: 36 [3200/10000 (32%)]	Loss: 0.243188
Train Epoch: 36 [4000/10000 (40%)]	Loss: 0.293840
Train Epoch: 36 [4800/10000 (48%)]	Loss: 0.234557
Train Epoch: 36 [5600/10000 (56%)]	Loss: 0.280427
Train Epoch: 36 [6400/10000 (64%)]	Loss: 0.230367
Train Epoch: 36 [7200/10000 (72%)]	Loss: 0.278287
Train Epoch: 36 [8000/10000 (80%)]	Loss: 0.246306
Train Epoch: 36 [8800/10000 (88%)]	Loss: 0.241712
Train Epoch: 36 [9600/10000 (96%)]	Loss: 0.228457
Audio Event Detection Segment-level F1: 60.8
Visual Event Detection Segment-level F1: 51.3
Audio-Visual Event Detection Segment-level F1: 47.8
Segment-levelType@Avg. F1: 53.3
Segment-level Event@Avg. F1: 55.2
Audio Event Detection Event-level F1: 51.3
Visual Event Detection Event-level F1: 45.6
Audio-Visual Event Detection Event-level F1: 39.9
Event-level Type@Avg. F1: 45.6
Event-level Event@Avg. F1: 47.4
Train Epoch: 37 [0/10000 (0%)]	Loss: 0.236684
Train Epoch: 37 [800/10000 (8%)]	Loss: 0.222896
Train Epoch: 37 [1600/10000 (16%)]	Loss: 0.239634
Train Epoch: 37 [2400/10000 (24%)]	Loss: 0.249368
Train Epoch: 37 [3200/10000 (32%)]	Loss: 0.251018
Train Epoch: 37 [4000/10000 (40%)]	Loss: 0.245122
Train Epoch: 37 [4800/10000 (48%)]	Loss: 0.257728
Train Epoch: 37 [5600/10000 (56%)]	Loss: 0.241863
Train Epoch: 37 [6400/10000 (64%)]	Loss: 0.248974
Train Epoch: 37 [7200/10000 (72%)]	Loss: 0.243079
Train Epoch: 37 [8000/10000 (80%)]	Loss: 0.258823
Train Epoch: 37 [8800/10000 (88%)]	Loss: 0.253090
Train Epoch: 37 [9600/10000 (96%)]	Loss: 0.240707
Audio Event Detection Segment-level F1: 60.8
Visual Event Detection Segment-level F1: 51.2
Audio-Visual Event Detection Segment-level F1: 47.7
Segment-levelType@Avg. F1: 53.3
Segment-level Event@Avg. F1: 55.2
Audio Event Detection Event-level F1: 51.2
Visual Event Detection Event-level F1: 45.5
Audio-Visual Event Detection Event-level F1: 39.8
Event-level Type@Avg. F1: 45.5
Event-level Event@Avg. F1: 47.3
Train Epoch: 38 [0/10000 (0%)]	Loss: 0.236465
Train Epoch: 38 [800/10000 (8%)]	Loss: 0.271112
Train Epoch: 38 [1600/10000 (16%)]	Loss: 0.261464
Train Epoch: 38 [2400/10000 (24%)]	Loss: 0.287159
Train Epoch: 38 [3200/10000 (32%)]	Loss: 0.220023
Train Epoch: 38 [4000/10000 (40%)]	Loss: 0.218429
Train Epoch: 38 [4800/10000 (48%)]	Loss: 0.246559
Train Epoch: 38 [5600/10000 (56%)]	Loss: 0.234081
Train Epoch: 38 [6400/10000 (64%)]	Loss: 0.226911
Train Epoch: 38 [7200/10000 (72%)]	Loss: 0.226769
Train Epoch: 38 [8000/10000 (80%)]	Loss: 0.258782
Train Epoch: 38 [8800/10000 (88%)]	Loss: 0.249754
Train Epoch: 38 [9600/10000 (96%)]	Loss: 0.233109
Audio Event Detection Segment-level F1: 60.7
Visual Event Detection Segment-level F1: 51.2
Audio-Visual Event Detection Segment-level F1: 47.7
Segment-levelType@Avg. F1: 53.2
Segment-level Event@Avg. F1: 55.2
Audio Event Detection Event-level F1: 51.2
Visual Event Detection Event-level F1: 45.6
Audio-Visual Event Detection Event-level F1: 39.9
Event-level Type@Avg. F1: 45.5
Event-level Event@Avg. F1: 47.4
Train Epoch: 39 [0/10000 (0%)]	Loss: 0.234887
Train Epoch: 39 [800/10000 (8%)]	Loss: 0.269959
Train Epoch: 39 [1600/10000 (16%)]	Loss: 0.226007
Train Epoch: 39 [2400/10000 (24%)]	Loss: 0.246387
Train Epoch: 39 [3200/10000 (32%)]	Loss: 0.268597
Train Epoch: 39 [4000/10000 (40%)]	Loss: 0.266131
Train Epoch: 39 [4800/10000 (48%)]	Loss: 0.278544
Train Epoch: 39 [5600/10000 (56%)]	Loss: 0.261905
Train Epoch: 39 [6400/10000 (64%)]	Loss: 0.231784
Train Epoch: 39 [7200/10000 (72%)]	Loss: 0.240606
Train Epoch: 39 [8000/10000 (80%)]	Loss: 0.274155
Train Epoch: 39 [8800/10000 (88%)]	Loss: 0.267284
Train Epoch: 39 [9600/10000 (96%)]	Loss: 0.247836
Audio Event Detection Segment-level F1: 60.9
Visual Event Detection Segment-level F1: 51.2
Audio-Visual Event Detection Segment-level F1: 47.8
Segment-levelType@Avg. F1: 53.3
Segment-level Event@Avg. F1: 55.2
Audio Event Detection Event-level F1: 51.3
Visual Event Detection Event-level F1: 45.6
Audio-Visual Event Detection Event-level F1: 40.0
Event-level Type@Avg. F1: 45.6
Event-level Event@Avg. F1: 47.4
Train Epoch: 40 [0/10000 (0%)]	Loss: 0.259288
Train Epoch: 40 [800/10000 (8%)]	Loss: 0.245280
Train Epoch: 40 [1600/10000 (16%)]	Loss: 0.249427
Train Epoch: 40 [2400/10000 (24%)]	Loss: 0.246968
Train Epoch: 40 [3200/10000 (32%)]	Loss: 0.256507
Train Epoch: 40 [4000/10000 (40%)]	Loss: 0.244269
Train Epoch: 40 [4800/10000 (48%)]	Loss: 0.242670
Train Epoch: 40 [5600/10000 (56%)]	Loss: 0.256933
Train Epoch: 40 [6400/10000 (64%)]	Loss: 0.250809
Train Epoch: 40 [7200/10000 (72%)]	Loss: 0.262607
Train Epoch: 40 [8000/10000 (80%)]	Loss: 0.242907
Train Epoch: 40 [8800/10000 (88%)]	Loss: 0.248056
Train Epoch: 40 [9600/10000 (96%)]	Loss: 0.252551
Audio Event Detection Segment-level F1: 60.8
Visual Event Detection Segment-level F1: 51.2
Audio-Visual Event Detection Segment-level F1: 47.9
Segment-levelType@Avg. F1: 53.3
Segment-level Event@Avg. F1: 55.2
Audio Event Detection Event-level F1: 51.2
Visual Event Detection Event-level F1: 45.6
Audio-Visual Event Detection Event-level F1: 40.0
Event-level Type@Avg. F1: 45.6
Event-level Event@Avg. F1: 47.3
