111111111111
Train Epoch: 1 [0/10000 (0%)]	Loss: 2.172634
Train Epoch: 1 [800/10000 (8%)]	Loss: 0.713281
Train Epoch: 1 [1600/10000 (16%)]	Loss: 0.558112
Train Epoch: 1 [2400/10000 (24%)]	Loss: 0.497806
Train Epoch: 1 [3200/10000 (32%)]	Loss: 0.503016
Train Epoch: 1 [4000/10000 (40%)]	Loss: 0.451966
Train Epoch: 1 [4800/10000 (48%)]	Loss: 0.480271
Train Epoch: 1 [5600/10000 (56%)]	Loss: 0.419463
Train Epoch: 1 [6400/10000 (64%)]	Loss: 0.384787
Train Epoch: 1 [7200/10000 (72%)]	Loss: 0.435561
Train Epoch: 1 [8000/10000 (80%)]	Loss: 0.384007
Train Epoch: 1 [8800/10000 (88%)]	Loss: 0.346523
Train Epoch: 1 [9600/10000 (96%)]	Loss: 0.347047
Audio Event Detection Segment-level F1: 57.5
Visual Event Detection Segment-level F1: 51.8
Audio-Visual Event Detection Segment-level F1: 48.2
Segment-levelType@Avg. F1: 52.5
Segment-level Event@Avg. F1: 52.3
Audio Event Detection Event-level F1: 48.6
Visual Event Detection Event-level F1: 45.8
Audio-Visual Event Detection Event-level F1: 41.4
Event-level Type@Avg. F1: 45.3
Event-level Event@Avg. F1: 44.4
Train Epoch: 2 [0/10000 (0%)]	Loss: 0.353311
Train Epoch: 2 [800/10000 (8%)]	Loss: 0.346839
Train Epoch: 2 [1600/10000 (16%)]	Loss: 0.368362
Train Epoch: 2 [2400/10000 (24%)]	Loss: 0.339875
Train Epoch: 2 [3200/10000 (32%)]	Loss: 0.426408
Train Epoch: 2 [4000/10000 (40%)]	Loss: 0.320025
Train Epoch: 2 [4800/10000 (48%)]	Loss: 0.360541
Train Epoch: 2 [5600/10000 (56%)]	Loss: 0.418204
Train Epoch: 2 [6400/10000 (64%)]	Loss: 0.388331
Train Epoch: 2 [7200/10000 (72%)]	Loss: 0.421612
Train Epoch: 2 [8000/10000 (80%)]	Loss: 0.291097
Train Epoch: 2 [8800/10000 (88%)]	Loss: 0.314045
Train Epoch: 2 [9600/10000 (96%)]	Loss: 0.346386
Audio Event Detection Segment-level F1: 58.4
Visual Event Detection Segment-level F1: 51.5
Audio-Visual Event Detection Segment-level F1: 48.2
Segment-levelType@Avg. F1: 52.7
Segment-level Event@Avg. F1: 53.2
Audio Event Detection Event-level F1: 49.3
Visual Event Detection Event-level F1: 45.6
Audio-Visual Event Detection Event-level F1: 40.7
Event-level Type@Avg. F1: 45.2
Event-level Event@Avg. F1: 44.6
Train Epoch: 3 [0/10000 (0%)]	Loss: 0.360114
Train Epoch: 3 [800/10000 (8%)]	Loss: 0.405412
Train Epoch: 3 [1600/10000 (16%)]	Loss: 0.364814
Train Epoch: 3 [2400/10000 (24%)]	Loss: 0.337880
Train Epoch: 3 [3200/10000 (32%)]	Loss: 0.374430
Train Epoch: 3 [4000/10000 (40%)]	Loss: 0.326519
Train Epoch: 3 [4800/10000 (48%)]	Loss: 0.377612
Train Epoch: 3 [5600/10000 (56%)]	Loss: 0.398488
Train Epoch: 3 [6400/10000 (64%)]	Loss: 0.275470
Train Epoch: 3 [7200/10000 (72%)]	Loss: 0.302947
Train Epoch: 3 [8000/10000 (80%)]	Loss: 0.337771
Train Epoch: 3 [8800/10000 (88%)]	Loss: 0.338412
Train Epoch: 3 [9600/10000 (96%)]	Loss: 0.391929
Audio Event Detection Segment-level F1: 60.6
Visual Event Detection Segment-level F1: 54.0
Audio-Visual Event Detection Segment-level F1: 51.3
Segment-levelType@Avg. F1: 55.3
Segment-level Event@Avg. F1: 55.7
Audio Event Detection Event-level F1: 50.8
Visual Event Detection Event-level F1: 47.3
Audio-Visual Event Detection Event-level F1: 42.9
Event-level Type@Avg. F1: 47.0
Event-level Event@Avg. F1: 46.1
Train Epoch: 4 [0/10000 (0%)]	Loss: 0.338708
Train Epoch: 4 [800/10000 (8%)]	Loss: 0.365069
Train Epoch: 4 [1600/10000 (16%)]	Loss: 0.304674
Train Epoch: 4 [2400/10000 (24%)]	Loss: 0.382598
Train Epoch: 4 [3200/10000 (32%)]	Loss: 0.304286
Train Epoch: 4 [4000/10000 (40%)]	Loss: 0.473431
Train Epoch: 4 [4800/10000 (48%)]	Loss: 0.324161
Train Epoch: 4 [5600/10000 (56%)]	Loss: 0.355670
Train Epoch: 4 [6400/10000 (64%)]	Loss: 0.416832
Train Epoch: 4 [7200/10000 (72%)]	Loss: 0.363696
Train Epoch: 4 [8000/10000 (80%)]	Loss: 0.444632
Train Epoch: 4 [8800/10000 (88%)]	Loss: 0.359607
Train Epoch: 4 [9600/10000 (96%)]	Loss: 0.314519
Audio Event Detection Segment-level F1: 52.1
Visual Event Detection Segment-level F1: 47.2
Audio-Visual Event Detection Segment-level F1: 46.2
Segment-levelType@Avg. F1: 48.5
Segment-level Event@Avg. F1: 47.4
Audio Event Detection Event-level F1: 44.6
Visual Event Detection Event-level F1: 40.7
Audio-Visual Event Detection Event-level F1: 38.4
Event-level Type@Avg. F1: 41.2
Event-level Event@Avg. F1: 39.0
Train Epoch: 5 [0/10000 (0%)]	Loss: 0.322467
Train Epoch: 5 [800/10000 (8%)]	Loss: 0.365327
Train Epoch: 5 [1600/10000 (16%)]	Loss: 0.354375
Train Epoch: 5 [2400/10000 (24%)]	Loss: 0.294629
Train Epoch: 5 [3200/10000 (32%)]	Loss: 0.371666
Train Epoch: 5 [4000/10000 (40%)]	Loss: 0.285298
Train Epoch: 5 [4800/10000 (48%)]	Loss: 0.300066
Train Epoch: 5 [5600/10000 (56%)]	Loss: 0.285132
Train Epoch: 5 [6400/10000 (64%)]	Loss: 0.320988
Train Epoch: 5 [7200/10000 (72%)]	Loss: 0.346140
Train Epoch: 5 [8000/10000 (80%)]	Loss: 0.337373
Train Epoch: 5 [8800/10000 (88%)]	Loss: 0.320723
Train Epoch: 5 [9600/10000 (96%)]	Loss: 0.376562
Audio Event Detection Segment-level F1: 58.7
Visual Event Detection Segment-level F1: 53.9
Audio-Visual Event Detection Segment-level F1: 50.7
Segment-levelType@Avg. F1: 54.4
Segment-level Event@Avg. F1: 54.2
Audio Event Detection Event-level F1: 49.6
Visual Event Detection Event-level F1: 47.5
Audio-Visual Event Detection Event-level F1: 42.7
Event-level Type@Avg. F1: 46.6
Event-level Event@Avg. F1: 45.1
Train Epoch: 6 [0/10000 (0%)]	Loss: 0.348280
Train Epoch: 6 [800/10000 (8%)]	Loss: 0.298985
Train Epoch: 6 [1600/10000 (16%)]	Loss: 0.329580
Train Epoch: 6 [2400/10000 (24%)]	Loss: 0.341145
Train Epoch: 6 [3200/10000 (32%)]	Loss: 0.307619
Train Epoch: 6 [4000/10000 (40%)]	Loss: 0.294265
Train Epoch: 6 [4800/10000 (48%)]	Loss: 0.337146
Train Epoch: 6 [5600/10000 (56%)]	Loss: 0.325039
Train Epoch: 6 [6400/10000 (64%)]	Loss: 0.317234
Train Epoch: 6 [7200/10000 (72%)]	Loss: 0.323401
Train Epoch: 6 [8000/10000 (80%)]	Loss: 0.328710
Train Epoch: 6 [8800/10000 (88%)]	Loss: 0.366139
Train Epoch: 6 [9600/10000 (96%)]	Loss: 0.311399
Audio Event Detection Segment-level F1: 59.7
Visual Event Detection Segment-level F1: 50.3
Audio-Visual Event Detection Segment-level F1: 47.1
Segment-levelType@Avg. F1: 52.4
Segment-level Event@Avg. F1: 54.0
Audio Event Detection Event-level F1: 49.7
Visual Event Detection Event-level F1: 43.1
Audio-Visual Event Detection Event-level F1: 38.3
Event-level Type@Avg. F1: 43.7
Event-level Event@Avg. F1: 44.2
Train Epoch: 7 [0/10000 (0%)]	Loss: 0.324790
Train Epoch: 7 [800/10000 (8%)]	Loss: 0.277037
Train Epoch: 7 [1600/10000 (16%)]	Loss: 0.319074
Train Epoch: 7 [2400/10000 (24%)]	Loss: 0.335071
Train Epoch: 7 [3200/10000 (32%)]	Loss: 0.352277
Train Epoch: 7 [4000/10000 (40%)]	Loss: 0.273796
Train Epoch: 7 [4800/10000 (48%)]	Loss: 0.367363
Train Epoch: 7 [5600/10000 (56%)]	Loss: 0.334096
Train Epoch: 7 [6400/10000 (64%)]	Loss: 0.268412
Train Epoch: 7 [7200/10000 (72%)]	Loss: 0.294734
Train Epoch: 7 [8000/10000 (80%)]	Loss: 0.271835
Train Epoch: 7 [8800/10000 (88%)]	Loss: 0.302601
Train Epoch: 7 [9600/10000 (96%)]	Loss: 0.308078
Audio Event Detection Segment-level F1: 55.7
Visual Event Detection Segment-level F1: 44.8
Audio-Visual Event Detection Segment-level F1: 44.8
Segment-levelType@Avg. F1: 48.4
Segment-level Event@Avg. F1: 49.0
Audio Event Detection Event-level F1: 46.8
Visual Event Detection Event-level F1: 36.9
Audio-Visual Event Detection Event-level F1: 35.8
Event-level Type@Avg. F1: 39.8
Event-level Event@Avg. F1: 39.4
Train Epoch: 8 [0/10000 (0%)]	Loss: 0.384505
Train Epoch: 8 [800/10000 (8%)]	Loss: 0.301644
Train Epoch: 8 [1600/10000 (16%)]	Loss: 0.287331
Train Epoch: 8 [2400/10000 (24%)]	Loss: 0.335558
Train Epoch: 8 [3200/10000 (32%)]	Loss: 0.296095
Train Epoch: 8 [4000/10000 (40%)]	Loss: 0.298440
Train Epoch: 8 [4800/10000 (48%)]	Loss: 0.364408
Train Epoch: 8 [5600/10000 (56%)]	Loss: 0.320034
Train Epoch: 8 [6400/10000 (64%)]	Loss: 0.342991
Train Epoch: 8 [7200/10000 (72%)]	Loss: 0.328279
Train Epoch: 8 [8000/10000 (80%)]	Loss: 0.445368
Train Epoch: 8 [8800/10000 (88%)]	Loss: 0.346133
Train Epoch: 8 [9600/10000 (96%)]	Loss: 0.317133
Audio Event Detection Segment-level F1: 60.4
Visual Event Detection Segment-level F1: 49.2
Audio-Visual Event Detection Segment-level F1: 46.3
Segment-levelType@Avg. F1: 52.0
Segment-level Event@Avg. F1: 54.3
Audio Event Detection Event-level F1: 50.3
Visual Event Detection Event-level F1: 42.8
Audio-Visual Event Detection Event-level F1: 38.7
Event-level Type@Avg. F1: 43.9
Event-level Event@Avg. F1: 45.7
Train Epoch: 9 [0/10000 (0%)]	Loss: 0.307511
Train Epoch: 9 [800/10000 (8%)]	Loss: 0.319804
Train Epoch: 9 [1600/10000 (16%)]	Loss: 0.288855
Train Epoch: 9 [2400/10000 (24%)]	Loss: 0.311715
Train Epoch: 9 [3200/10000 (32%)]	Loss: 0.339599
Train Epoch: 9 [4000/10000 (40%)]	Loss: 0.370294
Train Epoch: 9 [4800/10000 (48%)]	Loss: 0.313503
Train Epoch: 9 [5600/10000 (56%)]	Loss: 0.314579
Train Epoch: 9 [6400/10000 (64%)]	Loss: 0.329131
Train Epoch: 9 [7200/10000 (72%)]	Loss: 0.337188
Train Epoch: 9 [8000/10000 (80%)]	Loss: 0.294907
Train Epoch: 9 [8800/10000 (88%)]	Loss: 0.293804
Train Epoch: 9 [9600/10000 (96%)]	Loss: 0.321250
Audio Event Detection Segment-level F1: 61.8
Visual Event Detection Segment-level F1: 50.6
Audio-Visual Event Detection Segment-level F1: 47.1
Segment-levelType@Avg. F1: 53.1
Segment-level Event@Avg. F1: 55.6
Audio Event Detection Event-level F1: 51.2
Visual Event Detection Event-level F1: 43.4
Audio-Visual Event Detection Event-level F1: 39.1
Event-level Type@Avg. F1: 44.6
Event-level Event@Avg. F1: 46.5
Train Epoch: 10 [0/10000 (0%)]	Loss: 0.290954
Train Epoch: 10 [800/10000 (8%)]	Loss: 0.250786
Train Epoch: 10 [1600/10000 (16%)]	Loss: 0.276542
Train Epoch: 10 [2400/10000 (24%)]	Loss: 0.304841
Train Epoch: 10 [3200/10000 (32%)]	Loss: 0.293930
Train Epoch: 10 [4000/10000 (40%)]	Loss: 0.269987
Train Epoch: 10 [4800/10000 (48%)]	Loss: 0.309448
Train Epoch: 10 [5600/10000 (56%)]	Loss: 0.316735
Train Epoch: 10 [6400/10000 (64%)]	Loss: 0.300796
Train Epoch: 10 [7200/10000 (72%)]	Loss: 0.272597
Train Epoch: 10 [8000/10000 (80%)]	Loss: 0.293794
Train Epoch: 10 [8800/10000 (88%)]	Loss: 0.276459
Train Epoch: 10 [9600/10000 (96%)]	Loss: 0.278484
Audio Event Detection Segment-level F1: 60.6
Visual Event Detection Segment-level F1: 51.3
Audio-Visual Event Detection Segment-level F1: 47.8
Segment-levelType@Avg. F1: 53.2
Segment-level Event@Avg. F1: 55.1
Audio Event Detection Event-level F1: 50.9
Visual Event Detection Event-level F1: 45.9
Audio-Visual Event Detection Event-level F1: 39.3
Event-level Type@Avg. F1: 45.4
Event-level Event@Avg. F1: 47.1
Train Epoch: 11 [0/10000 (0%)]	Loss: 0.323664
Train Epoch: 11 [800/10000 (8%)]	Loss: 0.302665
Train Epoch: 11 [1600/10000 (16%)]	Loss: 0.343280
Train Epoch: 11 [2400/10000 (24%)]	Loss: 0.285590
Train Epoch: 11 [3200/10000 (32%)]	Loss: 0.322966
Train Epoch: 11 [4000/10000 (40%)]	Loss: 0.237467
Train Epoch: 11 [4800/10000 (48%)]	Loss: 0.285735
Train Epoch: 11 [5600/10000 (56%)]	Loss: 0.263573
Train Epoch: 11 [6400/10000 (64%)]	Loss: 0.285910
Train Epoch: 11 [7200/10000 (72%)]	Loss: 0.275152
Train Epoch: 11 [8000/10000 (80%)]	Loss: 0.289729
Train Epoch: 11 [8800/10000 (88%)]	Loss: 0.298068
Train Epoch: 11 [9600/10000 (96%)]	Loss: 0.270600
Audio Event Detection Segment-level F1: 60.9
Visual Event Detection Segment-level F1: 52.5
Audio-Visual Event Detection Segment-level F1: 48.4
Segment-levelType@Avg. F1: 53.9
Segment-level Event@Avg. F1: 55.5
Audio Event Detection Event-level F1: 51.0
Visual Event Detection Event-level F1: 46.8
Audio-Visual Event Detection Event-level F1: 41.2
Event-level Type@Avg. F1: 46.3
Event-level Event@Avg. F1: 47.4
Train Epoch: 12 [0/10000 (0%)]	Loss: 0.264421
Train Epoch: 12 [800/10000 (8%)]	Loss: 0.282337
Train Epoch: 12 [1600/10000 (16%)]	Loss: 0.266734
Train Epoch: 12 [2400/10000 (24%)]	Loss: 0.248757
Train Epoch: 12 [3200/10000 (32%)]	Loss: 0.251237
Train Epoch: 12 [4000/10000 (40%)]	Loss: 0.259196
Train Epoch: 12 [4800/10000 (48%)]	Loss: 0.272747
Train Epoch: 12 [5600/10000 (56%)]	Loss: 0.275630
Train Epoch: 12 [6400/10000 (64%)]	Loss: 0.278090
Train Epoch: 12 [7200/10000 (72%)]	Loss: 0.290609
Train Epoch: 12 [8000/10000 (80%)]	Loss: 0.267128
Train Epoch: 12 [8800/10000 (88%)]	Loss: 0.292833
Train Epoch: 12 [9600/10000 (96%)]	Loss: 0.264840
Audio Event Detection Segment-level F1: 60.4
Visual Event Detection Segment-level F1: 52.1
Audio-Visual Event Detection Segment-level F1: 48.5
Segment-levelType@Avg. F1: 53.6
Segment-level Event@Avg. F1: 54.9
Audio Event Detection Event-level F1: 50.8
Visual Event Detection Event-level F1: 46.5
Audio-Visual Event Detection Event-level F1: 41.7
Event-level Type@Avg. F1: 46.3
Event-level Event@Avg. F1: 47.2
Train Epoch: 13 [0/10000 (0%)]	Loss: 0.273718
Train Epoch: 13 [800/10000 (8%)]	Loss: 0.267035
Train Epoch: 13 [1600/10000 (16%)]	Loss: 0.249943
Train Epoch: 13 [2400/10000 (24%)]	Loss: 0.304341
Train Epoch: 13 [3200/10000 (32%)]	Loss: 0.311381
Train Epoch: 13 [4000/10000 (40%)]	Loss: 0.247088
Train Epoch: 13 [4800/10000 (48%)]	Loss: 0.257737
Train Epoch: 13 [5600/10000 (56%)]	Loss: 0.274548
Train Epoch: 13 [6400/10000 (64%)]	Loss: 0.241216
Train Epoch: 13 [7200/10000 (72%)]	Loss: 0.248758
Train Epoch: 13 [8000/10000 (80%)]	Loss: 0.249437
Train Epoch: 13 [8800/10000 (88%)]	Loss: 0.312733
Train Epoch: 13 [9600/10000 (96%)]	Loss: 0.292479
Audio Event Detection Segment-level F1: 60.5
Visual Event Detection Segment-level F1: 53.0
Audio-Visual Event Detection Segment-level F1: 49.0
Segment-levelType@Avg. F1: 54.2
Segment-level Event@Avg. F1: 55.5
Audio Event Detection Event-level F1: 50.9
Visual Event Detection Event-level F1: 47.3
Audio-Visual Event Detection Event-level F1: 41.7
Event-level Type@Avg. F1: 46.6
Event-level Event@Avg. F1: 47.4
Train Epoch: 14 [0/10000 (0%)]	Loss: 0.255969
Train Epoch: 14 [800/10000 (8%)]	Loss: 0.279124
Train Epoch: 14 [1600/10000 (16%)]	Loss: 0.294509
Train Epoch: 14 [2400/10000 (24%)]	Loss: 0.288122
Train Epoch: 14 [3200/10000 (32%)]	Loss: 0.323585
Train Epoch: 14 [4000/10000 (40%)]	Loss: 0.288577
Train Epoch: 14 [4800/10000 (48%)]	Loss: 0.265399
Train Epoch: 14 [5600/10000 (56%)]	Loss: 0.283261
Train Epoch: 14 [6400/10000 (64%)]	Loss: 0.292760
Train Epoch: 14 [7200/10000 (72%)]	Loss: 0.323555
Train Epoch: 14 [8000/10000 (80%)]	Loss: 0.258552
Train Epoch: 14 [8800/10000 (88%)]	Loss: 0.280241
Train Epoch: 14 [9600/10000 (96%)]	Loss: 0.335388
Audio Event Detection Segment-level F1: 60.7
Visual Event Detection Segment-level F1: 52.2
Audio-Visual Event Detection Segment-level F1: 48.5
Segment-levelType@Avg. F1: 53.8
Segment-level Event@Avg. F1: 55.2
Audio Event Detection Event-level F1: 50.6
Visual Event Detection Event-level F1: 46.4
Audio-Visual Event Detection Event-level F1: 41.0
Event-level Type@Avg. F1: 46.0
Event-level Event@Avg. F1: 46.9
Train Epoch: 15 [0/10000 (0%)]	Loss: 0.279890
Train Epoch: 15 [800/10000 (8%)]	Loss: 0.278040
Train Epoch: 15 [1600/10000 (16%)]	Loss: 0.257026
Train Epoch: 15 [2400/10000 (24%)]	Loss: 0.265098
Train Epoch: 15 [3200/10000 (32%)]	Loss: 0.262473
Train Epoch: 15 [4000/10000 (40%)]	Loss: 0.297051
Train Epoch: 15 [4800/10000 (48%)]	Loss: 0.302911
Train Epoch: 15 [5600/10000 (56%)]	Loss: 0.256216
Train Epoch: 15 [6400/10000 (64%)]	Loss: 0.274837
Train Epoch: 15 [7200/10000 (72%)]	Loss: 0.272296
Train Epoch: 15 [8000/10000 (80%)]	Loss: 0.246547
Train Epoch: 15 [8800/10000 (88%)]	Loss: 0.292632
Train Epoch: 15 [9600/10000 (96%)]	Loss: 0.246210
Audio Event Detection Segment-level F1: 61.6
Visual Event Detection Segment-level F1: 52.3
Audio-Visual Event Detection Segment-level F1: 48.5
Segment-levelType@Avg. F1: 54.1
Segment-level Event@Avg. F1: 56.0
Audio Event Detection Event-level F1: 51.9
Visual Event Detection Event-level F1: 45.9
Audio-Visual Event Detection Event-level F1: 41.6
Event-level Type@Avg. F1: 46.4
Event-level Event@Avg. F1: 47.8
Train Epoch: 16 [0/10000 (0%)]	Loss: 0.268308
Train Epoch: 16 [800/10000 (8%)]	Loss: 0.247868
Train Epoch: 16 [1600/10000 (16%)]	Loss: 0.280290
Train Epoch: 16 [2400/10000 (24%)]	Loss: 0.264324
Train Epoch: 16 [3200/10000 (32%)]	Loss: 0.290321
Train Epoch: 16 [4000/10000 (40%)]	Loss: 0.240003
Train Epoch: 16 [4800/10000 (48%)]	Loss: 0.253107
Train Epoch: 16 [5600/10000 (56%)]	Loss: 0.291391
Train Epoch: 16 [6400/10000 (64%)]	Loss: 0.332762
Train Epoch: 16 [7200/10000 (72%)]	Loss: 0.296914
Train Epoch: 16 [8000/10000 (80%)]	Loss: 0.310231
Train Epoch: 16 [8800/10000 (88%)]	Loss: 0.240399
Train Epoch: 16 [9600/10000 (96%)]	Loss: 0.271607
Audio Event Detection Segment-level F1: 60.3
Visual Event Detection Segment-level F1: 52.1
Audio-Visual Event Detection Segment-level F1: 48.0
Segment-levelType@Avg. F1: 53.5
Segment-level Event@Avg. F1: 55.0
Audio Event Detection Event-level F1: 50.0
Visual Event Detection Event-level F1: 45.6
Audio-Visual Event Detection Event-level F1: 40.4
Event-level Type@Avg. F1: 45.3
Event-level Event@Avg. F1: 46.3
Train Epoch: 17 [0/10000 (0%)]	Loss: 0.277618
Train Epoch: 17 [800/10000 (8%)]	Loss: 0.278019
Train Epoch: 17 [1600/10000 (16%)]	Loss: 0.268799
Train Epoch: 17 [2400/10000 (24%)]	Loss: 0.254775
Train Epoch: 17 [3200/10000 (32%)]	Loss: 0.282187
Train Epoch: 17 [4000/10000 (40%)]	Loss: 0.264770
Train Epoch: 17 [4800/10000 (48%)]	Loss: 0.360157
Train Epoch: 17 [5600/10000 (56%)]	Loss: 0.300829
Train Epoch: 17 [6400/10000 (64%)]	Loss: 0.275503
Train Epoch: 17 [7200/10000 (72%)]	Loss: 0.259429
Train Epoch: 17 [8000/10000 (80%)]	Loss: 0.330774
Train Epoch: 17 [8800/10000 (88%)]	Loss: 0.237306
Train Epoch: 17 [9600/10000 (96%)]	Loss: 0.254370
Audio Event Detection Segment-level F1: 60.8
Visual Event Detection Segment-level F1: 52.0
Audio-Visual Event Detection Segment-level F1: 48.1
Segment-levelType@Avg. F1: 53.6
Segment-level Event@Avg. F1: 55.4
Audio Event Detection Event-level F1: 51.0
Visual Event Detection Event-level F1: 45.9
Audio-Visual Event Detection Event-level F1: 41.0
Event-level Type@Avg. F1: 45.9
Event-level Event@Avg. F1: 47.2
Train Epoch: 18 [0/10000 (0%)]	Loss: 0.305655
Train Epoch: 18 [800/10000 (8%)]	Loss: 0.292411
Train Epoch: 18 [1600/10000 (16%)]	Loss: 0.255593
Train Epoch: 18 [2400/10000 (24%)]	Loss: 0.321208
Train Epoch: 18 [3200/10000 (32%)]	Loss: 0.256289
Train Epoch: 18 [4000/10000 (40%)]	Loss: 0.272341
Train Epoch: 18 [4800/10000 (48%)]	Loss: 0.255561
Train Epoch: 18 [5600/10000 (56%)]	Loss: 0.255375
Train Epoch: 18 [6400/10000 (64%)]	Loss: 0.342259
Train Epoch: 18 [7200/10000 (72%)]	Loss: 0.282415
Train Epoch: 18 [8000/10000 (80%)]	Loss: 0.269698
Train Epoch: 18 [8800/10000 (88%)]	Loss: 0.256649
Train Epoch: 18 [9600/10000 (96%)]	Loss: 0.387648
Audio Event Detection Segment-level F1: 60.8
Visual Event Detection Segment-level F1: 52.2
Audio-Visual Event Detection Segment-level F1: 48.5
Segment-levelType@Avg. F1: 53.8
Segment-level Event@Avg. F1: 55.4
Audio Event Detection Event-level F1: 51.1
Visual Event Detection Event-level F1: 46.0
Audio-Visual Event Detection Event-level F1: 41.3
Event-level Type@Avg. F1: 46.1
Event-level Event@Avg. F1: 47.4
Train Epoch: 19 [0/10000 (0%)]	Loss: 0.255054
Train Epoch: 19 [800/10000 (8%)]	Loss: 0.290183
Train Epoch: 19 [1600/10000 (16%)]	Loss: 0.255488
Train Epoch: 19 [2400/10000 (24%)]	Loss: 0.270504
Train Epoch: 19 [3200/10000 (32%)]	Loss: 0.278793
Train Epoch: 19 [4000/10000 (40%)]	Loss: 0.286118
Train Epoch: 19 [4800/10000 (48%)]	Loss: 0.275043
Train Epoch: 19 [5600/10000 (56%)]	Loss: 0.248511
Train Epoch: 19 [6400/10000 (64%)]	Loss: 0.250670
Train Epoch: 19 [7200/10000 (72%)]	Loss: 0.280757
Train Epoch: 19 [8000/10000 (80%)]	Loss: 0.279609
Train Epoch: 19 [8800/10000 (88%)]	Loss: 0.224564
Train Epoch: 19 [9600/10000 (96%)]	Loss: 0.260556
Audio Event Detection Segment-level F1: 60.3
Visual Event Detection Segment-level F1: 51.5
Audio-Visual Event Detection Segment-level F1: 47.5
Segment-levelType@Avg. F1: 53.1
Segment-level Event@Avg. F1: 54.9
Audio Event Detection Event-level F1: 50.5
Visual Event Detection Event-level F1: 45.6
Audio-Visual Event Detection Event-level F1: 39.8
Event-level Type@Avg. F1: 45.3
Event-level Event@Avg. F1: 46.9
Train Epoch: 20 [0/10000 (0%)]	Loss: 0.305831
Train Epoch: 20 [800/10000 (8%)]	Loss: 0.263521
Train Epoch: 20 [1600/10000 (16%)]	Loss: 0.249516
Train Epoch: 20 [2400/10000 (24%)]	Loss: 0.257934
Train Epoch: 20 [3200/10000 (32%)]	Loss: 0.249123
Train Epoch: 20 [4000/10000 (40%)]	Loss: 0.255339
Train Epoch: 20 [4800/10000 (48%)]	Loss: 0.283854
Train Epoch: 20 [5600/10000 (56%)]	Loss: 0.291680
Train Epoch: 20 [6400/10000 (64%)]	Loss: 0.272120
Train Epoch: 20 [7200/10000 (72%)]	Loss: 0.267613
Train Epoch: 20 [8000/10000 (80%)]	Loss: 0.265871
Train Epoch: 20 [8800/10000 (88%)]	Loss: 0.290501
Train Epoch: 20 [9600/10000 (96%)]	Loss: 0.292361
Audio Event Detection Segment-level F1: 60.7
Visual Event Detection Segment-level F1: 52.1
Audio-Visual Event Detection Segment-level F1: 48.4
Segment-levelType@Avg. F1: 53.7
Segment-level Event@Avg. F1: 55.2
Audio Event Detection Event-level F1: 50.8
Visual Event Detection Event-level F1: 46.0
Audio-Visual Event Detection Event-level F1: 40.7
Event-level Type@Avg. F1: 45.8
Event-level Event@Avg. F1: 46.9
Train Epoch: 21 [0/10000 (0%)]	Loss: 0.339778
Train Epoch: 21 [800/10000 (8%)]	Loss: 0.240659
Train Epoch: 21 [1600/10000 (16%)]	Loss: 0.271469
Train Epoch: 21 [2400/10000 (24%)]	Loss: 0.260914
Train Epoch: 21 [3200/10000 (32%)]	Loss: 0.347992
Train Epoch: 21 [4000/10000 (40%)]	Loss: 0.241133
Train Epoch: 21 [4800/10000 (48%)]	Loss: 0.276831
Train Epoch: 21 [5600/10000 (56%)]	Loss: 0.294772
Train Epoch: 21 [6400/10000 (64%)]	Loss: 0.236429
Train Epoch: 21 [7200/10000 (72%)]	Loss: 0.265112
Train Epoch: 21 [8000/10000 (80%)]	Loss: 0.255887
Train Epoch: 21 [8800/10000 (88%)]	Loss: 0.232124
Train Epoch: 21 [9600/10000 (96%)]	Loss: 0.255964
Audio Event Detection Segment-level F1: 60.5
Visual Event Detection Segment-level F1: 52.0
Audio-Visual Event Detection Segment-level F1: 48.0
Segment-levelType@Avg. F1: 53.5
Segment-level Event@Avg. F1: 55.0
Audio Event Detection Event-level F1: 50.7
Visual Event Detection Event-level F1: 46.0
Audio-Visual Event Detection Event-level F1: 40.7
Event-level Type@Avg. F1: 45.8
Event-level Event@Avg. F1: 46.9
Train Epoch: 22 [0/10000 (0%)]	Loss: 0.249664
Train Epoch: 22 [800/10000 (8%)]	Loss: 0.231252
Train Epoch: 22 [1600/10000 (16%)]	Loss: 0.252213
Train Epoch: 22 [2400/10000 (24%)]	Loss: 0.257986
Train Epoch: 22 [3200/10000 (32%)]	Loss: 0.259953
Train Epoch: 22 [4000/10000 (40%)]	Loss: 0.271048
Train Epoch: 22 [4800/10000 (48%)]	Loss: 0.275212
Train Epoch: 22 [5600/10000 (56%)]	Loss: 0.300501
Train Epoch: 22 [6400/10000 (64%)]	Loss: 0.257703
Train Epoch: 22 [7200/10000 (72%)]	Loss: 0.265785
Train Epoch: 22 [8000/10000 (80%)]	Loss: 0.267825
Train Epoch: 22 [8800/10000 (88%)]	Loss: 0.266381
Train Epoch: 22 [9600/10000 (96%)]	Loss: 0.243816
Audio Event Detection Segment-level F1: 60.4
Visual Event Detection Segment-level F1: 52.4
Audio-Visual Event Detection Segment-level F1: 48.3
Segment-levelType@Avg. F1: 53.7
Segment-level Event@Avg. F1: 55.0
Audio Event Detection Event-level F1: 50.8
Visual Event Detection Event-level F1: 46.4
Audio-Visual Event Detection Event-level F1: 40.9
Event-level Type@Avg. F1: 46.0
Event-level Event@Avg. F1: 47.2
Train Epoch: 23 [0/10000 (0%)]	Loss: 0.255533
Train Epoch: 23 [800/10000 (8%)]	Loss: 0.269571
Train Epoch: 23 [1600/10000 (16%)]	Loss: 0.293576
Train Epoch: 23 [2400/10000 (24%)]	Loss: 0.260092
Train Epoch: 23 [3200/10000 (32%)]	Loss: 0.269780
Train Epoch: 23 [4000/10000 (40%)]	Loss: 0.252820
Train Epoch: 23 [4800/10000 (48%)]	Loss: 0.257583
Train Epoch: 23 [5600/10000 (56%)]	Loss: 0.232452
Train Epoch: 23 [6400/10000 (64%)]	Loss: 0.297678
Train Epoch: 23 [7200/10000 (72%)]	Loss: 0.258367
Train Epoch: 23 [8000/10000 (80%)]	Loss: 0.245542
Train Epoch: 23 [8800/10000 (88%)]	Loss: 0.262755
Train Epoch: 23 [9600/10000 (96%)]	Loss: 0.255501
Audio Event Detection Segment-level F1: 60.5
Visual Event Detection Segment-level F1: 52.4
Audio-Visual Event Detection Segment-level F1: 48.3
Segment-levelType@Avg. F1: 53.7
Segment-level Event@Avg. F1: 55.1
Audio Event Detection Event-level F1: 50.7
Visual Event Detection Event-level F1: 46.2
Audio-Visual Event Detection Event-level F1: 40.7
Event-level Type@Avg. F1: 45.9
Event-level Event@Avg. F1: 47.0
Train Epoch: 24 [0/10000 (0%)]	Loss: 0.296476
Train Epoch: 24 [800/10000 (8%)]	Loss: 0.309373
Train Epoch: 24 [1600/10000 (16%)]	Loss: 0.246926
Train Epoch: 24 [2400/10000 (24%)]	Loss: 0.238393
Train Epoch: 24 [3200/10000 (32%)]	Loss: 0.242071
Train Epoch: 24 [4000/10000 (40%)]	Loss: 0.244952
Train Epoch: 24 [4800/10000 (48%)]	Loss: 0.286008
Train Epoch: 24 [5600/10000 (56%)]	Loss: 0.258260
Train Epoch: 24 [6400/10000 (64%)]	Loss: 0.256127
Train Epoch: 24 [7200/10000 (72%)]	Loss: 0.237390
Train Epoch: 24 [8000/10000 (80%)]	Loss: 0.264413
Train Epoch: 24 [8800/10000 (88%)]	Loss: 0.247173
Train Epoch: 24 [9600/10000 (96%)]	Loss: 0.277359
Audio Event Detection Segment-level F1: 60.4
Visual Event Detection Segment-level F1: 51.8
Audio-Visual Event Detection Segment-level F1: 48.0
Segment-levelType@Avg. F1: 53.4
Segment-level Event@Avg. F1: 55.0
Audio Event Detection Event-level F1: 50.5
Visual Event Detection Event-level F1: 46.0
Audio-Visual Event Detection Event-level F1: 40.6
Event-level Type@Avg. F1: 45.7
Event-level Event@Avg. F1: 46.9
Train Epoch: 25 [0/10000 (0%)]	Loss: 0.283664
Train Epoch: 25 [800/10000 (8%)]	Loss: 0.231416
Train Epoch: 25 [1600/10000 (16%)]	Loss: 0.245281
Train Epoch: 25 [2400/10000 (24%)]	Loss: 0.263788
Train Epoch: 25 [3200/10000 (32%)]	Loss: 0.333751
Train Epoch: 25 [4000/10000 (40%)]	Loss: 0.268102
Train Epoch: 25 [4800/10000 (48%)]	Loss: 0.250079
Train Epoch: 25 [5600/10000 (56%)]	Loss: 0.255764
Train Epoch: 25 [6400/10000 (64%)]	Loss: 0.256423
Train Epoch: 25 [7200/10000 (72%)]	Loss: 0.257914
Train Epoch: 25 [8000/10000 (80%)]	Loss: 0.267086
Train Epoch: 25 [8800/10000 (88%)]	Loss: 0.268981
Train Epoch: 25 [9600/10000 (96%)]	Loss: 0.322847
Audio Event Detection Segment-level F1: 60.5
Visual Event Detection Segment-level F1: 51.7
Audio-Visual Event Detection Segment-level F1: 47.8
Segment-levelType@Avg. F1: 53.4
Segment-level Event@Avg. F1: 55.0
Audio Event Detection Event-level F1: 50.7
Visual Event Detection Event-level F1: 45.9
Audio-Visual Event Detection Event-level F1: 40.3
Event-level Type@Avg. F1: 45.6
Event-level Event@Avg. F1: 47.0
Train Epoch: 26 [0/10000 (0%)]	Loss: 0.265079
Train Epoch: 26 [800/10000 (8%)]	Loss: 0.243591
Train Epoch: 26 [1600/10000 (16%)]	Loss: 0.250075
Train Epoch: 26 [2400/10000 (24%)]	Loss: 0.294228
Train Epoch: 26 [3200/10000 (32%)]	Loss: 0.279662
Train Epoch: 26 [4000/10000 (40%)]	Loss: 0.259268
Train Epoch: 26 [4800/10000 (48%)]	Loss: 0.240663
Train Epoch: 26 [5600/10000 (56%)]	Loss: 0.234514
Train Epoch: 26 [6400/10000 (64%)]	Loss: 0.269752
Train Epoch: 26 [7200/10000 (72%)]	Loss: 0.249232
Train Epoch: 26 [8000/10000 (80%)]	Loss: 0.250590
Train Epoch: 26 [8800/10000 (88%)]	Loss: 0.317805
Train Epoch: 26 [9600/10000 (96%)]	Loss: 0.266256
Audio Event Detection Segment-level F1: 60.3
Visual Event Detection Segment-level F1: 52.4
Audio-Visual Event Detection Segment-level F1: 48.3
Segment-levelType@Avg. F1: 53.6
Segment-level Event@Avg. F1: 54.9
Audio Event Detection Event-level F1: 50.8
Visual Event Detection Event-level F1: 46.3
Audio-Visual Event Detection Event-level F1: 40.8
Event-level Type@Avg. F1: 45.9
Event-level Event@Avg. F1: 47.0
Train Epoch: 27 [0/10000 (0%)]	Loss: 0.258128
Train Epoch: 27 [800/10000 (8%)]	Loss: 0.281927
Train Epoch: 27 [1600/10000 (16%)]	Loss: 0.255774
Train Epoch: 27 [2400/10000 (24%)]	Loss: 0.240153
Train Epoch: 27 [3200/10000 (32%)]	Loss: 0.244023
Train Epoch: 27 [4000/10000 (40%)]	Loss: 0.285787
Train Epoch: 27 [4800/10000 (48%)]	Loss: 0.278213
Train Epoch: 27 [5600/10000 (56%)]	Loss: 0.256327
Train Epoch: 27 [6400/10000 (64%)]	Loss: 0.228317
Train Epoch: 27 [7200/10000 (72%)]	Loss: 0.261815
Train Epoch: 27 [8000/10000 (80%)]	Loss: 0.256083
Train Epoch: 27 [8800/10000 (88%)]	Loss: 0.229631
Train Epoch: 27 [9600/10000 (96%)]	Loss: 0.315462
Audio Event Detection Segment-level F1: 60.6
Visual Event Detection Segment-level F1: 52.1
Audio-Visual Event Detection Segment-level F1: 48.1
Segment-levelType@Avg. F1: 53.6
Segment-level Event@Avg. F1: 55.1
Audio Event Detection Event-level F1: 50.8
Visual Event Detection Event-level F1: 46.1
Audio-Visual Event Detection Event-level F1: 40.9
Event-level Type@Avg. F1: 45.9
Event-level Event@Avg. F1: 47.0
Train Epoch: 28 [0/10000 (0%)]	Loss: 0.228233
Train Epoch: 28 [800/10000 (8%)]	Loss: 0.318162
Train Epoch: 28 [1600/10000 (16%)]	Loss: 0.242494
Train Epoch: 28 [2400/10000 (24%)]	Loss: 0.259234
Train Epoch: 28 [3200/10000 (32%)]	Loss: 0.255357
Train Epoch: 28 [4000/10000 (40%)]	Loss: 0.255986
Train Epoch: 28 [4800/10000 (48%)]	Loss: 0.272556
Train Epoch: 28 [5600/10000 (56%)]	Loss: 0.245611
Train Epoch: 28 [6400/10000 (64%)]	Loss: 0.255822
Train Epoch: 28 [7200/10000 (72%)]	Loss: 0.277648
Train Epoch: 28 [8000/10000 (80%)]	Loss: 0.256514
Train Epoch: 28 [8800/10000 (88%)]	Loss: 0.262714
Train Epoch: 28 [9600/10000 (96%)]	Loss: 0.264100
Audio Event Detection Segment-level F1: 60.4
Visual Event Detection Segment-level F1: 52.3
Audio-Visual Event Detection Segment-level F1: 48.3
Segment-levelType@Avg. F1: 53.7
Segment-level Event@Avg. F1: 55.1
Audio Event Detection Event-level F1: 50.6
Visual Event Detection Event-level F1: 46.3
Audio-Visual Event Detection Event-level F1: 40.8
Event-level Type@Avg. F1: 45.9
Event-level Event@Avg. F1: 46.9
Train Epoch: 29 [0/10000 (0%)]	Loss: 0.260276
Train Epoch: 29 [800/10000 (8%)]	Loss: 0.246079
Train Epoch: 29 [1600/10000 (16%)]	Loss: 0.258150
Train Epoch: 29 [2400/10000 (24%)]	Loss: 0.268053
Train Epoch: 29 [3200/10000 (32%)]	Loss: 0.269890
Train Epoch: 29 [4000/10000 (40%)]	Loss: 0.302864
Train Epoch: 29 [4800/10000 (48%)]	Loss: 0.292474
Train Epoch: 29 [5600/10000 (56%)]	Loss: 0.316397
Train Epoch: 29 [6400/10000 (64%)]	Loss: 0.278170
Train Epoch: 29 [7200/10000 (72%)]	Loss: 0.250962
Train Epoch: 29 [8000/10000 (80%)]	Loss: 0.283001
Train Epoch: 29 [8800/10000 (88%)]	Loss: 0.277657
Train Epoch: 29 [9600/10000 (96%)]	Loss: 0.289739
Audio Event Detection Segment-level F1: 60.4
Visual Event Detection Segment-level F1: 52.5
Audio-Visual Event Detection Segment-level F1: 48.3
Segment-levelType@Avg. F1: 53.7
Segment-level Event@Avg. F1: 55.0
Audio Event Detection Event-level F1: 50.7
Visual Event Detection Event-level F1: 46.1
Audio-Visual Event Detection Event-level F1: 40.6
Event-level Type@Avg. F1: 45.8
Event-level Event@Avg. F1: 46.8
Train Epoch: 30 [0/10000 (0%)]	Loss: 0.316512
Train Epoch: 30 [800/10000 (8%)]	Loss: 0.246565
Train Epoch: 30 [1600/10000 (16%)]	Loss: 0.238097
Train Epoch: 30 [2400/10000 (24%)]	Loss: 0.239258
Train Epoch: 30 [3200/10000 (32%)]	Loss: 0.297945
Train Epoch: 30 [4000/10000 (40%)]	Loss: 0.239060
Train Epoch: 30 [4800/10000 (48%)]	Loss: 0.253756
Train Epoch: 30 [5600/10000 (56%)]	Loss: 0.312901
Train Epoch: 30 [6400/10000 (64%)]	Loss: 0.246906
Train Epoch: 30 [7200/10000 (72%)]	Loss: 0.274402
Train Epoch: 30 [8000/10000 (80%)]	Loss: 0.266658
Train Epoch: 30 [8800/10000 (88%)]	Loss: 0.248836
Train Epoch: 30 [9600/10000 (96%)]	Loss: 0.264747
Audio Event Detection Segment-level F1: 60.4
Visual Event Detection Segment-level F1: 52.2
Audio-Visual Event Detection Segment-level F1: 48.0
Segment-levelType@Avg. F1: 53.5
Segment-level Event@Avg. F1: 55.0
Audio Event Detection Event-level F1: 50.6
Visual Event Detection Event-level F1: 46.1
Audio-Visual Event Detection Event-level F1: 40.5
Event-level Type@Avg. F1: 45.7
Event-level Event@Avg. F1: 46.9
Train Epoch: 31 [0/10000 (0%)]	Loss: 0.221654
Train Epoch: 31 [800/10000 (8%)]	Loss: 0.271163
Train Epoch: 31 [1600/10000 (16%)]	Loss: 0.251266
Train Epoch: 31 [2400/10000 (24%)]	Loss: 0.278719
Train Epoch: 31 [3200/10000 (32%)]	Loss: 0.265443
Train Epoch: 31 [4000/10000 (40%)]	Loss: 0.263456
Train Epoch: 31 [4800/10000 (48%)]	Loss: 0.239279
Train Epoch: 31 [5600/10000 (56%)]	Loss: 0.246159
Train Epoch: 31 [6400/10000 (64%)]	Loss: 0.269073
Train Epoch: 31 [7200/10000 (72%)]	Loss: 0.282857
Train Epoch: 31 [8000/10000 (80%)]	Loss: 0.261514
Train Epoch: 31 [8800/10000 (88%)]	Loss: 0.254337
Train Epoch: 31 [9600/10000 (96%)]	Loss: 0.267570
Audio Event Detection Segment-level F1: 60.5
Visual Event Detection Segment-level F1: 52.3
Audio-Visual Event Detection Segment-level F1: 48.1
Segment-levelType@Avg. F1: 53.6
Segment-level Event@Avg. F1: 55.1
Audio Event Detection Event-level F1: 50.5
Visual Event Detection Event-level F1: 46.2
Audio-Visual Event Detection Event-level F1: 40.6
Event-level Type@Avg. F1: 45.8
Event-level Event@Avg. F1: 46.8
Train Epoch: 32 [0/10000 (0%)]	Loss: 0.273460
Train Epoch: 32 [800/10000 (8%)]	Loss: 0.265336
Train Epoch: 32 [1600/10000 (16%)]	Loss: 0.255147
Train Epoch: 32 [2400/10000 (24%)]	Loss: 0.246276
Train Epoch: 32 [3200/10000 (32%)]	Loss: 0.271994
Train Epoch: 32 [4000/10000 (40%)]	Loss: 0.269530
Train Epoch: 32 [4800/10000 (48%)]	Loss: 0.266141
Train Epoch: 32 [5600/10000 (56%)]	Loss: 0.266010
Train Epoch: 32 [6400/10000 (64%)]	Loss: 0.265185
Train Epoch: 32 [7200/10000 (72%)]	Loss: 0.242094
Train Epoch: 32 [8000/10000 (80%)]	Loss: 0.276916
Train Epoch: 32 [8800/10000 (88%)]	Loss: 0.252992
Train Epoch: 32 [9600/10000 (96%)]	Loss: 0.254624
Audio Event Detection Segment-level F1: 60.5
Visual Event Detection Segment-level F1: 52.3
Audio-Visual Event Detection Segment-level F1: 48.1
Segment-levelType@Avg. F1: 53.6
Segment-level Event@Avg. F1: 55.1
Audio Event Detection Event-level F1: 50.5
Visual Event Detection Event-level F1: 46.2
Audio-Visual Event Detection Event-level F1: 40.6
Event-level Type@Avg. F1: 45.8
Event-level Event@Avg. F1: 46.8
Train Epoch: 33 [0/10000 (0%)]	Loss: 0.270844
Train Epoch: 33 [800/10000 (8%)]	Loss: 0.245085
Train Epoch: 33 [1600/10000 (16%)]	Loss: 0.267326
Train Epoch: 33 [2400/10000 (24%)]	Loss: 0.273384
Train Epoch: 33 [3200/10000 (32%)]	Loss: 0.272091
Train Epoch: 33 [4000/10000 (40%)]	Loss: 0.245092
Train Epoch: 33 [4800/10000 (48%)]	Loss: 0.256630
Train Epoch: 33 [5600/10000 (56%)]	Loss: 0.283021
Train Epoch: 33 [6400/10000 (64%)]	Loss: 0.266336
Train Epoch: 33 [7200/10000 (72%)]	Loss: 0.237310
Train Epoch: 33 [8000/10000 (80%)]	Loss: 0.272397
Train Epoch: 33 [8800/10000 (88%)]	Loss: 0.300101
Train Epoch: 33 [9600/10000 (96%)]	Loss: 0.243219
Audio Event Detection Segment-level F1: 60.5
Visual Event Detection Segment-level F1: 52.3
Audio-Visual Event Detection Segment-level F1: 48.1
Segment-levelType@Avg. F1: 53.6
Segment-level Event@Avg. F1: 55.1
Audio Event Detection Event-level F1: 50.6
Visual Event Detection Event-level F1: 46.2
Audio-Visual Event Detection Event-level F1: 40.7
Event-level Type@Avg. F1: 45.9
Event-level Event@Avg. F1: 46.9
Train Epoch: 34 [0/10000 (0%)]	Loss: 0.245190
Train Epoch: 34 [800/10000 (8%)]	Loss: 0.263954
Train Epoch: 34 [1600/10000 (16%)]	Loss: 0.235591
Train Epoch: 34 [2400/10000 (24%)]	Loss: 0.259790
Train Epoch: 34 [3200/10000 (32%)]	Loss: 0.265559
Train Epoch: 34 [4000/10000 (40%)]	Loss: 0.252944
Train Epoch: 34 [4800/10000 (48%)]	Loss: 0.234261
Train Epoch: 34 [5600/10000 (56%)]	Loss: 0.258148
Train Epoch: 34 [6400/10000 (64%)]	Loss: 0.231542
Train Epoch: 34 [7200/10000 (72%)]	Loss: 0.242198
Train Epoch: 34 [8000/10000 (80%)]	Loss: 0.269645
Train Epoch: 34 [8800/10000 (88%)]	Loss: 0.265711
Train Epoch: 34 [9600/10000 (96%)]	Loss: 0.264757
Audio Event Detection Segment-level F1: 60.5
Visual Event Detection Segment-level F1: 52.3
Audio-Visual Event Detection Segment-level F1: 48.1
Segment-levelType@Avg. F1: 53.6
Segment-level Event@Avg. F1: 55.1
Audio Event Detection Event-level F1: 50.6
Visual Event Detection Event-level F1: 46.2
Audio-Visual Event Detection Event-level F1: 40.6
Event-level Type@Avg. F1: 45.8
Event-level Event@Avg. F1: 46.9
Train Epoch: 35 [0/10000 (0%)]	Loss: 0.322774
Train Epoch: 35 [800/10000 (8%)]	Loss: 0.259331
Train Epoch: 35 [1600/10000 (16%)]	Loss: 0.244364
Train Epoch: 35 [2400/10000 (24%)]	Loss: 0.269892
Train Epoch: 35 [3200/10000 (32%)]	Loss: 0.270782
Train Epoch: 35 [4000/10000 (40%)]	Loss: 0.251252
Train Epoch: 35 [4800/10000 (48%)]	Loss: 0.286431
Train Epoch: 35 [5600/10000 (56%)]	Loss: 0.242672
Train Epoch: 35 [6400/10000 (64%)]	Loss: 0.236631
Train Epoch: 35 [7200/10000 (72%)]	Loss: 0.235368
Train Epoch: 35 [8000/10000 (80%)]	Loss: 0.235359
Train Epoch: 35 [8800/10000 (88%)]	Loss: 0.254915
Train Epoch: 35 [9600/10000 (96%)]	Loss: 0.252563
Audio Event Detection Segment-level F1: 60.5
Visual Event Detection Segment-level F1: 52.3
Audio-Visual Event Detection Segment-level F1: 48.1
Segment-levelType@Avg. F1: 53.6
Segment-level Event@Avg. F1: 55.1
Audio Event Detection Event-level F1: 50.6
Visual Event Detection Event-level F1: 46.1
Audio-Visual Event Detection Event-level F1: 40.6
Event-level Type@Avg. F1: 45.8
Event-level Event@Avg. F1: 46.9
Train Epoch: 36 [0/10000 (0%)]	Loss: 0.246933
Train Epoch: 36 [800/10000 (8%)]	Loss: 0.232757
Train Epoch: 36 [1600/10000 (16%)]	Loss: 0.240530
Train Epoch: 36 [2400/10000 (24%)]	Loss: 0.256422
Train Epoch: 36 [3200/10000 (32%)]	Loss: 0.252092
Train Epoch: 36 [4000/10000 (40%)]	Loss: 0.305462
Train Epoch: 36 [4800/10000 (48%)]	Loss: 0.246819
Train Epoch: 36 [5600/10000 (56%)]	Loss: 0.284897
Train Epoch: 36 [6400/10000 (64%)]	Loss: 0.232921
Train Epoch: 36 [7200/10000 (72%)]	Loss: 0.291101
Train Epoch: 36 [8000/10000 (80%)]	Loss: 0.238807
Train Epoch: 36 [8800/10000 (88%)]	Loss: 0.245087
Train Epoch: 36 [9600/10000 (96%)]	Loss: 0.234007
Audio Event Detection Segment-level F1: 60.5
Visual Event Detection Segment-level F1: 52.3
Audio-Visual Event Detection Segment-level F1: 48.1
Segment-levelType@Avg. F1: 53.6
Segment-level Event@Avg. F1: 55.1
Audio Event Detection Event-level F1: 50.7
Visual Event Detection Event-level F1: 46.1
Audio-Visual Event Detection Event-level F1: 40.7
Event-level Type@Avg. F1: 45.8
Event-level Event@Avg. F1: 46.9
Train Epoch: 37 [0/10000 (0%)]	Loss: 0.237483
Train Epoch: 37 [800/10000 (8%)]	Loss: 0.235534
Train Epoch: 37 [1600/10000 (16%)]	Loss: 0.229746
Train Epoch: 37 [2400/10000 (24%)]	Loss: 0.249585
Train Epoch: 37 [3200/10000 (32%)]	Loss: 0.257706
Train Epoch: 37 [4000/10000 (40%)]	Loss: 0.268487
Train Epoch: 37 [4800/10000 (48%)]	Loss: 0.259794
Train Epoch: 37 [5600/10000 (56%)]	Loss: 0.249678
Train Epoch: 37 [6400/10000 (64%)]	Loss: 0.238360
Train Epoch: 37 [7200/10000 (72%)]	Loss: 0.255524
Train Epoch: 37 [8000/10000 (80%)]	Loss: 0.257486
Train Epoch: 37 [8800/10000 (88%)]	Loss: 0.260337
Train Epoch: 37 [9600/10000 (96%)]	Loss: 0.246525
Audio Event Detection Segment-level F1: 60.6
Visual Event Detection Segment-level F1: 52.3
Audio-Visual Event Detection Segment-level F1: 48.0
Segment-levelType@Avg. F1: 53.6
Segment-level Event@Avg. F1: 55.1
Audio Event Detection Event-level F1: 50.7
Visual Event Detection Event-level F1: 46.1
Audio-Visual Event Detection Event-level F1: 40.7
Event-level Type@Avg. F1: 45.8
Event-level Event@Avg. F1: 47.0
Train Epoch: 38 [0/10000 (0%)]	Loss: 0.235376
Train Epoch: 38 [800/10000 (8%)]	Loss: 0.274122
Train Epoch: 38 [1600/10000 (16%)]	Loss: 0.268103
Train Epoch: 38 [2400/10000 (24%)]	Loss: 0.274824
Train Epoch: 38 [3200/10000 (32%)]	Loss: 0.220064
Train Epoch: 38 [4000/10000 (40%)]	Loss: 0.226466
Train Epoch: 38 [4800/10000 (48%)]	Loss: 0.253972
Train Epoch: 38 [5600/10000 (56%)]	Loss: 0.240339
Train Epoch: 38 [6400/10000 (64%)]	Loss: 0.226329
Train Epoch: 38 [7200/10000 (72%)]	Loss: 0.226845
Train Epoch: 38 [8000/10000 (80%)]	Loss: 0.277611
Train Epoch: 38 [8800/10000 (88%)]	Loss: 0.254327
Train Epoch: 38 [9600/10000 (96%)]	Loss: 0.232397
Audio Event Detection Segment-level F1: 60.5
Visual Event Detection Segment-level F1: 52.2
Audio-Visual Event Detection Segment-level F1: 48.1
Segment-levelType@Avg. F1: 53.6
Segment-level Event@Avg. F1: 55.1
Audio Event Detection Event-level F1: 50.7
Visual Event Detection Event-level F1: 46.1
Audio-Visual Event Detection Event-level F1: 40.7
Event-level Type@Avg. F1: 45.8
Event-level Event@Avg. F1: 46.9
Train Epoch: 39 [0/10000 (0%)]	Loss: 0.243933
Train Epoch: 39 [800/10000 (8%)]	Loss: 0.258025
Train Epoch: 39 [1600/10000 (16%)]	Loss: 0.232084
Train Epoch: 39 [2400/10000 (24%)]	Loss: 0.246318
Train Epoch: 39 [3200/10000 (32%)]	Loss: 0.266298
Train Epoch: 39 [4000/10000 (40%)]	Loss: 0.275153
Train Epoch: 39 [4800/10000 (48%)]	Loss: 0.278080
Train Epoch: 39 [5600/10000 (56%)]	Loss: 0.262241
Train Epoch: 39 [6400/10000 (64%)]	Loss: 0.234633
Train Epoch: 39 [7200/10000 (72%)]	Loss: 0.238922
Train Epoch: 39 [8000/10000 (80%)]	Loss: 0.266514
Train Epoch: 39 [8800/10000 (88%)]	Loss: 0.273309
Train Epoch: 39 [9600/10000 (96%)]	Loss: 0.257044
Audio Event Detection Segment-level F1: 60.5
Visual Event Detection Segment-level F1: 52.3
Audio-Visual Event Detection Segment-level F1: 48.1
Segment-levelType@Avg. F1: 53.6
Segment-level Event@Avg. F1: 55.1
Audio Event Detection Event-level F1: 50.7
Visual Event Detection Event-level F1: 46.1
Audio-Visual Event Detection Event-level F1: 40.7
Event-level Type@Avg. F1: 45.8
Event-level Event@Avg. F1: 46.9
Train Epoch: 40 [0/10000 (0%)]	Loss: 0.257220
Train Epoch: 40 [800/10000 (8%)]	Loss: 0.248433
Train Epoch: 40 [1600/10000 (16%)]	Loss: 0.256071
Train Epoch: 40 [2400/10000 (24%)]	Loss: 0.250955
Train Epoch: 40 [3200/10000 (32%)]	Loss: 0.275079
Train Epoch: 40 [4000/10000 (40%)]	Loss: 0.246052
Train Epoch: 40 [4800/10000 (48%)]	Loss: 0.253756
Train Epoch: 40 [5600/10000 (56%)]	Loss: 0.273171
Train Epoch: 40 [6400/10000 (64%)]	Loss: 0.243670
Train Epoch: 40 [7200/10000 (72%)]	Loss: 0.269520
Train Epoch: 40 [8000/10000 (80%)]	Loss: 0.243929
Train Epoch: 40 [8800/10000 (88%)]	Loss: 0.252917
Train Epoch: 40 [9600/10000 (96%)]	Loss: 0.250557
Audio Event Detection Segment-level F1: 60.6
Visual Event Detection Segment-level F1: 52.3
Audio-Visual Event Detection Segment-level F1: 48.1
Segment-levelType@Avg. F1: 53.6
Segment-level Event@Avg. F1: 55.1
Audio Event Detection Event-level F1: 50.8
Visual Event Detection Event-level F1: 46.1
Audio-Visual Event Detection Event-level F1: 40.7
Event-level Type@Avg. F1: 45.9
Event-level Event@Avg. F1: 47.0
