111111111111
Train Epoch: 1 [0/10000 (0%)]	Loss: 2.151669
Train Epoch: 1 [800/10000 (8%)]	Loss: 0.667913
Train Epoch: 1 [1600/10000 (16%)]	Loss: 0.642430
Train Epoch: 1 [2400/10000 (24%)]	Loss: 0.481593
Train Epoch: 1 [3200/10000 (32%)]	Loss: 0.473433
Train Epoch: 1 [4000/10000 (40%)]	Loss: 0.438203
Train Epoch: 1 [4800/10000 (48%)]	Loss: 0.465317
Train Epoch: 1 [5600/10000 (56%)]	Loss: 0.382880
Train Epoch: 1 [6400/10000 (64%)]	Loss: 0.458173
Train Epoch: 1 [7200/10000 (72%)]	Loss: 0.384743
Train Epoch: 1 [8000/10000 (80%)]	Loss: 0.467604
Train Epoch: 1 [8800/10000 (88%)]	Loss: 0.426184
Train Epoch: 1 [9600/10000 (96%)]	Loss: 0.366436
Audio Event Detection Segment-level F1: 56.9
Visual Event Detection Segment-level F1: 51.9
Audio-Visual Event Detection Segment-level F1: 48.6
Segment-levelType@Avg. F1: 52.5
Segment-level Event@Avg. F1: 53.4
Audio Event Detection Event-level F1: 48.0
Visual Event Detection Event-level F1: 46.5
Audio-Visual Event Detection Event-level F1: 41.4
Event-level Type@Avg. F1: 45.3
Event-level Event@Avg. F1: 44.6
Train Epoch: 2 [0/10000 (0%)]	Loss: 0.372179
Train Epoch: 2 [800/10000 (8%)]	Loss: 0.374862
Train Epoch: 2 [1600/10000 (16%)]	Loss: 0.380324
Train Epoch: 2 [2400/10000 (24%)]	Loss: 0.345085
Train Epoch: 2 [3200/10000 (32%)]	Loss: 0.410838
Train Epoch: 2 [4000/10000 (40%)]	Loss: 0.342686
Train Epoch: 2 [4800/10000 (48%)]	Loss: 0.369180
Train Epoch: 2 [5600/10000 (56%)]	Loss: 0.421366
Train Epoch: 2 [6400/10000 (64%)]	Loss: 0.337630
Train Epoch: 2 [7200/10000 (72%)]	Loss: 0.322465
Train Epoch: 2 [8000/10000 (80%)]	Loss: 0.399139
Train Epoch: 2 [8800/10000 (88%)]	Loss: 0.389449
Train Epoch: 2 [9600/10000 (96%)]	Loss: 0.353728
Audio Event Detection Segment-level F1: 58.4
Visual Event Detection Segment-level F1: 53.1
Audio-Visual Event Detection Segment-level F1: 49.4
Segment-levelType@Avg. F1: 53.6
Segment-level Event@Avg. F1: 53.9
Audio Event Detection Event-level F1: 49.2
Visual Event Detection Event-level F1: 46.5
Audio-Visual Event Detection Event-level F1: 41.7
Event-level Type@Avg. F1: 45.8
Event-level Event@Avg. F1: 45.2
Train Epoch: 3 [0/10000 (0%)]	Loss: 0.344848
Train Epoch: 3 [800/10000 (8%)]	Loss: 0.387799
Train Epoch: 3 [1600/10000 (16%)]	Loss: 0.401004
Train Epoch: 3 [2400/10000 (24%)]	Loss: 0.384802
Train Epoch: 3 [3200/10000 (32%)]	Loss: 0.324907
Train Epoch: 3 [4000/10000 (40%)]	Loss: 0.421293
Train Epoch: 3 [4800/10000 (48%)]	Loss: 0.597677
Train Epoch: 3 [5600/10000 (56%)]	Loss: 0.443213
Train Epoch: 3 [6400/10000 (64%)]	Loss: 0.373864
Train Epoch: 3 [7200/10000 (72%)]	Loss: 0.424975
Train Epoch: 3 [8000/10000 (80%)]	Loss: 0.377140
Train Epoch: 3 [8800/10000 (88%)]	Loss: 0.425493
Train Epoch: 3 [9600/10000 (96%)]	Loss: 0.311858
Audio Event Detection Segment-level F1: 58.5
Visual Event Detection Segment-level F1: 48.5
Audio-Visual Event Detection Segment-level F1: 45.2
Segment-levelType@Avg. F1: 50.7
Segment-level Event@Avg. F1: 52.0
Audio Event Detection Event-level F1: 48.8
Visual Event Detection Event-level F1: 41.9
Audio-Visual Event Detection Event-level F1: 37.9
Event-level Type@Avg. F1: 42.8
Event-level Event@Avg. F1: 43.5
Train Epoch: 4 [0/10000 (0%)]	Loss: 0.442094
Train Epoch: 4 [800/10000 (8%)]	Loss: 0.395633
Train Epoch: 4 [1600/10000 (16%)]	Loss: 0.444204
Train Epoch: 4 [2400/10000 (24%)]	Loss: 0.328931
Train Epoch: 4 [3200/10000 (32%)]	Loss: 0.309850
Train Epoch: 4 [4000/10000 (40%)]	Loss: 0.342011
Train Epoch: 4 [4800/10000 (48%)]	Loss: 0.313392
Train Epoch: 4 [5600/10000 (56%)]	Loss: 0.338119
Train Epoch: 4 [6400/10000 (64%)]	Loss: 0.350836
Train Epoch: 4 [7200/10000 (72%)]	Loss: 0.315525
Train Epoch: 4 [8000/10000 (80%)]	Loss: 0.380512
Train Epoch: 4 [8800/10000 (88%)]	Loss: 0.325893
Train Epoch: 4 [9600/10000 (96%)]	Loss: 0.352712
Audio Event Detection Segment-level F1: 58.4
Visual Event Detection Segment-level F1: 52.9
Audio-Visual Event Detection Segment-level F1: 48.8
Segment-levelType@Avg. F1: 53.4
Segment-level Event@Avg. F1: 54.4
Audio Event Detection Event-level F1: 49.0
Visual Event Detection Event-level F1: 47.3
Audio-Visual Event Detection Event-level F1: 41.0
Event-level Type@Avg. F1: 45.8
Event-level Event@Avg. F1: 45.6
Train Epoch: 5 [0/10000 (0%)]	Loss: 0.362297
Train Epoch: 5 [800/10000 (8%)]	Loss: 0.352209
Train Epoch: 5 [1600/10000 (16%)]	Loss: 0.391188
Train Epoch: 5 [2400/10000 (24%)]	Loss: 0.358085
Train Epoch: 5 [3200/10000 (32%)]	Loss: 0.369793
Train Epoch: 5 [4000/10000 (40%)]	Loss: 0.364695
Train Epoch: 5 [4800/10000 (48%)]	Loss: 0.349854
Train Epoch: 5 [5600/10000 (56%)]	Loss: 0.311758
Train Epoch: 5 [6400/10000 (64%)]	Loss: 0.387987
Train Epoch: 5 [7200/10000 (72%)]	Loss: 0.366062
Train Epoch: 5 [8000/10000 (80%)]	Loss: 0.300659
Train Epoch: 5 [8800/10000 (88%)]	Loss: 0.327951
Train Epoch: 5 [9600/10000 (96%)]	Loss: 0.336325
Audio Event Detection Segment-level F1: 59.8
Visual Event Detection Segment-level F1: 53.7
Audio-Visual Event Detection Segment-level F1: 49.8
Segment-levelType@Avg. F1: 54.4
Segment-level Event@Avg. F1: 55.2
Audio Event Detection Event-level F1: 50.1
Visual Event Detection Event-level F1: 48.9
Audio-Visual Event Detection Event-level F1: 42.1
Event-level Type@Avg. F1: 47.0
Event-level Event@Avg. F1: 47.0
Train Epoch: 6 [0/10000 (0%)]	Loss: 0.348635
Train Epoch: 6 [800/10000 (8%)]	Loss: 0.337543
Train Epoch: 6 [1600/10000 (16%)]	Loss: 0.296217
Train Epoch: 6 [2400/10000 (24%)]	Loss: 0.364705
Train Epoch: 6 [3200/10000 (32%)]	Loss: 0.388521
Train Epoch: 6 [4000/10000 (40%)]	Loss: 0.324430
Train Epoch: 6 [4800/10000 (48%)]	Loss: 0.348066
Train Epoch: 6 [5600/10000 (56%)]	Loss: 0.328553
Train Epoch: 6 [6400/10000 (64%)]	Loss: 0.274305
Train Epoch: 6 [7200/10000 (72%)]	Loss: 0.345864
Train Epoch: 6 [8000/10000 (80%)]	Loss: 0.300735
Train Epoch: 6 [8800/10000 (88%)]	Loss: 0.334638
Train Epoch: 6 [9600/10000 (96%)]	Loss: 0.412792
Audio Event Detection Segment-level F1: 58.9
Visual Event Detection Segment-level F1: 53.1
Audio-Visual Event Detection Segment-level F1: 48.9
Segment-levelType@Avg. F1: 53.6
Segment-level Event@Avg. F1: 53.8
Audio Event Detection Event-level F1: 49.1
Visual Event Detection Event-level F1: 47.2
Audio-Visual Event Detection Event-level F1: 40.4
Event-level Type@Avg. F1: 45.5
Event-level Event@Avg. F1: 45.4
Train Epoch: 7 [0/10000 (0%)]	Loss: 0.305707
Train Epoch: 7 [800/10000 (8%)]	Loss: 0.277692
Train Epoch: 7 [1600/10000 (16%)]	Loss: 0.362128
Train Epoch: 7 [2400/10000 (24%)]	Loss: 0.309481
Train Epoch: 7 [3200/10000 (32%)]	Loss: 0.255182
Train Epoch: 7 [4000/10000 (40%)]	Loss: 0.338520
Train Epoch: 7 [4800/10000 (48%)]	Loss: 0.336192
Train Epoch: 7 [5600/10000 (56%)]	Loss: 0.320144
Train Epoch: 7 [6400/10000 (64%)]	Loss: 0.434494
Train Epoch: 7 [7200/10000 (72%)]	Loss: 0.310481
Train Epoch: 7 [8000/10000 (80%)]	Loss: 0.327233
Train Epoch: 7 [8800/10000 (88%)]	Loss: 0.367622
Train Epoch: 7 [9600/10000 (96%)]	Loss: 0.364705
Audio Event Detection Segment-level F1: 59.8
Visual Event Detection Segment-level F1: 50.3
Audio-Visual Event Detection Segment-level F1: 46.6
Segment-levelType@Avg. F1: 52.3
Segment-level Event@Avg. F1: 53.8
Audio Event Detection Event-level F1: 50.5
Visual Event Detection Event-level F1: 43.5
Audio-Visual Event Detection Event-level F1: 38.7
Event-level Type@Avg. F1: 44.3
Event-level Event@Avg. F1: 45.8
Train Epoch: 8 [0/10000 (0%)]	Loss: 0.354548
Train Epoch: 8 [800/10000 (8%)]	Loss: 0.339353
Train Epoch: 8 [1600/10000 (16%)]	Loss: 0.300049
Train Epoch: 8 [2400/10000 (24%)]	Loss: 0.301438
Train Epoch: 8 [3200/10000 (32%)]	Loss: 0.307230
Train Epoch: 8 [4000/10000 (40%)]	Loss: 0.261326
Train Epoch: 8 [4800/10000 (48%)]	Loss: 0.384741
Train Epoch: 8 [5600/10000 (56%)]	Loss: 0.360379
Train Epoch: 8 [6400/10000 (64%)]	Loss: 0.342507
Train Epoch: 8 [7200/10000 (72%)]	Loss: 0.346899
Train Epoch: 8 [8000/10000 (80%)]	Loss: 0.294207
Train Epoch: 8 [8800/10000 (88%)]	Loss: 0.420528
Train Epoch: 8 [9600/10000 (96%)]	Loss: 0.389353
Audio Event Detection Segment-level F1: 60.2
Visual Event Detection Segment-level F1: 49.7
Audio-Visual Event Detection Segment-level F1: 46.6
Segment-levelType@Avg. F1: 52.1
Segment-level Event@Avg. F1: 53.9
Audio Event Detection Event-level F1: 50.5
Visual Event Detection Event-level F1: 43.5
Audio-Visual Event Detection Event-level F1: 39.7
Event-level Type@Avg. F1: 44.6
Event-level Event@Avg. F1: 45.8
Train Epoch: 9 [0/10000 (0%)]	Loss: 0.322533
Train Epoch: 9 [800/10000 (8%)]	Loss: 0.338937
Train Epoch: 9 [1600/10000 (16%)]	Loss: 0.295897
Train Epoch: 9 [2400/10000 (24%)]	Loss: 0.341035
Train Epoch: 9 [3200/10000 (32%)]	Loss: 0.281883
Train Epoch: 9 [4000/10000 (40%)]	Loss: 0.302799
Train Epoch: 9 [4800/10000 (48%)]	Loss: 0.279275
Train Epoch: 9 [5600/10000 (56%)]	Loss: 0.302497
Train Epoch: 9 [6400/10000 (64%)]	Loss: 0.311800
Train Epoch: 9 [7200/10000 (72%)]	Loss: 0.285095
Train Epoch: 9 [8000/10000 (80%)]	Loss: 0.335438
Train Epoch: 9 [8800/10000 (88%)]	Loss: 0.318969
Train Epoch: 9 [9600/10000 (96%)]	Loss: 0.295133
Audio Event Detection Segment-level F1: 61.5
Visual Event Detection Segment-level F1: 49.9
Audio-Visual Event Detection Segment-level F1: 46.3
Segment-levelType@Avg. F1: 52.6
Segment-level Event@Avg. F1: 55.3
Audio Event Detection Event-level F1: 52.1
Visual Event Detection Event-level F1: 43.4
Audio-Visual Event Detection Event-level F1: 37.9
Event-level Type@Avg. F1: 44.5
Event-level Event@Avg. F1: 47.3
Train Epoch: 10 [0/10000 (0%)]	Loss: 0.314458
Train Epoch: 10 [800/10000 (8%)]	Loss: 0.355670
Train Epoch: 10 [1600/10000 (16%)]	Loss: 0.298667
Train Epoch: 10 [2400/10000 (24%)]	Loss: 0.324520
Train Epoch: 10 [3200/10000 (32%)]	Loss: 0.311180
Train Epoch: 10 [4000/10000 (40%)]	Loss: 0.260831
Train Epoch: 10 [4800/10000 (48%)]	Loss: 0.357665
Train Epoch: 10 [5600/10000 (56%)]	Loss: 0.381364
Train Epoch: 10 [6400/10000 (64%)]	Loss: 0.326880
Train Epoch: 10 [7200/10000 (72%)]	Loss: 0.290267
Train Epoch: 10 [8000/10000 (80%)]	Loss: 0.345377
Train Epoch: 10 [8800/10000 (88%)]	Loss: 0.291561
Train Epoch: 10 [9600/10000 (96%)]	Loss: 0.267131
Audio Event Detection Segment-level F1: 60.0
Visual Event Detection Segment-level F1: 49.3
Audio-Visual Event Detection Segment-level F1: 45.8
Segment-levelType@Avg. F1: 51.7
Segment-level Event@Avg. F1: 53.7
Audio Event Detection Event-level F1: 50.2
Visual Event Detection Event-level F1: 43.4
Audio-Visual Event Detection Event-level F1: 38.3
Event-level Type@Avg. F1: 43.9
Event-level Event@Avg. F1: 45.9
Train Epoch: 11 [0/10000 (0%)]	Loss: 0.275640
Train Epoch: 11 [800/10000 (8%)]	Loss: 0.360873
Train Epoch: 11 [1600/10000 (16%)]	Loss: 0.271144
Train Epoch: 11 [2400/10000 (24%)]	Loss: 0.282092
Train Epoch: 11 [3200/10000 (32%)]	Loss: 0.318012
Train Epoch: 11 [4000/10000 (40%)]	Loss: 0.244372
Train Epoch: 11 [4800/10000 (48%)]	Loss: 0.283452
Train Epoch: 11 [5600/10000 (56%)]	Loss: 0.249067
Train Epoch: 11 [6400/10000 (64%)]	Loss: 0.270901
Train Epoch: 11 [7200/10000 (72%)]	Loss: 0.276175
Train Epoch: 11 [8000/10000 (80%)]	Loss: 0.303950
Train Epoch: 11 [8800/10000 (88%)]	Loss: 0.311600
Train Epoch: 11 [9600/10000 (96%)]	Loss: 0.291853
Audio Event Detection Segment-level F1: 61.0
Visual Event Detection Segment-level F1: 52.5
Audio-Visual Event Detection Segment-level F1: 49.3
Segment-levelType@Avg. F1: 54.3
Segment-level Event@Avg. F1: 55.4
Audio Event Detection Event-level F1: 51.2
Visual Event Detection Event-level F1: 47.1
Audio-Visual Event Detection Event-level F1: 41.3
Event-level Type@Avg. F1: 46.5
Event-level Event@Avg. F1: 47.5
Train Epoch: 12 [0/10000 (0%)]	Loss: 0.265859
Train Epoch: 12 [800/10000 (8%)]	Loss: 0.262240
Train Epoch: 12 [1600/10000 (16%)]	Loss: 0.301283
Train Epoch: 12 [2400/10000 (24%)]	Loss: 0.299980
Train Epoch: 12 [3200/10000 (32%)]	Loss: 0.300689
Train Epoch: 12 [4000/10000 (40%)]	Loss: 0.339329
Train Epoch: 12 [4800/10000 (48%)]	Loss: 0.264930
Train Epoch: 12 [5600/10000 (56%)]	Loss: 0.293491
Train Epoch: 12 [6400/10000 (64%)]	Loss: 0.278326
Train Epoch: 12 [7200/10000 (72%)]	Loss: 0.303103
Train Epoch: 12 [8000/10000 (80%)]	Loss: 0.278333
Train Epoch: 12 [8800/10000 (88%)]	Loss: 0.295424
Train Epoch: 12 [9600/10000 (96%)]	Loss: 0.318316
Audio Event Detection Segment-level F1: 61.0
Visual Event Detection Segment-level F1: 52.0
Audio-Visual Event Detection Segment-level F1: 48.2
Segment-levelType@Avg. F1: 53.7
Segment-level Event@Avg. F1: 55.4
Audio Event Detection Event-level F1: 51.5
Visual Event Detection Event-level F1: 46.8
Audio-Visual Event Detection Event-level F1: 40.3
Event-level Type@Avg. F1: 46.2
Event-level Event@Avg. F1: 47.7
Train Epoch: 13 [0/10000 (0%)]	Loss: 0.250105
Train Epoch: 13 [800/10000 (8%)]	Loss: 0.372002
Train Epoch: 13 [1600/10000 (16%)]	Loss: 0.276311
Train Epoch: 13 [2400/10000 (24%)]	Loss: 0.260830
Train Epoch: 13 [3200/10000 (32%)]	Loss: 0.286380
Train Epoch: 13 [4000/10000 (40%)]	Loss: 0.300101
Train Epoch: 13 [4800/10000 (48%)]	Loss: 0.289181
Train Epoch: 13 [5600/10000 (56%)]	Loss: 0.318683
Train Epoch: 13 [6400/10000 (64%)]	Loss: 0.280702
Train Epoch: 13 [7200/10000 (72%)]	Loss: 0.300547
Train Epoch: 13 [8000/10000 (80%)]	Loss: 0.333407
Train Epoch: 13 [8800/10000 (88%)]	Loss: 0.297857
Train Epoch: 13 [9600/10000 (96%)]	Loss: 0.291716
Audio Event Detection Segment-level F1: 61.1
Visual Event Detection Segment-level F1: 50.7
Audio-Visual Event Detection Segment-level F1: 47.6
Segment-levelType@Avg. F1: 53.1
Segment-level Event@Avg. F1: 55.0
Audio Event Detection Event-level F1: 52.0
Visual Event Detection Event-level F1: 45.2
Audio-Visual Event Detection Event-level F1: 40.2
Event-level Type@Avg. F1: 45.8
Event-level Event@Avg. F1: 47.7
Train Epoch: 14 [0/10000 (0%)]	Loss: 0.255338
Train Epoch: 14 [800/10000 (8%)]	Loss: 0.252445
Train Epoch: 14 [1600/10000 (16%)]	Loss: 0.236971
Train Epoch: 14 [2400/10000 (24%)]	Loss: 0.264294
Train Epoch: 14 [3200/10000 (32%)]	Loss: 0.270942
Train Epoch: 14 [4000/10000 (40%)]	Loss: 0.315296
Train Epoch: 14 [4800/10000 (48%)]	Loss: 0.281127
Train Epoch: 14 [5600/10000 (56%)]	Loss: 0.255210
Train Epoch: 14 [6400/10000 (64%)]	Loss: 0.257723
Train Epoch: 14 [7200/10000 (72%)]	Loss: 0.255599
Train Epoch: 14 [8000/10000 (80%)]	Loss: 0.261091
Train Epoch: 14 [8800/10000 (88%)]	Loss: 0.276303
Train Epoch: 14 [9600/10000 (96%)]	Loss: 0.281282
Audio Event Detection Segment-level F1: 61.6
Visual Event Detection Segment-level F1: 52.2
Audio-Visual Event Detection Segment-level F1: 48.7
Segment-levelType@Avg. F1: 54.2
Segment-level Event@Avg. F1: 55.5
Audio Event Detection Event-level F1: 52.5
Visual Event Detection Event-level F1: 47.1
Audio-Visual Event Detection Event-level F1: 41.4
Event-level Type@Avg. F1: 47.0
Event-level Event@Avg. F1: 48.4
Train Epoch: 15 [0/10000 (0%)]	Loss: 0.271436
Train Epoch: 15 [800/10000 (8%)]	Loss: 0.271087
Train Epoch: 15 [1600/10000 (16%)]	Loss: 0.252611
Train Epoch: 15 [2400/10000 (24%)]	Loss: 0.284263
Train Epoch: 15 [3200/10000 (32%)]	Loss: 0.306530
Train Epoch: 15 [4000/10000 (40%)]	Loss: 0.238235
Train Epoch: 15 [4800/10000 (48%)]	Loss: 0.243817
Train Epoch: 15 [5600/10000 (56%)]	Loss: 0.261096
Train Epoch: 15 [6400/10000 (64%)]	Loss: 0.283851
Train Epoch: 15 [7200/10000 (72%)]	Loss: 0.303071
Train Epoch: 15 [8000/10000 (80%)]	Loss: 0.297331
Train Epoch: 15 [8800/10000 (88%)]	Loss: 0.256677
Train Epoch: 15 [9600/10000 (96%)]	Loss: 0.271078
Audio Event Detection Segment-level F1: 61.3
Visual Event Detection Segment-level F1: 51.1
Audio-Visual Event Detection Segment-level F1: 47.6
Segment-levelType@Avg. F1: 53.3
Segment-level Event@Avg. F1: 55.2
Audio Event Detection Event-level F1: 51.6
Visual Event Detection Event-level F1: 45.9
Audio-Visual Event Detection Event-level F1: 40.6
Event-level Type@Avg. F1: 46.0
Event-level Event@Avg. F1: 47.8
Train Epoch: 16 [0/10000 (0%)]	Loss: 0.284063
Train Epoch: 16 [800/10000 (8%)]	Loss: 0.272130
Train Epoch: 16 [1600/10000 (16%)]	Loss: 0.258454
Train Epoch: 16 [2400/10000 (24%)]	Loss: 0.260223
Train Epoch: 16 [3200/10000 (32%)]	Loss: 0.265923
Train Epoch: 16 [4000/10000 (40%)]	Loss: 0.261502
Train Epoch: 16 [4800/10000 (48%)]	Loss: 0.294312
Train Epoch: 16 [5600/10000 (56%)]	Loss: 0.261796
Train Epoch: 16 [6400/10000 (64%)]	Loss: 0.270996
Train Epoch: 16 [7200/10000 (72%)]	Loss: 0.298871
Train Epoch: 16 [8000/10000 (80%)]	Loss: 0.238585
Train Epoch: 16 [8800/10000 (88%)]	Loss: 0.269303
Train Epoch: 16 [9600/10000 (96%)]	Loss: 0.298697
Audio Event Detection Segment-level F1: 61.0
Visual Event Detection Segment-level F1: 51.4
Audio-Visual Event Detection Segment-level F1: 47.9
Segment-levelType@Avg. F1: 53.4
Segment-level Event@Avg. F1: 55.0
Audio Event Detection Event-level F1: 52.0
Visual Event Detection Event-level F1: 45.9
Audio-Visual Event Detection Event-level F1: 40.2
Event-level Type@Avg. F1: 46.0
Event-level Event@Avg. F1: 47.7
Train Epoch: 17 [0/10000 (0%)]	Loss: 0.259092
Train Epoch: 17 [800/10000 (8%)]	Loss: 0.271530
Train Epoch: 17 [1600/10000 (16%)]	Loss: 0.286386
Train Epoch: 17 [2400/10000 (24%)]	Loss: 0.282284
Train Epoch: 17 [3200/10000 (32%)]	Loss: 0.299733
Train Epoch: 17 [4000/10000 (40%)]	Loss: 0.259100
Train Epoch: 17 [4800/10000 (48%)]	Loss: 0.242590
Train Epoch: 17 [5600/10000 (56%)]	Loss: 0.266674
Train Epoch: 17 [6400/10000 (64%)]	Loss: 0.258851
Train Epoch: 17 [7200/10000 (72%)]	Loss: 0.252027
Train Epoch: 17 [8000/10000 (80%)]	Loss: 0.269441
Train Epoch: 17 [8800/10000 (88%)]	Loss: 0.272132
Train Epoch: 17 [9600/10000 (96%)]	Loss: 0.318774
Audio Event Detection Segment-level F1: 60.7
Visual Event Detection Segment-level F1: 52.3
Audio-Visual Event Detection Segment-level F1: 48.5
Segment-levelType@Avg. F1: 53.9
Segment-level Event@Avg. F1: 55.0
Audio Event Detection Event-level F1: 51.7
Visual Event Detection Event-level F1: 46.9
Audio-Visual Event Detection Event-level F1: 41.5
Event-level Type@Avg. F1: 46.7
Event-level Event@Avg. F1: 47.8
Train Epoch: 18 [0/10000 (0%)]	Loss: 0.274614
Train Epoch: 18 [800/10000 (8%)]	Loss: 0.277997
Train Epoch: 18 [1600/10000 (16%)]	Loss: 0.283493
Train Epoch: 18 [2400/10000 (24%)]	Loss: 0.260439
Train Epoch: 18 [3200/10000 (32%)]	Loss: 0.286627
Train Epoch: 18 [4000/10000 (40%)]	Loss: 0.277472
Train Epoch: 18 [4800/10000 (48%)]	Loss: 0.245686
Train Epoch: 18 [5600/10000 (56%)]	Loss: 0.275322
Train Epoch: 18 [6400/10000 (64%)]	Loss: 0.302094
Train Epoch: 18 [7200/10000 (72%)]	Loss: 0.280440
Train Epoch: 18 [8000/10000 (80%)]	Loss: 0.251825
Train Epoch: 18 [8800/10000 (88%)]	Loss: 0.282233
Train Epoch: 18 [9600/10000 (96%)]	Loss: 0.266027
Audio Event Detection Segment-level F1: 60.8
Visual Event Detection Segment-level F1: 52.7
Audio-Visual Event Detection Segment-level F1: 49.1
Segment-levelType@Avg. F1: 54.2
Segment-level Event@Avg. F1: 55.2
Audio Event Detection Event-level F1: 51.7
Visual Event Detection Event-level F1: 47.3
Audio-Visual Event Detection Event-level F1: 41.6
Event-level Type@Avg. F1: 46.9
Event-level Event@Avg. F1: 47.8
Train Epoch: 19 [0/10000 (0%)]	Loss: 0.243740
Train Epoch: 19 [800/10000 (8%)]	Loss: 0.262378
Train Epoch: 19 [1600/10000 (16%)]	Loss: 0.255009
Train Epoch: 19 [2400/10000 (24%)]	Loss: 0.323947
Train Epoch: 19 [3200/10000 (32%)]	Loss: 0.258861
Train Epoch: 19 [4000/10000 (40%)]	Loss: 0.259064
Train Epoch: 19 [4800/10000 (48%)]	Loss: 0.277213
Train Epoch: 19 [5600/10000 (56%)]	Loss: 0.288605
Train Epoch: 19 [6400/10000 (64%)]	Loss: 0.251769
Train Epoch: 19 [7200/10000 (72%)]	Loss: 0.229100
Train Epoch: 19 [8000/10000 (80%)]	Loss: 0.240287
Train Epoch: 19 [8800/10000 (88%)]	Loss: 0.244764
Train Epoch: 19 [9600/10000 (96%)]	Loss: 0.277934
Audio Event Detection Segment-level F1: 60.4
Visual Event Detection Segment-level F1: 50.3
Audio-Visual Event Detection Segment-level F1: 46.7
Segment-levelType@Avg. F1: 52.5
Segment-level Event@Avg. F1: 54.4
Audio Event Detection Event-level F1: 51.4
Visual Event Detection Event-level F1: 44.6
Audio-Visual Event Detection Event-level F1: 39.8
Event-level Type@Avg. F1: 45.3
Event-level Event@Avg. F1: 47.4
Train Epoch: 20 [0/10000 (0%)]	Loss: 0.250847
Train Epoch: 20 [800/10000 (8%)]	Loss: 0.258824
Train Epoch: 20 [1600/10000 (16%)]	Loss: 0.252134
Train Epoch: 20 [2400/10000 (24%)]	Loss: 0.236408
Train Epoch: 20 [3200/10000 (32%)]	Loss: 0.308741
Train Epoch: 20 [4000/10000 (40%)]	Loss: 0.293229
Train Epoch: 20 [4800/10000 (48%)]	Loss: 0.275597
Train Epoch: 20 [5600/10000 (56%)]	Loss: 0.247855
Train Epoch: 20 [6400/10000 (64%)]	Loss: 0.259656
Train Epoch: 20 [7200/10000 (72%)]	Loss: 0.264956
Train Epoch: 20 [8000/10000 (80%)]	Loss: 0.285016
Train Epoch: 20 [8800/10000 (88%)]	Loss: 0.246478
Train Epoch: 20 [9600/10000 (96%)]	Loss: 0.250106
Audio Event Detection Segment-level F1: 60.5
Visual Event Detection Segment-level F1: 52.1
Audio-Visual Event Detection Segment-level F1: 48.9
Segment-levelType@Avg. F1: 53.8
Segment-level Event@Avg. F1: 54.7
Audio Event Detection Event-level F1: 51.5
Visual Event Detection Event-level F1: 46.5
Audio-Visual Event Detection Event-level F1: 40.9
Event-level Type@Avg. F1: 46.3
Event-level Event@Avg. F1: 47.3
Train Epoch: 21 [0/10000 (0%)]	Loss: 0.254181
Train Epoch: 21 [800/10000 (8%)]	Loss: 0.239608
Train Epoch: 21 [1600/10000 (16%)]	Loss: 0.255406
Train Epoch: 21 [2400/10000 (24%)]	Loss: 0.253352
Train Epoch: 21 [3200/10000 (32%)]	Loss: 0.295243
Train Epoch: 21 [4000/10000 (40%)]	Loss: 0.316970
Train Epoch: 21 [4800/10000 (48%)]	Loss: 0.253611
Train Epoch: 21 [5600/10000 (56%)]	Loss: 0.235730
Train Epoch: 21 [6400/10000 (64%)]	Loss: 0.218705
Train Epoch: 21 [7200/10000 (72%)]	Loss: 0.262688
Train Epoch: 21 [8000/10000 (80%)]	Loss: 0.238231
Train Epoch: 21 [8800/10000 (88%)]	Loss: 0.261253
Train Epoch: 21 [9600/10000 (96%)]	Loss: 0.259581
Audio Event Detection Segment-level F1: 61.1
Visual Event Detection Segment-level F1: 51.8
Audio-Visual Event Detection Segment-level F1: 48.2
Segment-levelType@Avg. F1: 53.7
Segment-level Event@Avg. F1: 55.3
Audio Event Detection Event-level F1: 51.8
Visual Event Detection Event-level F1: 46.3
Audio-Visual Event Detection Event-level F1: 40.9
Event-level Type@Avg. F1: 46.3
Event-level Event@Avg. F1: 47.9
Train Epoch: 22 [0/10000 (0%)]	Loss: 0.259507
Train Epoch: 22 [800/10000 (8%)]	Loss: 0.292929
Train Epoch: 22 [1600/10000 (16%)]	Loss: 0.233755
Train Epoch: 22 [2400/10000 (24%)]	Loss: 0.229206
Train Epoch: 22 [3200/10000 (32%)]	Loss: 0.231807
Train Epoch: 22 [4000/10000 (40%)]	Loss: 0.256965
Train Epoch: 22 [4800/10000 (48%)]	Loss: 0.288458
Train Epoch: 22 [5600/10000 (56%)]	Loss: 0.238617
Train Epoch: 22 [6400/10000 (64%)]	Loss: 0.244881
Train Epoch: 22 [7200/10000 (72%)]	Loss: 0.224128
Train Epoch: 22 [8000/10000 (80%)]	Loss: 0.257310
Train Epoch: 22 [8800/10000 (88%)]	Loss: 0.230632
Train Epoch: 22 [9600/10000 (96%)]	Loss: 0.247715
Audio Event Detection Segment-level F1: 61.2
Visual Event Detection Segment-level F1: 52.3
Audio-Visual Event Detection Segment-level F1: 49.0
Segment-levelType@Avg. F1: 54.2
Segment-level Event@Avg. F1: 55.4
Audio Event Detection Event-level F1: 51.6
Visual Event Detection Event-level F1: 46.7
Audio-Visual Event Detection Event-level F1: 41.4
Event-level Type@Avg. F1: 46.6
Event-level Event@Avg. F1: 47.6
Train Epoch: 23 [0/10000 (0%)]	Loss: 0.248776
Train Epoch: 23 [800/10000 (8%)]	Loss: 0.271767
Train Epoch: 23 [1600/10000 (16%)]	Loss: 0.263422
Train Epoch: 23 [2400/10000 (24%)]	Loss: 0.269966
Train Epoch: 23 [3200/10000 (32%)]	Loss: 0.253408
Train Epoch: 23 [4000/10000 (40%)]	Loss: 0.239780
Train Epoch: 23 [4800/10000 (48%)]	Loss: 0.251674
Train Epoch: 23 [5600/10000 (56%)]	Loss: 0.261114
Train Epoch: 23 [6400/10000 (64%)]	Loss: 0.240717
Train Epoch: 23 [7200/10000 (72%)]	Loss: 0.309806
Train Epoch: 23 [8000/10000 (80%)]	Loss: 0.294012
Train Epoch: 23 [8800/10000 (88%)]	Loss: 0.244093
Train Epoch: 23 [9600/10000 (96%)]	Loss: 0.266412
Audio Event Detection Segment-level F1: 61.1
Visual Event Detection Segment-level F1: 51.8
Audio-Visual Event Detection Segment-level F1: 48.6
Segment-levelType@Avg. F1: 53.8
Segment-level Event@Avg. F1: 55.2
Audio Event Detection Event-level F1: 51.3
Visual Event Detection Event-level F1: 46.3
Audio-Visual Event Detection Event-level F1: 41.1
Event-level Type@Avg. F1: 46.2
Event-level Event@Avg. F1: 47.5
Train Epoch: 24 [0/10000 (0%)]	Loss: 0.249353
Train Epoch: 24 [800/10000 (8%)]	Loss: 0.271110
Train Epoch: 24 [1600/10000 (16%)]	Loss: 0.257786
Train Epoch: 24 [2400/10000 (24%)]	Loss: 0.282060
Train Epoch: 24 [3200/10000 (32%)]	Loss: 0.334821
Train Epoch: 24 [4000/10000 (40%)]	Loss: 0.283059
Train Epoch: 24 [4800/10000 (48%)]	Loss: 0.241245
Train Epoch: 24 [5600/10000 (56%)]	Loss: 0.247359
Train Epoch: 24 [6400/10000 (64%)]	Loss: 0.313513
Train Epoch: 24 [7200/10000 (72%)]	Loss: 0.240707
Train Epoch: 24 [8000/10000 (80%)]	Loss: 0.263393
Train Epoch: 24 [8800/10000 (88%)]	Loss: 0.282666
Train Epoch: 24 [9600/10000 (96%)]	Loss: 0.248074
Audio Event Detection Segment-level F1: 61.2
Visual Event Detection Segment-level F1: 52.0
Audio-Visual Event Detection Segment-level F1: 48.7
Segment-levelType@Avg. F1: 54.0
Segment-level Event@Avg. F1: 55.4
Audio Event Detection Event-level F1: 51.7
Visual Event Detection Event-level F1: 46.4
Audio-Visual Event Detection Event-level F1: 41.3
Event-level Type@Avg. F1: 46.5
Event-level Event@Avg. F1: 47.9
Train Epoch: 25 [0/10000 (0%)]	Loss: 0.223649
Train Epoch: 25 [800/10000 (8%)]	Loss: 0.238913
Train Epoch: 25 [1600/10000 (16%)]	Loss: 0.257796
Train Epoch: 25 [2400/10000 (24%)]	Loss: 0.244426
Train Epoch: 25 [3200/10000 (32%)]	Loss: 0.267556
Train Epoch: 25 [4000/10000 (40%)]	Loss: 0.275151
Train Epoch: 25 [4800/10000 (48%)]	Loss: 0.235047
Train Epoch: 25 [5600/10000 (56%)]	Loss: 0.246656
Train Epoch: 25 [6400/10000 (64%)]	Loss: 0.331554
Train Epoch: 25 [7200/10000 (72%)]	Loss: 0.285409
Train Epoch: 25 [8000/10000 (80%)]	Loss: 0.252708
Train Epoch: 25 [8800/10000 (88%)]	Loss: 0.248975
Train Epoch: 25 [9600/10000 (96%)]	Loss: 0.243050
Audio Event Detection Segment-level F1: 61.0
Visual Event Detection Segment-level F1: 52.0
Audio-Visual Event Detection Segment-level F1: 48.4
Segment-levelType@Avg. F1: 53.8
Segment-level Event@Avg. F1: 55.2
Audio Event Detection Event-level F1: 51.6
Visual Event Detection Event-level F1: 46.3
Audio-Visual Event Detection Event-level F1: 40.9
Event-level Type@Avg. F1: 46.3
Event-level Event@Avg. F1: 47.6
Train Epoch: 26 [0/10000 (0%)]	Loss: 0.282927
Train Epoch: 26 [800/10000 (8%)]	Loss: 0.267003
Train Epoch: 26 [1600/10000 (16%)]	Loss: 0.259108
Train Epoch: 26 [2400/10000 (24%)]	Loss: 0.246280
Train Epoch: 26 [3200/10000 (32%)]	Loss: 0.310138
Train Epoch: 26 [4000/10000 (40%)]	Loss: 0.256215
Train Epoch: 26 [4800/10000 (48%)]	Loss: 0.221541
Train Epoch: 26 [5600/10000 (56%)]	Loss: 0.264762
Train Epoch: 26 [6400/10000 (64%)]	Loss: 0.226136
Train Epoch: 26 [7200/10000 (72%)]	Loss: 0.262210
Train Epoch: 26 [8000/10000 (80%)]	Loss: 0.245702
Train Epoch: 26 [8800/10000 (88%)]	Loss: 0.258888
Train Epoch: 26 [9600/10000 (96%)]	Loss: 0.228914
Audio Event Detection Segment-level F1: 61.0
Visual Event Detection Segment-level F1: 51.9
Audio-Visual Event Detection Segment-level F1: 48.6
Segment-levelType@Avg. F1: 53.8
Segment-level Event@Avg. F1: 55.2
Audio Event Detection Event-level F1: 51.5
Visual Event Detection Event-level F1: 46.4
Audio-Visual Event Detection Event-level F1: 41.1
Event-level Type@Avg. F1: 46.3
Event-level Event@Avg. F1: 47.5
Train Epoch: 27 [0/10000 (0%)]	Loss: 0.272252
Train Epoch: 27 [800/10000 (8%)]	Loss: 0.253672
Train Epoch: 27 [1600/10000 (16%)]	Loss: 0.296155
Train Epoch: 27 [2400/10000 (24%)]	Loss: 0.286695
Train Epoch: 27 [3200/10000 (32%)]	Loss: 0.300671
Train Epoch: 27 [4000/10000 (40%)]	Loss: 0.281370
Train Epoch: 27 [4800/10000 (48%)]	Loss: 0.261287
Train Epoch: 27 [5600/10000 (56%)]	Loss: 0.249594
Train Epoch: 27 [6400/10000 (64%)]	Loss: 0.258941
Train Epoch: 27 [7200/10000 (72%)]	Loss: 0.253478
Train Epoch: 27 [8000/10000 (80%)]	Loss: 0.250800
Train Epoch: 27 [8800/10000 (88%)]	Loss: 0.254649
Train Epoch: 27 [9600/10000 (96%)]	Loss: 0.242523
Audio Event Detection Segment-level F1: 61.1
Visual Event Detection Segment-level F1: 51.8
Audio-Visual Event Detection Segment-level F1: 48.3
Segment-levelType@Avg. F1: 53.7
Segment-level Event@Avg. F1: 55.2
Audio Event Detection Event-level F1: 51.6
Visual Event Detection Event-level F1: 46.2
Audio-Visual Event Detection Event-level F1: 40.9
Event-level Type@Avg. F1: 46.3
Event-level Event@Avg. F1: 47.7
Train Epoch: 28 [0/10000 (0%)]	Loss: 0.251493
Train Epoch: 28 [800/10000 (8%)]	Loss: 0.232615
Train Epoch: 28 [1600/10000 (16%)]	Loss: 0.255622
Train Epoch: 28 [2400/10000 (24%)]	Loss: 0.251227
Train Epoch: 28 [3200/10000 (32%)]	Loss: 0.253444
Train Epoch: 28 [4000/10000 (40%)]	Loss: 0.245597
Train Epoch: 28 [4800/10000 (48%)]	Loss: 0.286166
Train Epoch: 28 [5600/10000 (56%)]	Loss: 0.258063
Train Epoch: 28 [6400/10000 (64%)]	Loss: 0.294138
Train Epoch: 28 [7200/10000 (72%)]	Loss: 0.269121
Train Epoch: 28 [8000/10000 (80%)]	Loss: 0.296186
Train Epoch: 28 [8800/10000 (88%)]	Loss: 0.260577
Train Epoch: 28 [9600/10000 (96%)]	Loss: 0.267043
Audio Event Detection Segment-level F1: 61.1
Visual Event Detection Segment-level F1: 52.0
Audio-Visual Event Detection Segment-level F1: 48.6
Segment-levelType@Avg. F1: 53.9
Segment-level Event@Avg. F1: 55.3
Audio Event Detection Event-level F1: 51.5
Visual Event Detection Event-level F1: 46.4
Audio-Visual Event Detection Event-level F1: 41.1
Event-level Type@Avg. F1: 46.3
Event-level Event@Avg. F1: 47.6
Train Epoch: 29 [0/10000 (0%)]	Loss: 0.237457
Train Epoch: 29 [800/10000 (8%)]	Loss: 0.274878
Train Epoch: 29 [1600/10000 (16%)]	Loss: 0.268787
Train Epoch: 29 [2400/10000 (24%)]	Loss: 0.266670
Train Epoch: 29 [3200/10000 (32%)]	Loss: 0.271917
Train Epoch: 29 [4000/10000 (40%)]	Loss: 0.263143
Train Epoch: 29 [4800/10000 (48%)]	Loss: 0.245866
Train Epoch: 29 [5600/10000 (56%)]	Loss: 0.291040
Train Epoch: 29 [6400/10000 (64%)]	Loss: 0.247363
Train Epoch: 29 [7200/10000 (72%)]	Loss: 0.291809
Train Epoch: 29 [8000/10000 (80%)]	Loss: 0.290759
Train Epoch: 29 [8800/10000 (88%)]	Loss: 0.240942
Train Epoch: 29 [9600/10000 (96%)]	Loss: 0.239643
Audio Event Detection Segment-level F1: 61.2
Visual Event Detection Segment-level F1: 51.4
Audio-Visual Event Detection Segment-level F1: 47.7
Segment-levelType@Avg. F1: 53.4
Segment-level Event@Avg. F1: 55.2
Audio Event Detection Event-level F1: 52.1
Visual Event Detection Event-level F1: 45.8
Audio-Visual Event Detection Event-level F1: 40.5
Event-level Type@Avg. F1: 46.1
Event-level Event@Avg. F1: 47.8
Train Epoch: 30 [0/10000 (0%)]	Loss: 0.305324
Train Epoch: 30 [800/10000 (8%)]	Loss: 0.277092
Train Epoch: 30 [1600/10000 (16%)]	Loss: 0.256269
Train Epoch: 30 [2400/10000 (24%)]	Loss: 0.243506
Train Epoch: 30 [3200/10000 (32%)]	Loss: 0.242861
Train Epoch: 30 [4000/10000 (40%)]	Loss: 0.258911
Train Epoch: 30 [4800/10000 (48%)]	Loss: 0.250217
Train Epoch: 30 [5600/10000 (56%)]	Loss: 0.265915
Train Epoch: 30 [6400/10000 (64%)]	Loss: 0.231732
Train Epoch: 30 [7200/10000 (72%)]	Loss: 0.277299
Train Epoch: 30 [8000/10000 (80%)]	Loss: 0.256197
Train Epoch: 30 [8800/10000 (88%)]	Loss: 0.254820
Train Epoch: 30 [9600/10000 (96%)]	Loss: 0.282298
Audio Event Detection Segment-level F1: 61.0
Visual Event Detection Segment-level F1: 51.8
Audio-Visual Event Detection Segment-level F1: 48.3
Segment-levelType@Avg. F1: 53.7
Segment-level Event@Avg. F1: 55.1
Audio Event Detection Event-level F1: 51.6
Visual Event Detection Event-level F1: 46.3
Audio-Visual Event Detection Event-level F1: 41.1
Event-level Type@Avg. F1: 46.3
Event-level Event@Avg. F1: 47.6
Train Epoch: 31 [0/10000 (0%)]	Loss: 0.246970
Train Epoch: 31 [800/10000 (8%)]	Loss: 0.268354
Train Epoch: 31 [1600/10000 (16%)]	Loss: 0.254164
Train Epoch: 31 [2400/10000 (24%)]	Loss: 0.244116
Train Epoch: 31 [3200/10000 (32%)]	Loss: 0.257906
Train Epoch: 31 [4000/10000 (40%)]	Loss: 0.249127
Train Epoch: 31 [4800/10000 (48%)]	Loss: 0.232990
Train Epoch: 31 [5600/10000 (56%)]	Loss: 0.285631
Train Epoch: 31 [6400/10000 (64%)]	Loss: 0.239054
Train Epoch: 31 [7200/10000 (72%)]	Loss: 0.281816
Train Epoch: 31 [8000/10000 (80%)]	Loss: 0.262620
Train Epoch: 31 [8800/10000 (88%)]	Loss: 0.228474
Train Epoch: 31 [9600/10000 (96%)]	Loss: 0.251349
Audio Event Detection Segment-level F1: 60.9
Visual Event Detection Segment-level F1: 51.9
Audio-Visual Event Detection Segment-level F1: 48.5
Segment-levelType@Avg. F1: 53.8
Segment-level Event@Avg. F1: 55.1
Audio Event Detection Event-level F1: 51.7
Visual Event Detection Event-level F1: 46.3
Audio-Visual Event Detection Event-level F1: 41.1
Event-level Type@Avg. F1: 46.4
Event-level Event@Avg. F1: 47.6
Train Epoch: 32 [0/10000 (0%)]	Loss: 0.243922
Train Epoch: 32 [800/10000 (8%)]	Loss: 0.256878
Train Epoch: 32 [1600/10000 (16%)]	Loss: 0.240223
Train Epoch: 32 [2400/10000 (24%)]	Loss: 0.317017
Train Epoch: 32 [3200/10000 (32%)]	Loss: 0.246840
Train Epoch: 32 [4000/10000 (40%)]	Loss: 0.287160
Train Epoch: 32 [4800/10000 (48%)]	Loss: 0.264871
Train Epoch: 32 [5600/10000 (56%)]	Loss: 0.280696
Train Epoch: 32 [6400/10000 (64%)]	Loss: 0.249982
Train Epoch: 32 [7200/10000 (72%)]	Loss: 0.258511
Train Epoch: 32 [8000/10000 (80%)]	Loss: 0.278471
Train Epoch: 32 [8800/10000 (88%)]	Loss: 0.270080
Train Epoch: 32 [9600/10000 (96%)]	Loss: 0.275849
Audio Event Detection Segment-level F1: 60.9
Visual Event Detection Segment-level F1: 51.9
Audio-Visual Event Detection Segment-level F1: 48.4
Segment-levelType@Avg. F1: 53.8
Segment-level Event@Avg. F1: 55.1
Audio Event Detection Event-level F1: 51.7
Visual Event Detection Event-level F1: 46.3
Audio-Visual Event Detection Event-level F1: 41.1
Event-level Type@Avg. F1: 46.4
Event-level Event@Avg. F1: 47.6
Train Epoch: 33 [0/10000 (0%)]	Loss: 0.260395
Train Epoch: 33 [800/10000 (8%)]	Loss: 0.308147
Train Epoch: 33 [1600/10000 (16%)]	Loss: 0.257414
Train Epoch: 33 [2400/10000 (24%)]	Loss: 0.248036
Train Epoch: 33 [3200/10000 (32%)]	Loss: 0.251424
Train Epoch: 33 [4000/10000 (40%)]	Loss: 0.256577
Train Epoch: 33 [4800/10000 (48%)]	Loss: 0.247199
Train Epoch: 33 [5600/10000 (56%)]	Loss: 0.265112
Train Epoch: 33 [6400/10000 (64%)]	Loss: 0.282856
Train Epoch: 33 [7200/10000 (72%)]	Loss: 0.249618
Train Epoch: 33 [8000/10000 (80%)]	Loss: 0.255557
Train Epoch: 33 [8800/10000 (88%)]	Loss: 0.230031
Train Epoch: 33 [9600/10000 (96%)]	Loss: 0.237473
Audio Event Detection Segment-level F1: 60.8
Visual Event Detection Segment-level F1: 52.0
Audio-Visual Event Detection Segment-level F1: 48.5
Segment-levelType@Avg. F1: 53.8
Segment-level Event@Avg. F1: 55.0
Audio Event Detection Event-level F1: 51.6
Visual Event Detection Event-level F1: 46.4
Audio-Visual Event Detection Event-level F1: 41.1
Event-level Type@Avg. F1: 46.4
Event-level Event@Avg. F1: 47.6
Train Epoch: 34 [0/10000 (0%)]	Loss: 0.246486
Train Epoch: 34 [800/10000 (8%)]	Loss: 0.251459
Train Epoch: 34 [1600/10000 (16%)]	Loss: 0.242182
Train Epoch: 34 [2400/10000 (24%)]	Loss: 0.251898
Train Epoch: 34 [3200/10000 (32%)]	Loss: 0.253192
Train Epoch: 34 [4000/10000 (40%)]	Loss: 0.287412
Train Epoch: 34 [4800/10000 (48%)]	Loss: 0.267057
Train Epoch: 34 [5600/10000 (56%)]	Loss: 0.250769
Train Epoch: 34 [6400/10000 (64%)]	Loss: 0.239359
Train Epoch: 34 [7200/10000 (72%)]	Loss: 0.271401
Train Epoch: 34 [8000/10000 (80%)]	Loss: 0.270255
Train Epoch: 34 [8800/10000 (88%)]	Loss: 0.275500
Train Epoch: 34 [9600/10000 (96%)]	Loss: 0.266866
Audio Event Detection Segment-level F1: 61.0
Visual Event Detection Segment-level F1: 51.9
Audio-Visual Event Detection Segment-level F1: 48.5
Segment-levelType@Avg. F1: 53.8
Segment-level Event@Avg. F1: 55.1
Audio Event Detection Event-level F1: 51.8
Visual Event Detection Event-level F1: 46.3
Audio-Visual Event Detection Event-level F1: 41.0
Event-level Type@Avg. F1: 46.4
Event-level Event@Avg. F1: 47.7
Train Epoch: 35 [0/10000 (0%)]	Loss: 0.249446
Train Epoch: 35 [800/10000 (8%)]	Loss: 0.239200
Train Epoch: 35 [1600/10000 (16%)]	Loss: 0.228056
Train Epoch: 35 [2400/10000 (24%)]	Loss: 0.300830
Train Epoch: 35 [3200/10000 (32%)]	Loss: 0.243636
Train Epoch: 35 [4000/10000 (40%)]	Loss: 0.235274
Train Epoch: 35 [4800/10000 (48%)]	Loss: 0.279397
Train Epoch: 35 [5600/10000 (56%)]	Loss: 0.264229
Train Epoch: 35 [6400/10000 (64%)]	Loss: 0.240812
Train Epoch: 35 [7200/10000 (72%)]	Loss: 0.232382
Train Epoch: 35 [8000/10000 (80%)]	Loss: 0.278377
Train Epoch: 35 [8800/10000 (88%)]	Loss: 0.265428
Train Epoch: 35 [9600/10000 (96%)]	Loss: 0.239665
Audio Event Detection Segment-level F1: 60.9
Visual Event Detection Segment-level F1: 51.9
Audio-Visual Event Detection Segment-level F1: 48.5
Segment-levelType@Avg. F1: 53.8
Segment-level Event@Avg. F1: 55.1
Audio Event Detection Event-level F1: 51.7
Visual Event Detection Event-level F1: 46.3
Audio-Visual Event Detection Event-level F1: 41.0
Event-level Type@Avg. F1: 46.3
Event-level Event@Avg. F1: 47.6
Train Epoch: 36 [0/10000 (0%)]	Loss: 0.285060
Train Epoch: 36 [800/10000 (8%)]	Loss: 0.275732
Train Epoch: 36 [1600/10000 (16%)]	Loss: 0.253657
Train Epoch: 36 [2400/10000 (24%)]	Loss: 0.243390
Train Epoch: 36 [3200/10000 (32%)]	Loss: 0.278901
Train Epoch: 36 [4000/10000 (40%)]	Loss: 0.266514
Train Epoch: 36 [4800/10000 (48%)]	Loss: 0.256116
Train Epoch: 36 [5600/10000 (56%)]	Loss: 0.265152
Train Epoch: 36 [6400/10000 (64%)]	Loss: 0.267603
Train Epoch: 36 [7200/10000 (72%)]	Loss: 0.252400
Train Epoch: 36 [8000/10000 (80%)]	Loss: 0.270264
Train Epoch: 36 [8800/10000 (88%)]	Loss: 0.240590
Train Epoch: 36 [9600/10000 (96%)]	Loss: 0.248198
Audio Event Detection Segment-level F1: 60.9
Visual Event Detection Segment-level F1: 51.9
Audio-Visual Event Detection Segment-level F1: 48.5
Segment-levelType@Avg. F1: 53.8
Segment-level Event@Avg. F1: 55.1
Audio Event Detection Event-level F1: 51.6
Visual Event Detection Event-level F1: 46.3
Audio-Visual Event Detection Event-level F1: 41.0
Event-level Type@Avg. F1: 46.3
Event-level Event@Avg. F1: 47.5
Train Epoch: 37 [0/10000 (0%)]	Loss: 0.249178
Train Epoch: 37 [800/10000 (8%)]	Loss: 0.246985
Train Epoch: 37 [1600/10000 (16%)]	Loss: 0.230138
Train Epoch: 37 [2400/10000 (24%)]	Loss: 0.246555
Train Epoch: 37 [3200/10000 (32%)]	Loss: 0.270762
Train Epoch: 37 [4000/10000 (40%)]	Loss: 0.228734
Train Epoch: 37 [4800/10000 (48%)]	Loss: 0.278391
Train Epoch: 37 [5600/10000 (56%)]	Loss: 0.245137
Train Epoch: 37 [6400/10000 (64%)]	Loss: 0.255290
Train Epoch: 37 [7200/10000 (72%)]	Loss: 0.252037
Train Epoch: 37 [8000/10000 (80%)]	Loss: 0.250402
Train Epoch: 37 [8800/10000 (88%)]	Loss: 0.248520
Train Epoch: 37 [9600/10000 (96%)]	Loss: 0.266324
Audio Event Detection Segment-level F1: 60.9
Visual Event Detection Segment-level F1: 51.9
Audio-Visual Event Detection Segment-level F1: 48.4
Segment-levelType@Avg. F1: 53.7
Segment-level Event@Avg. F1: 55.1
Audio Event Detection Event-level F1: 51.6
Visual Event Detection Event-level F1: 46.3
Audio-Visual Event Detection Event-level F1: 41.0
Event-level Type@Avg. F1: 46.3
Event-level Event@Avg. F1: 47.6
Train Epoch: 38 [0/10000 (0%)]	Loss: 0.251484
Train Epoch: 38 [800/10000 (8%)]	Loss: 0.272574
Train Epoch: 38 [1600/10000 (16%)]	Loss: 0.251018
Train Epoch: 38 [2400/10000 (24%)]	Loss: 0.298452
Train Epoch: 38 [3200/10000 (32%)]	Loss: 0.250212
Train Epoch: 38 [4000/10000 (40%)]	Loss: 0.272394
Train Epoch: 38 [4800/10000 (48%)]	Loss: 0.252777
Train Epoch: 38 [5600/10000 (56%)]	Loss: 0.269232
Train Epoch: 38 [6400/10000 (64%)]	Loss: 0.250745
Train Epoch: 38 [7200/10000 (72%)]	Loss: 0.242477
Train Epoch: 38 [8000/10000 (80%)]	Loss: 0.247512
Train Epoch: 38 [8800/10000 (88%)]	Loss: 0.277563
Train Epoch: 38 [9600/10000 (96%)]	Loss: 0.232005
Audio Event Detection Segment-level F1: 60.9
Visual Event Detection Segment-level F1: 51.9
Audio-Visual Event Detection Segment-level F1: 48.4
Segment-levelType@Avg. F1: 53.7
Segment-level Event@Avg. F1: 55.1
Audio Event Detection Event-level F1: 51.6
Visual Event Detection Event-level F1: 46.3
Audio-Visual Event Detection Event-level F1: 41.0
Event-level Type@Avg. F1: 46.3
Event-level Event@Avg. F1: 47.5
Train Epoch: 39 [0/10000 (0%)]	Loss: 0.248313
Train Epoch: 39 [800/10000 (8%)]	Loss: 0.282561
Train Epoch: 39 [1600/10000 (16%)]	Loss: 0.256980
Train Epoch: 39 [2400/10000 (24%)]	Loss: 0.254017
Train Epoch: 39 [3200/10000 (32%)]	Loss: 0.268975
Train Epoch: 39 [4000/10000 (40%)]	Loss: 0.266878
Train Epoch: 39 [4800/10000 (48%)]	Loss: 0.249889
Train Epoch: 39 [5600/10000 (56%)]	Loss: 0.250572
Train Epoch: 39 [6400/10000 (64%)]	Loss: 0.252902
Train Epoch: 39 [7200/10000 (72%)]	Loss: 0.246756
Train Epoch: 39 [8000/10000 (80%)]	Loss: 0.259819
Train Epoch: 39 [8800/10000 (88%)]	Loss: 0.266692
Train Epoch: 39 [9600/10000 (96%)]	Loss: 0.244137
Audio Event Detection Segment-level F1: 60.8
Visual Event Detection Segment-level F1: 51.9
Audio-Visual Event Detection Segment-level F1: 48.4
Segment-levelType@Avg. F1: 53.7
Segment-level Event@Avg. F1: 55.1
Audio Event Detection Event-level F1: 51.6
Visual Event Detection Event-level F1: 46.3
Audio-Visual Event Detection Event-level F1: 40.9
Event-level Type@Avg. F1: 46.3
Event-level Event@Avg. F1: 47.5
Train Epoch: 40 [0/10000 (0%)]	Loss: 0.236415
Train Epoch: 40 [800/10000 (8%)]	Loss: 0.263385
Train Epoch: 40 [1600/10000 (16%)]	Loss: 0.227692
Train Epoch: 40 [2400/10000 (24%)]	Loss: 0.251315
Train Epoch: 40 [3200/10000 (32%)]	Loss: 0.244720
Train Epoch: 40 [4000/10000 (40%)]	Loss: 0.251622
Train Epoch: 40 [4800/10000 (48%)]	Loss: 0.251722
Train Epoch: 40 [5600/10000 (56%)]	Loss: 0.243968
Train Epoch: 40 [6400/10000 (64%)]	Loss: 0.271082
Train Epoch: 40 [7200/10000 (72%)]	Loss: 0.311771
Train Epoch: 40 [8000/10000 (80%)]	Loss: 0.241840
Train Epoch: 40 [8800/10000 (88%)]	Loss: 0.273834
Train Epoch: 40 [9600/10000 (96%)]	Loss: 0.229391
Audio Event Detection Segment-level F1: 60.9
Visual Event Detection Segment-level F1: 51.9
Audio-Visual Event Detection Segment-level F1: 48.4
Segment-levelType@Avg. F1: 53.7
Segment-level Event@Avg. F1: 55.1
Audio Event Detection Event-level F1: 51.7
Visual Event Detection Event-level F1: 46.3
Audio-Visual Event Detection Event-level F1: 40.9
Event-level Type@Avg. F1: 46.3
Event-level Event@Avg. F1: 47.6
