111111111111
Train Epoch: 1 [0/10000 (0%)]	Loss: 2.172634
Train Epoch: 1 [800/10000 (8%)]	Loss: 0.712979
Train Epoch: 1 [1600/10000 (16%)]	Loss: 0.560392
Train Epoch: 1 [2400/10000 (24%)]	Loss: 0.503512
Train Epoch: 1 [3200/10000 (32%)]	Loss: 0.508888
Train Epoch: 1 [4000/10000 (40%)]	Loss: 0.452106
Train Epoch: 1 [4800/10000 (48%)]	Loss: 0.478101
Train Epoch: 1 [5600/10000 (56%)]	Loss: 0.416060
Train Epoch: 1 [6400/10000 (64%)]	Loss: 0.376125
Train Epoch: 1 [7200/10000 (72%)]	Loss: 0.426214
Train Epoch: 1 [8000/10000 (80%)]	Loss: 0.365857
Train Epoch: 1 [8800/10000 (88%)]	Loss: 0.350810
Train Epoch: 1 [9600/10000 (96%)]	Loss: 0.340523
Audio Event Detection Segment-level F1: 59.6
Visual Event Detection Segment-level F1: 53.7
Audio-Visual Event Detection Segment-level F1: 50.0
Segment-levelType@Avg. F1: 54.5
Segment-level Event@Avg. F1: 54.9
Audio Event Detection Event-level F1: 50.5
Visual Event Detection Event-level F1: 47.6
Audio-Visual Event Detection Event-level F1: 42.7
Event-level Type@Avg. F1: 46.9
Event-level Event@Avg. F1: 47.0
Train Epoch: 2 [0/10000 (0%)]	Loss: 0.349467
Train Epoch: 2 [800/10000 (8%)]	Loss: 0.340493
Train Epoch: 2 [1600/10000 (16%)]	Loss: 0.375759
Train Epoch: 2 [2400/10000 (24%)]	Loss: 0.333396
Train Epoch: 2 [3200/10000 (32%)]	Loss: 0.412318
Train Epoch: 2 [4000/10000 (40%)]	Loss: 0.352566
Train Epoch: 2 [4800/10000 (48%)]	Loss: 0.395555
Train Epoch: 2 [5600/10000 (56%)]	Loss: 0.438232
Train Epoch: 2 [6400/10000 (64%)]	Loss: 0.407180
Train Epoch: 2 [7200/10000 (72%)]	Loss: 0.439181
Train Epoch: 2 [8000/10000 (80%)]	Loss: 0.294555
Train Epoch: 2 [8800/10000 (88%)]	Loss: 0.334976
Train Epoch: 2 [9600/10000 (96%)]	Loss: 0.360222
