111111111111
Train Epoch: 1 [0/10000 (0%)]	Loss: 2.123166
Train Epoch: 1 [800/10000 (8%)]	Loss: 0.647314
Train Epoch: 1 [1600/10000 (16%)]	Loss: 0.541093
Train Epoch: 1 [2400/10000 (24%)]	Loss: 0.462441
Train Epoch: 1 [3200/10000 (32%)]	Loss: 0.522314
Train Epoch: 1 [4000/10000 (40%)]	Loss: 0.433745
Train Epoch: 1 [4800/10000 (48%)]	Loss: 0.418261
Train Epoch: 1 [5600/10000 (56%)]	Loss: 0.428302
Train Epoch: 1 [6400/10000 (64%)]	Loss: 0.438641
Train Epoch: 1 [7200/10000 (72%)]	Loss: 0.425870
Train Epoch: 1 [8000/10000 (80%)]	Loss: 0.440039
Train Epoch: 1 [8800/10000 (88%)]	Loss: 0.529719
Train Epoch: 1 [9600/10000 (96%)]	Loss: 0.394196
Audio Event Detection Segment-level F1: 48.5
Visual Event Detection Segment-level F1: 48.8
Audio-Visual Event Detection Segment-level F1: 36.9
Segment-levelType@Avg. F1: 44.7
Segment-level Event@Avg. F1: 48.8
Audio Event Detection Event-level F1: 38.9
Visual Event Detection Event-level F1: 42.9
Audio-Visual Event Detection Event-level F1: 29.5
Event-level Type@Avg. F1: 37.1
Event-level Event@Avg. F1: 39.6
Train Epoch: 2 [0/10000 (0%)]	Loss: 0.443101
Train Epoch: 2 [800/10000 (8%)]	Loss: 0.436775
Train Epoch: 2 [1600/10000 (16%)]	Loss: 0.377609
Train Epoch: 2 [2400/10000 (24%)]	Loss: 0.405605
Train Epoch: 2 [3200/10000 (32%)]	Loss: 0.411085
Train Epoch: 2 [4000/10000 (40%)]	Loss: 0.393948
Train Epoch: 2 [4800/10000 (48%)]	Loss: 0.356816
Train Epoch: 2 [5600/10000 (56%)]	Loss: 0.408196
Train Epoch: 2 [6400/10000 (64%)]	Loss: 0.401067
Train Epoch: 2 [7200/10000 (72%)]	Loss: 0.452595
Train Epoch: 2 [8000/10000 (80%)]	Loss: 0.501791
Train Epoch: 2 [8800/10000 (88%)]	Loss: 0.413057
Train Epoch: 2 [9600/10000 (96%)]	Loss: 0.452777
Audio Event Detection Segment-level F1: 52.3
Visual Event Detection Segment-level F1: 52.0
Audio-Visual Event Detection Segment-level F1: 40.8
Segment-levelType@Avg. F1: 48.3
Segment-level Event@Avg. F1: 51.8
Audio Event Detection Event-level F1: 42.7
Visual Event Detection Event-level F1: 46.2
Audio-Visual Event Detection Event-level F1: 31.9
Event-level Type@Avg. F1: 40.3
Event-level Event@Avg. F1: 42.2
Train Epoch: 3 [0/10000 (0%)]	Loss: 0.419630
Train Epoch: 3 [800/10000 (8%)]	Loss: 0.514675
Train Epoch: 3 [1600/10000 (16%)]	Loss: 0.364003
Train Epoch: 3 [2400/10000 (24%)]	Loss: 0.372259
Train Epoch: 3 [3200/10000 (32%)]	Loss: 0.388762
Train Epoch: 3 [4000/10000 (40%)]	Loss: 0.408088
Train Epoch: 3 [4800/10000 (48%)]	Loss: 0.392272
Train Epoch: 3 [5600/10000 (56%)]	Loss: 0.377957
Train Epoch: 3 [6400/10000 (64%)]	Loss: 0.367990
Train Epoch: 3 [7200/10000 (72%)]	Loss: 0.417028
Train Epoch: 3 [8000/10000 (80%)]	Loss: 0.389554
Train Epoch: 3 [8800/10000 (88%)]	Loss: 0.327049
Train Epoch: 3 [9600/10000 (96%)]	Loss: 0.494677
Audio Event Detection Segment-level F1: 50.6
Visual Event Detection Segment-level F1: 41.2
Audio-Visual Event Detection Segment-level F1: 33.0
Segment-levelType@Avg. F1: 41.6
Segment-level Event@Avg. F1: 46.3
Audio Event Detection Event-level F1: 41.6
Visual Event Detection Event-level F1: 35.7
Audio-Visual Event Detection Event-level F1: 27.1
Event-level Type@Avg. F1: 34.8
Event-level Event@Avg. F1: 37.8
Train Epoch: 4 [0/10000 (0%)]	Loss: 0.389101
Train Epoch: 4 [800/10000 (8%)]	Loss: 0.397408
Train Epoch: 4 [1600/10000 (16%)]	Loss: 0.315067
Train Epoch: 4 [2400/10000 (24%)]	Loss: 0.331219
Train Epoch: 4 [3200/10000 (32%)]	Loss: 0.402547
Train Epoch: 4 [4000/10000 (40%)]	Loss: 0.452683
Train Epoch: 4 [4800/10000 (48%)]	Loss: 0.425877
Train Epoch: 4 [5600/10000 (56%)]	Loss: 0.386729
Train Epoch: 4 [6400/10000 (64%)]	Loss: 0.392015
Train Epoch: 4 [7200/10000 (72%)]	Loss: 0.311713
Train Epoch: 4 [8000/10000 (80%)]	Loss: 0.336068
Train Epoch: 4 [8800/10000 (88%)]	Loss: 0.377668
Train Epoch: 4 [9600/10000 (96%)]	Loss: 0.409052
Audio Event Detection Segment-level F1: 52.8
Visual Event Detection Segment-level F1: 52.1
Audio-Visual Event Detection Segment-level F1: 42.2
Segment-levelType@Avg. F1: 49.0
Segment-level Event@Avg. F1: 52.3
Audio Event Detection Event-level F1: 42.9
Visual Event Detection Event-level F1: 47.4
Audio-Visual Event Detection Event-level F1: 34.3
Event-level Type@Avg. F1: 41.5
Event-level Event@Avg. F1: 42.9
Train Epoch: 5 [0/10000 (0%)]	Loss: 0.431545
Train Epoch: 5 [800/10000 (8%)]	Loss: 0.344517
Train Epoch: 5 [1600/10000 (16%)]	Loss: 0.352422
Train Epoch: 5 [2400/10000 (24%)]	Loss: 0.374549
Train Epoch: 5 [3200/10000 (32%)]	Loss: 0.420832
Train Epoch: 5 [4000/10000 (40%)]	Loss: 0.351107
Train Epoch: 5 [4800/10000 (48%)]	Loss: 0.363675
Train Epoch: 5 [5600/10000 (56%)]	Loss: 0.332908
Train Epoch: 5 [6400/10000 (64%)]	Loss: 0.345227
Train Epoch: 5 [7200/10000 (72%)]	Loss: 0.360719
Train Epoch: 5 [8000/10000 (80%)]	Loss: 0.316752
Train Epoch: 5 [8800/10000 (88%)]	Loss: 0.373350
Train Epoch: 5 [9600/10000 (96%)]	Loss: 0.420597
Audio Event Detection Segment-level F1: 52.9
Visual Event Detection Segment-level F1: 51.1
Audio-Visual Event Detection Segment-level F1: 40.2
Segment-levelType@Avg. F1: 48.1
Segment-level Event@Avg. F1: 52.6
Audio Event Detection Event-level F1: 42.3
Visual Event Detection Event-level F1: 46.3
Audio-Visual Event Detection Event-level F1: 31.4
Event-level Type@Avg. F1: 40.0
Event-level Event@Avg. F1: 42.9
Train Epoch: 6 [0/10000 (0%)]	Loss: 0.412807
Train Epoch: 6 [800/10000 (8%)]	Loss: 0.379186
Train Epoch: 6 [1600/10000 (16%)]	Loss: 0.360636
Train Epoch: 6 [2400/10000 (24%)]	Loss: 0.384036
Train Epoch: 6 [3200/10000 (32%)]	Loss: 0.322048
Train Epoch: 6 [4000/10000 (40%)]	Loss: 0.387961
Train Epoch: 6 [4800/10000 (48%)]	Loss: 0.411904
Train Epoch: 6 [5600/10000 (56%)]	Loss: 0.381496
Train Epoch: 6 [6400/10000 (64%)]	Loss: 0.334833
Train Epoch: 6 [7200/10000 (72%)]	Loss: 0.431206
Train Epoch: 6 [8000/10000 (80%)]	Loss: 0.344997
Train Epoch: 6 [8800/10000 (88%)]	Loss: 0.392006
Train Epoch: 6 [9600/10000 (96%)]	Loss: 0.393996
Audio Event Detection Segment-level F1: 53.7
Visual Event Detection Segment-level F1: 52.9
Audio-Visual Event Detection Segment-level F1: 41.2
Segment-levelType@Avg. F1: 49.3
Segment-level Event@Avg. F1: 53.1
Audio Event Detection Event-level F1: 43.8
Visual Event Detection Event-level F1: 46.4
Audio-Visual Event Detection Event-level F1: 31.9
Event-level Type@Avg. F1: 40.7
Event-level Event@Avg. F1: 42.8
Train Epoch: 7 [0/10000 (0%)]	Loss: 0.357216
Train Epoch: 7 [800/10000 (8%)]	Loss: 0.387575
Train Epoch: 7 [1600/10000 (16%)]	Loss: 0.342651
Train Epoch: 7 [2400/10000 (24%)]	Loss: 0.362788
Train Epoch: 7 [3200/10000 (32%)]	Loss: 0.341759
Train Epoch: 7 [4000/10000 (40%)]	Loss: 0.348935
Train Epoch: 7 [4800/10000 (48%)]	Loss: 0.335462
Train Epoch: 7 [5600/10000 (56%)]	Loss: 0.365842
Train Epoch: 7 [6400/10000 (64%)]	Loss: 0.374160
Train Epoch: 7 [7200/10000 (72%)]	Loss: 0.483260
Train Epoch: 7 [8000/10000 (80%)]	Loss: 0.394232
Train Epoch: 7 [8800/10000 (88%)]	Loss: 0.358917
Train Epoch: 7 [9600/10000 (96%)]	Loss: 0.344317
Audio Event Detection Segment-level F1: 51.5
Visual Event Detection Segment-level F1: 50.0
Audio-Visual Event Detection Segment-level F1: 40.1
Segment-levelType@Avg. F1: 47.2
Segment-level Event@Avg. F1: 50.7
Audio Event Detection Event-level F1: 42.1
Visual Event Detection Event-level F1: 43.4
Audio-Visual Event Detection Event-level F1: 31.8
Event-level Type@Avg. F1: 39.1
Event-level Event@Avg. F1: 40.8
Train Epoch: 8 [0/10000 (0%)]	Loss: 0.403540
Train Epoch: 8 [800/10000 (8%)]	Loss: 0.387138
Train Epoch: 8 [1600/10000 (16%)]	Loss: 0.364036
Train Epoch: 8 [2400/10000 (24%)]	Loss: 0.453358
Train Epoch: 8 [3200/10000 (32%)]	Loss: 0.345029
Train Epoch: 8 [4000/10000 (40%)]	Loss: 0.333952
Train Epoch: 8 [4800/10000 (48%)]	Loss: 0.368487
Train Epoch: 8 [5600/10000 (56%)]	Loss: 0.377649
Train Epoch: 8 [6400/10000 (64%)]	Loss: 0.342365
Train Epoch: 8 [7200/10000 (72%)]	Loss: 0.439896
Train Epoch: 8 [8000/10000 (80%)]	Loss: 0.327103
Train Epoch: 8 [8800/10000 (88%)]	Loss: 0.439254
Train Epoch: 8 [9600/10000 (96%)]	Loss: 0.351046
Audio Event Detection Segment-level F1: 53.3
Visual Event Detection Segment-level F1: 55.6
Audio-Visual Event Detection Segment-level F1: 45.1
Segment-levelType@Avg. F1: 51.3
Segment-level Event@Avg. F1: 53.5
Audio Event Detection Event-level F1: 43.5
Visual Event Detection Event-level F1: 48.9
Audio-Visual Event Detection Event-level F1: 34.8
Event-level Type@Avg. F1: 42.4
Event-level Event@Avg. F1: 42.8
Train Epoch: 9 [0/10000 (0%)]	Loss: 0.355993
Train Epoch: 9 [800/10000 (8%)]	Loss: 0.365710
Train Epoch: 9 [1600/10000 (16%)]	Loss: 0.336853
Train Epoch: 9 [2400/10000 (24%)]	Loss: 0.346071
Train Epoch: 9 [3200/10000 (32%)]	Loss: 0.334346
Train Epoch: 9 [4000/10000 (40%)]	Loss: 0.359807
Train Epoch: 9 [4800/10000 (48%)]	Loss: 0.299990
Train Epoch: 9 [5600/10000 (56%)]	Loss: 0.369205
Train Epoch: 9 [6400/10000 (64%)]	Loss: 0.319238
Train Epoch: 9 [7200/10000 (72%)]	Loss: 0.341196
Train Epoch: 9 [8000/10000 (80%)]	Loss: 0.382862
Train Epoch: 9 [8800/10000 (88%)]	Loss: 0.344525
Train Epoch: 9 [9600/10000 (96%)]	Loss: 0.353278
Audio Event Detection Segment-level F1: 53.0
Visual Event Detection Segment-level F1: 53.2
Audio-Visual Event Detection Segment-level F1: 43.7
Segment-levelType@Avg. F1: 50.0
Segment-level Event@Avg. F1: 52.3
Audio Event Detection Event-level F1: 41.1
Visual Event Detection Event-level F1: 46.0
Audio-Visual Event Detection Event-level F1: 34.3
Event-level Type@Avg. F1: 40.5
Event-level Event@Avg. F1: 40.7
Train Epoch: 10 [0/10000 (0%)]	Loss: 0.396903
Train Epoch: 10 [800/10000 (8%)]	Loss: 0.347190
Train Epoch: 10 [1600/10000 (16%)]	Loss: 0.311275
Train Epoch: 10 [2400/10000 (24%)]	Loss: 0.342594
Train Epoch: 10 [3200/10000 (32%)]	Loss: 0.365024
Train Epoch: 10 [4000/10000 (40%)]	Loss: 0.315872
Train Epoch: 10 [4800/10000 (48%)]	Loss: 0.331675
Train Epoch: 10 [5600/10000 (56%)]	Loss: 0.383737
Train Epoch: 10 [6400/10000 (64%)]	Loss: 0.353369
Train Epoch: 10 [7200/10000 (72%)]	Loss: 0.472202
Train Epoch: 10 [8000/10000 (80%)]	Loss: 0.331447
Train Epoch: 10 [8800/10000 (88%)]	Loss: 0.387880
Train Epoch: 10 [9600/10000 (96%)]	Loss: 0.366380
Audio Event Detection Segment-level F1: 53.6
Visual Event Detection Segment-level F1: 46.3
Audio-Visual Event Detection Segment-level F1: 37.1
Segment-levelType@Avg. F1: 45.7
Segment-level Event@Avg. F1: 50.8
Audio Event Detection Event-level F1: 44.1
Visual Event Detection Event-level F1: 44.9
Audio-Visual Event Detection Event-level F1: 30.5
Event-level Type@Avg. F1: 39.9
Event-level Event@Avg. F1: 43.0
Train Epoch: 11 [0/10000 (0%)]	Loss: 0.332576
Train Epoch: 11 [800/10000 (8%)]	Loss: 0.367707
Train Epoch: 11 [1600/10000 (16%)]	Loss: 0.284394
Train Epoch: 11 [2400/10000 (24%)]	Loss: 0.358247
Train Epoch: 11 [3200/10000 (32%)]	Loss: 0.344912
Train Epoch: 11 [4000/10000 (40%)]	Loss: 0.353085
Train Epoch: 11 [4800/10000 (48%)]	Loss: 0.323331
Train Epoch: 11 [5600/10000 (56%)]	Loss: 0.340089
Train Epoch: 11 [6400/10000 (64%)]	Loss: 0.306489
Train Epoch: 11 [7200/10000 (72%)]	Loss: 0.322371
Train Epoch: 11 [8000/10000 (80%)]	Loss: 0.335954
Train Epoch: 11 [8800/10000 (88%)]	Loss: 0.413463
Train Epoch: 11 [9600/10000 (96%)]	Loss: 0.329946
Audio Event Detection Segment-level F1: 53.8
Visual Event Detection Segment-level F1: 47.6
Audio-Visual Event Detection Segment-level F1: 38.9
Segment-levelType@Avg. F1: 46.8
Segment-level Event@Avg. F1: 50.7
Audio Event Detection Event-level F1: 43.2
Visual Event Detection Event-level F1: 46.7
Audio-Visual Event Detection Event-level F1: 31.9
Event-level Type@Avg. F1: 40.6
Event-level Event@Avg. F1: 42.2
Train Epoch: 12 [0/10000 (0%)]	Loss: 0.301792
Train Epoch: 12 [800/10000 (8%)]	Loss: 0.299279
Train Epoch: 12 [1600/10000 (16%)]	Loss: 0.356510
Train Epoch: 12 [2400/10000 (24%)]	Loss: 0.338857
Train Epoch: 12 [3200/10000 (32%)]	Loss: 0.384001
Train Epoch: 12 [4000/10000 (40%)]	Loss: 0.358654
Train Epoch: 12 [4800/10000 (48%)]	Loss: 0.331437
Train Epoch: 12 [5600/10000 (56%)]	Loss: 0.322388
Train Epoch: 12 [6400/10000 (64%)]	Loss: 0.380563
Train Epoch: 12 [7200/10000 (72%)]	Loss: 0.389639
Train Epoch: 12 [8000/10000 (80%)]	Loss: 0.395996
Train Epoch: 12 [8800/10000 (88%)]	Loss: 0.373899
Train Epoch: 12 [9600/10000 (96%)]	Loss: 0.290005
Audio Event Detection Segment-level F1: 54.2
Visual Event Detection Segment-level F1: 47.3
Audio-Visual Event Detection Segment-level F1: 39.4
Segment-levelType@Avg. F1: 47.0
Segment-level Event@Avg. F1: 50.7
Audio Event Detection Event-level F1: 43.9
Visual Event Detection Event-level F1: 46.0
Audio-Visual Event Detection Event-level F1: 31.3
Event-level Type@Avg. F1: 40.4
Event-level Event@Avg. F1: 42.1
Train Epoch: 13 [0/10000 (0%)]	Loss: 0.303454
Train Epoch: 13 [800/10000 (8%)]	Loss: 0.337505
Train Epoch: 13 [1600/10000 (16%)]	Loss: 0.323079
Train Epoch: 13 [2400/10000 (24%)]	Loss: 0.407603
Train Epoch: 13 [3200/10000 (32%)]	Loss: 0.324320
Train Epoch: 13 [4000/10000 (40%)]	Loss: 0.297100
Train Epoch: 13 [4800/10000 (48%)]	Loss: 0.315528
Train Epoch: 13 [5600/10000 (56%)]	Loss: 0.366899
Train Epoch: 13 [6400/10000 (64%)]	Loss: 0.335776
Train Epoch: 13 [7200/10000 (72%)]	Loss: 0.326566
Train Epoch: 13 [8000/10000 (80%)]	Loss: 0.361921
Train Epoch: 13 [8800/10000 (88%)]	Loss: 0.305047
Train Epoch: 13 [9600/10000 (96%)]	Loss: 0.331880
Audio Event Detection Segment-level F1: 54.1
Visual Event Detection Segment-level F1: 47.5
Audio-Visual Event Detection Segment-level F1: 39.9
Segment-levelType@Avg. F1: 47.2
Segment-level Event@Avg. F1: 50.7
Audio Event Detection Event-level F1: 43.3
Visual Event Detection Event-level F1: 46.2
Audio-Visual Event Detection Event-level F1: 32.5
Event-level Type@Avg. F1: 40.7
Event-level Event@Avg. F1: 42.0
Train Epoch: 14 [0/10000 (0%)]	Loss: 0.329364
Train Epoch: 14 [800/10000 (8%)]	Loss: 0.339218
Train Epoch: 14 [1600/10000 (16%)]	Loss: 0.366502
Train Epoch: 14 [2400/10000 (24%)]	Loss: 0.353527
Train Epoch: 14 [3200/10000 (32%)]	Loss: 0.317783
Train Epoch: 14 [4000/10000 (40%)]	Loss: 0.367612
Train Epoch: 14 [4800/10000 (48%)]	Loss: 0.307171
Train Epoch: 14 [5600/10000 (56%)]	Loss: 0.301529
Train Epoch: 14 [6400/10000 (64%)]	Loss: 0.331060
Train Epoch: 14 [7200/10000 (72%)]	Loss: 0.387664
Train Epoch: 14 [8000/10000 (80%)]	Loss: 0.311589
Train Epoch: 14 [8800/10000 (88%)]	Loss: 0.338338
Train Epoch: 14 [9600/10000 (96%)]	Loss: 0.319857
Audio Event Detection Segment-level F1: 54.4
Visual Event Detection Segment-level F1: 47.8
Audio-Visual Event Detection Segment-level F1: 40.4
Segment-levelType@Avg. F1: 47.5
Segment-level Event@Avg. F1: 51.3
Audio Event Detection Event-level F1: 44.1
Visual Event Detection Event-level F1: 45.8
Audio-Visual Event Detection Event-level F1: 33.7
Event-level Type@Avg. F1: 41.2
Event-level Event@Avg. F1: 42.7
Train Epoch: 15 [0/10000 (0%)]	Loss: 0.300504
Train Epoch: 15 [800/10000 (8%)]	Loss: 0.319932
Train Epoch: 15 [1600/10000 (16%)]	Loss: 0.297153
Train Epoch: 15 [2400/10000 (24%)]	Loss: 0.357269
Train Epoch: 15 [3200/10000 (32%)]	Loss: 0.323402
Train Epoch: 15 [4000/10000 (40%)]	Loss: 0.320075
Train Epoch: 15 [4800/10000 (48%)]	Loss: 0.319920
Train Epoch: 15 [5600/10000 (56%)]	Loss: 0.310529
Train Epoch: 15 [6400/10000 (64%)]	Loss: 0.319445
Train Epoch: 15 [7200/10000 (72%)]	Loss: 0.308160
Train Epoch: 15 [8000/10000 (80%)]	Loss: 0.324767
Train Epoch: 15 [8800/10000 (88%)]	Loss: 0.376898
Train Epoch: 15 [9600/10000 (96%)]	Loss: 0.309939
Audio Event Detection Segment-level F1: 55.1
Visual Event Detection Segment-level F1: 47.4
Audio-Visual Event Detection Segment-level F1: 39.4
Segment-levelType@Avg. F1: 47.3
Segment-level Event@Avg. F1: 51.4
Audio Event Detection Event-level F1: 43.8
Visual Event Detection Event-level F1: 45.1
Audio-Visual Event Detection Event-level F1: 32.4
Event-level Type@Avg. F1: 40.4
Event-level Event@Avg. F1: 42.3
Train Epoch: 16 [0/10000 (0%)]	Loss: 0.303853
Train Epoch: 16 [800/10000 (8%)]	Loss: 0.355785
Train Epoch: 16 [1600/10000 (16%)]	Loss: 0.313042
Train Epoch: 16 [2400/10000 (24%)]	Loss: 0.350044
Train Epoch: 16 [3200/10000 (32%)]	Loss: 0.283030
Train Epoch: 16 [4000/10000 (40%)]	Loss: 0.342445
Train Epoch: 16 [4800/10000 (48%)]	Loss: 0.373217
Train Epoch: 16 [5600/10000 (56%)]	Loss: 0.289232
Train Epoch: 16 [6400/10000 (64%)]	Loss: 0.332429
Train Epoch: 16 [7200/10000 (72%)]	Loss: 0.358044
Train Epoch: 16 [8000/10000 (80%)]	Loss: 0.364961
Train Epoch: 16 [8800/10000 (88%)]	Loss: 0.348500
Train Epoch: 16 [9600/10000 (96%)]	Loss: 0.358439
Audio Event Detection Segment-level F1: 54.8
Visual Event Detection Segment-level F1: 47.1
Audio-Visual Event Detection Segment-level F1: 39.8
Segment-levelType@Avg. F1: 47.2
Segment-level Event@Avg. F1: 51.2
Audio Event Detection Event-level F1: 43.9
Visual Event Detection Event-level F1: 45.0
Audio-Visual Event Detection Event-level F1: 33.1
Event-level Type@Avg. F1: 40.7
Event-level Event@Avg. F1: 42.5
Train Epoch: 17 [0/10000 (0%)]	Loss: 0.316585
Train Epoch: 17 [800/10000 (8%)]	Loss: 0.291411
Train Epoch: 17 [1600/10000 (16%)]	Loss: 0.290283
Train Epoch: 17 [2400/10000 (24%)]	Loss: 0.339079
Train Epoch: 17 [3200/10000 (32%)]	Loss: 0.290561
Train Epoch: 17 [4000/10000 (40%)]	Loss: 0.315062
Train Epoch: 17 [4800/10000 (48%)]	Loss: 0.345572
Train Epoch: 17 [5600/10000 (56%)]	Loss: 0.323513
Train Epoch: 17 [6400/10000 (64%)]	Loss: 0.403342
Train Epoch: 17 [7200/10000 (72%)]	Loss: 0.297340
Train Epoch: 17 [8000/10000 (80%)]	Loss: 0.326914
Train Epoch: 17 [8800/10000 (88%)]	Loss: 0.326034
Train Epoch: 17 [9600/10000 (96%)]	Loss: 0.309188
Audio Event Detection Segment-level F1: 55.2
Visual Event Detection Segment-level F1: 47.0
Audio-Visual Event Detection Segment-level F1: 39.2
Segment-levelType@Avg. F1: 47.1
Segment-level Event@Avg. F1: 51.6
Audio Event Detection Event-level F1: 43.7
Visual Event Detection Event-level F1: 45.0
Audio-Visual Event Detection Event-level F1: 31.1
Event-level Type@Avg. F1: 39.9
Event-level Event@Avg. F1: 42.4
Train Epoch: 18 [0/10000 (0%)]	Loss: 0.333245
Train Epoch: 18 [800/10000 (8%)]	Loss: 0.319625
Train Epoch: 18 [1600/10000 (16%)]	Loss: 0.306033
Train Epoch: 18 [2400/10000 (24%)]	Loss: 0.310399
Train Epoch: 18 [3200/10000 (32%)]	Loss: 0.322476
Train Epoch: 18 [4000/10000 (40%)]	Loss: 0.329283
Train Epoch: 18 [4800/10000 (48%)]	Loss: 0.298688
Train Epoch: 18 [5600/10000 (56%)]	Loss: 0.368495
Train Epoch: 18 [6400/10000 (64%)]	Loss: 0.330095
Train Epoch: 18 [7200/10000 (72%)]	Loss: 0.327430
Train Epoch: 18 [8000/10000 (80%)]	Loss: 0.314868
Train Epoch: 18 [8800/10000 (88%)]	Loss: 0.267536
Train Epoch: 18 [9600/10000 (96%)]	Loss: 0.343618
Audio Event Detection Segment-level F1: 55.1
Visual Event Detection Segment-level F1: 47.3
Audio-Visual Event Detection Segment-level F1: 40.8
Segment-levelType@Avg. F1: 47.7
Segment-level Event@Avg. F1: 51.7
Audio Event Detection Event-level F1: 43.4
Visual Event Detection Event-level F1: 46.2
Audio-Visual Event Detection Event-level F1: 33.4
Event-level Type@Avg. F1: 41.0
Event-level Event@Avg. F1: 42.6
Train Epoch: 19 [0/10000 (0%)]	Loss: 0.339409
Train Epoch: 19 [800/10000 (8%)]	Loss: 0.311098
Train Epoch: 19 [1600/10000 (16%)]	Loss: 0.324599
Train Epoch: 19 [2400/10000 (24%)]	Loss: 0.294832
Train Epoch: 19 [3200/10000 (32%)]	Loss: 0.314546
Train Epoch: 19 [4000/10000 (40%)]	Loss: 0.308736
Train Epoch: 19 [4800/10000 (48%)]	Loss: 0.320759
Train Epoch: 19 [5600/10000 (56%)]	Loss: 0.368247
Train Epoch: 19 [6400/10000 (64%)]	Loss: 0.315542
Train Epoch: 19 [7200/10000 (72%)]	Loss: 0.311719
Train Epoch: 19 [8000/10000 (80%)]	Loss: 0.325930
Train Epoch: 19 [8800/10000 (88%)]	Loss: 0.374408
Train Epoch: 19 [9600/10000 (96%)]	Loss: 0.305580
Audio Event Detection Segment-level F1: 54.8
Visual Event Detection Segment-level F1: 50.5
Audio-Visual Event Detection Segment-level F1: 43.0
Segment-levelType@Avg. F1: 49.5
Segment-level Event@Avg. F1: 52.4
Audio Event Detection Event-level F1: 43.6
Visual Event Detection Event-level F1: 47.9
Audio-Visual Event Detection Event-level F1: 35.1
Event-level Type@Avg. F1: 42.2
Event-level Event@Avg. F1: 43.0
Train Epoch: 20 [0/10000 (0%)]	Loss: 0.312412
Train Epoch: 20 [800/10000 (8%)]	Loss: 0.351066
Train Epoch: 20 [1600/10000 (16%)]	Loss: 0.337145
Train Epoch: 20 [2400/10000 (24%)]	Loss: 0.383056
Train Epoch: 20 [3200/10000 (32%)]	Loss: 0.301004
Train Epoch: 20 [4000/10000 (40%)]	Loss: 0.297564
Train Epoch: 20 [4800/10000 (48%)]	Loss: 0.296875
Train Epoch: 20 [5600/10000 (56%)]	Loss: 0.272093
Train Epoch: 20 [6400/10000 (64%)]	Loss: 0.287340
Train Epoch: 20 [7200/10000 (72%)]	Loss: 0.341417
Train Epoch: 20 [8000/10000 (80%)]	Loss: 0.329179
Train Epoch: 20 [8800/10000 (88%)]	Loss: 0.357233
Train Epoch: 20 [9600/10000 (96%)]	Loss: 0.289112
Audio Event Detection Segment-level F1: 54.3
Visual Event Detection Segment-level F1: 48.5
Audio-Visual Event Detection Segment-level F1: 39.8
Segment-levelType@Avg. F1: 47.6
Segment-level Event@Avg. F1: 51.4
Audio Event Detection Event-level F1: 43.0
Visual Event Detection Event-level F1: 45.8
Audio-Visual Event Detection Event-level F1: 31.6
Event-level Type@Avg. F1: 40.1
Event-level Event@Avg. F1: 42.2
Train Epoch: 21 [0/10000 (0%)]	Loss: 0.351823
Train Epoch: 21 [800/10000 (8%)]	Loss: 0.299105
Train Epoch: 21 [1600/10000 (16%)]	Loss: 0.305626
Train Epoch: 21 [2400/10000 (24%)]	Loss: 0.311544
Train Epoch: 21 [3200/10000 (32%)]	Loss: 0.342159
Train Epoch: 21 [4000/10000 (40%)]	Loss: 0.311007
Train Epoch: 21 [4800/10000 (48%)]	Loss: 0.315944
Train Epoch: 21 [5600/10000 (56%)]	Loss: 0.328084
Train Epoch: 21 [6400/10000 (64%)]	Loss: 0.326962
Train Epoch: 21 [7200/10000 (72%)]	Loss: 0.385371
Train Epoch: 21 [8000/10000 (80%)]	Loss: 0.333631
Train Epoch: 21 [8800/10000 (88%)]	Loss: 0.293248
Train Epoch: 21 [9600/10000 (96%)]	Loss: 0.294177
Audio Event Detection Segment-level F1: 54.3
Visual Event Detection Segment-level F1: 48.5
Audio-Visual Event Detection Segment-level F1: 40.2
Segment-levelType@Avg. F1: 47.7
Segment-level Event@Avg. F1: 51.5
Audio Event Detection Event-level F1: 42.8
Visual Event Detection Event-level F1: 45.7
Audio-Visual Event Detection Event-level F1: 31.8
Event-level Type@Avg. F1: 40.1
Event-level Event@Avg. F1: 41.9
Train Epoch: 22 [0/10000 (0%)]	Loss: 0.318344
Train Epoch: 22 [800/10000 (8%)]	Loss: 0.385385
Train Epoch: 22 [1600/10000 (16%)]	Loss: 0.351183
Train Epoch: 22 [2400/10000 (24%)]	Loss: 0.327896
Train Epoch: 22 [3200/10000 (32%)]	Loss: 0.314702
Train Epoch: 22 [4000/10000 (40%)]	Loss: 0.311542
Train Epoch: 22 [4800/10000 (48%)]	Loss: 0.313490
Train Epoch: 22 [5600/10000 (56%)]	Loss: 0.323731
Train Epoch: 22 [6400/10000 (64%)]	Loss: 0.332602
Train Epoch: 22 [7200/10000 (72%)]	Loss: 0.303763
Train Epoch: 22 [8000/10000 (80%)]	Loss: 0.281832
Train Epoch: 22 [8800/10000 (88%)]	Loss: 0.326201
Train Epoch: 22 [9600/10000 (96%)]	Loss: 0.334799
Audio Event Detection Segment-level F1: 54.3
Visual Event Detection Segment-level F1: 48.6
Audio-Visual Event Detection Segment-level F1: 40.6
Segment-levelType@Avg. F1: 47.8
Segment-level Event@Avg. F1: 51.4
Audio Event Detection Event-level F1: 42.8
Visual Event Detection Event-level F1: 46.0
Audio-Visual Event Detection Event-level F1: 32.5
Event-level Type@Avg. F1: 40.4
Event-level Event@Avg. F1: 41.9
Train Epoch: 23 [0/10000 (0%)]	Loss: 0.339567
Train Epoch: 23 [800/10000 (8%)]	Loss: 0.303349
Train Epoch: 23 [1600/10000 (16%)]	Loss: 0.311989
Train Epoch: 23 [2400/10000 (24%)]	Loss: 0.342082
Train Epoch: 23 [3200/10000 (32%)]	Loss: 0.298727
Train Epoch: 23 [4000/10000 (40%)]	Loss: 0.322752
Train Epoch: 23 [4800/10000 (48%)]	Loss: 0.294074
Train Epoch: 23 [5600/10000 (56%)]	Loss: 0.320440
Train Epoch: 23 [6400/10000 (64%)]	Loss: 0.299781
Train Epoch: 23 [7200/10000 (72%)]	Loss: 0.339652
Train Epoch: 23 [8000/10000 (80%)]	Loss: 0.291408
Train Epoch: 23 [8800/10000 (88%)]	Loss: 0.296023
Train Epoch: 23 [9600/10000 (96%)]	Loss: 0.333813
Audio Event Detection Segment-level F1: 54.5
Visual Event Detection Segment-level F1: 48.7
Audio-Visual Event Detection Segment-level F1: 40.6
Segment-levelType@Avg. F1: 47.9
Segment-level Event@Avg. F1: 51.6
Audio Event Detection Event-level F1: 43.0
Visual Event Detection Event-level F1: 46.3
Audio-Visual Event Detection Event-level F1: 32.6
Event-level Type@Avg. F1: 40.6
Event-level Event@Avg. F1: 42.3
Train Epoch: 24 [0/10000 (0%)]	Loss: 0.356969
Train Epoch: 24 [800/10000 (8%)]	Loss: 0.278613
Train Epoch: 24 [1600/10000 (16%)]	Loss: 0.316160
Train Epoch: 24 [2400/10000 (24%)]	Loss: 0.327045
Train Epoch: 24 [3200/10000 (32%)]	Loss: 0.282577
Train Epoch: 24 [4000/10000 (40%)]	Loss: 0.335886
Train Epoch: 24 [4800/10000 (48%)]	Loss: 0.303637
Train Epoch: 24 [5600/10000 (56%)]	Loss: 0.349498
Train Epoch: 24 [6400/10000 (64%)]	Loss: 0.351127
Train Epoch: 24 [7200/10000 (72%)]	Loss: 0.302301
Train Epoch: 24 [8000/10000 (80%)]	Loss: 0.319390
Train Epoch: 24 [8800/10000 (88%)]	Loss: 0.322434
Train Epoch: 24 [9600/10000 (96%)]	Loss: 0.328846
Audio Event Detection Segment-level F1: 54.5
Visual Event Detection Segment-level F1: 48.7
Audio-Visual Event Detection Segment-level F1: 40.7
Segment-levelType@Avg. F1: 48.0
Segment-level Event@Avg. F1: 51.5
Audio Event Detection Event-level F1: 42.9
Visual Event Detection Event-level F1: 46.0
Audio-Visual Event Detection Event-level F1: 32.7
Event-level Type@Avg. F1: 40.5
Event-level Event@Avg. F1: 42.0
Train Epoch: 25 [0/10000 (0%)]	Loss: 0.316368
Train Epoch: 25 [800/10000 (8%)]	Loss: 0.302431
Train Epoch: 25 [1600/10000 (16%)]	Loss: 0.356709
Train Epoch: 25 [2400/10000 (24%)]	Loss: 0.286279
Train Epoch: 25 [3200/10000 (32%)]	Loss: 0.295430
Train Epoch: 25 [4000/10000 (40%)]	Loss: 0.316080
Train Epoch: 25 [4800/10000 (48%)]	Loss: 0.345529
Train Epoch: 25 [5600/10000 (56%)]	Loss: 0.299171
Train Epoch: 25 [6400/10000 (64%)]	Loss: 0.309845
Train Epoch: 25 [7200/10000 (72%)]	Loss: 0.346283
Train Epoch: 25 [8000/10000 (80%)]	Loss: 0.268368
Train Epoch: 25 [8800/10000 (88%)]	Loss: 0.280781
Train Epoch: 25 [9600/10000 (96%)]	Loss: 0.279381
Audio Event Detection Segment-level F1: 54.4
Visual Event Detection Segment-level F1: 49.1
Audio-Visual Event Detection Segment-level F1: 41.0
Segment-levelType@Avg. F1: 48.2
Segment-level Event@Avg. F1: 51.7
Audio Event Detection Event-level F1: 42.8
Visual Event Detection Event-level F1: 46.5
Audio-Visual Event Detection Event-level F1: 32.9
Event-level Type@Avg. F1: 40.7
Event-level Event@Avg. F1: 42.0
Train Epoch: 26 [0/10000 (0%)]	Loss: 0.385757
Train Epoch: 26 [800/10000 (8%)]	Loss: 0.311446
Train Epoch: 26 [1600/10000 (16%)]	Loss: 0.347465
Train Epoch: 26 [2400/10000 (24%)]	Loss: 0.343186
Train Epoch: 26 [3200/10000 (32%)]	Loss: 0.316747
Train Epoch: 26 [4000/10000 (40%)]	Loss: 0.305619
Train Epoch: 26 [4800/10000 (48%)]	Loss: 0.281940
Train Epoch: 26 [5600/10000 (56%)]	Loss: 0.326278
Train Epoch: 26 [6400/10000 (64%)]	Loss: 0.311781
Train Epoch: 26 [7200/10000 (72%)]	Loss: 0.338437
Train Epoch: 26 [8000/10000 (80%)]	Loss: 0.321350
Train Epoch: 26 [8800/10000 (88%)]	Loss: 0.320384
Train Epoch: 26 [9600/10000 (96%)]	Loss: 0.357030
Audio Event Detection Segment-level F1: 54.5
Visual Event Detection Segment-level F1: 49.8
Audio-Visual Event Detection Segment-level F1: 41.5
Segment-levelType@Avg. F1: 48.6
Segment-level Event@Avg. F1: 51.8
Audio Event Detection Event-level F1: 42.9
Visual Event Detection Event-level F1: 47.0
Audio-Visual Event Detection Event-level F1: 33.3
Event-level Type@Avg. F1: 41.0
Event-level Event@Avg. F1: 42.2
Train Epoch: 27 [0/10000 (0%)]	Loss: 0.293087
Train Epoch: 27 [800/10000 (8%)]	Loss: 0.316135
Train Epoch: 27 [1600/10000 (16%)]	Loss: 0.275467
Train Epoch: 27 [2400/10000 (24%)]	Loss: 0.312025
Train Epoch: 27 [3200/10000 (32%)]	Loss: 0.312160
Train Epoch: 27 [4000/10000 (40%)]	Loss: 0.281040
Train Epoch: 27 [4800/10000 (48%)]	Loss: 0.313126
Train Epoch: 27 [5600/10000 (56%)]	Loss: 0.343587
Train Epoch: 27 [6400/10000 (64%)]	Loss: 0.317704
Train Epoch: 27 [7200/10000 (72%)]	Loss: 0.291163
Train Epoch: 27 [8000/10000 (80%)]	Loss: 0.315875
Train Epoch: 27 [8800/10000 (88%)]	Loss: 0.330300
Train Epoch: 27 [9600/10000 (96%)]	Loss: 0.294559
Audio Event Detection Segment-level F1: 54.8
Visual Event Detection Segment-level F1: 49.7
Audio-Visual Event Detection Segment-level F1: 41.5
Segment-levelType@Avg. F1: 48.7
Segment-level Event@Avg. F1: 52.0
Audio Event Detection Event-level F1: 43.2
Visual Event Detection Event-level F1: 47.0
Audio-Visual Event Detection Event-level F1: 33.7
Event-level Type@Avg. F1: 41.3
Event-level Event@Avg. F1: 42.4
Train Epoch: 28 [0/10000 (0%)]	Loss: 0.301416
Train Epoch: 28 [800/10000 (8%)]	Loss: 0.341210
Train Epoch: 28 [1600/10000 (16%)]	Loss: 0.288481
Train Epoch: 28 [2400/10000 (24%)]	Loss: 0.331177
Train Epoch: 28 [3200/10000 (32%)]	Loss: 0.314750
Train Epoch: 28 [4000/10000 (40%)]	Loss: 0.318795
Train Epoch: 28 [4800/10000 (48%)]	Loss: 0.323671
Train Epoch: 28 [5600/10000 (56%)]	Loss: 0.291067
Train Epoch: 28 [6400/10000 (64%)]	Loss: 0.286936
Train Epoch: 28 [7200/10000 (72%)]	Loss: 0.309494
Train Epoch: 28 [8000/10000 (80%)]	Loss: 0.310157
Train Epoch: 28 [8800/10000 (88%)]	Loss: 0.327986
Train Epoch: 28 [9600/10000 (96%)]	Loss: 0.312097
Audio Event Detection Segment-level F1: 54.6
Visual Event Detection Segment-level F1: 49.9
Audio-Visual Event Detection Segment-level F1: 41.6
Segment-levelType@Avg. F1: 48.7
Segment-level Event@Avg. F1: 51.9
Audio Event Detection Event-level F1: 43.0
Visual Event Detection Event-level F1: 47.1
Audio-Visual Event Detection Event-level F1: 33.7
Event-level Type@Avg. F1: 41.3
Event-level Event@Avg. F1: 42.3
Train Epoch: 29 [0/10000 (0%)]	Loss: 0.320049
Train Epoch: 29 [800/10000 (8%)]	Loss: 0.307908
Train Epoch: 29 [1600/10000 (16%)]	Loss: 0.330323
Train Epoch: 29 [2400/10000 (24%)]	Loss: 0.342896
Train Epoch: 29 [3200/10000 (32%)]	Loss: 0.282678
Train Epoch: 29 [4000/10000 (40%)]	Loss: 0.400863
Train Epoch: 29 [4800/10000 (48%)]	Loss: 0.275442
Train Epoch: 29 [5600/10000 (56%)]	Loss: 0.315822
Train Epoch: 29 [6400/10000 (64%)]	Loss: 0.309964
Train Epoch: 29 [7200/10000 (72%)]	Loss: 0.312963
Train Epoch: 29 [8000/10000 (80%)]	Loss: 0.377489
Train Epoch: 29 [8800/10000 (88%)]	Loss: 0.312491
Train Epoch: 29 [9600/10000 (96%)]	Loss: 0.303253
Audio Event Detection Segment-level F1: 54.6
Visual Event Detection Segment-level F1: 50.1
Audio-Visual Event Detection Segment-level F1: 42.1
Segment-levelType@Avg. F1: 48.9
Segment-level Event@Avg. F1: 52.1
Audio Event Detection Event-level F1: 43.1
Visual Event Detection Event-level F1: 47.4
Audio-Visual Event Detection Event-level F1: 34.0
Event-level Type@Avg. F1: 41.5
Event-level Event@Avg. F1: 42.5
Train Epoch: 30 [0/10000 (0%)]	Loss: 0.313460
Train Epoch: 30 [800/10000 (8%)]	Loss: 0.294739
Train Epoch: 30 [1600/10000 (16%)]	Loss: 0.257683
Train Epoch: 30 [2400/10000 (24%)]	Loss: 0.337020
Train Epoch: 30 [3200/10000 (32%)]	Loss: 0.292329
Train Epoch: 30 [4000/10000 (40%)]	Loss: 0.318947
Train Epoch: 30 [4800/10000 (48%)]	Loss: 0.330633
Train Epoch: 30 [5600/10000 (56%)]	Loss: 0.299911
Train Epoch: 30 [6400/10000 (64%)]	Loss: 0.317871
Train Epoch: 30 [7200/10000 (72%)]	Loss: 0.305992
Train Epoch: 30 [8000/10000 (80%)]	Loss: 0.334766
Train Epoch: 30 [8800/10000 (88%)]	Loss: 0.309689
Train Epoch: 30 [9600/10000 (96%)]	Loss: 0.311603
Audio Event Detection Segment-level F1: 54.4
Visual Event Detection Segment-level F1: 49.4
Audio-Visual Event Detection Segment-level F1: 41.0
Segment-levelType@Avg. F1: 48.3
Segment-level Event@Avg. F1: 51.8
Audio Event Detection Event-level F1: 42.5
Visual Event Detection Event-level F1: 46.6
Audio-Visual Event Detection Event-level F1: 32.3
Event-level Type@Avg. F1: 40.5
Event-level Event@Avg. F1: 41.9
Train Epoch: 31 [0/10000 (0%)]	Loss: 0.297895
Train Epoch: 31 [800/10000 (8%)]	Loss: 0.321576
Train Epoch: 31 [1600/10000 (16%)]	Loss: 0.306461
Train Epoch: 31 [2400/10000 (24%)]	Loss: 0.345015
Train Epoch: 31 [3200/10000 (32%)]	Loss: 0.330294
Train Epoch: 31 [4000/10000 (40%)]	Loss: 0.276484
Train Epoch: 31 [4800/10000 (48%)]	Loss: 0.291625
Train Epoch: 31 [5600/10000 (56%)]	Loss: 0.358935
Train Epoch: 31 [6400/10000 (64%)]	Loss: 0.297721
Train Epoch: 31 [7200/10000 (72%)]	Loss: 0.333653
Train Epoch: 31 [8000/10000 (80%)]	Loss: 0.316805
Train Epoch: 31 [8800/10000 (88%)]	Loss: 0.327083
Train Epoch: 31 [9600/10000 (96%)]	Loss: 0.321717
Audio Event Detection Segment-level F1: 54.4
Visual Event Detection Segment-level F1: 49.5
Audio-Visual Event Detection Segment-level F1: 41.1
Segment-levelType@Avg. F1: 48.3
Segment-level Event@Avg. F1: 51.8
Audio Event Detection Event-level F1: 42.4
Visual Event Detection Event-level F1: 46.6
Audio-Visual Event Detection Event-level F1: 32.4
Event-level Type@Avg. F1: 40.5
Event-level Event@Avg. F1: 41.9
Train Epoch: 32 [0/10000 (0%)]	Loss: 0.311252
Train Epoch: 32 [800/10000 (8%)]	Loss: 0.322437
Train Epoch: 32 [1600/10000 (16%)]	Loss: 0.326942
Train Epoch: 32 [2400/10000 (24%)]	Loss: 0.311501
Train Epoch: 32 [3200/10000 (32%)]	Loss: 0.307566
Train Epoch: 32 [4000/10000 (40%)]	Loss: 0.308353
Train Epoch: 32 [4800/10000 (48%)]	Loss: 0.341598
Train Epoch: 32 [5600/10000 (56%)]	Loss: 0.328652
Train Epoch: 32 [6400/10000 (64%)]	Loss: 0.295017
Train Epoch: 32 [7200/10000 (72%)]	Loss: 0.319047
Train Epoch: 32 [8000/10000 (80%)]	Loss: 0.314733
Train Epoch: 32 [8800/10000 (88%)]	Loss: 0.343531
Train Epoch: 32 [9600/10000 (96%)]	Loss: 0.368234
Audio Event Detection Segment-level F1: 54.4
Visual Event Detection Segment-level F1: 49.5
Audio-Visual Event Detection Segment-level F1: 41.1
Segment-levelType@Avg. F1: 48.3
Segment-level Event@Avg. F1: 51.8
Audio Event Detection Event-level F1: 42.6
Visual Event Detection Event-level F1: 46.7
Audio-Visual Event Detection Event-level F1: 32.6
Event-level Type@Avg. F1: 40.6
Event-level Event@Avg. F1: 42.0
Train Epoch: 33 [0/10000 (0%)]	Loss: 0.346422
Train Epoch: 33 [800/10000 (8%)]	Loss: 0.301820
Train Epoch: 33 [1600/10000 (16%)]	Loss: 0.296450
Train Epoch: 33 [2400/10000 (24%)]	Loss: 0.300156
Train Epoch: 33 [3200/10000 (32%)]	Loss: 0.334218
Train Epoch: 33 [4000/10000 (40%)]	Loss: 0.291260
Train Epoch: 33 [4800/10000 (48%)]	Loss: 0.371020
Train Epoch: 33 [5600/10000 (56%)]	Loss: 0.298771
Train Epoch: 33 [6400/10000 (64%)]	Loss: 0.330814
Train Epoch: 33 [7200/10000 (72%)]	Loss: 0.306130
Train Epoch: 33 [8000/10000 (80%)]	Loss: 0.312709
Train Epoch: 33 [8800/10000 (88%)]	Loss: 0.340748
Train Epoch: 33 [9600/10000 (96%)]	Loss: 0.313732
Audio Event Detection Segment-level F1: 54.4
Visual Event Detection Segment-level F1: 49.6
Audio-Visual Event Detection Segment-level F1: 41.2
Segment-levelType@Avg. F1: 48.4
Segment-level Event@Avg. F1: 51.9
Audio Event Detection Event-level F1: 42.7
Visual Event Detection Event-level F1: 46.7
Audio-Visual Event Detection Event-level F1: 32.8
Event-level Type@Avg. F1: 40.7
Event-level Event@Avg. F1: 42.1
Train Epoch: 34 [0/10000 (0%)]	Loss: 0.302762
Train Epoch: 34 [800/10000 (8%)]	Loss: 0.295048
Train Epoch: 34 [1600/10000 (16%)]	Loss: 0.278095
Train Epoch: 34 [2400/10000 (24%)]	Loss: 0.268374
Train Epoch: 34 [3200/10000 (32%)]	Loss: 0.317766
Train Epoch: 34 [4000/10000 (40%)]	Loss: 0.308442
Train Epoch: 34 [4800/10000 (48%)]	Loss: 0.304235
Train Epoch: 34 [5600/10000 (56%)]	Loss: 0.320982
Train Epoch: 34 [6400/10000 (64%)]	Loss: 0.355144
Train Epoch: 34 [7200/10000 (72%)]	Loss: 0.306547
Train Epoch: 34 [8000/10000 (80%)]	Loss: 0.288044
Train Epoch: 34 [8800/10000 (88%)]	Loss: 0.272925
Train Epoch: 34 [9600/10000 (96%)]	Loss: 0.336171
Audio Event Detection Segment-level F1: 54.4
Visual Event Detection Segment-level F1: 49.6
Audio-Visual Event Detection Segment-level F1: 41.2
Segment-levelType@Avg. F1: 48.4
Segment-level Event@Avg. F1: 51.9
Audio Event Detection Event-level F1: 42.7
Visual Event Detection Event-level F1: 46.8
Audio-Visual Event Detection Event-level F1: 32.8
Event-level Type@Avg. F1: 40.8
Event-level Event@Avg. F1: 42.1
Train Epoch: 35 [0/10000 (0%)]	Loss: 0.313968
Train Epoch: 35 [800/10000 (8%)]	Loss: 0.298983
Train Epoch: 35 [1600/10000 (16%)]	Loss: 0.296536
Train Epoch: 35 [2400/10000 (24%)]	Loss: 0.315704
Train Epoch: 35 [3200/10000 (32%)]	Loss: 0.325240
Train Epoch: 35 [4000/10000 (40%)]	Loss: 0.334018
Train Epoch: 35 [4800/10000 (48%)]	Loss: 0.282133
Train Epoch: 35 [5600/10000 (56%)]	Loss: 0.290195
Train Epoch: 35 [6400/10000 (64%)]	Loss: 0.298505
Train Epoch: 35 [7200/10000 (72%)]	Loss: 0.364907
Train Epoch: 35 [8000/10000 (80%)]	Loss: 0.330218
Train Epoch: 35 [8800/10000 (88%)]	Loss: 0.287451
Train Epoch: 35 [9600/10000 (96%)]	Loss: 0.265535
Audio Event Detection Segment-level F1: 54.3
Visual Event Detection Segment-level F1: 49.6
Audio-Visual Event Detection Segment-level F1: 41.2
Segment-levelType@Avg. F1: 48.4
Segment-level Event@Avg. F1: 51.9
Audio Event Detection Event-level F1: 42.6
Visual Event Detection Event-level F1: 46.9
Audio-Visual Event Detection Event-level F1: 32.9
Event-level Type@Avg. F1: 40.8
Event-level Event@Avg. F1: 42.2
Train Epoch: 36 [0/10000 (0%)]	Loss: 0.354190
Train Epoch: 36 [800/10000 (8%)]	Loss: 0.286364
Train Epoch: 36 [1600/10000 (16%)]	Loss: 0.319314
Train Epoch: 36 [2400/10000 (24%)]	Loss: 0.309951
Train Epoch: 36 [3200/10000 (32%)]	Loss: 0.312049
Train Epoch: 36 [4000/10000 (40%)]	Loss: 0.287661
Train Epoch: 36 [4800/10000 (48%)]	Loss: 0.305816
Train Epoch: 36 [5600/10000 (56%)]	Loss: 0.340353
Train Epoch: 36 [6400/10000 (64%)]	Loss: 0.312269
Train Epoch: 36 [7200/10000 (72%)]	Loss: 0.289811
Train Epoch: 36 [8000/10000 (80%)]	Loss: 0.307147
Train Epoch: 36 [8800/10000 (88%)]	Loss: 0.293169
Train Epoch: 36 [9600/10000 (96%)]	Loss: 0.316553
Audio Event Detection Segment-level F1: 54.4
Visual Event Detection Segment-level F1: 49.6
Audio-Visual Event Detection Segment-level F1: 41.1
Segment-levelType@Avg. F1: 48.4
Segment-level Event@Avg. F1: 51.9
Audio Event Detection Event-level F1: 42.7
Visual Event Detection Event-level F1: 46.9
Audio-Visual Event Detection Event-level F1: 32.6
Event-level Type@Avg. F1: 40.7
Event-level Event@Avg. F1: 42.2
Train Epoch: 37 [0/10000 (0%)]	Loss: 0.331855
Train Epoch: 37 [800/10000 (8%)]	Loss: 0.336751
Train Epoch: 37 [1600/10000 (16%)]	Loss: 0.325930
Train Epoch: 37 [2400/10000 (24%)]	Loss: 0.307837
Train Epoch: 37 [3200/10000 (32%)]	Loss: 0.269096
Train Epoch: 37 [4000/10000 (40%)]	Loss: 0.304488
Train Epoch: 37 [4800/10000 (48%)]	Loss: 0.248430
Train Epoch: 37 [5600/10000 (56%)]	Loss: 0.256754
Train Epoch: 37 [6400/10000 (64%)]	Loss: 0.297063
Train Epoch: 37 [7200/10000 (72%)]	Loss: 0.311856
Train Epoch: 37 [8000/10000 (80%)]	Loss: 0.303049
Train Epoch: 37 [8800/10000 (88%)]	Loss: 0.347227
Train Epoch: 37 [9600/10000 (96%)]	Loss: 0.288272
Audio Event Detection Segment-level F1: 54.5
Visual Event Detection Segment-level F1: 49.7
Audio-Visual Event Detection Segment-level F1: 41.1
Segment-levelType@Avg. F1: 48.4
Segment-level Event@Avg. F1: 51.9
Audio Event Detection Event-level F1: 42.8
Visual Event Detection Event-level F1: 46.8
Audio-Visual Event Detection Event-level F1: 32.8
Event-level Type@Avg. F1: 40.8
Event-level Event@Avg. F1: 42.2
Train Epoch: 38 [0/10000 (0%)]	Loss: 0.298940
Train Epoch: 38 [800/10000 (8%)]	Loss: 0.297910
Train Epoch: 38 [1600/10000 (16%)]	Loss: 0.325810
Train Epoch: 38 [2400/10000 (24%)]	Loss: 0.314807
Train Epoch: 38 [3200/10000 (32%)]	Loss: 0.326793
Train Epoch: 38 [4000/10000 (40%)]	Loss: 0.279148
Train Epoch: 38 [4800/10000 (48%)]	Loss: 0.286173
Train Epoch: 38 [5600/10000 (56%)]	Loss: 0.273320
Train Epoch: 38 [6400/10000 (64%)]	Loss: 0.323414
Train Epoch: 38 [7200/10000 (72%)]	Loss: 0.300792
Train Epoch: 38 [8000/10000 (80%)]	Loss: 0.307394
Train Epoch: 38 [8800/10000 (88%)]	Loss: 0.315911
Train Epoch: 38 [9600/10000 (96%)]	Loss: 0.302085
Audio Event Detection Segment-level F1: 54.4
Visual Event Detection Segment-level F1: 49.6
Audio-Visual Event Detection Segment-level F1: 41.3
Segment-levelType@Avg. F1: 48.5
Segment-level Event@Avg. F1: 51.9
Audio Event Detection Event-level F1: 42.7
Visual Event Detection Event-level F1: 46.9
Audio-Visual Event Detection Event-level F1: 33.0
Event-level Type@Avg. F1: 40.8
Event-level Event@Avg. F1: 42.1
Train Epoch: 39 [0/10000 (0%)]	Loss: 0.320039
Train Epoch: 39 [800/10000 (8%)]	Loss: 0.316626
Train Epoch: 39 [1600/10000 (16%)]	Loss: 0.339955
Train Epoch: 39 [2400/10000 (24%)]	Loss: 0.357908
Train Epoch: 39 [3200/10000 (32%)]	Loss: 0.318964
Train Epoch: 39 [4000/10000 (40%)]	Loss: 0.294711
Train Epoch: 39 [4800/10000 (48%)]	Loss: 0.281481
Train Epoch: 39 [5600/10000 (56%)]	Loss: 0.296073
Train Epoch: 39 [6400/10000 (64%)]	Loss: 0.345324
Train Epoch: 39 [7200/10000 (72%)]	Loss: 0.341228
Train Epoch: 39 [8000/10000 (80%)]	Loss: 0.343696
Train Epoch: 39 [8800/10000 (88%)]	Loss: 0.352981
Train Epoch: 39 [9600/10000 (96%)]	Loss: 0.295702
Audio Event Detection Segment-level F1: 54.4
Visual Event Detection Segment-level F1: 49.7
Audio-Visual Event Detection Segment-level F1: 41.3
Segment-levelType@Avg. F1: 48.5
Segment-level Event@Avg. F1: 51.9
Audio Event Detection Event-level F1: 42.7
Visual Event Detection Event-level F1: 46.8
Audio-Visual Event Detection Event-level F1: 33.0
Event-level Type@Avg. F1: 40.8
Event-level Event@Avg. F1: 42.1
Train Epoch: 40 [0/10000 (0%)]	Loss: 0.290819
Train Epoch: 40 [800/10000 (8%)]	Loss: 0.290288
Train Epoch: 40 [1600/10000 (16%)]	Loss: 0.319088
Train Epoch: 40 [2400/10000 (24%)]	Loss: 0.299082
Train Epoch: 40 [3200/10000 (32%)]	Loss: 0.346840
Train Epoch: 40 [4000/10000 (40%)]	Loss: 0.335729
Train Epoch: 40 [4800/10000 (48%)]	Loss: 0.296091
Train Epoch: 40 [5600/10000 (56%)]	Loss: 0.262167
Train Epoch: 40 [6400/10000 (64%)]	Loss: 0.288343
Train Epoch: 40 [7200/10000 (72%)]	Loss: 0.257252
Train Epoch: 40 [8000/10000 (80%)]	Loss: 0.284260
Train Epoch: 40 [8800/10000 (88%)]	Loss: 0.306331
Train Epoch: 40 [9600/10000 (96%)]	Loss: 0.312750
Audio Event Detection Segment-level F1: 54.5
Visual Event Detection Segment-level F1: 49.7
Audio-Visual Event Detection Segment-level F1: 41.4
Segment-levelType@Avg. F1: 48.5
Segment-level Event@Avg. F1: 52.0
Audio Event Detection Event-level F1: 42.8
Visual Event Detection Event-level F1: 46.9
Audio-Visual Event Detection Event-level F1: 33.1
Event-level Type@Avg. F1: 40.9
Event-level Event@Avg. F1: 42.2
