111111111111
Train Epoch: 1 [0/10000 (0%)]	Loss: 2.168506
Train Epoch: 1 [800/10000 (8%)]	Loss: 0.620665
Train Epoch: 1 [1600/10000 (16%)]	Loss: 0.595363
Train Epoch: 1 [2400/10000 (24%)]	Loss: 0.507228
Train Epoch: 1 [3200/10000 (32%)]	Loss: 0.483478
Train Epoch: 1 [4000/10000 (40%)]	Loss: 0.456770
Train Epoch: 1 [4800/10000 (48%)]	Loss: 0.511989
Train Epoch: 1 [5600/10000 (56%)]	Loss: 0.444226
Train Epoch: 1 [6400/10000 (64%)]	Loss: 0.518079
Train Epoch: 1 [7200/10000 (72%)]	Loss: 0.393176
Train Epoch: 1 [8000/10000 (80%)]	Loss: 0.440817
Train Epoch: 1 [8800/10000 (88%)]	Loss: 0.463626
Train Epoch: 1 [9600/10000 (96%)]	Loss: 0.422853
Audio Event Detection Segment-level F1: 53.5
Visual Event Detection Segment-level F1: 49.4
Audio-Visual Event Detection Segment-level F1: 41.3
Segment-levelType@Avg. F1: 48.1
Segment-level Event@Avg. F1: 51.7
Audio Event Detection Event-level F1: 45.6
Visual Event Detection Event-level F1: 45.7
Audio-Visual Event Detection Event-level F1: 35.2
Event-level Type@Avg. F1: 42.2
Event-level Event@Avg. F1: 43.9
Train Epoch: 2 [0/10000 (0%)]	Loss: 0.400692
Train Epoch: 2 [800/10000 (8%)]	Loss: 0.461976
Train Epoch: 2 [1600/10000 (16%)]	Loss: 0.430378
Train Epoch: 2 [2400/10000 (24%)]	Loss: 0.390081
Train Epoch: 2 [3200/10000 (32%)]	Loss: 0.478599
Train Epoch: 2 [4000/10000 (40%)]	Loss: 0.418626
Train Epoch: 2 [4800/10000 (48%)]	Loss: 0.417508
Train Epoch: 2 [5600/10000 (56%)]	Loss: 0.562166
Train Epoch: 2 [6400/10000 (64%)]	Loss: 0.470512
Train Epoch: 2 [7200/10000 (72%)]	Loss: 0.417234
Train Epoch: 2 [8000/10000 (80%)]	Loss: 0.428712
Train Epoch: 2 [8800/10000 (88%)]	Loss: 0.430942
Train Epoch: 2 [9600/10000 (96%)]	Loss: 0.398251
Audio Event Detection Segment-level F1: 53.0
Visual Event Detection Segment-level F1: 51.0
Audio-Visual Event Detection Segment-level F1: 42.2
Segment-levelType@Avg. F1: 48.8
Segment-level Event@Avg. F1: 51.1
Audio Event Detection Event-level F1: 44.8
Visual Event Detection Event-level F1: 47.0
Audio-Visual Event Detection Event-level F1: 35.7
Event-level Type@Avg. F1: 42.5
Event-level Event@Avg. F1: 43.4
Train Epoch: 3 [0/10000 (0%)]	Loss: 0.376564
Train Epoch: 3 [800/10000 (8%)]	Loss: 0.431941
Train Epoch: 3 [1600/10000 (16%)]	Loss: 0.424891
Train Epoch: 3 [2400/10000 (24%)]	Loss: 0.431006
Train Epoch: 3 [3200/10000 (32%)]	Loss: 0.371283
Train Epoch: 3 [4000/10000 (40%)]	Loss: 0.401618
Train Epoch: 3 [4800/10000 (48%)]	Loss: 0.532415
Train Epoch: 3 [5600/10000 (56%)]	Loss: 0.400258
Train Epoch: 3 [6400/10000 (64%)]	Loss: 0.347878
Train Epoch: 3 [7200/10000 (72%)]	Loss: 0.376483
Train Epoch: 3 [8000/10000 (80%)]	Loss: 0.373495
Train Epoch: 3 [8800/10000 (88%)]	Loss: 0.375888
Train Epoch: 3 [9600/10000 (96%)]	Loss: 0.355710
Audio Event Detection Segment-level F1: 51.4
Visual Event Detection Segment-level F1: 54.1
Audio-Visual Event Detection Segment-level F1: 40.1
Segment-levelType@Avg. F1: 48.6
Segment-level Event@Avg. F1: 53.2
Audio Event Detection Event-level F1: 42.7
Visual Event Detection Event-level F1: 50.0
Audio-Visual Event Detection Event-level F1: 33.0
Event-level Type@Avg. F1: 41.9
Event-level Event@Avg. F1: 45.0
Train Epoch: 4 [0/10000 (0%)]	Loss: 0.411588
Train Epoch: 4 [800/10000 (8%)]	Loss: 0.410198
Train Epoch: 4 [1600/10000 (16%)]	Loss: 0.421203
Train Epoch: 4 [2400/10000 (24%)]	Loss: 0.350170
Train Epoch: 4 [3200/10000 (32%)]	Loss: 0.338540
Train Epoch: 4 [4000/10000 (40%)]	Loss: 0.390920
Train Epoch: 4 [4800/10000 (48%)]	Loss: 0.312809
Train Epoch: 4 [5600/10000 (56%)]	Loss: 0.397146
Train Epoch: 4 [6400/10000 (64%)]	Loss: 0.430059
Train Epoch: 4 [7200/10000 (72%)]	Loss: 0.355610
Train Epoch: 4 [8000/10000 (80%)]	Loss: 0.405605
Train Epoch: 4 [8800/10000 (88%)]	Loss: 0.359971
Train Epoch: 4 [9600/10000 (96%)]	Loss: 0.379891
Audio Event Detection Segment-level F1: 53.0
Visual Event Detection Segment-level F1: 52.7
Audio-Visual Event Detection Segment-level F1: 42.3
Segment-levelType@Avg. F1: 49.3
Segment-level Event@Avg. F1: 52.7
Audio Event Detection Event-level F1: 44.1
Visual Event Detection Event-level F1: 48.1
Audio-Visual Event Detection Event-level F1: 35.2
Event-level Type@Avg. F1: 42.5
Event-level Event@Avg. F1: 44.3
Train Epoch: 5 [0/10000 (0%)]	Loss: 0.397668
Train Epoch: 5 [800/10000 (8%)]	Loss: 0.399277
Train Epoch: 5 [1600/10000 (16%)]	Loss: 0.416709
Train Epoch: 5 [2400/10000 (24%)]	Loss: 0.399900
Train Epoch: 5 [3200/10000 (32%)]	Loss: 0.367749
Train Epoch: 5 [4000/10000 (40%)]	Loss: 0.453027
Train Epoch: 5 [4800/10000 (48%)]	Loss: 0.387339
Train Epoch: 5 [5600/10000 (56%)]	Loss: 0.341460
Train Epoch: 5 [6400/10000 (64%)]	Loss: 0.425801
Train Epoch: 5 [7200/10000 (72%)]	Loss: 0.392139
Train Epoch: 5 [8000/10000 (80%)]	Loss: 0.347534
Train Epoch: 5 [8800/10000 (88%)]	Loss: 0.408854
Train Epoch: 5 [9600/10000 (96%)]	Loss: 0.429595
Audio Event Detection Segment-level F1: 55.1
Visual Event Detection Segment-level F1: 55.3
Audio-Visual Event Detection Segment-level F1: 45.9
Segment-levelType@Avg. F1: 52.1
Segment-level Event@Avg. F1: 54.4
Audio Event Detection Event-level F1: 45.9
Visual Event Detection Event-level F1: 50.7
Audio-Visual Event Detection Event-level F1: 37.5
Event-level Type@Avg. F1: 44.7
Event-level Event@Avg. F1: 46.4
Train Epoch: 6 [0/10000 (0%)]	Loss: 0.391321
Train Epoch: 6 [800/10000 (8%)]	Loss: 0.387070
Train Epoch: 6 [1600/10000 (16%)]	Loss: 0.395908
Train Epoch: 6 [2400/10000 (24%)]	Loss: 0.408163
Train Epoch: 6 [3200/10000 (32%)]	Loss: 0.431524
Train Epoch: 6 [4000/10000 (40%)]	Loss: 0.383287
Train Epoch: 6 [4800/10000 (48%)]	Loss: 0.376509
Train Epoch: 6 [5600/10000 (56%)]	Loss: 0.342641
Train Epoch: 6 [6400/10000 (64%)]	Loss: 0.325778
Train Epoch: 6 [7200/10000 (72%)]	Loss: 0.399849
Train Epoch: 6 [8000/10000 (80%)]	Loss: 0.405434
Train Epoch: 6 [8800/10000 (88%)]	Loss: 0.416663
Train Epoch: 6 [9600/10000 (96%)]	Loss: 0.401778
Audio Event Detection Segment-level F1: 52.4
Visual Event Detection Segment-level F1: 54.9
Audio-Visual Event Detection Segment-level F1: 43.6
Segment-levelType@Avg. F1: 50.3
Segment-level Event@Avg. F1: 53.0
Audio Event Detection Event-level F1: 43.6
Visual Event Detection Event-level F1: 50.3
Audio-Visual Event Detection Event-level F1: 36.2
Event-level Type@Avg. F1: 43.4
Event-level Event@Avg. F1: 44.2
Train Epoch: 7 [0/10000 (0%)]	Loss: 0.379229
Train Epoch: 7 [800/10000 (8%)]	Loss: 0.345261
Train Epoch: 7 [1600/10000 (16%)]	Loss: 0.413128
Train Epoch: 7 [2400/10000 (24%)]	Loss: 0.378600
Train Epoch: 7 [3200/10000 (32%)]	Loss: 0.302547
Train Epoch: 7 [4000/10000 (40%)]	Loss: 0.368407
Train Epoch: 7 [4800/10000 (48%)]	Loss: 0.363435
Train Epoch: 7 [5600/10000 (56%)]	Loss: 0.438644
Train Epoch: 7 [6400/10000 (64%)]	Loss: 0.433545
Train Epoch: 7 [7200/10000 (72%)]	Loss: 0.349375
Train Epoch: 7 [8000/10000 (80%)]	Loss: 0.390792
Train Epoch: 7 [8800/10000 (88%)]	Loss: 0.385513
Train Epoch: 7 [9600/10000 (96%)]	Loss: 0.484724
Audio Event Detection Segment-level F1: 55.4
Visual Event Detection Segment-level F1: 55.4
Audio-Visual Event Detection Segment-level F1: 45.0
Segment-levelType@Avg. F1: 51.9
Segment-level Event@Avg. F1: 55.4
Audio Event Detection Event-level F1: 47.2
Visual Event Detection Event-level F1: 50.7
Audio-Visual Event Detection Event-level F1: 38.3
Event-level Type@Avg. F1: 45.4
Event-level Event@Avg. F1: 47.2
Train Epoch: 8 [0/10000 (0%)]	Loss: 0.399739
Train Epoch: 8 [800/10000 (8%)]	Loss: 0.350886
Train Epoch: 8 [1600/10000 (16%)]	Loss: 0.343864
Train Epoch: 8 [2400/10000 (24%)]	Loss: 0.380515
Train Epoch: 8 [3200/10000 (32%)]	Loss: 0.361846
Train Epoch: 8 [4000/10000 (40%)]	Loss: 0.319483
Train Epoch: 8 [4800/10000 (48%)]	Loss: 0.378550
Train Epoch: 8 [5600/10000 (56%)]	Loss: 0.376608
Train Epoch: 8 [6400/10000 (64%)]	Loss: 0.394335
Train Epoch: 8 [7200/10000 (72%)]	Loss: 0.385440
Train Epoch: 8 [8000/10000 (80%)]	Loss: 0.345981
Train Epoch: 8 [8800/10000 (88%)]	Loss: 0.360138
Train Epoch: 8 [9600/10000 (96%)]	Loss: 0.480014
Audio Event Detection Segment-level F1: 53.1
Visual Event Detection Segment-level F1: 39.2
Audio-Visual Event Detection Segment-level F1: 35.0
Segment-levelType@Avg. F1: 42.4
Segment-level Event@Avg. F1: 46.6
Audio Event Detection Event-level F1: 45.8
Visual Event Detection Event-level F1: 36.1
Audio-Visual Event Detection Event-level F1: 30.0
Event-level Type@Avg. F1: 37.3
Event-level Event@Avg. F1: 40.5
Train Epoch: 9 [0/10000 (0%)]	Loss: 0.352608
Train Epoch: 9 [800/10000 (8%)]	Loss: 0.381877
Train Epoch: 9 [1600/10000 (16%)]	Loss: 0.317301
Train Epoch: 9 [2400/10000 (24%)]	Loss: 0.406190
Train Epoch: 9 [3200/10000 (32%)]	Loss: 0.295403
Train Epoch: 9 [4000/10000 (40%)]	Loss: 0.352539
Train Epoch: 9 [4800/10000 (48%)]	Loss: 0.367687
Train Epoch: 9 [5600/10000 (56%)]	Loss: 0.316986
Train Epoch: 9 [6400/10000 (64%)]	Loss: 0.368025
Train Epoch: 9 [7200/10000 (72%)]	Loss: 0.330472
Train Epoch: 9 [8000/10000 (80%)]	Loss: 0.354767
Train Epoch: 9 [8800/10000 (88%)]	Loss: 0.377678
Train Epoch: 9 [9600/10000 (96%)]	Loss: 0.367534
Audio Event Detection Segment-level F1: 56.3
Visual Event Detection Segment-level F1: 52.7
Audio-Visual Event Detection Segment-level F1: 43.4
Segment-levelType@Avg. F1: 50.8
Segment-level Event@Avg. F1: 54.6
Audio Event Detection Event-level F1: 46.7
Visual Event Detection Event-level F1: 48.7
Audio-Visual Event Detection Event-level F1: 36.2
Event-level Type@Avg. F1: 43.8
Event-level Event@Avg. F1: 46.0
Train Epoch: 10 [0/10000 (0%)]	Loss: 0.354042
Train Epoch: 10 [800/10000 (8%)]	Loss: 0.395021
Train Epoch: 10 [1600/10000 (16%)]	Loss: 0.320675
Train Epoch: 10 [2400/10000 (24%)]	Loss: 0.358038
Train Epoch: 10 [3200/10000 (32%)]	Loss: 0.351841
Train Epoch: 10 [4000/10000 (40%)]	Loss: 0.388687
Train Epoch: 10 [4800/10000 (48%)]	Loss: 0.461069
Train Epoch: 10 [5600/10000 (56%)]	Loss: 0.397252
Train Epoch: 10 [6400/10000 (64%)]	Loss: 0.389384
Train Epoch: 10 [7200/10000 (72%)]	Loss: 0.365198
Train Epoch: 10 [8000/10000 (80%)]	Loss: 0.447753
Train Epoch: 10 [8800/10000 (88%)]	Loss: 0.359156
Train Epoch: 10 [9600/10000 (96%)]	Loss: 0.340208
Audio Event Detection Segment-level F1: 55.9
Visual Event Detection Segment-level F1: 48.3
Audio-Visual Event Detection Segment-level F1: 42.1
Segment-levelType@Avg. F1: 48.8
Segment-level Event@Avg. F1: 52.3
Audio Event Detection Event-level F1: 46.9
Visual Event Detection Event-level F1: 44.7
Audio-Visual Event Detection Event-level F1: 35.3
Event-level Type@Avg. F1: 42.3
Event-level Event@Avg. F1: 44.9
Train Epoch: 11 [0/10000 (0%)]	Loss: 0.350240
Train Epoch: 11 [800/10000 (8%)]	Loss: 0.409050
Train Epoch: 11 [1600/10000 (16%)]	Loss: 0.351611
Train Epoch: 11 [2400/10000 (24%)]	Loss: 0.346562
Train Epoch: 11 [3200/10000 (32%)]	Loss: 0.389952
Train Epoch: 11 [4000/10000 (40%)]	Loss: 0.311968
Train Epoch: 11 [4800/10000 (48%)]	Loss: 0.347574
Train Epoch: 11 [5600/10000 (56%)]	Loss: 0.324216
Train Epoch: 11 [6400/10000 (64%)]	Loss: 0.344395
Train Epoch: 11 [7200/10000 (72%)]	Loss: 0.349195
Train Epoch: 11 [8000/10000 (80%)]	Loss: 0.382597
Train Epoch: 11 [8800/10000 (88%)]	Loss: 0.368058
Train Epoch: 11 [9600/10000 (96%)]	Loss: 0.392177
Audio Event Detection Segment-level F1: 57.1
Visual Event Detection Segment-level F1: 52.3
Audio-Visual Event Detection Segment-level F1: 45.3
Segment-levelType@Avg. F1: 51.6
Segment-level Event@Avg. F1: 54.4
Audio Event Detection Event-level F1: 48.0
Visual Event Detection Event-level F1: 48.3
Audio-Visual Event Detection Event-level F1: 38.5
Event-level Type@Avg. F1: 45.0
Event-level Event@Avg. F1: 46.4
Train Epoch: 12 [0/10000 (0%)]	Loss: 0.358357
Train Epoch: 12 [800/10000 (8%)]	Loss: 0.308442
Train Epoch: 12 [1600/10000 (16%)]	Loss: 0.351344
Train Epoch: 12 [2400/10000 (24%)]	Loss: 0.356503
Train Epoch: 12 [3200/10000 (32%)]	Loss: 0.320744
Train Epoch: 12 [4000/10000 (40%)]	Loss: 0.422063
Train Epoch: 12 [4800/10000 (48%)]	Loss: 0.326657
Train Epoch: 12 [5600/10000 (56%)]	Loss: 0.335831
Train Epoch: 12 [6400/10000 (64%)]	Loss: 0.346842
Train Epoch: 12 [7200/10000 (72%)]	Loss: 0.334831
Train Epoch: 12 [8000/10000 (80%)]	Loss: 0.344262
Train Epoch: 12 [8800/10000 (88%)]	Loss: 0.362550
Train Epoch: 12 [9600/10000 (96%)]	Loss: 0.380941
Audio Event Detection Segment-level F1: 57.2
Visual Event Detection Segment-level F1: 52.6
Audio-Visual Event Detection Segment-level F1: 45.5
Segment-levelType@Avg. F1: 51.8
Segment-level Event@Avg. F1: 54.5
Audio Event Detection Event-level F1: 47.4
Visual Event Detection Event-level F1: 48.5
Audio-Visual Event Detection Event-level F1: 38.5
Event-level Type@Avg. F1: 44.8
Event-level Event@Avg. F1: 45.9
Train Epoch: 13 [0/10000 (0%)]	Loss: 0.324968
Train Epoch: 13 [800/10000 (8%)]	Loss: 0.385766
Train Epoch: 13 [1600/10000 (16%)]	Loss: 0.357143
Train Epoch: 13 [2400/10000 (24%)]	Loss: 0.317685
Train Epoch: 13 [3200/10000 (32%)]	Loss: 0.397121
Train Epoch: 13 [4000/10000 (40%)]	Loss: 0.375462
Train Epoch: 13 [4800/10000 (48%)]	Loss: 0.329966
Train Epoch: 13 [5600/10000 (56%)]	Loss: 0.359647
Train Epoch: 13 [6400/10000 (64%)]	Loss: 0.302542
Train Epoch: 13 [7200/10000 (72%)]	Loss: 0.317806
Train Epoch: 13 [8000/10000 (80%)]	Loss: 0.379767
Train Epoch: 13 [8800/10000 (88%)]	Loss: 0.331278
Train Epoch: 13 [9600/10000 (96%)]	Loss: 0.336917
Audio Event Detection Segment-level F1: 57.3
Visual Event Detection Segment-level F1: 53.0
Audio-Visual Event Detection Segment-level F1: 46.0
Segment-levelType@Avg. F1: 52.1
Segment-level Event@Avg. F1: 54.5
Audio Event Detection Event-level F1: 47.5
Visual Event Detection Event-level F1: 48.6
Audio-Visual Event Detection Event-level F1: 38.8
Event-level Type@Avg. F1: 45.0
Event-level Event@Avg. F1: 45.8
Train Epoch: 14 [0/10000 (0%)]	Loss: 0.290280
Train Epoch: 14 [800/10000 (8%)]	Loss: 0.310236
Train Epoch: 14 [1600/10000 (16%)]	Loss: 0.291311
Train Epoch: 14 [2400/10000 (24%)]	Loss: 0.313625
Train Epoch: 14 [3200/10000 (32%)]	Loss: 0.346483
Train Epoch: 14 [4000/10000 (40%)]	Loss: 0.370944
Train Epoch: 14 [4800/10000 (48%)]	Loss: 0.320168
Train Epoch: 14 [5600/10000 (56%)]	Loss: 0.328760
Train Epoch: 14 [6400/10000 (64%)]	Loss: 0.330256
Train Epoch: 14 [7200/10000 (72%)]	Loss: 0.313129
Train Epoch: 14 [8000/10000 (80%)]	Loss: 0.338732
Train Epoch: 14 [8800/10000 (88%)]	Loss: 0.303207
Train Epoch: 14 [9600/10000 (96%)]	Loss: 0.321407
Audio Event Detection Segment-level F1: 56.7
Visual Event Detection Segment-level F1: 51.7
Audio-Visual Event Detection Segment-level F1: 44.9
Segment-levelType@Avg. F1: 51.1
Segment-level Event@Avg. F1: 53.9
Audio Event Detection Event-level F1: 47.4
Visual Event Detection Event-level F1: 48.2
Audio-Visual Event Detection Event-level F1: 38.3
Event-level Type@Avg. F1: 44.6
Event-level Event@Avg. F1: 45.7
Train Epoch: 15 [0/10000 (0%)]	Loss: 0.352793
Train Epoch: 15 [800/10000 (8%)]	Loss: 0.351632
Train Epoch: 15 [1600/10000 (16%)]	Loss: 0.318741
Train Epoch: 15 [2400/10000 (24%)]	Loss: 0.343950
Train Epoch: 15 [3200/10000 (32%)]	Loss: 0.308977
Train Epoch: 15 [4000/10000 (40%)]	Loss: 0.279072
Train Epoch: 15 [4800/10000 (48%)]	Loss: 0.298375
Train Epoch: 15 [5600/10000 (56%)]	Loss: 0.358259
Train Epoch: 15 [6400/10000 (64%)]	Loss: 0.357491
Train Epoch: 15 [7200/10000 (72%)]	Loss: 0.352103
Train Epoch: 15 [8000/10000 (80%)]	Loss: 0.409543
Train Epoch: 15 [8800/10000 (88%)]	Loss: 0.309630
Train Epoch: 15 [9600/10000 (96%)]	Loss: 0.294905
Audio Event Detection Segment-level F1: 57.7
Visual Event Detection Segment-level F1: 52.2
Audio-Visual Event Detection Segment-level F1: 45.9
Segment-levelType@Avg. F1: 51.9
Segment-level Event@Avg. F1: 54.6
Audio Event Detection Event-level F1: 48.3
Visual Event Detection Event-level F1: 49.4
Audio-Visual Event Detection Event-level F1: 40.0
Event-level Type@Avg. F1: 45.9
Event-level Event@Avg. F1: 46.9
Train Epoch: 16 [0/10000 (0%)]	Loss: 0.329025
Train Epoch: 16 [800/10000 (8%)]	Loss: 0.347758
Train Epoch: 16 [1600/10000 (16%)]	Loss: 0.334340
Train Epoch: 16 [2400/10000 (24%)]	Loss: 0.342464
Train Epoch: 16 [3200/10000 (32%)]	Loss: 0.282598
Train Epoch: 16 [4000/10000 (40%)]	Loss: 0.297672
Train Epoch: 16 [4800/10000 (48%)]	Loss: 0.357691
Train Epoch: 16 [5600/10000 (56%)]	Loss: 0.307953
Train Epoch: 16 [6400/10000 (64%)]	Loss: 0.410818
Train Epoch: 16 [7200/10000 (72%)]	Loss: 0.348067
Train Epoch: 16 [8000/10000 (80%)]	Loss: 0.289203
Train Epoch: 16 [8800/10000 (88%)]	Loss: 0.288772
Train Epoch: 16 [9600/10000 (96%)]	Loss: 0.371962
Audio Event Detection Segment-level F1: 58.0
Visual Event Detection Segment-level F1: 54.0
Audio-Visual Event Detection Segment-level F1: 47.0
Segment-levelType@Avg. F1: 53.0
Segment-level Event@Avg. F1: 55.5
Audio Event Detection Event-level F1: 48.5
Visual Event Detection Event-level F1: 50.4
Audio-Visual Event Detection Event-level F1: 40.3
Event-level Type@Avg. F1: 46.4
Event-level Event@Avg. F1: 47.2
Train Epoch: 17 [0/10000 (0%)]	Loss: 0.333434
Train Epoch: 17 [800/10000 (8%)]	Loss: 0.297560
Train Epoch: 17 [1600/10000 (16%)]	Loss: 0.344680
Train Epoch: 17 [2400/10000 (24%)]	Loss: 0.326798
Train Epoch: 17 [3200/10000 (32%)]	Loss: 0.344145
Train Epoch: 17 [4000/10000 (40%)]	Loss: 0.309331
Train Epoch: 17 [4800/10000 (48%)]	Loss: 0.284175
Train Epoch: 17 [5600/10000 (56%)]	Loss: 0.329568
Train Epoch: 17 [6400/10000 (64%)]	Loss: 0.310384
Train Epoch: 17 [7200/10000 (72%)]	Loss: 0.315726
Train Epoch: 17 [8000/10000 (80%)]	Loss: 0.339091
Train Epoch: 17 [8800/10000 (88%)]	Loss: 0.313470
Train Epoch: 17 [9600/10000 (96%)]	Loss: 0.354613
Audio Event Detection Segment-level F1: 57.1
Visual Event Detection Segment-level F1: 54.7
Audio-Visual Event Detection Segment-level F1: 47.1
Segment-levelType@Avg. F1: 53.0
Segment-level Event@Avg. F1: 55.0
Audio Event Detection Event-level F1: 47.5
Visual Event Detection Event-level F1: 51.4
Audio-Visual Event Detection Event-level F1: 40.4
Event-level Type@Avg. F1: 46.4
Event-level Event@Avg. F1: 46.5
Train Epoch: 18 [0/10000 (0%)]	Loss: 0.287534
Train Epoch: 18 [800/10000 (8%)]	Loss: 0.331933
Train Epoch: 18 [1600/10000 (16%)]	Loss: 0.346546
Train Epoch: 18 [2400/10000 (24%)]	Loss: 0.321841
Train Epoch: 18 [3200/10000 (32%)]	Loss: 0.380694
Train Epoch: 18 [4000/10000 (40%)]	Loss: 0.326506
Train Epoch: 18 [4800/10000 (48%)]	Loss: 0.277457
Train Epoch: 18 [5600/10000 (56%)]	Loss: 0.322708
Train Epoch: 18 [6400/10000 (64%)]	Loss: 0.405785
Train Epoch: 18 [7200/10000 (72%)]	Loss: 0.351050
Train Epoch: 18 [8000/10000 (80%)]	Loss: 0.280410
Train Epoch: 18 [8800/10000 (88%)]	Loss: 0.330765
Train Epoch: 18 [9600/10000 (96%)]	Loss: 0.323750
Audio Event Detection Segment-level F1: 57.4
Visual Event Detection Segment-level F1: 52.2
Audio-Visual Event Detection Segment-level F1: 45.7
Segment-levelType@Avg. F1: 51.8
Segment-level Event@Avg. F1: 54.2
Audio Event Detection Event-level F1: 47.7
Visual Event Detection Event-level F1: 48.4
Audio-Visual Event Detection Event-level F1: 39.0
Event-level Type@Avg. F1: 45.0
Event-level Event@Avg. F1: 45.8
Train Epoch: 19 [0/10000 (0%)]	Loss: 0.355821
Train Epoch: 19 [800/10000 (8%)]	Loss: 0.294015
Train Epoch: 19 [1600/10000 (16%)]	Loss: 0.306695
Train Epoch: 19 [2400/10000 (24%)]	Loss: 0.373514
Train Epoch: 19 [3200/10000 (32%)]	Loss: 0.311772
Train Epoch: 19 [4000/10000 (40%)]	Loss: 0.326777
Train Epoch: 19 [4800/10000 (48%)]	Loss: 0.323985
Train Epoch: 19 [5600/10000 (56%)]	Loss: 0.323894
Train Epoch: 19 [6400/10000 (64%)]	Loss: 0.339779
Train Epoch: 19 [7200/10000 (72%)]	Loss: 0.266294
Train Epoch: 19 [8000/10000 (80%)]	Loss: 0.266010
Train Epoch: 19 [8800/10000 (88%)]	Loss: 0.324704
Train Epoch: 19 [9600/10000 (96%)]	Loss: 0.361597
Audio Event Detection Segment-level F1: 58.1
Visual Event Detection Segment-level F1: 51.9
Audio-Visual Event Detection Segment-level F1: 45.6
Segment-levelType@Avg. F1: 51.9
Segment-level Event@Avg. F1: 54.7
Audio Event Detection Event-level F1: 48.7
Visual Event Detection Event-level F1: 48.3
Audio-Visual Event Detection Event-level F1: 38.8
Event-level Type@Avg. F1: 45.3
Event-level Event@Avg. F1: 46.8
Train Epoch: 20 [0/10000 (0%)]	Loss: 0.316856
Train Epoch: 20 [800/10000 (8%)]	Loss: 0.313101
Train Epoch: 20 [1600/10000 (16%)]	Loss: 0.285385
Train Epoch: 20 [2400/10000 (24%)]	Loss: 0.308503
Train Epoch: 20 [3200/10000 (32%)]	Loss: 0.386895
Train Epoch: 20 [4000/10000 (40%)]	Loss: 0.376446
Train Epoch: 20 [4800/10000 (48%)]	Loss: 0.332983
Train Epoch: 20 [5600/10000 (56%)]	Loss: 0.276552
Train Epoch: 20 [6400/10000 (64%)]	Loss: 0.316074
Train Epoch: 20 [7200/10000 (72%)]	Loss: 0.296093
Train Epoch: 20 [8000/10000 (80%)]	Loss: 0.310630
Train Epoch: 20 [8800/10000 (88%)]	Loss: 0.287183
Train Epoch: 20 [9600/10000 (96%)]	Loss: 0.302496
Audio Event Detection Segment-level F1: 57.9
Visual Event Detection Segment-level F1: 54.2
Audio-Visual Event Detection Segment-level F1: 47.5
Segment-levelType@Avg. F1: 53.2
Segment-level Event@Avg. F1: 55.6
Audio Event Detection Event-level F1: 48.6
Visual Event Detection Event-level F1: 50.4
Audio-Visual Event Detection Event-level F1: 40.6
Event-level Type@Avg. F1: 46.5
Event-level Event@Avg. F1: 47.3
Train Epoch: 21 [0/10000 (0%)]	Loss: 0.305993
Train Epoch: 21 [800/10000 (8%)]	Loss: 0.311915
Train Epoch: 21 [1600/10000 (16%)]	Loss: 0.320715
Train Epoch: 21 [2400/10000 (24%)]	Loss: 0.313445
Train Epoch: 21 [3200/10000 (32%)]	Loss: 0.333939
Train Epoch: 21 [4000/10000 (40%)]	Loss: 0.401395
Train Epoch: 21 [4800/10000 (48%)]	Loss: 0.295508
Train Epoch: 21 [5600/10000 (56%)]	Loss: 0.316993
Train Epoch: 21 [6400/10000 (64%)]	Loss: 0.270226
Train Epoch: 21 [7200/10000 (72%)]	Loss: 0.329193
Train Epoch: 21 [8000/10000 (80%)]	Loss: 0.289166
Train Epoch: 21 [8800/10000 (88%)]	Loss: 0.318508
Train Epoch: 21 [9600/10000 (96%)]	Loss: 0.309262
Audio Event Detection Segment-level F1: 58.1
Visual Event Detection Segment-level F1: 54.2
Audio-Visual Event Detection Segment-level F1: 48.3
Segment-levelType@Avg. F1: 53.5
Segment-level Event@Avg. F1: 55.5
Audio Event Detection Event-level F1: 48.7
Visual Event Detection Event-level F1: 50.6
Audio-Visual Event Detection Event-level F1: 41.6
Event-level Type@Avg. F1: 46.9
Event-level Event@Avg. F1: 47.5
Train Epoch: 22 [0/10000 (0%)]	Loss: 0.290716
Train Epoch: 22 [800/10000 (8%)]	Loss: 0.341611
Train Epoch: 22 [1600/10000 (16%)]	Loss: 0.275120
Train Epoch: 22 [2400/10000 (24%)]	Loss: 0.264634
Train Epoch: 22 [3200/10000 (32%)]	Loss: 0.265072
Train Epoch: 22 [4000/10000 (40%)]	Loss: 0.292661
Train Epoch: 22 [4800/10000 (48%)]	Loss: 0.343289
Train Epoch: 22 [5600/10000 (56%)]	Loss: 0.286001
Train Epoch: 22 [6400/10000 (64%)]	Loss: 0.268395
Train Epoch: 22 [7200/10000 (72%)]	Loss: 0.271039
Train Epoch: 22 [8000/10000 (80%)]	Loss: 0.307944
Train Epoch: 22 [8800/10000 (88%)]	Loss: 0.268169
Train Epoch: 22 [9600/10000 (96%)]	Loss: 0.293100
Audio Event Detection Segment-level F1: 58.1
Visual Event Detection Segment-level F1: 54.8
Audio-Visual Event Detection Segment-level F1: 48.8
Segment-levelType@Avg. F1: 53.9
Segment-level Event@Avg. F1: 55.6
Audio Event Detection Event-level F1: 48.5
Visual Event Detection Event-level F1: 50.8
Audio-Visual Event Detection Event-level F1: 41.5
Event-level Type@Avg. F1: 46.9
Event-level Event@Avg. F1: 47.2
Train Epoch: 23 [0/10000 (0%)]	Loss: 0.286768
Train Epoch: 23 [800/10000 (8%)]	Loss: 0.303270
Train Epoch: 23 [1600/10000 (16%)]	Loss: 0.278518
Train Epoch: 23 [2400/10000 (24%)]	Loss: 0.372833
Train Epoch: 23 [3200/10000 (32%)]	Loss: 0.311151
Train Epoch: 23 [4000/10000 (40%)]	Loss: 0.290117
Train Epoch: 23 [4800/10000 (48%)]	Loss: 0.279282
Train Epoch: 23 [5600/10000 (56%)]	Loss: 0.348210
Train Epoch: 23 [6400/10000 (64%)]	Loss: 0.281469
Train Epoch: 23 [7200/10000 (72%)]	Loss: 0.372790
Train Epoch: 23 [8000/10000 (80%)]	Loss: 0.342480
Train Epoch: 23 [8800/10000 (88%)]	Loss: 0.272015
Train Epoch: 23 [9600/10000 (96%)]	Loss: 0.346962
Audio Event Detection Segment-level F1: 58.0
Visual Event Detection Segment-level F1: 54.3
Audio-Visual Event Detection Segment-level F1: 48.0
Segment-levelType@Avg. F1: 53.4
Segment-level Event@Avg. F1: 55.6
Audio Event Detection Event-level F1: 48.2
Visual Event Detection Event-level F1: 50.3
Audio-Visual Event Detection Event-level F1: 40.7
Event-level Type@Avg. F1: 46.4
Event-level Event@Avg. F1: 47.0
Train Epoch: 24 [0/10000 (0%)]	Loss: 0.293107
Train Epoch: 24 [800/10000 (8%)]	Loss: 0.303596
Train Epoch: 24 [1600/10000 (16%)]	Loss: 0.267933
Train Epoch: 24 [2400/10000 (24%)]	Loss: 0.286616
Train Epoch: 24 [3200/10000 (32%)]	Loss: 0.393869
Train Epoch: 24 [4000/10000 (40%)]	Loss: 0.324751
Train Epoch: 24 [4800/10000 (48%)]	Loss: 0.285229
Train Epoch: 24 [5600/10000 (56%)]	Loss: 0.291890
Train Epoch: 24 [6400/10000 (64%)]	Loss: 0.341459
Train Epoch: 24 [7200/10000 (72%)]	Loss: 0.290843
Train Epoch: 24 [8000/10000 (80%)]	Loss: 0.311754
Train Epoch: 24 [8800/10000 (88%)]	Loss: 0.307510
Train Epoch: 24 [9600/10000 (96%)]	Loss: 0.289005
Audio Event Detection Segment-level F1: 58.2
Visual Event Detection Segment-level F1: 54.2
Audio-Visual Event Detection Segment-level F1: 48.2
Segment-levelType@Avg. F1: 53.5
Segment-level Event@Avg. F1: 55.6
Audio Event Detection Event-level F1: 48.7
Visual Event Detection Event-level F1: 50.1
Audio-Visual Event Detection Event-level F1: 40.8
Event-level Type@Avg. F1: 46.5
Event-level Event@Avg. F1: 47.2
Train Epoch: 25 [0/10000 (0%)]	Loss: 0.317892
Train Epoch: 25 [800/10000 (8%)]	Loss: 0.281921
Train Epoch: 25 [1600/10000 (16%)]	Loss: 0.341702
Train Epoch: 25 [2400/10000 (24%)]	Loss: 0.281177
Train Epoch: 25 [3200/10000 (32%)]	Loss: 0.336236
Train Epoch: 25 [4000/10000 (40%)]	Loss: 0.378738
Train Epoch: 25 [4800/10000 (48%)]	Loss: 0.277284
Train Epoch: 25 [5600/10000 (56%)]	Loss: 0.282131
Train Epoch: 25 [6400/10000 (64%)]	Loss: 0.341432
Train Epoch: 25 [7200/10000 (72%)]	Loss: 0.338285
Train Epoch: 25 [8000/10000 (80%)]	Loss: 0.330254
Train Epoch: 25 [8800/10000 (88%)]	Loss: 0.327192
Train Epoch: 25 [9600/10000 (96%)]	Loss: 0.305168
Audio Event Detection Segment-level F1: 58.2
Visual Event Detection Segment-level F1: 54.4
Audio-Visual Event Detection Segment-level F1: 48.7
Segment-levelType@Avg. F1: 53.8
Segment-level Event@Avg. F1: 55.7
Audio Event Detection Event-level F1: 48.7
Visual Event Detection Event-level F1: 50.3
Audio-Visual Event Detection Event-level F1: 41.4
Event-level Type@Avg. F1: 46.8
Event-level Event@Avg. F1: 47.2
Train Epoch: 26 [0/10000 (0%)]	Loss: 0.332008
Train Epoch: 26 [800/10000 (8%)]	Loss: 0.304691
Train Epoch: 26 [1600/10000 (16%)]	Loss: 0.343413
Train Epoch: 26 [2400/10000 (24%)]	Loss: 0.320811
Train Epoch: 26 [3200/10000 (32%)]	Loss: 0.324967
Train Epoch: 26 [4000/10000 (40%)]	Loss: 0.284229
Train Epoch: 26 [4800/10000 (48%)]	Loss: 0.270224
Train Epoch: 26 [5600/10000 (56%)]	Loss: 0.348748
Train Epoch: 26 [6400/10000 (64%)]	Loss: 0.263765
Train Epoch: 26 [7200/10000 (72%)]	Loss: 0.298211
Train Epoch: 26 [8000/10000 (80%)]	Loss: 0.269861
Train Epoch: 26 [8800/10000 (88%)]	Loss: 0.292018
Train Epoch: 26 [9600/10000 (96%)]	Loss: 0.274521
Audio Event Detection Segment-level F1: 58.1
Visual Event Detection Segment-level F1: 54.1
Audio-Visual Event Detection Segment-level F1: 48.1
Segment-levelType@Avg. F1: 53.4
Segment-level Event@Avg. F1: 55.5
Audio Event Detection Event-level F1: 48.5
Visual Event Detection Event-level F1: 50.2
Audio-Visual Event Detection Event-level F1: 40.9
Event-level Type@Avg. F1: 46.5
Event-level Event@Avg. F1: 46.9
Train Epoch: 27 [0/10000 (0%)]	Loss: 0.294665
Train Epoch: 27 [800/10000 (8%)]	Loss: 0.326661
Train Epoch: 27 [1600/10000 (16%)]	Loss: 0.348868
Train Epoch: 27 [2400/10000 (24%)]	Loss: 0.338777
Train Epoch: 27 [3200/10000 (32%)]	Loss: 0.338099
Train Epoch: 27 [4000/10000 (40%)]	Loss: 0.300922
Train Epoch: 27 [4800/10000 (48%)]	Loss: 0.328622
Train Epoch: 27 [5600/10000 (56%)]	Loss: 0.291938
Train Epoch: 27 [6400/10000 (64%)]	Loss: 0.283132
Train Epoch: 27 [7200/10000 (72%)]	Loss: 0.313145
Train Epoch: 27 [8000/10000 (80%)]	Loss: 0.294282
Train Epoch: 27 [8800/10000 (88%)]	Loss: 0.344495
Train Epoch: 27 [9600/10000 (96%)]	Loss: 0.281389
Audio Event Detection Segment-level F1: 58.3
Visual Event Detection Segment-level F1: 53.9
Audio-Visual Event Detection Segment-level F1: 47.9
Segment-levelType@Avg. F1: 53.3
Segment-level Event@Avg. F1: 55.6
Audio Event Detection Event-level F1: 48.7
Visual Event Detection Event-level F1: 50.1
Audio-Visual Event Detection Event-level F1: 40.9
Event-level Type@Avg. F1: 46.6
Event-level Event@Avg. F1: 47.2
Train Epoch: 28 [0/10000 (0%)]	Loss: 0.306596
Train Epoch: 28 [800/10000 (8%)]	Loss: 0.303747
Train Epoch: 28 [1600/10000 (16%)]	Loss: 0.304199
Train Epoch: 28 [2400/10000 (24%)]	Loss: 0.308367
Train Epoch: 28 [3200/10000 (32%)]	Loss: 0.289533
Train Epoch: 28 [4000/10000 (40%)]	Loss: 0.306305
Train Epoch: 28 [4800/10000 (48%)]	Loss: 0.342087
Train Epoch: 28 [5600/10000 (56%)]	Loss: 0.292670
Train Epoch: 28 [6400/10000 (64%)]	Loss: 0.314883
Train Epoch: 28 [7200/10000 (72%)]	Loss: 0.301645
Train Epoch: 28 [8000/10000 (80%)]	Loss: 0.333959
Train Epoch: 28 [8800/10000 (88%)]	Loss: 0.354060
Train Epoch: 28 [9600/10000 (96%)]	Loss: 0.308537
Audio Event Detection Segment-level F1: 57.8
Visual Event Detection Segment-level F1: 54.3
Audio-Visual Event Detection Segment-level F1: 48.2
Segment-levelType@Avg. F1: 53.4
Segment-level Event@Avg. F1: 55.3
Audio Event Detection Event-level F1: 48.1
Visual Event Detection Event-level F1: 50.6
Audio-Visual Event Detection Event-level F1: 41.3
Event-level Type@Avg. F1: 46.7
Event-level Event@Avg. F1: 46.9
Train Epoch: 29 [0/10000 (0%)]	Loss: 0.285418
Train Epoch: 29 [800/10000 (8%)]	Loss: 0.336588
Train Epoch: 29 [1600/10000 (16%)]	Loss: 0.315405
Train Epoch: 29 [2400/10000 (24%)]	Loss: 0.337543
Train Epoch: 29 [3200/10000 (32%)]	Loss: 0.321160
Train Epoch: 29 [4000/10000 (40%)]	Loss: 0.304837
Train Epoch: 29 [4800/10000 (48%)]	Loss: 0.309892
Train Epoch: 29 [5600/10000 (56%)]	Loss: 0.336126
Train Epoch: 29 [6400/10000 (64%)]	Loss: 0.318890
Train Epoch: 29 [7200/10000 (72%)]	Loss: 0.324036
Train Epoch: 29 [8000/10000 (80%)]	Loss: 0.372696
Train Epoch: 29 [8800/10000 (88%)]	Loss: 0.320203
Train Epoch: 29 [9600/10000 (96%)]	Loss: 0.281555
Audio Event Detection Segment-level F1: 58.0
Visual Event Detection Segment-level F1: 54.1
Audio-Visual Event Detection Segment-level F1: 48.0
Segment-levelType@Avg. F1: 53.3
Segment-level Event@Avg. F1: 55.4
Audio Event Detection Event-level F1: 48.4
Visual Event Detection Event-level F1: 49.9
Audio-Visual Event Detection Event-level F1: 41.1
Event-level Type@Avg. F1: 46.5
Event-level Event@Avg. F1: 46.8
Train Epoch: 30 [0/10000 (0%)]	Loss: 0.321064
Train Epoch: 30 [800/10000 (8%)]	Loss: 0.294195
Train Epoch: 30 [1600/10000 (16%)]	Loss: 0.291860
Train Epoch: 30 [2400/10000 (24%)]	Loss: 0.271826
Train Epoch: 30 [3200/10000 (32%)]	Loss: 0.306237
Train Epoch: 30 [4000/10000 (40%)]	Loss: 0.304037
Train Epoch: 30 [4800/10000 (48%)]	Loss: 0.292605
Train Epoch: 30 [5600/10000 (56%)]	Loss: 0.345924
Train Epoch: 30 [6400/10000 (64%)]	Loss: 0.273729
Train Epoch: 30 [7200/10000 (72%)]	Loss: 0.320808
Train Epoch: 30 [8000/10000 (80%)]	Loss: 0.313093
Train Epoch: 30 [8800/10000 (88%)]	Loss: 0.286198
Train Epoch: 30 [9600/10000 (96%)]	Loss: 0.370287
Audio Event Detection Segment-level F1: 57.9
Visual Event Detection Segment-level F1: 54.3
Audio-Visual Event Detection Segment-level F1: 48.2
Segment-levelType@Avg. F1: 53.5
Segment-level Event@Avg. F1: 55.6
Audio Event Detection Event-level F1: 48.4
Visual Event Detection Event-level F1: 50.5
Audio-Visual Event Detection Event-level F1: 41.4
Event-level Type@Avg. F1: 46.7
Event-level Event@Avg. F1: 47.2
Train Epoch: 31 [0/10000 (0%)]	Loss: 0.273937
Train Epoch: 31 [800/10000 (8%)]	Loss: 0.310248
Train Epoch: 31 [1600/10000 (16%)]	Loss: 0.272213
Train Epoch: 31 [2400/10000 (24%)]	Loss: 0.305317
Train Epoch: 31 [3200/10000 (32%)]	Loss: 0.277770
Train Epoch: 31 [4000/10000 (40%)]	Loss: 0.273586
Train Epoch: 31 [4800/10000 (48%)]	Loss: 0.264316
Train Epoch: 31 [5600/10000 (56%)]	Loss: 0.338337
Train Epoch: 31 [6400/10000 (64%)]	Loss: 0.302003
Train Epoch: 31 [7200/10000 (72%)]	Loss: 0.321915
Train Epoch: 31 [8000/10000 (80%)]	Loss: 0.306383
Train Epoch: 31 [8800/10000 (88%)]	Loss: 0.262399
Train Epoch: 31 [9600/10000 (96%)]	Loss: 0.303120
Audio Event Detection Segment-level F1: 57.9
Visual Event Detection Segment-level F1: 54.1
Audio-Visual Event Detection Segment-level F1: 48.2
Segment-levelType@Avg. F1: 53.4
Segment-level Event@Avg. F1: 55.6
Audio Event Detection Event-level F1: 48.4
Visual Event Detection Event-level F1: 50.1
Audio-Visual Event Detection Event-level F1: 41.3
Event-level Type@Avg. F1: 46.6
Event-level Event@Avg. F1: 47.2
Train Epoch: 32 [0/10000 (0%)]	Loss: 0.254251
Train Epoch: 32 [800/10000 (8%)]	Loss: 0.302724
Train Epoch: 32 [1600/10000 (16%)]	Loss: 0.289201
Train Epoch: 32 [2400/10000 (24%)]	Loss: 0.320344
Train Epoch: 32 [3200/10000 (32%)]	Loss: 0.295829
Train Epoch: 32 [4000/10000 (40%)]	Loss: 0.360069
Train Epoch: 32 [4800/10000 (48%)]	Loss: 0.301541
Train Epoch: 32 [5600/10000 (56%)]	Loss: 0.347426
Train Epoch: 32 [6400/10000 (64%)]	Loss: 0.299665
Train Epoch: 32 [7200/10000 (72%)]	Loss: 0.290393
Train Epoch: 32 [8000/10000 (80%)]	Loss: 0.300140
Train Epoch: 32 [8800/10000 (88%)]	Loss: 0.311582
Train Epoch: 32 [9600/10000 (96%)]	Loss: 0.311322
Audio Event Detection Segment-level F1: 58.0
Visual Event Detection Segment-level F1: 54.1
Audio-Visual Event Detection Segment-level F1: 48.4
Segment-levelType@Avg. F1: 53.5
Segment-level Event@Avg. F1: 55.6
Audio Event Detection Event-level F1: 48.6
Visual Event Detection Event-level F1: 50.1
Audio-Visual Event Detection Event-level F1: 41.5
Event-level Type@Avg. F1: 46.7
Event-level Event@Avg. F1: 47.2
Train Epoch: 33 [0/10000 (0%)]	Loss: 0.318508
Train Epoch: 33 [800/10000 (8%)]	Loss: 0.366848
Train Epoch: 33 [1600/10000 (16%)]	Loss: 0.304233
Train Epoch: 33 [2400/10000 (24%)]	Loss: 0.292075
Train Epoch: 33 [3200/10000 (32%)]	Loss: 0.291539
Train Epoch: 33 [4000/10000 (40%)]	Loss: 0.297290
Train Epoch: 33 [4800/10000 (48%)]	Loss: 0.298771
Train Epoch: 33 [5600/10000 (56%)]	Loss: 0.313127
Train Epoch: 33 [6400/10000 (64%)]	Loss: 0.308826
Train Epoch: 33 [7200/10000 (72%)]	Loss: 0.314935
Train Epoch: 33 [8000/10000 (80%)]	Loss: 0.366181
Train Epoch: 33 [8800/10000 (88%)]	Loss: 0.259361
Train Epoch: 33 [9600/10000 (96%)]	Loss: 0.274537
Audio Event Detection Segment-level F1: 57.9
Visual Event Detection Segment-level F1: 54.1
Audio-Visual Event Detection Segment-level F1: 48.3
Segment-levelType@Avg. F1: 53.4
Segment-level Event@Avg. F1: 55.5
Audio Event Detection Event-level F1: 48.5
Visual Event Detection Event-level F1: 50.1
Audio-Visual Event Detection Event-level F1: 41.3
Event-level Type@Avg. F1: 46.6
Event-level Event@Avg. F1: 47.2
Train Epoch: 34 [0/10000 (0%)]	Loss: 0.324752
Train Epoch: 34 [800/10000 (8%)]	Loss: 0.314145
Train Epoch: 34 [1600/10000 (16%)]	Loss: 0.279437
Train Epoch: 34 [2400/10000 (24%)]	Loss: 0.329178
Train Epoch: 34 [3200/10000 (32%)]	Loss: 0.276750
Train Epoch: 34 [4000/10000 (40%)]	Loss: 0.333560
Train Epoch: 34 [4800/10000 (48%)]	Loss: 0.332063
Train Epoch: 34 [5600/10000 (56%)]	Loss: 0.289919
Train Epoch: 34 [6400/10000 (64%)]	Loss: 0.310479
Train Epoch: 34 [7200/10000 (72%)]	Loss: 0.273872
Train Epoch: 34 [8000/10000 (80%)]	Loss: 0.311620
Train Epoch: 34 [8800/10000 (88%)]	Loss: 0.297947
Train Epoch: 34 [9600/10000 (96%)]	Loss: 0.350087
Audio Event Detection Segment-level F1: 58.0
Visual Event Detection Segment-level F1: 54.1
Audio-Visual Event Detection Segment-level F1: 48.3
Segment-levelType@Avg. F1: 53.4
Segment-level Event@Avg. F1: 55.5
Audio Event Detection Event-level F1: 48.5
Visual Event Detection Event-level F1: 50.1
Audio-Visual Event Detection Event-level F1: 41.2
Event-level Type@Avg. F1: 46.6
Event-level Event@Avg. F1: 47.1
Train Epoch: 35 [0/10000 (0%)]	Loss: 0.293045
Train Epoch: 35 [800/10000 (8%)]	Loss: 0.298161
Train Epoch: 35 [1600/10000 (16%)]	Loss: 0.271720
Train Epoch: 35 [2400/10000 (24%)]	Loss: 0.373362
Train Epoch: 35 [3200/10000 (32%)]	Loss: 0.323243
Train Epoch: 35 [4000/10000 (40%)]	Loss: 0.305642
Train Epoch: 35 [4800/10000 (48%)]	Loss: 0.359267
Train Epoch: 35 [5600/10000 (56%)]	Loss: 0.308416
Train Epoch: 35 [6400/10000 (64%)]	Loss: 0.293350
Train Epoch: 35 [7200/10000 (72%)]	Loss: 0.297162
Train Epoch: 35 [8000/10000 (80%)]	Loss: 0.349771
Train Epoch: 35 [8800/10000 (88%)]	Loss: 0.315915
Train Epoch: 35 [9600/10000 (96%)]	Loss: 0.297349
Audio Event Detection Segment-level F1: 58.0
Visual Event Detection Segment-level F1: 54.1
Audio-Visual Event Detection Segment-level F1: 48.3
Segment-levelType@Avg. F1: 53.5
Segment-level Event@Avg. F1: 55.5
Audio Event Detection Event-level F1: 48.5
Visual Event Detection Event-level F1: 50.0
Audio-Visual Event Detection Event-level F1: 41.2
Event-level Type@Avg. F1: 46.5
Event-level Event@Avg. F1: 47.0
Train Epoch: 36 [0/10000 (0%)]	Loss: 0.340827
Train Epoch: 36 [800/10000 (8%)]	Loss: 0.317112
Train Epoch: 36 [1600/10000 (16%)]	Loss: 0.320794
Train Epoch: 36 [2400/10000 (24%)]	Loss: 0.331557
Train Epoch: 36 [3200/10000 (32%)]	Loss: 0.342631
Train Epoch: 36 [4000/10000 (40%)]	Loss: 0.345916
Train Epoch: 36 [4800/10000 (48%)]	Loss: 0.288227
Train Epoch: 36 [5600/10000 (56%)]	Loss: 0.322901
Train Epoch: 36 [6400/10000 (64%)]	Loss: 0.338571
Train Epoch: 36 [7200/10000 (72%)]	Loss: 0.318258
Train Epoch: 36 [8000/10000 (80%)]	Loss: 0.315248
Train Epoch: 36 [8800/10000 (88%)]	Loss: 0.302370
Train Epoch: 36 [9600/10000 (96%)]	Loss: 0.292284
Audio Event Detection Segment-level F1: 57.9
Visual Event Detection Segment-level F1: 54.0
Audio-Visual Event Detection Segment-level F1: 48.2
Segment-levelType@Avg. F1: 53.4
Segment-level Event@Avg. F1: 55.5
Audio Event Detection Event-level F1: 48.4
Visual Event Detection Event-level F1: 49.8
Audio-Visual Event Detection Event-level F1: 41.0
Event-level Type@Avg. F1: 46.4
Event-level Event@Avg. F1: 47.0
Train Epoch: 37 [0/10000 (0%)]	Loss: 0.322315
Train Epoch: 37 [800/10000 (8%)]	Loss: 0.290832
Train Epoch: 37 [1600/10000 (16%)]	Loss: 0.259780
Train Epoch: 37 [2400/10000 (24%)]	Loss: 0.311648
Train Epoch: 37 [3200/10000 (32%)]	Loss: 0.347394
Train Epoch: 37 [4000/10000 (40%)]	Loss: 0.295747
Train Epoch: 37 [4800/10000 (48%)]	Loss: 0.312713
Train Epoch: 37 [5600/10000 (56%)]	Loss: 0.293188
Train Epoch: 37 [6400/10000 (64%)]	Loss: 0.309692
Train Epoch: 37 [7200/10000 (72%)]	Loss: 0.312231
Train Epoch: 37 [8000/10000 (80%)]	Loss: 0.298861
Train Epoch: 37 [8800/10000 (88%)]	Loss: 0.290296
Train Epoch: 37 [9600/10000 (96%)]	Loss: 0.311913
Audio Event Detection Segment-level F1: 57.9
Visual Event Detection Segment-level F1: 54.0
Audio-Visual Event Detection Segment-level F1: 48.2
Segment-levelType@Avg. F1: 53.4
Segment-level Event@Avg. F1: 55.5
Audio Event Detection Event-level F1: 48.3
Visual Event Detection Event-level F1: 49.9
Audio-Visual Event Detection Event-level F1: 41.0
Event-level Type@Avg. F1: 46.4
Event-level Event@Avg. F1: 46.9
Train Epoch: 38 [0/10000 (0%)]	Loss: 0.291962
Train Epoch: 38 [800/10000 (8%)]	Loss: 0.290886
Train Epoch: 38 [1600/10000 (16%)]	Loss: 0.295184
Train Epoch: 38 [2400/10000 (24%)]	Loss: 0.340663
Train Epoch: 38 [3200/10000 (32%)]	Loss: 0.292089
Train Epoch: 38 [4000/10000 (40%)]	Loss: 0.289679
Train Epoch: 38 [4800/10000 (48%)]	Loss: 0.314138
Train Epoch: 38 [5600/10000 (56%)]	Loss: 0.301121
Train Epoch: 38 [6400/10000 (64%)]	Loss: 0.301941
Train Epoch: 38 [7200/10000 (72%)]	Loss: 0.276315
Train Epoch: 38 [8000/10000 (80%)]	Loss: 0.311328
Train Epoch: 38 [8800/10000 (88%)]	Loss: 0.327946
Train Epoch: 38 [9600/10000 (96%)]	Loss: 0.293837
Audio Event Detection Segment-level F1: 57.9
Visual Event Detection Segment-level F1: 54.0
Audio-Visual Event Detection Segment-level F1: 48.3
Segment-levelType@Avg. F1: 53.4
Segment-level Event@Avg. F1: 55.5
Audio Event Detection Event-level F1: 48.4
Visual Event Detection Event-level F1: 49.9
Audio-Visual Event Detection Event-level F1: 41.2
Event-level Type@Avg. F1: 46.5
Event-level Event@Avg. F1: 47.0
Train Epoch: 39 [0/10000 (0%)]	Loss: 0.280522
Train Epoch: 39 [800/10000 (8%)]	Loss: 0.344068
Train Epoch: 39 [1600/10000 (16%)]	Loss: 0.338172
Train Epoch: 39 [2400/10000 (24%)]	Loss: 0.288251
Train Epoch: 39 [3200/10000 (32%)]	Loss: 0.324658
Train Epoch: 39 [4000/10000 (40%)]	Loss: 0.341827
Train Epoch: 39 [4800/10000 (48%)]	Loss: 0.301983
Train Epoch: 39 [5600/10000 (56%)]	Loss: 0.293777
Train Epoch: 39 [6400/10000 (64%)]	Loss: 0.296689
Train Epoch: 39 [7200/10000 (72%)]	Loss: 0.300114
Train Epoch: 39 [8000/10000 (80%)]	Loss: 0.322468
Train Epoch: 39 [8800/10000 (88%)]	Loss: 0.314213
Train Epoch: 39 [9600/10000 (96%)]	Loss: 0.283884
Audio Event Detection Segment-level F1: 57.9
Visual Event Detection Segment-level F1: 54.0
Audio-Visual Event Detection Segment-level F1: 48.2
Segment-levelType@Avg. F1: 53.4
Segment-level Event@Avg. F1: 55.5
Audio Event Detection Event-level F1: 48.4
Visual Event Detection Event-level F1: 49.8
Audio-Visual Event Detection Event-level F1: 41.1
Event-level Type@Avg. F1: 46.4
Event-level Event@Avg. F1: 47.0
Train Epoch: 40 [0/10000 (0%)]	Loss: 0.302142
Train Epoch: 40 [800/10000 (8%)]	Loss: 0.346255
Train Epoch: 40 [1600/10000 (16%)]	Loss: 0.283513
Train Epoch: 40 [2400/10000 (24%)]	Loss: 0.294661
Train Epoch: 40 [3200/10000 (32%)]	Loss: 0.292653
Train Epoch: 40 [4000/10000 (40%)]	Loss: 0.332581
Train Epoch: 40 [4800/10000 (48%)]	Loss: 0.320568
Train Epoch: 40 [5600/10000 (56%)]	Loss: 0.283948
Train Epoch: 40 [6400/10000 (64%)]	Loss: 0.311506
Train Epoch: 40 [7200/10000 (72%)]	Loss: 0.353726
Train Epoch: 40 [8000/10000 (80%)]	Loss: 0.280685
Train Epoch: 40 [8800/10000 (88%)]	Loss: 0.372378
Train Epoch: 40 [9600/10000 (96%)]	Loss: 0.293983
Audio Event Detection Segment-level F1: 57.9
Visual Event Detection Segment-level F1: 54.0
Audio-Visual Event Detection Segment-level F1: 48.2
Segment-levelType@Avg. F1: 53.4
Segment-level Event@Avg. F1: 55.5
Audio Event Detection Event-level F1: 48.4
Visual Event Detection Event-level F1: 49.8
Audio-Visual Event Detection Event-level F1: 41.1
Event-level Type@Avg. F1: 46.4
Event-level Event@Avg. F1: 47.0
