111111111111
Train Epoch: 1 [0/10000 (0%)]	Loss: 2.210061
Train Epoch: 1 [800/10000 (8%)]	Loss: 0.611917
Train Epoch: 1 [1600/10000 (16%)]	Loss: 0.572919
Train Epoch: 1 [2400/10000 (24%)]	Loss: 0.492099
Train Epoch: 1 [3200/10000 (32%)]	Loss: 0.436458
Train Epoch: 1 [4000/10000 (40%)]	Loss: 0.481749
Train Epoch: 1 [4800/10000 (48%)]	Loss: 0.387219
Train Epoch: 1 [5600/10000 (56%)]	Loss: 0.384692
Train Epoch: 1 [6400/10000 (64%)]	Loss: 0.413831
Train Epoch: 1 [7200/10000 (72%)]	Loss: 0.335636
Train Epoch: 1 [8000/10000 (80%)]	Loss: 0.305183
Train Epoch: 1 [8800/10000 (88%)]	Loss: 0.387292
Train Epoch: 1 [9600/10000 (96%)]	Loss: 0.324775
Audio Event Detection Segment-level F1: 53.9
Visual Event Detection Segment-level F1: 46.9
Audio-Visual Event Detection Segment-level F1: 43.9
Segment-levelType@Avg. F1: 48.2
Segment-level Event@Avg. F1: 50.0
Audio Event Detection Event-level F1: 43.2
Visual Event Detection Event-level F1: 40.5
Audio-Visual Event Detection Event-level F1: 35.9
Event-level Type@Avg. F1: 39.9
Event-level Event@Avg. F1: 39.8
Train Epoch: 2 [0/10000 (0%)]	Loss: 0.279235
Train Epoch: 2 [800/10000 (8%)]	Loss: 0.357033
Train Epoch: 2 [1600/10000 (16%)]	Loss: 0.346427
Train Epoch: 2 [2400/10000 (24%)]	Loss: 0.333352
Train Epoch: 2 [3200/10000 (32%)]	Loss: 0.382027
Train Epoch: 2 [4000/10000 (40%)]	Loss: 0.398556
Train Epoch: 2 [4800/10000 (48%)]	Loss: 0.355453
Train Epoch: 2 [5600/10000 (56%)]	Loss: 0.387412
Train Epoch: 2 [6400/10000 (64%)]	Loss: 0.415246
Train Epoch: 2 [7200/10000 (72%)]	Loss: 0.436896
Train Epoch: 2 [8000/10000 (80%)]	Loss: 0.395595
Train Epoch: 2 [8800/10000 (88%)]	Loss: 0.368978
Train Epoch: 2 [9600/10000 (96%)]	Loss: 0.457630
Audio Event Detection Segment-level F1: 57.6
Visual Event Detection Segment-level F1: 48.4
Audio-Visual Event Detection Segment-level F1: 45.5
Segment-levelType@Avg. F1: 50.5
Segment-level Event@Avg. F1: 53.1
Audio Event Detection Event-level F1: 47.3
Visual Event Detection Event-level F1: 40.3
Audio-Visual Event Detection Event-level F1: 37.8
Event-level Type@Avg. F1: 41.8
Event-level Event@Avg. F1: 42.8
Train Epoch: 3 [0/10000 (0%)]	Loss: 0.342313
Train Epoch: 3 [800/10000 (8%)]	Loss: 0.451399
Train Epoch: 3 [1600/10000 (16%)]	Loss: 0.333344
Train Epoch: 3 [2400/10000 (24%)]	Loss: 0.358957
Train Epoch: 3 [3200/10000 (32%)]	Loss: 0.389242
Train Epoch: 3 [4000/10000 (40%)]	Loss: 0.355440
Train Epoch: 3 [4800/10000 (48%)]	Loss: 0.345398
Train Epoch: 3 [5600/10000 (56%)]	Loss: 0.432074
Train Epoch: 3 [6400/10000 (64%)]	Loss: 0.355680
Train Epoch: 3 [7200/10000 (72%)]	Loss: 0.447026
Train Epoch: 3 [8000/10000 (80%)]	Loss: 0.322314
Train Epoch: 3 [8800/10000 (88%)]	Loss: 0.403205
Train Epoch: 3 [9600/10000 (96%)]	Loss: 0.405422
Audio Event Detection Segment-level F1: 58.7
Visual Event Detection Segment-level F1: 52.3
Audio-Visual Event Detection Segment-level F1: 48.8
Segment-levelType@Avg. F1: 53.3
Segment-level Event@Avg. F1: 54.9
Audio Event Detection Event-level F1: 48.0
Visual Event Detection Event-level F1: 45.3
Audio-Visual Event Detection Event-level F1: 41.0
Event-level Type@Avg. F1: 44.8
Event-level Event@Avg. F1: 44.6
Train Epoch: 4 [0/10000 (0%)]	Loss: 0.362563
Train Epoch: 4 [800/10000 (8%)]	Loss: 0.363401
Train Epoch: 4 [1600/10000 (16%)]	Loss: 0.356420
Train Epoch: 4 [2400/10000 (24%)]	Loss: 0.330144
Train Epoch: 4 [3200/10000 (32%)]	Loss: 0.363910
Train Epoch: 4 [4000/10000 (40%)]	Loss: 0.435704
Train Epoch: 4 [4800/10000 (48%)]	Loss: 0.413075
Train Epoch: 4 [5600/10000 (56%)]	Loss: 0.396302
Train Epoch: 4 [6400/10000 (64%)]	Loss: 0.435077
Train Epoch: 4 [7200/10000 (72%)]	Loss: 0.301511
Train Epoch: 4 [8000/10000 (80%)]	Loss: 0.329759
Train Epoch: 4 [8800/10000 (88%)]	Loss: 0.334424
Train Epoch: 4 [9600/10000 (96%)]	Loss: 0.353762
Audio Event Detection Segment-level F1: 57.5
Visual Event Detection Segment-level F1: 47.9
Audio-Visual Event Detection Segment-level F1: 44.8
Segment-levelType@Avg. F1: 50.1
Segment-level Event@Avg. F1: 53.0
Audio Event Detection Event-level F1: 46.5
Visual Event Detection Event-level F1: 40.6
Audio-Visual Event Detection Event-level F1: 36.8
Event-level Type@Avg. F1: 41.3
Event-level Event@Avg. F1: 42.4
Train Epoch: 5 [0/10000 (0%)]	Loss: 0.333983
Train Epoch: 5 [800/10000 (8%)]	Loss: 0.252990
Train Epoch: 5 [1600/10000 (16%)]	Loss: 0.320119
Train Epoch: 5 [2400/10000 (24%)]	Loss: 0.377144
Train Epoch: 5 [3200/10000 (32%)]	Loss: 0.286416
Train Epoch: 5 [4000/10000 (40%)]	Loss: 0.405180
Train Epoch: 5 [4800/10000 (48%)]	Loss: 0.380700
Train Epoch: 5 [5600/10000 (56%)]	Loss: 0.255803
Train Epoch: 5 [6400/10000 (64%)]	Loss: 0.324924
Train Epoch: 5 [7200/10000 (72%)]	Loss: 0.325194
Train Epoch: 5 [8000/10000 (80%)]	Loss: 0.301653
Train Epoch: 5 [8800/10000 (88%)]	Loss: 0.398536
Train Epoch: 5 [9600/10000 (96%)]	Loss: 0.278154
Audio Event Detection Segment-level F1: 54.7
Visual Event Detection Segment-level F1: 49.3
Audio-Visual Event Detection Segment-level F1: 46.2
Segment-levelType@Avg. F1: 50.1
Segment-level Event@Avg. F1: 51.1
Audio Event Detection Event-level F1: 44.1
Visual Event Detection Event-level F1: 40.2
Audio-Visual Event Detection Event-level F1: 36.9
Event-level Type@Avg. F1: 40.4
Event-level Event@Avg. F1: 40.3
Train Epoch: 6 [0/10000 (0%)]	Loss: 0.355207
Train Epoch: 6 [800/10000 (8%)]	Loss: 0.324547
Train Epoch: 6 [1600/10000 (16%)]	Loss: 0.311176
Train Epoch: 6 [2400/10000 (24%)]	Loss: 0.351660
Train Epoch: 6 [3200/10000 (32%)]	Loss: 0.316741
Train Epoch: 6 [4000/10000 (40%)]	Loss: 0.285295
Train Epoch: 6 [4800/10000 (48%)]	Loss: 0.296750
Train Epoch: 6 [5600/10000 (56%)]	Loss: 0.453883
Train Epoch: 6 [6400/10000 (64%)]	Loss: 0.278919
Train Epoch: 6 [7200/10000 (72%)]	Loss: 0.390312
Train Epoch: 6 [8000/10000 (80%)]	Loss: 0.238572
Train Epoch: 6 [8800/10000 (88%)]	Loss: 0.362050
Train Epoch: 6 [9600/10000 (96%)]	Loss: 0.360028
Audio Event Detection Segment-level F1: 58.4
Visual Event Detection Segment-level F1: 50.9
Audio-Visual Event Detection Segment-level F1: 47.2
Segment-levelType@Avg. F1: 52.1
Segment-level Event@Avg. F1: 54.6
Audio Event Detection Event-level F1: 47.1
Visual Event Detection Event-level F1: 44.2
Audio-Visual Event Detection Event-level F1: 39.2
Event-level Type@Avg. F1: 43.5
Event-level Event@Avg. F1: 44.1
Train Epoch: 7 [0/10000 (0%)]	Loss: 0.290760
Train Epoch: 7 [800/10000 (8%)]	Loss: 0.306833
Train Epoch: 7 [1600/10000 (16%)]	Loss: 0.322698
Train Epoch: 7 [2400/10000 (24%)]	Loss: 0.309238
Train Epoch: 7 [3200/10000 (32%)]	Loss: 0.269780
Train Epoch: 7 [4000/10000 (40%)]	Loss: 0.280763
Train Epoch: 7 [4800/10000 (48%)]	Loss: 0.308466
Train Epoch: 7 [5600/10000 (56%)]	Loss: 0.298044
Train Epoch: 7 [6400/10000 (64%)]	Loss: 0.383457
Train Epoch: 7 [7200/10000 (72%)]	Loss: 0.321433
Train Epoch: 7 [8000/10000 (80%)]	Loss: 0.340609
Train Epoch: 7 [8800/10000 (88%)]	Loss: 0.299770
Train Epoch: 7 [9600/10000 (96%)]	Loss: 0.329430
Audio Event Detection Segment-level F1: 58.9
Visual Event Detection Segment-level F1: 50.8
Audio-Visual Event Detection Segment-level F1: 47.5
Segment-levelType@Avg. F1: 52.4
Segment-level Event@Avg. F1: 54.8
Audio Event Detection Event-level F1: 48.4
Visual Event Detection Event-level F1: 44.1
Audio-Visual Event Detection Event-level F1: 40.2
Event-level Type@Avg. F1: 44.2
Event-level Event@Avg. F1: 44.9
Train Epoch: 8 [0/10000 (0%)]	Loss: 0.290805
Train Epoch: 8 [800/10000 (8%)]	Loss: 0.269649
Train Epoch: 8 [1600/10000 (16%)]	Loss: 0.247206
Train Epoch: 8 [2400/10000 (24%)]	Loss: 0.309943
Train Epoch: 8 [3200/10000 (32%)]	Loss: 0.254402
Train Epoch: 8 [4000/10000 (40%)]	Loss: 0.296078
Train Epoch: 8 [4800/10000 (48%)]	Loss: 0.318308
Train Epoch: 8 [5600/10000 (56%)]	Loss: 0.264969
Train Epoch: 8 [6400/10000 (64%)]	Loss: 0.374186
Train Epoch: 8 [7200/10000 (72%)]	Loss: 0.258961
Train Epoch: 8 [8000/10000 (80%)]	Loss: 0.306933
Train Epoch: 8 [8800/10000 (88%)]	Loss: 0.287851
Train Epoch: 8 [9600/10000 (96%)]	Loss: 0.317684
Audio Event Detection Segment-level F1: 60.7
Visual Event Detection Segment-level F1: 48.4
Audio-Visual Event Detection Segment-level F1: 45.2
Segment-levelType@Avg. F1: 51.4
Segment-level Event@Avg. F1: 55.5
Audio Event Detection Event-level F1: 49.9
Visual Event Detection Event-level F1: 41.0
Audio-Visual Event Detection Event-level F1: 37.6
Event-level Type@Avg. F1: 42.8
Event-level Event@Avg. F1: 45.1
Train Epoch: 9 [0/10000 (0%)]	Loss: 0.236592
Train Epoch: 9 [800/10000 (8%)]	Loss: 0.264907
Train Epoch: 9 [1600/10000 (16%)]	Loss: 0.257684
Train Epoch: 9 [2400/10000 (24%)]	Loss: 0.312681
Train Epoch: 9 [3200/10000 (32%)]	Loss: 0.287401
Train Epoch: 9 [4000/10000 (40%)]	Loss: 0.288744
Train Epoch: 9 [4800/10000 (48%)]	Loss: 0.268506
Train Epoch: 9 [5600/10000 (56%)]	Loss: 0.315943
Train Epoch: 9 [6400/10000 (64%)]	Loss: 0.256860
Train Epoch: 9 [7200/10000 (72%)]	Loss: 0.356483
Train Epoch: 9 [8000/10000 (80%)]	Loss: 0.315748
Train Epoch: 9 [8800/10000 (88%)]	Loss: 0.280760
Train Epoch: 9 [9600/10000 (96%)]	Loss: 0.302295
Audio Event Detection Segment-level F1: 59.3
Visual Event Detection Segment-level F1: 47.1
Audio-Visual Event Detection Segment-level F1: 43.8
Segment-levelType@Avg. F1: 50.0
Segment-level Event@Avg. F1: 54.3
Audio Event Detection Event-level F1: 47.1
Visual Event Detection Event-level F1: 38.8
Audio-Visual Event Detection Event-level F1: 36.1
Event-level Type@Avg. F1: 40.7
Event-level Event@Avg. F1: 42.9
Train Epoch: 10 [0/10000 (0%)]	Loss: 0.233768
Train Epoch: 10 [800/10000 (8%)]	Loss: 0.268940
Train Epoch: 10 [1600/10000 (16%)]	Loss: 0.269098
Train Epoch: 10 [2400/10000 (24%)]	Loss: 0.369840
Train Epoch: 10 [3200/10000 (32%)]	Loss: 0.268312
Train Epoch: 10 [4000/10000 (40%)]	Loss: 0.251713
Train Epoch: 10 [4800/10000 (48%)]	Loss: 0.329040
Train Epoch: 10 [5600/10000 (56%)]	Loss: 0.342633
Train Epoch: 10 [6400/10000 (64%)]	Loss: 0.284541
Train Epoch: 10 [7200/10000 (72%)]	Loss: 0.273112
Train Epoch: 10 [8000/10000 (80%)]	Loss: 0.331488
Train Epoch: 10 [8800/10000 (88%)]	Loss: 0.295744
Train Epoch: 10 [9600/10000 (96%)]	Loss: 0.267084
Audio Event Detection Segment-level F1: 59.0
Visual Event Detection Segment-level F1: 46.7
Audio-Visual Event Detection Segment-level F1: 44.2
Segment-levelType@Avg. F1: 50.0
Segment-level Event@Avg. F1: 53.8
Audio Event Detection Event-level F1: 48.3
Visual Event Detection Event-level F1: 39.7
Audio-Visual Event Detection Event-level F1: 37.1
Event-level Type@Avg. F1: 41.7
Event-level Event@Avg. F1: 43.8
Train Epoch: 11 [0/10000 (0%)]	Loss: 0.270724
Train Epoch: 11 [800/10000 (8%)]	Loss: 0.302967
Train Epoch: 11 [1600/10000 (16%)]	Loss: 0.263341
Train Epoch: 11 [2400/10000 (24%)]	Loss: 0.232050
Train Epoch: 11 [3200/10000 (32%)]	Loss: 0.272385
Train Epoch: 11 [4000/10000 (40%)]	Loss: 0.272706
Train Epoch: 11 [4800/10000 (48%)]	Loss: 0.263267
Train Epoch: 11 [5600/10000 (56%)]	Loss: 0.242902
Train Epoch: 11 [6400/10000 (64%)]	Loss: 0.288687
Train Epoch: 11 [7200/10000 (72%)]	Loss: 0.273861
Train Epoch: 11 [8000/10000 (80%)]	Loss: 0.259861
Train Epoch: 11 [8800/10000 (88%)]	Loss: 0.306160
Train Epoch: 11 [9600/10000 (96%)]	Loss: 0.234005
Audio Event Detection Segment-level F1: 61.6
Visual Event Detection Segment-level F1: 51.1
Audio-Visual Event Detection Segment-level F1: 47.7
Segment-levelType@Avg. F1: 53.5
Segment-level Event@Avg. F1: 57.1
Audio Event Detection Event-level F1: 50.3
Visual Event Detection Event-level F1: 44.0
Audio-Visual Event Detection Event-level F1: 40.2
Event-level Type@Avg. F1: 44.8
Event-level Event@Avg. F1: 46.6
Train Epoch: 12 [0/10000 (0%)]	Loss: 0.239424
Train Epoch: 12 [800/10000 (8%)]	Loss: 0.291576
Train Epoch: 12 [1600/10000 (16%)]	Loss: 0.274420
Train Epoch: 12 [2400/10000 (24%)]	Loss: 0.253566
Train Epoch: 12 [3200/10000 (32%)]	Loss: 0.292650
Train Epoch: 12 [4000/10000 (40%)]	Loss: 0.261568
Train Epoch: 12 [4800/10000 (48%)]	Loss: 0.280997
Train Epoch: 12 [5600/10000 (56%)]	Loss: 0.251442
Train Epoch: 12 [6400/10000 (64%)]	Loss: 0.243232
Train Epoch: 12 [7200/10000 (72%)]	Loss: 0.276300
Train Epoch: 12 [8000/10000 (80%)]	Loss: 0.248784
Train Epoch: 12 [8800/10000 (88%)]	Loss: 0.224555
Train Epoch: 12 [9600/10000 (96%)]	Loss: 0.257192
Audio Event Detection Segment-level F1: 61.1
Visual Event Detection Segment-level F1: 50.3
Audio-Visual Event Detection Segment-level F1: 47.0
Segment-levelType@Avg. F1: 52.8
Segment-level Event@Avg. F1: 56.5
Audio Event Detection Event-level F1: 49.8
Visual Event Detection Event-level F1: 43.3
Audio-Visual Event Detection Event-level F1: 39.3
Event-level Type@Avg. F1: 44.2
Event-level Event@Avg. F1: 46.1
Train Epoch: 13 [0/10000 (0%)]	Loss: 0.314598
Train Epoch: 13 [800/10000 (8%)]	Loss: 0.246076
Train Epoch: 13 [1600/10000 (16%)]	Loss: 0.268937
Train Epoch: 13 [2400/10000 (24%)]	Loss: 0.229376
Train Epoch: 13 [3200/10000 (32%)]	Loss: 0.272700
Train Epoch: 13 [4000/10000 (40%)]	Loss: 0.239548
Train Epoch: 13 [4800/10000 (48%)]	Loss: 0.300884
Train Epoch: 13 [5600/10000 (56%)]	Loss: 0.220217
Train Epoch: 13 [6400/10000 (64%)]	Loss: 0.273722
Train Epoch: 13 [7200/10000 (72%)]	Loss: 0.276721
Train Epoch: 13 [8000/10000 (80%)]	Loss: 0.252520
Train Epoch: 13 [8800/10000 (88%)]	Loss: 0.279875
Train Epoch: 13 [9600/10000 (96%)]	Loss: 0.252860
Audio Event Detection Segment-level F1: 61.3
Visual Event Detection Segment-level F1: 51.2
Audio-Visual Event Detection Segment-level F1: 47.5
Segment-levelType@Avg. F1: 53.4
Segment-level Event@Avg. F1: 56.9
Audio Event Detection Event-level F1: 50.6
Visual Event Detection Event-level F1: 43.7
Audio-Visual Event Detection Event-level F1: 39.9
Event-level Type@Avg. F1: 44.7
Event-level Event@Avg. F1: 46.5
Train Epoch: 14 [0/10000 (0%)]	Loss: 0.255626
Train Epoch: 14 [800/10000 (8%)]	Loss: 0.236741
Train Epoch: 14 [1600/10000 (16%)]	Loss: 0.241423
Train Epoch: 14 [2400/10000 (24%)]	Loss: 0.238322
Train Epoch: 14 [3200/10000 (32%)]	Loss: 0.239735
Train Epoch: 14 [4000/10000 (40%)]	Loss: 0.254236
Train Epoch: 14 [4800/10000 (48%)]	Loss: 0.234321
Train Epoch: 14 [5600/10000 (56%)]	Loss: 0.248555
Train Epoch: 14 [6400/10000 (64%)]	Loss: 0.245535
Train Epoch: 14 [7200/10000 (72%)]	Loss: 0.234427
Train Epoch: 14 [8000/10000 (80%)]	Loss: 0.223541
Train Epoch: 14 [8800/10000 (88%)]	Loss: 0.238927
Train Epoch: 14 [9600/10000 (96%)]	Loss: 0.296091
Audio Event Detection Segment-level F1: 60.8
Visual Event Detection Segment-level F1: 51.4
Audio-Visual Event Detection Segment-level F1: 47.8
Segment-levelType@Avg. F1: 53.3
Segment-level Event@Avg. F1: 56.5
Audio Event Detection Event-level F1: 49.6
Visual Event Detection Event-level F1: 44.0
Audio-Visual Event Detection Event-level F1: 40.3
Event-level Type@Avg. F1: 44.6
Event-level Event@Avg. F1: 46.0
Train Epoch: 15 [0/10000 (0%)]	Loss: 0.233782
Train Epoch: 15 [800/10000 (8%)]	Loss: 0.241058
Train Epoch: 15 [1600/10000 (16%)]	Loss: 0.241509
Train Epoch: 15 [2400/10000 (24%)]	Loss: 0.255026
Train Epoch: 15 [3200/10000 (32%)]	Loss: 0.262578
Train Epoch: 15 [4000/10000 (40%)]	Loss: 0.269678
Train Epoch: 15 [4800/10000 (48%)]	Loss: 0.239143
Train Epoch: 15 [5600/10000 (56%)]	Loss: 0.272137
Train Epoch: 15 [6400/10000 (64%)]	Loss: 0.248058
Train Epoch: 15 [7200/10000 (72%)]	Loss: 0.224355
Train Epoch: 15 [8000/10000 (80%)]	Loss: 0.240492
Train Epoch: 15 [8800/10000 (88%)]	Loss: 0.281152
Train Epoch: 15 [9600/10000 (96%)]	Loss: 0.230926
Audio Event Detection Segment-level F1: 60.7
Visual Event Detection Segment-level F1: 50.6
Audio-Visual Event Detection Segment-level F1: 47.2
Segment-levelType@Avg. F1: 52.8
Segment-level Event@Avg. F1: 56.0
Audio Event Detection Event-level F1: 49.9
Visual Event Detection Event-level F1: 43.5
Audio-Visual Event Detection Event-level F1: 39.5
Event-level Type@Avg. F1: 44.3
Event-level Event@Avg. F1: 45.9
Train Epoch: 16 [0/10000 (0%)]	Loss: 0.254665
Train Epoch: 16 [800/10000 (8%)]	Loss: 0.221326
Train Epoch: 16 [1600/10000 (16%)]	Loss: 0.269157
Train Epoch: 16 [2400/10000 (24%)]	Loss: 0.223260
Train Epoch: 16 [3200/10000 (32%)]	Loss: 0.294312
Train Epoch: 16 [4000/10000 (40%)]	Loss: 0.245246
Train Epoch: 16 [4800/10000 (48%)]	Loss: 0.254810
Train Epoch: 16 [5600/10000 (56%)]	Loss: 0.280570
Train Epoch: 16 [6400/10000 (64%)]	Loss: 0.256993
Train Epoch: 16 [7200/10000 (72%)]	Loss: 0.240096
Train Epoch: 16 [8000/10000 (80%)]	Loss: 0.260495
Train Epoch: 16 [8800/10000 (88%)]	Loss: 0.241432
Train Epoch: 16 [9600/10000 (96%)]	Loss: 0.225568
Audio Event Detection Segment-level F1: 61.1
Visual Event Detection Segment-level F1: 50.9
Audio-Visual Event Detection Segment-level F1: 47.3
Segment-levelType@Avg. F1: 53.1
Segment-level Event@Avg. F1: 56.6
Audio Event Detection Event-level F1: 49.1
Visual Event Detection Event-level F1: 43.6
Audio-Visual Event Detection Event-level F1: 39.3
Event-level Type@Avg. F1: 44.0
Event-level Event@Avg. F1: 45.7
Train Epoch: 17 [0/10000 (0%)]	Loss: 0.225031
Train Epoch: 17 [800/10000 (8%)]	Loss: 0.252695
Train Epoch: 17 [1600/10000 (16%)]	Loss: 0.225646
Train Epoch: 17 [2400/10000 (24%)]	Loss: 0.245801
Train Epoch: 17 [3200/10000 (32%)]	Loss: 0.237714
Train Epoch: 17 [4000/10000 (40%)]	Loss: 0.219910
Train Epoch: 17 [4800/10000 (48%)]	Loss: 0.239733
Train Epoch: 17 [5600/10000 (56%)]	Loss: 0.263441
Train Epoch: 17 [6400/10000 (64%)]	Loss: 0.258029
Train Epoch: 17 [7200/10000 (72%)]	Loss: 0.220850
Train Epoch: 17 [8000/10000 (80%)]	Loss: 0.221447
Train Epoch: 17 [8800/10000 (88%)]	Loss: 0.222637
Train Epoch: 17 [9600/10000 (96%)]	Loss: 0.224488
Audio Event Detection Segment-level F1: 61.5
Visual Event Detection Segment-level F1: 50.5
Audio-Visual Event Detection Segment-level F1: 47.2
Segment-levelType@Avg. F1: 53.1
Segment-level Event@Avg. F1: 56.8
Audio Event Detection Event-level F1: 50.4
Visual Event Detection Event-level F1: 43.4
Audio-Visual Event Detection Event-level F1: 39.8
Event-level Type@Avg. F1: 44.5
Event-level Event@Avg. F1: 46.4
Train Epoch: 18 [0/10000 (0%)]	Loss: 0.234400
Train Epoch: 18 [800/10000 (8%)]	Loss: 0.223131
Train Epoch: 18 [1600/10000 (16%)]	Loss: 0.259535
Train Epoch: 18 [2400/10000 (24%)]	Loss: 0.231470
Train Epoch: 18 [3200/10000 (32%)]	Loss: 0.236548
Train Epoch: 18 [4000/10000 (40%)]	Loss: 0.253054
Train Epoch: 18 [4800/10000 (48%)]	Loss: 0.324880
Train Epoch: 18 [5600/10000 (56%)]	Loss: 0.242610
Train Epoch: 18 [6400/10000 (64%)]	Loss: 0.279957
Train Epoch: 18 [7200/10000 (72%)]	Loss: 0.274365
Train Epoch: 18 [8000/10000 (80%)]	Loss: 0.242361
Train Epoch: 18 [8800/10000 (88%)]	Loss: 0.253112
Train Epoch: 18 [9600/10000 (96%)]	Loss: 0.240173
Audio Event Detection Segment-level F1: 61.4
Visual Event Detection Segment-level F1: 51.4
Audio-Visual Event Detection Segment-level F1: 47.9
Segment-levelType@Avg. F1: 53.6
Segment-level Event@Avg. F1: 57.0
Audio Event Detection Event-level F1: 49.8
Visual Event Detection Event-level F1: 43.2
Audio-Visual Event Detection Event-level F1: 39.6
Event-level Type@Avg. F1: 44.2
Event-level Event@Avg. F1: 45.8
Train Epoch: 19 [0/10000 (0%)]	Loss: 0.224752
Train Epoch: 19 [800/10000 (8%)]	Loss: 0.239793
Train Epoch: 19 [1600/10000 (16%)]	Loss: 0.239463
Train Epoch: 19 [2400/10000 (24%)]	Loss: 0.236742
Train Epoch: 19 [3200/10000 (32%)]	Loss: 0.229595
Train Epoch: 19 [4000/10000 (40%)]	Loss: 0.230684
Train Epoch: 19 [4800/10000 (48%)]	Loss: 0.247572
Train Epoch: 19 [5600/10000 (56%)]	Loss: 0.237886
Train Epoch: 19 [6400/10000 (64%)]	Loss: 0.226751
Train Epoch: 19 [7200/10000 (72%)]	Loss: 0.218313
Train Epoch: 19 [8000/10000 (80%)]	Loss: 0.234727
Train Epoch: 19 [8800/10000 (88%)]	Loss: 0.223909
Train Epoch: 19 [9600/10000 (96%)]	Loss: 0.285279
Audio Event Detection Segment-level F1: 60.6
Visual Event Detection Segment-level F1: 50.6
Audio-Visual Event Detection Segment-level F1: 47.3
Segment-levelType@Avg. F1: 52.8
Segment-level Event@Avg. F1: 56.0
Audio Event Detection Event-level F1: 49.2
Visual Event Detection Event-level F1: 42.9
Audio-Visual Event Detection Event-level F1: 38.6
Event-level Type@Avg. F1: 43.6
Event-level Event@Avg. F1: 45.3
Train Epoch: 20 [0/10000 (0%)]	Loss: 0.255705
Train Epoch: 20 [800/10000 (8%)]	Loss: 0.225940
Train Epoch: 20 [1600/10000 (16%)]	Loss: 0.211586
Train Epoch: 20 [2400/10000 (24%)]	Loss: 0.241304
Train Epoch: 20 [3200/10000 (32%)]	Loss: 0.238036
Train Epoch: 20 [4000/10000 (40%)]	Loss: 0.228711
Train Epoch: 20 [4800/10000 (48%)]	Loss: 0.234686
Train Epoch: 20 [5600/10000 (56%)]	Loss: 0.233095
Train Epoch: 20 [6400/10000 (64%)]	Loss: 0.280549
Train Epoch: 20 [7200/10000 (72%)]	Loss: 0.223251
Train Epoch: 20 [8000/10000 (80%)]	Loss: 0.233378
Train Epoch: 20 [8800/10000 (88%)]	Loss: 0.219477
Train Epoch: 20 [9600/10000 (96%)]	Loss: 0.241540
Audio Event Detection Segment-level F1: 61.6
Visual Event Detection Segment-level F1: 49.6
Audio-Visual Event Detection Segment-level F1: 46.3
Segment-levelType@Avg. F1: 52.5
Segment-level Event@Avg. F1: 56.9
Audio Event Detection Event-level F1: 50.1
Visual Event Detection Event-level F1: 42.0
Audio-Visual Event Detection Event-level F1: 37.7
Event-level Type@Avg. F1: 43.3
Event-level Event@Avg. F1: 45.9
Train Epoch: 21 [0/10000 (0%)]	Loss: 0.215652
Train Epoch: 21 [800/10000 (8%)]	Loss: 0.212746
Train Epoch: 21 [1600/10000 (16%)]	Loss: 0.225576
Train Epoch: 21 [2400/10000 (24%)]	Loss: 0.218416
Train Epoch: 21 [3200/10000 (32%)]	Loss: 0.218266
Train Epoch: 21 [4000/10000 (40%)]	Loss: 0.245769
Train Epoch: 21 [4800/10000 (48%)]	Loss: 0.232431
Train Epoch: 21 [5600/10000 (56%)]	Loss: 0.227568
Train Epoch: 21 [6400/10000 (64%)]	Loss: 0.214265
Train Epoch: 21 [7200/10000 (72%)]	Loss: 0.226063
Train Epoch: 21 [8000/10000 (80%)]	Loss: 0.218207
Train Epoch: 21 [8800/10000 (88%)]	Loss: 0.215042
Train Epoch: 21 [9600/10000 (96%)]	Loss: 0.270955
Audio Event Detection Segment-level F1: 61.2
Visual Event Detection Segment-level F1: 50.9
Audio-Visual Event Detection Segment-level F1: 47.4
Segment-levelType@Avg. F1: 53.2
Segment-level Event@Avg. F1: 56.8
Audio Event Detection Event-level F1: 49.5
Visual Event Detection Event-level F1: 43.2
Audio-Visual Event Detection Event-level F1: 38.7
Event-level Type@Avg. F1: 43.8
Event-level Event@Avg. F1: 45.7
Train Epoch: 22 [0/10000 (0%)]	Loss: 0.241247
Train Epoch: 22 [800/10000 (8%)]	Loss: 0.244083
Train Epoch: 22 [1600/10000 (16%)]	Loss: 0.231973
Train Epoch: 22 [2400/10000 (24%)]	Loss: 0.212021
Train Epoch: 22 [3200/10000 (32%)]	Loss: 0.233471
Train Epoch: 22 [4000/10000 (40%)]	Loss: 0.214111
Train Epoch: 22 [4800/10000 (48%)]	Loss: 0.222542
Train Epoch: 22 [5600/10000 (56%)]	Loss: 0.223761
Train Epoch: 22 [6400/10000 (64%)]	Loss: 0.224592
Train Epoch: 22 [7200/10000 (72%)]	Loss: 0.232622
Train Epoch: 22 [8000/10000 (80%)]	Loss: 0.208684
Train Epoch: 22 [8800/10000 (88%)]	Loss: 0.239778
Train Epoch: 22 [9600/10000 (96%)]	Loss: 0.208634
Audio Event Detection Segment-level F1: 60.8
Visual Event Detection Segment-level F1: 50.6
Audio-Visual Event Detection Segment-level F1: 47.2
Segment-levelType@Avg. F1: 52.9
Segment-level Event@Avg. F1: 56.4
Audio Event Detection Event-level F1: 48.9
Visual Event Detection Event-level F1: 42.8
Audio-Visual Event Detection Event-level F1: 38.6
Event-level Type@Avg. F1: 43.4
Event-level Event@Avg. F1: 45.2
Train Epoch: 23 [0/10000 (0%)]	Loss: 0.212480
Train Epoch: 23 [800/10000 (8%)]	Loss: 0.214420
Train Epoch: 23 [1600/10000 (16%)]	Loss: 0.213013
Train Epoch: 23 [2400/10000 (24%)]	Loss: 0.211520
Train Epoch: 23 [3200/10000 (32%)]	Loss: 0.211030
Train Epoch: 23 [4000/10000 (40%)]	Loss: 0.225547
Train Epoch: 23 [4800/10000 (48%)]	Loss: 0.218351
Train Epoch: 23 [5600/10000 (56%)]	Loss: 0.253402
Train Epoch: 23 [6400/10000 (64%)]	Loss: 0.213540
Train Epoch: 23 [7200/10000 (72%)]	Loss: 0.223034
Train Epoch: 23 [8000/10000 (80%)]	Loss: 0.219138
Train Epoch: 23 [8800/10000 (88%)]	Loss: 0.213647
Train Epoch: 23 [9600/10000 (96%)]	Loss: 0.222879
Audio Event Detection Segment-level F1: 60.5
Visual Event Detection Segment-level F1: 50.6
Audio-Visual Event Detection Segment-level F1: 47.1
Segment-levelType@Avg. F1: 52.7
Segment-level Event@Avg. F1: 56.1
Audio Event Detection Event-level F1: 48.8
Visual Event Detection Event-level F1: 43.0
Audio-Visual Event Detection Event-level F1: 38.5
Event-level Type@Avg. F1: 43.4
Event-level Event@Avg. F1: 45.1
Train Epoch: 24 [0/10000 (0%)]	Loss: 0.212462
Train Epoch: 24 [800/10000 (8%)]	Loss: 0.218149
Train Epoch: 24 [1600/10000 (16%)]	Loss: 0.220089
Train Epoch: 24 [2400/10000 (24%)]	Loss: 0.231028
Train Epoch: 24 [3200/10000 (32%)]	Loss: 0.230481
Train Epoch: 24 [4000/10000 (40%)]	Loss: 0.210938
Train Epoch: 24 [4800/10000 (48%)]	Loss: 0.215943
Train Epoch: 24 [5600/10000 (56%)]	Loss: 0.256384
Train Epoch: 24 [6400/10000 (64%)]	Loss: 0.250503
Train Epoch: 24 [7200/10000 (72%)]	Loss: 0.249041
Train Epoch: 24 [8000/10000 (80%)]	Loss: 0.208802
Train Epoch: 24 [8800/10000 (88%)]	Loss: 0.232029
Train Epoch: 24 [9600/10000 (96%)]	Loss: 0.213089
Audio Event Detection Segment-level F1: 60.6
Visual Event Detection Segment-level F1: 50.6
Audio-Visual Event Detection Segment-level F1: 47.2
Segment-levelType@Avg. F1: 52.8
Segment-level Event@Avg. F1: 56.2
Audio Event Detection Event-level F1: 48.9
Visual Event Detection Event-level F1: 42.8
Audio-Visual Event Detection Event-level F1: 38.6
Event-level Type@Avg. F1: 43.4
Event-level Event@Avg. F1: 45.1
Train Epoch: 25 [0/10000 (0%)]	Loss: 0.255042
Train Epoch: 25 [800/10000 (8%)]	Loss: 0.238603
Train Epoch: 25 [1600/10000 (16%)]	Loss: 0.212389
Train Epoch: 25 [2400/10000 (24%)]	Loss: 0.210368
Train Epoch: 25 [3200/10000 (32%)]	Loss: 0.213651
Train Epoch: 25 [4000/10000 (40%)]	Loss: 0.210705
Train Epoch: 25 [4800/10000 (48%)]	Loss: 0.227476
Train Epoch: 25 [5600/10000 (56%)]	Loss: 0.224434
Train Epoch: 25 [6400/10000 (64%)]	Loss: 0.210924
Train Epoch: 25 [7200/10000 (72%)]	Loss: 0.224212
Train Epoch: 25 [8000/10000 (80%)]	Loss: 0.221689
Train Epoch: 25 [8800/10000 (88%)]	Loss: 0.224016
Train Epoch: 25 [9600/10000 (96%)]	Loss: 0.249386
Audio Event Detection Segment-level F1: 60.5
Visual Event Detection Segment-level F1: 50.8
Audio-Visual Event Detection Segment-level F1: 47.4
Segment-levelType@Avg. F1: 52.9
Segment-level Event@Avg. F1: 56.2
Audio Event Detection Event-level F1: 48.8
Visual Event Detection Event-level F1: 43.1
Audio-Visual Event Detection Event-level F1: 38.8
Event-level Type@Avg. F1: 43.6
Event-level Event@Avg. F1: 45.1
Train Epoch: 26 [0/10000 (0%)]	Loss: 0.254170
Train Epoch: 26 [800/10000 (8%)]	Loss: 0.229893
Train Epoch: 26 [1600/10000 (16%)]	Loss: 0.247304
Train Epoch: 26 [2400/10000 (24%)]	Loss: 0.211918
Train Epoch: 26 [3200/10000 (32%)]	Loss: 0.216903
Train Epoch: 26 [4000/10000 (40%)]	Loss: 0.207055
Train Epoch: 26 [4800/10000 (48%)]	Loss: 0.246215
Train Epoch: 26 [5600/10000 (56%)]	Loss: 0.215237
Train Epoch: 26 [6400/10000 (64%)]	Loss: 0.224156
Train Epoch: 26 [7200/10000 (72%)]	Loss: 0.210008
Train Epoch: 26 [8000/10000 (80%)]	Loss: 0.213030
Train Epoch: 26 [8800/10000 (88%)]	Loss: 0.224627
Train Epoch: 26 [9600/10000 (96%)]	Loss: 0.249928
Audio Event Detection Segment-level F1: 60.5
Visual Event Detection Segment-level F1: 50.7
Audio-Visual Event Detection Segment-level F1: 47.2
Segment-levelType@Avg. F1: 52.8
Segment-level Event@Avg. F1: 56.2
Audio Event Detection Event-level F1: 48.9
Visual Event Detection Event-level F1: 42.8
Audio-Visual Event Detection Event-level F1: 38.6
Event-level Type@Avg. F1: 43.4
Event-level Event@Avg. F1: 45.1
Train Epoch: 27 [0/10000 (0%)]	Loss: 0.208677
Train Epoch: 27 [800/10000 (8%)]	Loss: 0.243144
Train Epoch: 27 [1600/10000 (16%)]	Loss: 0.228573
Train Epoch: 27 [2400/10000 (24%)]	Loss: 0.211545
Train Epoch: 27 [3200/10000 (32%)]	Loss: 0.224207
Train Epoch: 27 [4000/10000 (40%)]	Loss: 0.224410
Train Epoch: 27 [4800/10000 (48%)]	Loss: 0.219399
Train Epoch: 27 [5600/10000 (56%)]	Loss: 0.209688
Train Epoch: 27 [6400/10000 (64%)]	Loss: 0.232167
Train Epoch: 27 [7200/10000 (72%)]	Loss: 0.269584
Train Epoch: 27 [8000/10000 (80%)]	Loss: 0.213743
Train Epoch: 27 [8800/10000 (88%)]	Loss: 0.219016
Train Epoch: 27 [9600/10000 (96%)]	Loss: 0.232081
Audio Event Detection Segment-level F1: 60.7
Visual Event Detection Segment-level F1: 50.4
Audio-Visual Event Detection Segment-level F1: 47.0
Segment-levelType@Avg. F1: 52.7
Segment-level Event@Avg. F1: 56.1
Audio Event Detection Event-level F1: 48.7
Visual Event Detection Event-level F1: 42.9
Audio-Visual Event Detection Event-level F1: 38.6
Event-level Type@Avg. F1: 43.4
Event-level Event@Avg. F1: 45.1
Train Epoch: 28 [0/10000 (0%)]	Loss: 0.228775
Train Epoch: 28 [800/10000 (8%)]	Loss: 0.224276
Train Epoch: 28 [1600/10000 (16%)]	Loss: 0.223814
Train Epoch: 28 [2400/10000 (24%)]	Loss: 0.262268
Train Epoch: 28 [3200/10000 (32%)]	Loss: 0.221930
Train Epoch: 28 [4000/10000 (40%)]	Loss: 0.221433
Train Epoch: 28 [4800/10000 (48%)]	Loss: 0.235725
Train Epoch: 28 [5600/10000 (56%)]	Loss: 0.226887
Train Epoch: 28 [6400/10000 (64%)]	Loss: 0.214857
Train Epoch: 28 [7200/10000 (72%)]	Loss: 0.221164
Train Epoch: 28 [8000/10000 (80%)]	Loss: 0.210639
Train Epoch: 28 [8800/10000 (88%)]	Loss: 0.221304
Train Epoch: 28 [9600/10000 (96%)]	Loss: 0.214951
Audio Event Detection Segment-level F1: 60.4
Visual Event Detection Segment-level F1: 50.3
Audio-Visual Event Detection Segment-level F1: 46.9
Segment-levelType@Avg. F1: 52.5
Segment-level Event@Avg. F1: 56.0
Audio Event Detection Event-level F1: 48.9
Visual Event Detection Event-level F1: 42.6
Audio-Visual Event Detection Event-level F1: 38.2
Event-level Type@Avg. F1: 43.2
Event-level Event@Avg. F1: 45.0
Train Epoch: 29 [0/10000 (0%)]	Loss: 0.215587
Train Epoch: 29 [800/10000 (8%)]	Loss: 0.208540
Train Epoch: 29 [1600/10000 (16%)]	Loss: 0.214865
Train Epoch: 29 [2400/10000 (24%)]	Loss: 0.221890
Train Epoch: 29 [3200/10000 (32%)]	Loss: 0.222589
Train Epoch: 29 [4000/10000 (40%)]	Loss: 0.217451
Train Epoch: 29 [4800/10000 (48%)]	Loss: 0.206830
Train Epoch: 29 [5600/10000 (56%)]	Loss: 0.209234
Train Epoch: 29 [6400/10000 (64%)]	Loss: 0.206821
Train Epoch: 29 [7200/10000 (72%)]	Loss: 0.224232
Train Epoch: 29 [8000/10000 (80%)]	Loss: 0.239240
Train Epoch: 29 [8800/10000 (88%)]	Loss: 0.217715
Train Epoch: 29 [9600/10000 (96%)]	Loss: 0.241546
Audio Event Detection Segment-level F1: 60.6
Visual Event Detection Segment-level F1: 50.3
Audio-Visual Event Detection Segment-level F1: 47.1
Segment-levelType@Avg. F1: 52.7
Segment-level Event@Avg. F1: 56.1
Audio Event Detection Event-level F1: 48.6
Visual Event Detection Event-level F1: 42.7
Audio-Visual Event Detection Event-level F1: 38.6
Event-level Type@Avg. F1: 43.3
Event-level Event@Avg. F1: 45.0
Train Epoch: 30 [0/10000 (0%)]	Loss: 0.214874
Train Epoch: 30 [800/10000 (8%)]	Loss: 0.217023
Train Epoch: 30 [1600/10000 (16%)]	Loss: 0.219765
Train Epoch: 30 [2400/10000 (24%)]	Loss: 0.210428
Train Epoch: 30 [3200/10000 (32%)]	Loss: 0.240120
Train Epoch: 30 [4000/10000 (40%)]	Loss: 0.254315
Train Epoch: 30 [4800/10000 (48%)]	Loss: 0.224553
Train Epoch: 30 [5600/10000 (56%)]	Loss: 0.219650
Train Epoch: 30 [6400/10000 (64%)]	Loss: 0.244291
Train Epoch: 30 [7200/10000 (72%)]	Loss: 0.225673
Train Epoch: 30 [8000/10000 (80%)]	Loss: 0.218476
Train Epoch: 30 [8800/10000 (88%)]	Loss: 0.217502
Train Epoch: 30 [9600/10000 (96%)]	Loss: 0.210518
Audio Event Detection Segment-level F1: 60.7
Visual Event Detection Segment-level F1: 50.2
Audio-Visual Event Detection Segment-level F1: 46.9
Segment-levelType@Avg. F1: 52.6
Segment-level Event@Avg. F1: 56.1
Audio Event Detection Event-level F1: 48.8
Visual Event Detection Event-level F1: 42.8
Audio-Visual Event Detection Event-level F1: 38.6
Event-level Type@Avg. F1: 43.4
Event-level Event@Avg. F1: 45.1
Train Epoch: 31 [0/10000 (0%)]	Loss: 0.249036
Train Epoch: 31 [800/10000 (8%)]	Loss: 0.212456
Train Epoch: 31 [1600/10000 (16%)]	Loss: 0.245762
Train Epoch: 31 [2400/10000 (24%)]	Loss: 0.213377
Train Epoch: 31 [3200/10000 (32%)]	Loss: 0.226711
Train Epoch: 31 [4000/10000 (40%)]	Loss: 0.224142
Train Epoch: 31 [4800/10000 (48%)]	Loss: 0.225602
Train Epoch: 31 [5600/10000 (56%)]	Loss: 0.220349
Train Epoch: 31 [6400/10000 (64%)]	Loss: 0.218572
Train Epoch: 31 [7200/10000 (72%)]	Loss: 0.214699
Train Epoch: 31 [8000/10000 (80%)]	Loss: 0.248713
Train Epoch: 31 [8800/10000 (88%)]	Loss: 0.211024
Train Epoch: 31 [9600/10000 (96%)]	Loss: 0.223380
Audio Event Detection Segment-level F1: 60.7
Visual Event Detection Segment-level F1: 50.4
Audio-Visual Event Detection Segment-level F1: 47.2
Segment-levelType@Avg. F1: 52.8
Segment-level Event@Avg. F1: 56.1
Audio Event Detection Event-level F1: 48.7
Visual Event Detection Event-level F1: 43.0
Audio-Visual Event Detection Event-level F1: 38.7
Event-level Type@Avg. F1: 43.5
Event-level Event@Avg. F1: 45.1
Train Epoch: 32 [0/10000 (0%)]	Loss: 0.235119
Train Epoch: 32 [800/10000 (8%)]	Loss: 0.215962
Train Epoch: 32 [1600/10000 (16%)]	Loss: 0.212041
Train Epoch: 32 [2400/10000 (24%)]	Loss: 0.240805
Train Epoch: 32 [3200/10000 (32%)]	Loss: 0.214390
Train Epoch: 32 [4000/10000 (40%)]	Loss: 0.217030
Train Epoch: 32 [4800/10000 (48%)]	Loss: 0.208600
Train Epoch: 32 [5600/10000 (56%)]	Loss: 0.234320
Train Epoch: 32 [6400/10000 (64%)]	Loss: 0.207084
Train Epoch: 32 [7200/10000 (72%)]	Loss: 0.232216
Train Epoch: 32 [8000/10000 (80%)]	Loss: 0.261401
Train Epoch: 32 [8800/10000 (88%)]	Loss: 0.230119
Train Epoch: 32 [9600/10000 (96%)]	Loss: 0.205058
Audio Event Detection Segment-level F1: 60.6
Visual Event Detection Segment-level F1: 50.4
Audio-Visual Event Detection Segment-level F1: 47.2
Segment-levelType@Avg. F1: 52.7
Segment-level Event@Avg. F1: 56.0
Audio Event Detection Event-level F1: 48.8
Visual Event Detection Event-level F1: 43.0
Audio-Visual Event Detection Event-level F1: 38.7
Event-level Type@Avg. F1: 43.5
Event-level Event@Avg. F1: 45.1
Train Epoch: 33 [0/10000 (0%)]	Loss: 0.218605
Train Epoch: 33 [800/10000 (8%)]	Loss: 0.207439
Train Epoch: 33 [1600/10000 (16%)]	Loss: 0.213813
Train Epoch: 33 [2400/10000 (24%)]	Loss: 0.250490
Train Epoch: 33 [3200/10000 (32%)]	Loss: 0.216158
Train Epoch: 33 [4000/10000 (40%)]	Loss: 0.211573
Train Epoch: 33 [4800/10000 (48%)]	Loss: 0.220367
Train Epoch: 33 [5600/10000 (56%)]	Loss: 0.271184
Train Epoch: 33 [6400/10000 (64%)]	Loss: 0.213909
Train Epoch: 33 [7200/10000 (72%)]	Loss: 0.217030
Train Epoch: 33 [8000/10000 (80%)]	Loss: 0.204455
Train Epoch: 33 [8800/10000 (88%)]	Loss: 0.206742
Train Epoch: 33 [9600/10000 (96%)]	Loss: 0.211791
Audio Event Detection Segment-level F1: 60.6
Visual Event Detection Segment-level F1: 50.4
Audio-Visual Event Detection Segment-level F1: 47.2
Segment-levelType@Avg. F1: 52.7
Segment-level Event@Avg. F1: 56.0
Audio Event Detection Event-level F1: 48.8
Visual Event Detection Event-level F1: 42.8
Audio-Visual Event Detection Event-level F1: 38.7
Event-level Type@Avg. F1: 43.4
Event-level Event@Avg. F1: 45.1
Train Epoch: 34 [0/10000 (0%)]	Loss: 0.215443
Train Epoch: 34 [800/10000 (8%)]	Loss: 0.215963
Train Epoch: 34 [1600/10000 (16%)]	Loss: 0.209852
Train Epoch: 34 [2400/10000 (24%)]	Loss: 0.207585
Train Epoch: 34 [3200/10000 (32%)]	Loss: 0.218660
Train Epoch: 34 [4000/10000 (40%)]	Loss: 0.236565
Train Epoch: 34 [4800/10000 (48%)]	Loss: 0.233101
Train Epoch: 34 [5600/10000 (56%)]	Loss: 0.212110
Train Epoch: 34 [6400/10000 (64%)]	Loss: 0.212298
Train Epoch: 34 [7200/10000 (72%)]	Loss: 0.227494
Train Epoch: 34 [8000/10000 (80%)]	Loss: 0.217523
Train Epoch: 34 [8800/10000 (88%)]	Loss: 0.211960
Train Epoch: 34 [9600/10000 (96%)]	Loss: 0.219988
Audio Event Detection Segment-level F1: 60.6
Visual Event Detection Segment-level F1: 50.4
Audio-Visual Event Detection Segment-level F1: 47.1
Segment-levelType@Avg. F1: 52.7
Segment-level Event@Avg. F1: 56.0
Audio Event Detection Event-level F1: 48.8
Visual Event Detection Event-level F1: 42.7
Audio-Visual Event Detection Event-level F1: 38.7
Event-level Type@Avg. F1: 43.4
Event-level Event@Avg. F1: 45.1
Train Epoch: 35 [0/10000 (0%)]	Loss: 0.221420
Train Epoch: 35 [800/10000 (8%)]	Loss: 0.225856
Train Epoch: 35 [1600/10000 (16%)]	Loss: 0.211171
Train Epoch: 35 [2400/10000 (24%)]	Loss: 0.220009
Train Epoch: 35 [3200/10000 (32%)]	Loss: 0.216695
Train Epoch: 35 [4000/10000 (40%)]	Loss: 0.217144
Train Epoch: 35 [4800/10000 (48%)]	Loss: 0.212225
Train Epoch: 35 [5600/10000 (56%)]	Loss: 0.214623
Train Epoch: 35 [6400/10000 (64%)]	Loss: 0.217157
Train Epoch: 35 [7200/10000 (72%)]	Loss: 0.240215
Train Epoch: 35 [8000/10000 (80%)]	Loss: 0.275040
Train Epoch: 35 [8800/10000 (88%)]	Loss: 0.218237
Train Epoch: 35 [9600/10000 (96%)]	Loss: 0.209416
Audio Event Detection Segment-level F1: 60.6
Visual Event Detection Segment-level F1: 50.4
Audio-Visual Event Detection Segment-level F1: 47.1
Segment-levelType@Avg. F1: 52.7
Segment-level Event@Avg. F1: 56.0
Audio Event Detection Event-level F1: 48.8
Visual Event Detection Event-level F1: 42.7
Audio-Visual Event Detection Event-level F1: 38.8
Event-level Type@Avg. F1: 43.4
Event-level Event@Avg. F1: 45.1
Train Epoch: 36 [0/10000 (0%)]	Loss: 0.210100
Train Epoch: 36 [800/10000 (8%)]	Loss: 0.216812
Train Epoch: 36 [1600/10000 (16%)]	Loss: 0.209838
Train Epoch: 36 [2400/10000 (24%)]	Loss: 0.211990
Train Epoch: 36 [3200/10000 (32%)]	Loss: 0.217231
Train Epoch: 36 [4000/10000 (40%)]	Loss: 0.209807
Train Epoch: 36 [4800/10000 (48%)]	Loss: 0.206290
Train Epoch: 36 [5600/10000 (56%)]	Loss: 0.211352
Train Epoch: 36 [6400/10000 (64%)]	Loss: 0.210057
Train Epoch: 36 [7200/10000 (72%)]	Loss: 0.213548
Train Epoch: 36 [8000/10000 (80%)]	Loss: 0.212338
Train Epoch: 36 [8800/10000 (88%)]	Loss: 0.216542
Train Epoch: 36 [9600/10000 (96%)]	Loss: 0.241061
Audio Event Detection Segment-level F1: 60.6
Visual Event Detection Segment-level F1: 50.4
Audio-Visual Event Detection Segment-level F1: 47.2
Segment-levelType@Avg. F1: 52.7
Segment-level Event@Avg. F1: 56.1
Audio Event Detection Event-level F1: 48.9
Visual Event Detection Event-level F1: 42.8
Audio-Visual Event Detection Event-level F1: 38.8
Event-level Type@Avg. F1: 43.5
Event-level Event@Avg. F1: 45.2
Train Epoch: 37 [0/10000 (0%)]	Loss: 0.228197
Train Epoch: 37 [800/10000 (8%)]	Loss: 0.247942
Train Epoch: 37 [1600/10000 (16%)]	Loss: 0.212239
Train Epoch: 37 [2400/10000 (24%)]	Loss: 0.217264
Train Epoch: 37 [3200/10000 (32%)]	Loss: 0.221809
Train Epoch: 37 [4000/10000 (40%)]	Loss: 0.220711
Train Epoch: 37 [4800/10000 (48%)]	Loss: 0.242752
Train Epoch: 37 [5600/10000 (56%)]	Loss: 0.218301
Train Epoch: 37 [6400/10000 (64%)]	Loss: 0.244942
Train Epoch: 37 [7200/10000 (72%)]	Loss: 0.223033
Train Epoch: 37 [8000/10000 (80%)]	Loss: 0.233106
Train Epoch: 37 [8800/10000 (88%)]	Loss: 0.210579
Train Epoch: 37 [9600/10000 (96%)]	Loss: 0.218957
Audio Event Detection Segment-level F1: 60.6
Visual Event Detection Segment-level F1: 50.4
Audio-Visual Event Detection Segment-level F1: 47.2
Segment-levelType@Avg. F1: 52.7
Segment-level Event@Avg. F1: 56.0
Audio Event Detection Event-level F1: 48.9
Visual Event Detection Event-level F1: 43.0
Audio-Visual Event Detection Event-level F1: 39.0
Event-level Type@Avg. F1: 43.6
Event-level Event@Avg. F1: 45.3
Train Epoch: 38 [0/10000 (0%)]	Loss: 0.236026
Train Epoch: 38 [800/10000 (8%)]	Loss: 0.216807
Train Epoch: 38 [1600/10000 (16%)]	Loss: 0.204984
Train Epoch: 38 [2400/10000 (24%)]	Loss: 0.224339
Train Epoch: 38 [3200/10000 (32%)]	Loss: 0.221407
Train Epoch: 38 [4000/10000 (40%)]	Loss: 0.211428
Train Epoch: 38 [4800/10000 (48%)]	Loss: 0.215384
Train Epoch: 38 [5600/10000 (56%)]	Loss: 0.207113
Train Epoch: 38 [6400/10000 (64%)]	Loss: 0.227023
Train Epoch: 38 [7200/10000 (72%)]	Loss: 0.223276
Train Epoch: 38 [8000/10000 (80%)]	Loss: 0.222367
Train Epoch: 38 [8800/10000 (88%)]	Loss: 0.220291
Train Epoch: 38 [9600/10000 (96%)]	Loss: 0.231913
Audio Event Detection Segment-level F1: 60.6
Visual Event Detection Segment-level F1: 50.4
Audio-Visual Event Detection Segment-level F1: 47.1
Segment-levelType@Avg. F1: 52.7
Segment-level Event@Avg. F1: 56.1
Audio Event Detection Event-level F1: 48.7
Visual Event Detection Event-level F1: 42.8
Audio-Visual Event Detection Event-level F1: 38.8
Event-level Type@Avg. F1: 43.4
Event-level Event@Avg. F1: 45.1
Train Epoch: 39 [0/10000 (0%)]	Loss: 0.221129
Train Epoch: 39 [800/10000 (8%)]	Loss: 0.215993
Train Epoch: 39 [1600/10000 (16%)]	Loss: 0.206790
Train Epoch: 39 [2400/10000 (24%)]	Loss: 0.216643
Train Epoch: 39 [3200/10000 (32%)]	Loss: 0.217297
Train Epoch: 39 [4000/10000 (40%)]	Loss: 0.215088
Train Epoch: 39 [4800/10000 (48%)]	Loss: 0.242827
Train Epoch: 39 [5600/10000 (56%)]	Loss: 0.228859
Train Epoch: 39 [6400/10000 (64%)]	Loss: 0.204395
Train Epoch: 39 [7200/10000 (72%)]	Loss: 0.223882
Train Epoch: 39 [8000/10000 (80%)]	Loss: 0.222444
Train Epoch: 39 [8800/10000 (88%)]	Loss: 0.208413
Train Epoch: 39 [9600/10000 (96%)]	Loss: 0.239663
Audio Event Detection Segment-level F1: 60.6
Visual Event Detection Segment-level F1: 50.4
Audio-Visual Event Detection Segment-level F1: 47.2
Segment-levelType@Avg. F1: 52.7
Segment-level Event@Avg. F1: 56.0
Audio Event Detection Event-level F1: 48.8
Visual Event Detection Event-level F1: 42.8
Audio-Visual Event Detection Event-level F1: 38.8
Event-level Type@Avg. F1: 43.5
Event-level Event@Avg. F1: 45.1
Train Epoch: 40 [0/10000 (0%)]	Loss: 0.211989
Train Epoch: 40 [800/10000 (8%)]	Loss: 0.238574
Train Epoch: 40 [1600/10000 (16%)]	Loss: 0.250384
Train Epoch: 40 [2400/10000 (24%)]	Loss: 0.240022
Train Epoch: 40 [3200/10000 (32%)]	Loss: 0.212616
Train Epoch: 40 [4000/10000 (40%)]	Loss: 0.250411
Train Epoch: 40 [4800/10000 (48%)]	Loss: 0.210377
Train Epoch: 40 [5600/10000 (56%)]	Loss: 0.215933
Train Epoch: 40 [6400/10000 (64%)]	Loss: 0.216182
Train Epoch: 40 [7200/10000 (72%)]	Loss: 0.218490
Train Epoch: 40 [8000/10000 (80%)]	Loss: 0.255248
Train Epoch: 40 [8800/10000 (88%)]	Loss: 0.209101
Train Epoch: 40 [9600/10000 (96%)]	Loss: 0.240671
Audio Event Detection Segment-level F1: 60.6
Visual Event Detection Segment-level F1: 50.3
Audio-Visual Event Detection Segment-level F1: 47.1
Segment-levelType@Avg. F1: 52.7
Segment-level Event@Avg. F1: 56.0
Audio Event Detection Event-level F1: 48.8
Visual Event Detection Event-level F1: 42.5
Audio-Visual Event Detection Event-level F1: 38.5
Event-level Type@Avg. F1: 43.3
Event-level Event@Avg. F1: 45.0
