111111111111
Train Epoch: 1 [0/10000 (0%)]	Loss: 2.103743
Train Epoch: 1 [800/10000 (8%)]	Loss: 0.630107
Train Epoch: 1 [1600/10000 (16%)]	Loss: 0.541092
Train Epoch: 1 [2400/10000 (24%)]	Loss: 0.508942
Train Epoch: 1 [3200/10000 (32%)]	Loss: 0.526522
Train Epoch: 1 [4000/10000 (40%)]	Loss: 0.472464
Train Epoch: 1 [4800/10000 (48%)]	Loss: 0.497188
Train Epoch: 1 [5600/10000 (56%)]	Loss: 0.466953
Train Epoch: 1 [6400/10000 (64%)]	Loss: 0.424916
Train Epoch: 1 [7200/10000 (72%)]	Loss: 0.457400
Train Epoch: 1 [8000/10000 (80%)]	Loss: 0.410081
Train Epoch: 1 [8800/10000 (88%)]	Loss: 0.376405
Train Epoch: 1 [9600/10000 (96%)]	Loss: 0.388909
Audio Event Detection Segment-level F1: 51.5
Visual Event Detection Segment-level F1: 50.7
Audio-Visual Event Detection Segment-level F1: 40.5
Segment-levelType@Avg. F1: 47.6
Segment-level Event@Avg. F1: 50.8
Audio Event Detection Event-level F1: 42.8
Visual Event Detection Event-level F1: 46.0
Audio-Visual Event Detection Event-level F1: 33.7
Event-level Type@Avg. F1: 40.9
Event-level Event@Avg. F1: 43.1
Train Epoch: 2 [0/10000 (0%)]	Loss: 0.375021
Train Epoch: 2 [800/10000 (8%)]	Loss: 0.363504
Train Epoch: 2 [1600/10000 (16%)]	Loss: 0.471898
Train Epoch: 2 [2400/10000 (24%)]	Loss: 0.361578
Train Epoch: 2 [3200/10000 (32%)]	Loss: 0.435468
Train Epoch: 2 [4000/10000 (40%)]	Loss: 0.376821
Train Epoch: 2 [4800/10000 (48%)]	Loss: 0.428401
Train Epoch: 2 [5600/10000 (56%)]	Loss: 0.485657
Train Epoch: 2 [6400/10000 (64%)]	Loss: 0.482980
Train Epoch: 2 [7200/10000 (72%)]	Loss: 0.468764
Train Epoch: 2 [8000/10000 (80%)]	Loss: 0.353456
Train Epoch: 2 [8800/10000 (88%)]	Loss: 0.404719
Train Epoch: 2 [9600/10000 (96%)]	Loss: 0.410204
Audio Event Detection Segment-level F1: 51.8
Visual Event Detection Segment-level F1: 51.4
Audio-Visual Event Detection Segment-level F1: 40.9
Segment-levelType@Avg. F1: 48.0
Segment-level Event@Avg. F1: 51.7
Audio Event Detection Event-level F1: 43.0
Visual Event Detection Event-level F1: 46.5
Audio-Visual Event Detection Event-level F1: 33.7
Event-level Type@Avg. F1: 41.0
Event-level Event@Avg. F1: 43.2
Train Epoch: 3 [0/10000 (0%)]	Loss: 0.417473
Train Epoch: 3 [800/10000 (8%)]	Loss: 0.413916
Train Epoch: 3 [1600/10000 (16%)]	Loss: 0.377800
Train Epoch: 3 [2400/10000 (24%)]	Loss: 0.358250
Train Epoch: 3 [3200/10000 (32%)]	Loss: 0.409075
Train Epoch: 3 [4000/10000 (40%)]	Loss: 0.379943
Train Epoch: 3 [4800/10000 (48%)]	Loss: 0.449373
Train Epoch: 3 [5600/10000 (56%)]	Loss: 0.434401
Train Epoch: 3 [6400/10000 (64%)]	Loss: 0.329491
Train Epoch: 3 [7200/10000 (72%)]	Loss: 0.352948
Train Epoch: 3 [8000/10000 (80%)]	Loss: 0.395050
Train Epoch: 3 [8800/10000 (88%)]	Loss: 0.389919
Train Epoch: 3 [9600/10000 (96%)]	Loss: 0.452692
Audio Event Detection Segment-level F1: 52.3
Visual Event Detection Segment-level F1: 48.1
Audio-Visual Event Detection Segment-level F1: 38.8
Segment-levelType@Avg. F1: 46.4
Segment-level Event@Avg. F1: 50.5
Audio Event Detection Event-level F1: 42.9
Visual Event Detection Event-level F1: 41.4
Audio-Visual Event Detection Event-level F1: 30.7
Event-level Type@Avg. F1: 38.3
Event-level Event@Avg. F1: 40.9
Train Epoch: 4 [0/10000 (0%)]	Loss: 0.378365
Train Epoch: 4 [800/10000 (8%)]	Loss: 0.409970
Train Epoch: 4 [1600/10000 (16%)]	Loss: 0.383242
Train Epoch: 4 [2400/10000 (24%)]	Loss: 0.321032
Train Epoch: 4 [3200/10000 (32%)]	Loss: 0.337256
Train Epoch: 4 [4000/10000 (40%)]	Loss: 0.475134
Train Epoch: 4 [4800/10000 (48%)]	Loss: 0.371366
Train Epoch: 4 [5600/10000 (56%)]	Loss: 0.395744
Train Epoch: 4 [6400/10000 (64%)]	Loss: 0.479565
Train Epoch: 4 [7200/10000 (72%)]	Loss: 0.404621
Train Epoch: 4 [8000/10000 (80%)]	Loss: 0.482500
Train Epoch: 4 [8800/10000 (88%)]	Loss: 0.389336
Train Epoch: 4 [9600/10000 (96%)]	Loss: 0.366970
Audio Event Detection Segment-level F1: 54.2
Visual Event Detection Segment-level F1: 51.3
Audio-Visual Event Detection Segment-level F1: 41.8
Segment-levelType@Avg. F1: 49.1
Segment-level Event@Avg. F1: 52.9
Audio Event Detection Event-level F1: 45.5
Visual Event Detection Event-level F1: 45.0
Audio-Visual Event Detection Event-level F1: 33.7
Event-level Type@Avg. F1: 41.4
Event-level Event@Avg. F1: 43.8
Train Epoch: 5 [0/10000 (0%)]	Loss: 0.348854
Train Epoch: 5 [800/10000 (8%)]	Loss: 0.413663
Train Epoch: 5 [1600/10000 (16%)]	Loss: 0.356235
Train Epoch: 5 [2400/10000 (24%)]	Loss: 0.322445
Train Epoch: 5 [3200/10000 (32%)]	Loss: 0.417603
Train Epoch: 5 [4000/10000 (40%)]	Loss: 0.308584
Train Epoch: 5 [4800/10000 (48%)]	Loss: 0.358699
Train Epoch: 5 [5600/10000 (56%)]	Loss: 0.353228
Train Epoch: 5 [6400/10000 (64%)]	Loss: 0.379387
Train Epoch: 5 [7200/10000 (72%)]	Loss: 0.372963
Train Epoch: 5 [8000/10000 (80%)]	Loss: 0.362587
Train Epoch: 5 [8800/10000 (88%)]	Loss: 0.368352
Train Epoch: 5 [9600/10000 (96%)]	Loss: 0.441374
Audio Event Detection Segment-level F1: 53.1
Visual Event Detection Segment-level F1: 55.8
Audio-Visual Event Detection Segment-level F1: 45.5
Segment-levelType@Avg. F1: 51.5
Segment-level Event@Avg. F1: 53.9
Audio Event Detection Event-level F1: 44.0
Visual Event Detection Event-level F1: 50.3
Audio-Visual Event Detection Event-level F1: 37.4
Event-level Type@Avg. F1: 43.9
Event-level Event@Avg. F1: 44.5
Train Epoch: 6 [0/10000 (0%)]	Loss: 0.401617
Train Epoch: 6 [800/10000 (8%)]	Loss: 0.362111
Train Epoch: 6 [1600/10000 (16%)]	Loss: 0.365486
Train Epoch: 6 [2400/10000 (24%)]	Loss: 0.393617
Train Epoch: 6 [3200/10000 (32%)]	Loss: 0.353609
Train Epoch: 6 [4000/10000 (40%)]	Loss: 0.342361
Train Epoch: 6 [4800/10000 (48%)]	Loss: 0.406230
Train Epoch: 6 [5600/10000 (56%)]	Loss: 0.377243
Train Epoch: 6 [6400/10000 (64%)]	Loss: 0.343014
Train Epoch: 6 [7200/10000 (72%)]	Loss: 0.338193
Train Epoch: 6 [8000/10000 (80%)]	Loss: 0.374922
Train Epoch: 6 [8800/10000 (88%)]	Loss: 0.402801
Train Epoch: 6 [9600/10000 (96%)]	Loss: 0.371758
Audio Event Detection Segment-level F1: 53.4
Visual Event Detection Segment-level F1: 54.1
Audio-Visual Event Detection Segment-level F1: 42.5
Segment-levelType@Avg. F1: 50.0
Segment-level Event@Avg. F1: 53.5
Audio Event Detection Event-level F1: 44.0
Visual Event Detection Event-level F1: 48.4
Audio-Visual Event Detection Event-level F1: 34.2
Event-level Type@Avg. F1: 42.2
Event-level Event@Avg. F1: 43.9
Train Epoch: 7 [0/10000 (0%)]	Loss: 0.382653
Train Epoch: 7 [800/10000 (8%)]	Loss: 0.417388
Train Epoch: 7 [1600/10000 (16%)]	Loss: 0.409929
Train Epoch: 7 [2400/10000 (24%)]	Loss: 0.403031
Train Epoch: 7 [3200/10000 (32%)]	Loss: 0.410497
Train Epoch: 7 [4000/10000 (40%)]	Loss: 0.308901
Train Epoch: 7 [4800/10000 (48%)]	Loss: 0.479904
Train Epoch: 7 [5600/10000 (56%)]	Loss: 0.384159
Train Epoch: 7 [6400/10000 (64%)]	Loss: 0.350765
Train Epoch: 7 [7200/10000 (72%)]	Loss: 0.345212
Train Epoch: 7 [8000/10000 (80%)]	Loss: 0.306077
Train Epoch: 7 [8800/10000 (88%)]	Loss: 0.368248
Train Epoch: 7 [9600/10000 (96%)]	Loss: 0.379585
Audio Event Detection Segment-level F1: 54.3
Visual Event Detection Segment-level F1: 51.5
Audio-Visual Event Detection Segment-level F1: 41.6
Segment-levelType@Avg. F1: 49.1
Segment-level Event@Avg. F1: 53.1
Audio Event Detection Event-level F1: 45.3
Visual Event Detection Event-level F1: 44.5
Audio-Visual Event Detection Event-level F1: 33.4
Event-level Type@Avg. F1: 41.1
Event-level Event@Avg. F1: 43.2
Train Epoch: 8 [0/10000 (0%)]	Loss: 0.377437
Train Epoch: 8 [800/10000 (8%)]	Loss: 0.372229
Train Epoch: 8 [1600/10000 (16%)]	Loss: 0.319716
Train Epoch: 8 [2400/10000 (24%)]	Loss: 0.383034
Train Epoch: 8 [3200/10000 (32%)]	Loss: 0.387139
Train Epoch: 8 [4000/10000 (40%)]	Loss: 0.363130
Train Epoch: 8 [4800/10000 (48%)]	Loss: 0.342119
Train Epoch: 8 [5600/10000 (56%)]	Loss: 0.362682
Train Epoch: 8 [6400/10000 (64%)]	Loss: 0.375325
Train Epoch: 8 [7200/10000 (72%)]	Loss: 0.371081
Train Epoch: 8 [8000/10000 (80%)]	Loss: 0.498613
Train Epoch: 8 [8800/10000 (88%)]	Loss: 0.365082
Train Epoch: 8 [9600/10000 (96%)]	Loss: 0.352127
Audio Event Detection Segment-level F1: 54.7
Visual Event Detection Segment-level F1: 51.3
Audio-Visual Event Detection Segment-level F1: 42.4
Segment-levelType@Avg. F1: 49.5
Segment-level Event@Avg. F1: 53.0
Audio Event Detection Event-level F1: 45.9
Visual Event Detection Event-level F1: 44.3
Audio-Visual Event Detection Event-level F1: 34.0
Event-level Type@Avg. F1: 41.4
Event-level Event@Avg. F1: 43.3
Train Epoch: 9 [0/10000 (0%)]	Loss: 0.352021
Train Epoch: 9 [800/10000 (8%)]	Loss: 0.361797
Train Epoch: 9 [1600/10000 (16%)]	Loss: 0.335484
Train Epoch: 9 [2400/10000 (24%)]	Loss: 0.368233
Train Epoch: 9 [3200/10000 (32%)]	Loss: 0.363302
Train Epoch: 9 [4000/10000 (40%)]	Loss: 0.366891
Train Epoch: 9 [4800/10000 (48%)]	Loss: 0.345561
Train Epoch: 9 [5600/10000 (56%)]	Loss: 0.312897
Train Epoch: 9 [6400/10000 (64%)]	Loss: 0.357435
Train Epoch: 9 [7200/10000 (72%)]	Loss: 0.360796
Train Epoch: 9 [8000/10000 (80%)]	Loss: 0.354803
Train Epoch: 9 [8800/10000 (88%)]	Loss: 0.319246
Train Epoch: 9 [9600/10000 (96%)]	Loss: 0.350132
Audio Event Detection Segment-level F1: 54.7
Visual Event Detection Segment-level F1: 49.9
Audio-Visual Event Detection Segment-level F1: 40.7
Segment-levelType@Avg. F1: 48.4
Segment-level Event@Avg. F1: 52.4
Audio Event Detection Event-level F1: 44.6
Visual Event Detection Event-level F1: 43.2
Audio-Visual Event Detection Event-level F1: 32.2
Event-level Type@Avg. F1: 40.0
Event-level Event@Avg. F1: 42.4
Train Epoch: 10 [0/10000 (0%)]	Loss: 0.354769
Train Epoch: 10 [800/10000 (8%)]	Loss: 0.313472
Train Epoch: 10 [1600/10000 (16%)]	Loss: 0.346945
Train Epoch: 10 [2400/10000 (24%)]	Loss: 0.344633
Train Epoch: 10 [3200/10000 (32%)]	Loss: 0.403921
Train Epoch: 10 [4000/10000 (40%)]	Loss: 0.563164
Train Epoch: 10 [4800/10000 (48%)]	Loss: 0.382930
Train Epoch: 10 [5600/10000 (56%)]	Loss: 0.383984
Train Epoch: 10 [6400/10000 (64%)]	Loss: 0.367047
Train Epoch: 10 [7200/10000 (72%)]	Loss: 0.370298
Train Epoch: 10 [8000/10000 (80%)]	Loss: 0.404953
Train Epoch: 10 [8800/10000 (88%)]	Loss: 0.326130
Train Epoch: 10 [9600/10000 (96%)]	Loss: 0.349041
Audio Event Detection Segment-level F1: 53.4
Visual Event Detection Segment-level F1: 51.8
Audio-Visual Event Detection Segment-level F1: 42.5
Segment-levelType@Avg. F1: 49.2
Segment-level Event@Avg. F1: 52.2
Audio Event Detection Event-level F1: 41.9
Visual Event Detection Event-level F1: 45.5
Audio-Visual Event Detection Event-level F1: 32.3
Event-level Type@Avg. F1: 39.9
Event-level Event@Avg. F1: 41.7
Train Epoch: 11 [0/10000 (0%)]	Loss: 0.376071
Train Epoch: 11 [800/10000 (8%)]	Loss: 0.374996
Train Epoch: 11 [1600/10000 (16%)]	Loss: 0.390742
Train Epoch: 11 [2400/10000 (24%)]	Loss: 0.342730
Train Epoch: 11 [3200/10000 (32%)]	Loss: 0.378206
Train Epoch: 11 [4000/10000 (40%)]	Loss: 0.306554
Train Epoch: 11 [4800/10000 (48%)]	Loss: 0.377469
Train Epoch: 11 [5600/10000 (56%)]	Loss: 0.330973
Train Epoch: 11 [6400/10000 (64%)]	Loss: 0.344367
Train Epoch: 11 [7200/10000 (72%)]	Loss: 0.365366
Train Epoch: 11 [8000/10000 (80%)]	Loss: 0.331190
Train Epoch: 11 [8800/10000 (88%)]	Loss: 0.328455
Train Epoch: 11 [9600/10000 (96%)]	Loss: 0.403059
Audio Event Detection Segment-level F1: 56.1
Visual Event Detection Segment-level F1: 53.6
Audio-Visual Event Detection Segment-level F1: 44.7
Segment-levelType@Avg. F1: 51.5
Segment-level Event@Avg. F1: 55.0
Audio Event Detection Event-level F1: 44.8
Visual Event Detection Event-level F1: 47.1
Audio-Visual Event Detection Event-level F1: 34.3
Event-level Type@Avg. F1: 42.1
Event-level Event@Avg. F1: 43.8
Train Epoch: 12 [0/10000 (0%)]	Loss: 0.328482
Train Epoch: 12 [800/10000 (8%)]	Loss: 0.330310
Train Epoch: 12 [1600/10000 (16%)]	Loss: 0.327059
Train Epoch: 12 [2400/10000 (24%)]	Loss: 0.295298
Train Epoch: 12 [3200/10000 (32%)]	Loss: 0.318560
Train Epoch: 12 [4000/10000 (40%)]	Loss: 0.322741
Train Epoch: 12 [4800/10000 (48%)]	Loss: 0.362227
Train Epoch: 12 [5600/10000 (56%)]	Loss: 0.347647
Train Epoch: 12 [6400/10000 (64%)]	Loss: 0.355405
Train Epoch: 12 [7200/10000 (72%)]	Loss: 0.328181
Train Epoch: 12 [8000/10000 (80%)]	Loss: 0.330295
Train Epoch: 12 [8800/10000 (88%)]	Loss: 0.395700
Train Epoch: 12 [9600/10000 (96%)]	Loss: 0.345773
Audio Event Detection Segment-level F1: 55.3
Visual Event Detection Segment-level F1: 54.1
Audio-Visual Event Detection Segment-level F1: 44.2
Segment-levelType@Avg. F1: 51.2
Segment-level Event@Avg. F1: 54.4
Audio Event Detection Event-level F1: 44.0
Visual Event Detection Event-level F1: 46.8
Audio-Visual Event Detection Event-level F1: 33.3
Event-level Type@Avg. F1: 41.4
Event-level Event@Avg. F1: 43.1
Train Epoch: 13 [0/10000 (0%)]	Loss: 0.311061
Train Epoch: 13 [800/10000 (8%)]	Loss: 0.328521
Train Epoch: 13 [1600/10000 (16%)]	Loss: 0.336246
Train Epoch: 13 [2400/10000 (24%)]	Loss: 0.378022
Train Epoch: 13 [3200/10000 (32%)]	Loss: 0.347875
Train Epoch: 13 [4000/10000 (40%)]	Loss: 0.324613
Train Epoch: 13 [4800/10000 (48%)]	Loss: 0.297095
Train Epoch: 13 [5600/10000 (56%)]	Loss: 0.356868
Train Epoch: 13 [6400/10000 (64%)]	Loss: 0.322442
Train Epoch: 13 [7200/10000 (72%)]	Loss: 0.269069
Train Epoch: 13 [8000/10000 (80%)]	Loss: 0.321310
Train Epoch: 13 [8800/10000 (88%)]	Loss: 0.390753
Train Epoch: 13 [9600/10000 (96%)]	Loss: 0.345224
Audio Event Detection Segment-level F1: 56.1
Visual Event Detection Segment-level F1: 53.6
Audio-Visual Event Detection Segment-level F1: 44.6
Segment-levelType@Avg. F1: 51.5
Segment-level Event@Avg. F1: 54.9
Audio Event Detection Event-level F1: 45.0
Visual Event Detection Event-level F1: 47.8
Audio-Visual Event Detection Event-level F1: 34.2
Event-level Type@Avg. F1: 42.3
Event-level Event@Avg. F1: 44.1
Train Epoch: 14 [0/10000 (0%)]	Loss: 0.328191
Train Epoch: 14 [800/10000 (8%)]	Loss: 0.347511
Train Epoch: 14 [1600/10000 (16%)]	Loss: 0.334461
Train Epoch: 14 [2400/10000 (24%)]	Loss: 0.342377
Train Epoch: 14 [3200/10000 (32%)]	Loss: 0.361606
Train Epoch: 14 [4000/10000 (40%)]	Loss: 0.330225
Train Epoch: 14 [4800/10000 (48%)]	Loss: 0.320062
Train Epoch: 14 [5600/10000 (56%)]	Loss: 0.317297
Train Epoch: 14 [6400/10000 (64%)]	Loss: 0.349358
Train Epoch: 14 [7200/10000 (72%)]	Loss: 0.381481
Train Epoch: 14 [8000/10000 (80%)]	Loss: 0.311196
Train Epoch: 14 [8800/10000 (88%)]	Loss: 0.342018
Train Epoch: 14 [9600/10000 (96%)]	Loss: 0.358171
Audio Event Detection Segment-level F1: 56.3
Visual Event Detection Segment-level F1: 54.1
Audio-Visual Event Detection Segment-level F1: 44.2
Segment-levelType@Avg. F1: 51.5
Segment-level Event@Avg. F1: 55.1
Audio Event Detection Event-level F1: 45.6
Visual Event Detection Event-level F1: 47.9
Audio-Visual Event Detection Event-level F1: 34.0
Event-level Type@Avg. F1: 42.5
Event-level Event@Avg. F1: 44.7
Train Epoch: 15 [0/10000 (0%)]	Loss: 0.290981
Train Epoch: 15 [800/10000 (8%)]	Loss: 0.327040
Train Epoch: 15 [1600/10000 (16%)]	Loss: 0.342906
Train Epoch: 15 [2400/10000 (24%)]	Loss: 0.315317
Train Epoch: 15 [3200/10000 (32%)]	Loss: 0.320281
Train Epoch: 15 [4000/10000 (40%)]	Loss: 0.356482
Train Epoch: 15 [4800/10000 (48%)]	Loss: 0.352520
Train Epoch: 15 [5600/10000 (56%)]	Loss: 0.296593
Train Epoch: 15 [6400/10000 (64%)]	Loss: 0.311521
Train Epoch: 15 [7200/10000 (72%)]	Loss: 0.338756
Train Epoch: 15 [8000/10000 (80%)]	Loss: 0.317931
Train Epoch: 15 [8800/10000 (88%)]	Loss: 0.343014
Train Epoch: 15 [9600/10000 (96%)]	Loss: 0.289880
Audio Event Detection Segment-level F1: 55.9
Visual Event Detection Segment-level F1: 54.2
Audio-Visual Event Detection Segment-level F1: 44.5
Segment-levelType@Avg. F1: 51.5
Segment-level Event@Avg. F1: 54.9
Audio Event Detection Event-level F1: 44.8
Visual Event Detection Event-level F1: 47.3
Audio-Visual Event Detection Event-level F1: 33.9
Event-level Type@Avg. F1: 42.0
Event-level Event@Avg. F1: 43.6
Train Epoch: 16 [0/10000 (0%)]	Loss: 0.278224
Train Epoch: 16 [800/10000 (8%)]	Loss: 0.298414
Train Epoch: 16 [1600/10000 (16%)]	Loss: 0.352984
Train Epoch: 16 [2400/10000 (24%)]	Loss: 0.312799
Train Epoch: 16 [3200/10000 (32%)]	Loss: 0.329518
Train Epoch: 16 [4000/10000 (40%)]	Loss: 0.288699
Train Epoch: 16 [4800/10000 (48%)]	Loss: 0.334443
Train Epoch: 16 [5600/10000 (56%)]	Loss: 0.350878
Train Epoch: 16 [6400/10000 (64%)]	Loss: 0.357849
Train Epoch: 16 [7200/10000 (72%)]	Loss: 0.357470
Train Epoch: 16 [8000/10000 (80%)]	Loss: 0.355699
Train Epoch: 16 [8800/10000 (88%)]	Loss: 0.285332
Train Epoch: 16 [9600/10000 (96%)]	Loss: 0.316858
Audio Event Detection Segment-level F1: 55.9
Visual Event Detection Segment-level F1: 53.6
Audio-Visual Event Detection Segment-level F1: 45.0
Segment-levelType@Avg. F1: 51.5
Segment-level Event@Avg. F1: 54.8
Audio Event Detection Event-level F1: 45.1
Visual Event Detection Event-level F1: 47.0
Audio-Visual Event Detection Event-level F1: 35.1
Event-level Type@Avg. F1: 42.4
Event-level Event@Avg. F1: 44.0
Train Epoch: 17 [0/10000 (0%)]	Loss: 0.321798
Train Epoch: 17 [800/10000 (8%)]	Loss: 0.359327
Train Epoch: 17 [1600/10000 (16%)]	Loss: 0.344962
Train Epoch: 17 [2400/10000 (24%)]	Loss: 0.307696
Train Epoch: 17 [3200/10000 (32%)]	Loss: 0.325852
Train Epoch: 17 [4000/10000 (40%)]	Loss: 0.343684
Train Epoch: 17 [4800/10000 (48%)]	Loss: 0.392353
Train Epoch: 17 [5600/10000 (56%)]	Loss: 0.370261
Train Epoch: 17 [6400/10000 (64%)]	Loss: 0.301747
Train Epoch: 17 [7200/10000 (72%)]	Loss: 0.365726
Train Epoch: 17 [8000/10000 (80%)]	Loss: 0.396589
Train Epoch: 17 [8800/10000 (88%)]	Loss: 0.265022
Train Epoch: 17 [9600/10000 (96%)]	Loss: 0.305239
Audio Event Detection Segment-level F1: 56.2
Visual Event Detection Segment-level F1: 53.7
Audio-Visual Event Detection Segment-level F1: 44.1
Segment-levelType@Avg. F1: 51.3
Segment-level Event@Avg. F1: 54.8
Audio Event Detection Event-level F1: 45.7
Visual Event Detection Event-level F1: 47.3
Audio-Visual Event Detection Event-level F1: 34.1
Event-level Type@Avg. F1: 42.4
Event-level Event@Avg. F1: 44.4
Train Epoch: 18 [0/10000 (0%)]	Loss: 0.347493
Train Epoch: 18 [800/10000 (8%)]	Loss: 0.338799
Train Epoch: 18 [1600/10000 (16%)]	Loss: 0.346394
Train Epoch: 18 [2400/10000 (24%)]	Loss: 0.370135
Train Epoch: 18 [3200/10000 (32%)]	Loss: 0.303101
Train Epoch: 18 [4000/10000 (40%)]	Loss: 0.361904
Train Epoch: 18 [4800/10000 (48%)]	Loss: 0.337906
Train Epoch: 18 [5600/10000 (56%)]	Loss: 0.354227
Train Epoch: 18 [6400/10000 (64%)]	Loss: 0.410464
Train Epoch: 18 [7200/10000 (72%)]	Loss: 0.320518
Train Epoch: 18 [8000/10000 (80%)]	Loss: 0.332552
Train Epoch: 18 [8800/10000 (88%)]	Loss: 0.307981
Train Epoch: 18 [9600/10000 (96%)]	Loss: 0.440784
Audio Event Detection Segment-level F1: 56.3
Visual Event Detection Segment-level F1: 53.6
Audio-Visual Event Detection Segment-level F1: 43.6
Segment-levelType@Avg. F1: 51.2
Segment-level Event@Avg. F1: 55.1
Audio Event Detection Event-level F1: 45.2
Visual Event Detection Event-level F1: 46.9
Audio-Visual Event Detection Event-level F1: 32.6
Event-level Type@Avg. F1: 41.6
Event-level Event@Avg. F1: 43.9
Train Epoch: 19 [0/10000 (0%)]	Loss: 0.291506
Train Epoch: 19 [800/10000 (8%)]	Loss: 0.344580
Train Epoch: 19 [1600/10000 (16%)]	Loss: 0.349277
Train Epoch: 19 [2400/10000 (24%)]	Loss: 0.316361
Train Epoch: 19 [3200/10000 (32%)]	Loss: 0.340434
Train Epoch: 19 [4000/10000 (40%)]	Loss: 0.345571
Train Epoch: 19 [4800/10000 (48%)]	Loss: 0.345591
Train Epoch: 19 [5600/10000 (56%)]	Loss: 0.309565
Train Epoch: 19 [6400/10000 (64%)]	Loss: 0.289833
Train Epoch: 19 [7200/10000 (72%)]	Loss: 0.304364
Train Epoch: 19 [8000/10000 (80%)]	Loss: 0.375748
Train Epoch: 19 [8800/10000 (88%)]	Loss: 0.251717
Train Epoch: 19 [9600/10000 (96%)]	Loss: 0.343643
Audio Event Detection Segment-level F1: 56.3
Visual Event Detection Segment-level F1: 53.4
Audio-Visual Event Detection Segment-level F1: 44.1
Segment-levelType@Avg. F1: 51.3
Segment-level Event@Avg. F1: 54.8
Audio Event Detection Event-level F1: 45.1
Visual Event Detection Event-level F1: 46.5
Audio-Visual Event Detection Event-level F1: 33.3
Event-level Type@Avg. F1: 41.6
Event-level Event@Avg. F1: 43.9
Train Epoch: 20 [0/10000 (0%)]	Loss: 0.363127
Train Epoch: 20 [800/10000 (8%)]	Loss: 0.298175
Train Epoch: 20 [1600/10000 (16%)]	Loss: 0.308068
Train Epoch: 20 [2400/10000 (24%)]	Loss: 0.303536
Train Epoch: 20 [3200/10000 (32%)]	Loss: 0.332914
Train Epoch: 20 [4000/10000 (40%)]	Loss: 0.325523
Train Epoch: 20 [4800/10000 (48%)]	Loss: 0.364756
Train Epoch: 20 [5600/10000 (56%)]	Loss: 0.407117
Train Epoch: 20 [6400/10000 (64%)]	Loss: 0.363241
Train Epoch: 20 [7200/10000 (72%)]	Loss: 0.324799
Train Epoch: 20 [8000/10000 (80%)]	Loss: 0.322961
Train Epoch: 20 [8800/10000 (88%)]	Loss: 0.380123
Train Epoch: 20 [9600/10000 (96%)]	Loss: 0.333338
Audio Event Detection Segment-level F1: 55.5
Visual Event Detection Segment-level F1: 54.1
Audio-Visual Event Detection Segment-level F1: 44.4
Segment-levelType@Avg. F1: 51.4
Segment-level Event@Avg. F1: 54.6
Audio Event Detection Event-level F1: 44.6
Visual Event Detection Event-level F1: 47.2
Audio-Visual Event Detection Event-level F1: 33.9
Event-level Type@Avg. F1: 41.9
Event-level Event@Avg. F1: 43.7
Train Epoch: 21 [0/10000 (0%)]	Loss: 0.385068
Train Epoch: 21 [800/10000 (8%)]	Loss: 0.294732
Train Epoch: 21 [1600/10000 (16%)]	Loss: 0.337049
Train Epoch: 21 [2400/10000 (24%)]	Loss: 0.333150
Train Epoch: 21 [3200/10000 (32%)]	Loss: 0.437201
Train Epoch: 21 [4000/10000 (40%)]	Loss: 0.281967
Train Epoch: 21 [4800/10000 (48%)]	Loss: 0.362810
Train Epoch: 21 [5600/10000 (56%)]	Loss: 0.331553
Train Epoch: 21 [6400/10000 (64%)]	Loss: 0.281260
Train Epoch: 21 [7200/10000 (72%)]	Loss: 0.329319
Train Epoch: 21 [8000/10000 (80%)]	Loss: 0.310228
Train Epoch: 21 [8800/10000 (88%)]	Loss: 0.276177
Train Epoch: 21 [9600/10000 (96%)]	Loss: 0.336154
Audio Event Detection Segment-level F1: 56.0
Visual Event Detection Segment-level F1: 54.3
Audio-Visual Event Detection Segment-level F1: 44.7
Segment-levelType@Avg. F1: 51.7
Segment-level Event@Avg. F1: 55.1
Audio Event Detection Event-level F1: 44.8
Visual Event Detection Event-level F1: 47.3
Audio-Visual Event Detection Event-level F1: 34.1
Event-level Type@Avg. F1: 42.0
Event-level Event@Avg. F1: 43.9
Train Epoch: 22 [0/10000 (0%)]	Loss: 0.341095
Train Epoch: 22 [800/10000 (8%)]	Loss: 0.311655
Train Epoch: 22 [1600/10000 (16%)]	Loss: 0.307820
Train Epoch: 22 [2400/10000 (24%)]	Loss: 0.302268
Train Epoch: 22 [3200/10000 (32%)]	Loss: 0.306380
Train Epoch: 22 [4000/10000 (40%)]	Loss: 0.331568
Train Epoch: 22 [4800/10000 (48%)]	Loss: 0.351547
Train Epoch: 22 [5600/10000 (56%)]	Loss: 0.367056
Train Epoch: 22 [6400/10000 (64%)]	Loss: 0.365732
Train Epoch: 22 [7200/10000 (72%)]	Loss: 0.310338
Train Epoch: 22 [8000/10000 (80%)]	Loss: 0.332683
Train Epoch: 22 [8800/10000 (88%)]	Loss: 0.290983
Train Epoch: 22 [9600/10000 (96%)]	Loss: 0.307330
Audio Event Detection Segment-level F1: 55.9
Visual Event Detection Segment-level F1: 54.5
Audio-Visual Event Detection Segment-level F1: 44.7
Segment-levelType@Avg. F1: 51.7
Segment-level Event@Avg. F1: 55.0
Audio Event Detection Event-level F1: 44.6
Visual Event Detection Event-level F1: 47.4
Audio-Visual Event Detection Event-level F1: 34.6
Event-level Type@Avg. F1: 42.2
Event-level Event@Avg. F1: 43.9
Train Epoch: 23 [0/10000 (0%)]	Loss: 0.292585
Train Epoch: 23 [800/10000 (8%)]	Loss: 0.354837
Train Epoch: 23 [1600/10000 (16%)]	Loss: 0.321600
Train Epoch: 23 [2400/10000 (24%)]	Loss: 0.352359
Train Epoch: 23 [3200/10000 (32%)]	Loss: 0.305702
Train Epoch: 23 [4000/10000 (40%)]	Loss: 0.305688
Train Epoch: 23 [4800/10000 (48%)]	Loss: 0.306059
Train Epoch: 23 [5600/10000 (56%)]	Loss: 0.308674
Train Epoch: 23 [6400/10000 (64%)]	Loss: 0.361751
Train Epoch: 23 [7200/10000 (72%)]	Loss: 0.311148
Train Epoch: 23 [8000/10000 (80%)]	Loss: 0.301773
Train Epoch: 23 [8800/10000 (88%)]	Loss: 0.298738
Train Epoch: 23 [9600/10000 (96%)]	Loss: 0.334789
Audio Event Detection Segment-level F1: 56.2
Visual Event Detection Segment-level F1: 54.5
Audio-Visual Event Detection Segment-level F1: 44.9
Segment-levelType@Avg. F1: 51.9
Segment-level Event@Avg. F1: 55.3
Audio Event Detection Event-level F1: 44.9
Visual Event Detection Event-level F1: 47.5
Audio-Visual Event Detection Event-level F1: 34.5
Event-level Type@Avg. F1: 42.3
Event-level Event@Avg. F1: 44.1
Train Epoch: 24 [0/10000 (0%)]	Loss: 0.318545
Train Epoch: 24 [800/10000 (8%)]	Loss: 0.369440
Train Epoch: 24 [1600/10000 (16%)]	Loss: 0.283873
Train Epoch: 24 [2400/10000 (24%)]	Loss: 0.298208
Train Epoch: 24 [3200/10000 (32%)]	Loss: 0.286346
Train Epoch: 24 [4000/10000 (40%)]	Loss: 0.329033
Train Epoch: 24 [4800/10000 (48%)]	Loss: 0.335718
Train Epoch: 24 [5600/10000 (56%)]	Loss: 0.316051
Train Epoch: 24 [6400/10000 (64%)]	Loss: 0.315302
Train Epoch: 24 [7200/10000 (72%)]	Loss: 0.276517
Train Epoch: 24 [8000/10000 (80%)]	Loss: 0.305772
Train Epoch: 24 [8800/10000 (88%)]	Loss: 0.355022
Train Epoch: 24 [9600/10000 (96%)]	Loss: 0.337759
Audio Event Detection Segment-level F1: 56.1
Visual Event Detection Segment-level F1: 54.4
Audio-Visual Event Detection Segment-level F1: 44.9
Segment-levelType@Avg. F1: 51.8
Segment-level Event@Avg. F1: 55.3
Audio Event Detection Event-level F1: 45.1
Visual Event Detection Event-level F1: 47.4
Audio-Visual Event Detection Event-level F1: 34.5
Event-level Type@Avg. F1: 42.3
Event-level Event@Avg. F1: 44.1
Train Epoch: 25 [0/10000 (0%)]	Loss: 0.348268
Train Epoch: 25 [800/10000 (8%)]	Loss: 0.297911
Train Epoch: 25 [1600/10000 (16%)]	Loss: 0.322141
Train Epoch: 25 [2400/10000 (24%)]	Loss: 0.301760
Train Epoch: 25 [3200/10000 (32%)]	Loss: 0.366030
Train Epoch: 25 [4000/10000 (40%)]	Loss: 0.321399
Train Epoch: 25 [4800/10000 (48%)]	Loss: 0.293238
Train Epoch: 25 [5600/10000 (56%)]	Loss: 0.296853
Train Epoch: 25 [6400/10000 (64%)]	Loss: 0.296400
Train Epoch: 25 [7200/10000 (72%)]	Loss: 0.327995
Train Epoch: 25 [8000/10000 (80%)]	Loss: 0.326679
Train Epoch: 25 [8800/10000 (88%)]	Loss: 0.316608
Train Epoch: 25 [9600/10000 (96%)]	Loss: 0.391015
Audio Event Detection Segment-level F1: 56.0
Visual Event Detection Segment-level F1: 54.2
Audio-Visual Event Detection Segment-level F1: 44.5
Segment-levelType@Avg. F1: 51.6
Segment-level Event@Avg. F1: 55.0
Audio Event Detection Event-level F1: 44.8
Visual Event Detection Event-level F1: 46.8
Audio-Visual Event Detection Event-level F1: 33.8
Event-level Type@Avg. F1: 41.8
Event-level Event@Avg. F1: 43.8
Train Epoch: 26 [0/10000 (0%)]	Loss: 0.335531
Train Epoch: 26 [800/10000 (8%)]	Loss: 0.322313
Train Epoch: 26 [1600/10000 (16%)]	Loss: 0.299201
Train Epoch: 26 [2400/10000 (24%)]	Loss: 0.334377
Train Epoch: 26 [3200/10000 (32%)]	Loss: 0.326677
Train Epoch: 26 [4000/10000 (40%)]	Loss: 0.333750
Train Epoch: 26 [4800/10000 (48%)]	Loss: 0.284440
Train Epoch: 26 [5600/10000 (56%)]	Loss: 0.293705
Train Epoch: 26 [6400/10000 (64%)]	Loss: 0.364663
Train Epoch: 26 [7200/10000 (72%)]	Loss: 0.291736
Train Epoch: 26 [8000/10000 (80%)]	Loss: 0.318695
Train Epoch: 26 [8800/10000 (88%)]	Loss: 0.358354
Train Epoch: 26 [9600/10000 (96%)]	Loss: 0.321351
Audio Event Detection Segment-level F1: 56.1
Visual Event Detection Segment-level F1: 54.7
Audio-Visual Event Detection Segment-level F1: 45.1
Segment-levelType@Avg. F1: 52.0
Segment-level Event@Avg. F1: 55.3
Audio Event Detection Event-level F1: 45.0
Visual Event Detection Event-level F1: 47.2
Audio-Visual Event Detection Event-level F1: 34.3
Event-level Type@Avg. F1: 42.2
Event-level Event@Avg. F1: 43.9
Train Epoch: 27 [0/10000 (0%)]	Loss: 0.289063
Train Epoch: 27 [800/10000 (8%)]	Loss: 0.336998
Train Epoch: 27 [1600/10000 (16%)]	Loss: 0.287100
Train Epoch: 27 [2400/10000 (24%)]	Loss: 0.324604
Train Epoch: 27 [3200/10000 (32%)]	Loss: 0.308319
Train Epoch: 27 [4000/10000 (40%)]	Loss: 0.357443
Train Epoch: 27 [4800/10000 (48%)]	Loss: 0.308664
Train Epoch: 27 [5600/10000 (56%)]	Loss: 0.366447
Train Epoch: 27 [6400/10000 (64%)]	Loss: 0.260886
Train Epoch: 27 [7200/10000 (72%)]	Loss: 0.341046
Train Epoch: 27 [8000/10000 (80%)]	Loss: 0.323447
Train Epoch: 27 [8800/10000 (88%)]	Loss: 0.290239
Train Epoch: 27 [9600/10000 (96%)]	Loss: 0.352242
Audio Event Detection Segment-level F1: 56.2
Visual Event Detection Segment-level F1: 54.7
Audio-Visual Event Detection Segment-level F1: 44.8
Segment-levelType@Avg. F1: 51.9
Segment-level Event@Avg. F1: 55.3
Audio Event Detection Event-level F1: 45.0
Visual Event Detection Event-level F1: 47.5
Audio-Visual Event Detection Event-level F1: 34.3
Event-level Type@Avg. F1: 42.2
Event-level Event@Avg. F1: 44.0
Train Epoch: 28 [0/10000 (0%)]	Loss: 0.286472
Train Epoch: 28 [800/10000 (8%)]	Loss: 0.363794
Train Epoch: 28 [1600/10000 (16%)]	Loss: 0.318524
Train Epoch: 28 [2400/10000 (24%)]	Loss: 0.289010
Train Epoch: 28 [3200/10000 (32%)]	Loss: 0.314107
Train Epoch: 28 [4000/10000 (40%)]	Loss: 0.320006
Train Epoch: 28 [4800/10000 (48%)]	Loss: 0.330119
Train Epoch: 28 [5600/10000 (56%)]	Loss: 0.302163
Train Epoch: 28 [6400/10000 (64%)]	Loss: 0.324971
Train Epoch: 28 [7200/10000 (72%)]	Loss: 0.328482
Train Epoch: 28 [8000/10000 (80%)]	Loss: 0.344719
Train Epoch: 28 [8800/10000 (88%)]	Loss: 0.304641
Train Epoch: 28 [9600/10000 (96%)]	Loss: 0.332689
Audio Event Detection Segment-level F1: 56.0
Visual Event Detection Segment-level F1: 54.2
Audio-Visual Event Detection Segment-level F1: 44.6
Segment-levelType@Avg. F1: 51.6
Segment-level Event@Avg. F1: 55.0
Audio Event Detection Event-level F1: 44.8
Visual Event Detection Event-level F1: 46.9
Audio-Visual Event Detection Event-level F1: 34.2
Event-level Type@Avg. F1: 42.0
Event-level Event@Avg. F1: 43.8
Train Epoch: 29 [0/10000 (0%)]	Loss: 0.335774
Train Epoch: 29 [800/10000 (8%)]	Loss: 0.310608
Train Epoch: 29 [1600/10000 (16%)]	Loss: 0.348283
Train Epoch: 29 [2400/10000 (24%)]	Loss: 0.312808
Train Epoch: 29 [3200/10000 (32%)]	Loss: 0.313475
Train Epoch: 29 [4000/10000 (40%)]	Loss: 0.332147
Train Epoch: 29 [4800/10000 (48%)]	Loss: 0.371532
Train Epoch: 29 [5600/10000 (56%)]	Loss: 0.340950
Train Epoch: 29 [6400/10000 (64%)]	Loss: 0.375091
Train Epoch: 29 [7200/10000 (72%)]	Loss: 0.315362
Train Epoch: 29 [8000/10000 (80%)]	Loss: 0.331930
Train Epoch: 29 [8800/10000 (88%)]	Loss: 0.403171
Train Epoch: 29 [9600/10000 (96%)]	Loss: 0.322625
Audio Event Detection Segment-level F1: 56.1
Visual Event Detection Segment-level F1: 54.3
Audio-Visual Event Detection Segment-level F1: 44.5
Segment-levelType@Avg. F1: 51.6
Segment-level Event@Avg. F1: 55.2
Audio Event Detection Event-level F1: 44.8
Visual Event Detection Event-level F1: 46.9
Audio-Visual Event Detection Event-level F1: 34.0
Event-level Type@Avg. F1: 41.9
Event-level Event@Avg. F1: 43.8
Train Epoch: 30 [0/10000 (0%)]	Loss: 0.363056
Train Epoch: 30 [800/10000 (8%)]	Loss: 0.289813
Train Epoch: 30 [1600/10000 (16%)]	Loss: 0.331959
Train Epoch: 30 [2400/10000 (24%)]	Loss: 0.285300
Train Epoch: 30 [3200/10000 (32%)]	Loss: 0.374840
Train Epoch: 30 [4000/10000 (40%)]	Loss: 0.295144
Train Epoch: 30 [4800/10000 (48%)]	Loss: 0.291603
Train Epoch: 30 [5600/10000 (56%)]	Loss: 0.425157
Train Epoch: 30 [6400/10000 (64%)]	Loss: 0.313291
Train Epoch: 30 [7200/10000 (72%)]	Loss: 0.325580
Train Epoch: 30 [8000/10000 (80%)]	Loss: 0.325377
Train Epoch: 30 [8800/10000 (88%)]	Loss: 0.312751
Train Epoch: 30 [9600/10000 (96%)]	Loss: 0.336550
Audio Event Detection Segment-level F1: 56.0
Visual Event Detection Segment-level F1: 54.4
Audio-Visual Event Detection Segment-level F1: 44.6
Segment-levelType@Avg. F1: 51.7
Segment-level Event@Avg. F1: 55.1
Audio Event Detection Event-level F1: 44.8
Visual Event Detection Event-level F1: 47.1
Audio-Visual Event Detection Event-level F1: 34.0
Event-level Type@Avg. F1: 41.9
Event-level Event@Avg. F1: 43.9
Train Epoch: 31 [0/10000 (0%)]	Loss: 0.308827
Train Epoch: 31 [800/10000 (8%)]	Loss: 0.297955
Train Epoch: 31 [1600/10000 (16%)]	Loss: 0.316437
Train Epoch: 31 [2400/10000 (24%)]	Loss: 0.350165
Train Epoch: 31 [3200/10000 (32%)]	Loss: 0.340226
Train Epoch: 31 [4000/10000 (40%)]	Loss: 0.304724
Train Epoch: 31 [4800/10000 (48%)]	Loss: 0.282203
Train Epoch: 31 [5600/10000 (56%)]	Loss: 0.301416
Train Epoch: 31 [6400/10000 (64%)]	Loss: 0.327917
Train Epoch: 31 [7200/10000 (72%)]	Loss: 0.379654
Train Epoch: 31 [8000/10000 (80%)]	Loss: 0.335700
Train Epoch: 31 [8800/10000 (88%)]	Loss: 0.316959
Train Epoch: 31 [9600/10000 (96%)]	Loss: 0.294725
Audio Event Detection Segment-level F1: 56.0
Visual Event Detection Segment-level F1: 54.4
Audio-Visual Event Detection Segment-level F1: 44.6
Segment-levelType@Avg. F1: 51.7
Segment-level Event@Avg. F1: 55.2
Audio Event Detection Event-level F1: 44.8
Visual Event Detection Event-level F1: 47.0
Audio-Visual Event Detection Event-level F1: 33.9
Event-level Type@Avg. F1: 41.9
Event-level Event@Avg. F1: 43.9
Train Epoch: 32 [0/10000 (0%)]	Loss: 0.367879
Train Epoch: 32 [800/10000 (8%)]	Loss: 0.293463
Train Epoch: 32 [1600/10000 (16%)]	Loss: 0.312801
Train Epoch: 32 [2400/10000 (24%)]	Loss: 0.286320
Train Epoch: 32 [3200/10000 (32%)]	Loss: 0.358000
Train Epoch: 32 [4000/10000 (40%)]	Loss: 0.306929
Train Epoch: 32 [4800/10000 (48%)]	Loss: 0.342478
Train Epoch: 32 [5600/10000 (56%)]	Loss: 0.297986
Train Epoch: 32 [6400/10000 (64%)]	Loss: 0.336174
Train Epoch: 32 [7200/10000 (72%)]	Loss: 0.292422
Train Epoch: 32 [8000/10000 (80%)]	Loss: 0.361400
Train Epoch: 32 [8800/10000 (88%)]	Loss: 0.315275
Train Epoch: 32 [9600/10000 (96%)]	Loss: 0.298672
Audio Event Detection Segment-level F1: 56.1
Visual Event Detection Segment-level F1: 54.5
Audio-Visual Event Detection Segment-level F1: 44.6
Segment-levelType@Avg. F1: 51.7
Segment-level Event@Avg. F1: 55.1
Audio Event Detection Event-level F1: 44.8
Visual Event Detection Event-level F1: 47.1
Audio-Visual Event Detection Event-level F1: 33.9
Event-level Type@Avg. F1: 41.9
Event-level Event@Avg. F1: 43.8
Train Epoch: 33 [0/10000 (0%)]	Loss: 0.368167
Train Epoch: 33 [800/10000 (8%)]	Loss: 0.304176
Train Epoch: 33 [1600/10000 (16%)]	Loss: 0.337127
Train Epoch: 33 [2400/10000 (24%)]	Loss: 0.295293
Train Epoch: 33 [3200/10000 (32%)]	Loss: 0.355105
Train Epoch: 33 [4000/10000 (40%)]	Loss: 0.291153
Train Epoch: 33 [4800/10000 (48%)]	Loss: 0.328210
Train Epoch: 33 [5600/10000 (56%)]	Loss: 0.316217
Train Epoch: 33 [6400/10000 (64%)]	Loss: 0.310673
Train Epoch: 33 [7200/10000 (72%)]	Loss: 0.299239
Train Epoch: 33 [8000/10000 (80%)]	Loss: 0.318015
Train Epoch: 33 [8800/10000 (88%)]	Loss: 0.317808
Train Epoch: 33 [9600/10000 (96%)]	Loss: 0.299558
Audio Event Detection Segment-level F1: 56.1
Visual Event Detection Segment-level F1: 54.5
Audio-Visual Event Detection Segment-level F1: 44.6
Segment-levelType@Avg. F1: 51.7
Segment-level Event@Avg. F1: 55.2
Audio Event Detection Event-level F1: 44.8
Visual Event Detection Event-level F1: 47.0
Audio-Visual Event Detection Event-level F1: 33.9
Event-level Type@Avg. F1: 41.9
Event-level Event@Avg. F1: 43.9
Train Epoch: 34 [0/10000 (0%)]	Loss: 0.297617
Train Epoch: 34 [800/10000 (8%)]	Loss: 0.330672
Train Epoch: 34 [1600/10000 (16%)]	Loss: 0.295643
Train Epoch: 34 [2400/10000 (24%)]	Loss: 0.329200
Train Epoch: 34 [3200/10000 (32%)]	Loss: 0.341466
Train Epoch: 34 [4000/10000 (40%)]	Loss: 0.313377
Train Epoch: 34 [4800/10000 (48%)]	Loss: 0.275921
Train Epoch: 34 [5600/10000 (56%)]	Loss: 0.330489
Train Epoch: 34 [6400/10000 (64%)]	Loss: 0.279482
Train Epoch: 34 [7200/10000 (72%)]	Loss: 0.282459
Train Epoch: 34 [8000/10000 (80%)]	Loss: 0.316455
Train Epoch: 34 [8800/10000 (88%)]	Loss: 0.353749
Train Epoch: 34 [9600/10000 (96%)]	Loss: 0.324789
Audio Event Detection Segment-level F1: 56.1
Visual Event Detection Segment-level F1: 54.4
Audio-Visual Event Detection Segment-level F1: 44.5
Segment-levelType@Avg. F1: 51.7
Segment-level Event@Avg. F1: 55.2
Audio Event Detection Event-level F1: 44.8
Visual Event Detection Event-level F1: 47.0
Audio-Visual Event Detection Event-level F1: 33.9
Event-level Type@Avg. F1: 41.9
Event-level Event@Avg. F1: 43.9
Train Epoch: 35 [0/10000 (0%)]	Loss: 0.376396
Train Epoch: 35 [800/10000 (8%)]	Loss: 0.320094
Train Epoch: 35 [1600/10000 (16%)]	Loss: 0.284695
Train Epoch: 35 [2400/10000 (24%)]	Loss: 0.283528
Train Epoch: 35 [3200/10000 (32%)]	Loss: 0.286859
Train Epoch: 35 [4000/10000 (40%)]	Loss: 0.347179
Train Epoch: 35 [4800/10000 (48%)]	Loss: 0.369112
Train Epoch: 35 [5600/10000 (56%)]	Loss: 0.327780
Train Epoch: 35 [6400/10000 (64%)]	Loss: 0.275085
Train Epoch: 35 [7200/10000 (72%)]	Loss: 0.287944
Train Epoch: 35 [8000/10000 (80%)]	Loss: 0.264278
Train Epoch: 35 [8800/10000 (88%)]	Loss: 0.327717
Train Epoch: 35 [9600/10000 (96%)]	Loss: 0.318437
Audio Event Detection Segment-level F1: 56.1
Visual Event Detection Segment-level F1: 54.4
Audio-Visual Event Detection Segment-level F1: 44.5
Segment-levelType@Avg. F1: 51.7
Segment-level Event@Avg. F1: 55.1
Audio Event Detection Event-level F1: 44.7
Visual Event Detection Event-level F1: 46.9
Audio-Visual Event Detection Event-level F1: 33.8
Event-level Type@Avg. F1: 41.8
Event-level Event@Avg. F1: 43.8
Train Epoch: 36 [0/10000 (0%)]	Loss: 0.320940
Train Epoch: 36 [800/10000 (8%)]	Loss: 0.324865
Train Epoch: 36 [1600/10000 (16%)]	Loss: 0.308441
Train Epoch: 36 [2400/10000 (24%)]	Loss: 0.304388
Train Epoch: 36 [3200/10000 (32%)]	Loss: 0.312353
Train Epoch: 36 [4000/10000 (40%)]	Loss: 0.358690
Train Epoch: 36 [4800/10000 (48%)]	Loss: 0.286657
Train Epoch: 36 [5600/10000 (56%)]	Loss: 0.326974
Train Epoch: 36 [6400/10000 (64%)]	Loss: 0.279291
Train Epoch: 36 [7200/10000 (72%)]	Loss: 0.362117
Train Epoch: 36 [8000/10000 (80%)]	Loss: 0.312641
Train Epoch: 36 [8800/10000 (88%)]	Loss: 0.336665
Train Epoch: 36 [9600/10000 (96%)]	Loss: 0.308840
Audio Event Detection Segment-level F1: 56.1
Visual Event Detection Segment-level F1: 54.4
Audio-Visual Event Detection Segment-level F1: 44.5
Segment-levelType@Avg. F1: 51.7
Segment-level Event@Avg. F1: 55.2
Audio Event Detection Event-level F1: 44.7
Visual Event Detection Event-level F1: 47.0
Audio-Visual Event Detection Event-level F1: 33.8
Event-level Type@Avg. F1: 41.8
Event-level Event@Avg. F1: 43.8
Train Epoch: 37 [0/10000 (0%)]	Loss: 0.299784
Train Epoch: 37 [800/10000 (8%)]	Loss: 0.275820
Train Epoch: 37 [1600/10000 (16%)]	Loss: 0.278502
Train Epoch: 37 [2400/10000 (24%)]	Loss: 0.334775
Train Epoch: 37 [3200/10000 (32%)]	Loss: 0.310080
Train Epoch: 37 [4000/10000 (40%)]	Loss: 0.341293
Train Epoch: 37 [4800/10000 (48%)]	Loss: 0.280387
Train Epoch: 37 [5600/10000 (56%)]	Loss: 0.325059
Train Epoch: 37 [6400/10000 (64%)]	Loss: 0.326185
Train Epoch: 37 [7200/10000 (72%)]	Loss: 0.338513
Train Epoch: 37 [8000/10000 (80%)]	Loss: 0.362957
Train Epoch: 37 [8800/10000 (88%)]	Loss: 0.340304
Train Epoch: 37 [9600/10000 (96%)]	Loss: 0.281095
Audio Event Detection Segment-level F1: 56.0
Visual Event Detection Segment-level F1: 54.3
Audio-Visual Event Detection Segment-level F1: 44.4
Segment-levelType@Avg. F1: 51.6
Segment-level Event@Avg. F1: 55.1
Audio Event Detection Event-level F1: 44.7
Visual Event Detection Event-level F1: 46.8
Audio-Visual Event Detection Event-level F1: 33.7
Event-level Type@Avg. F1: 41.7
Event-level Event@Avg. F1: 43.7
Train Epoch: 38 [0/10000 (0%)]	Loss: 0.280393
Train Epoch: 38 [800/10000 (8%)]	Loss: 0.316216
Train Epoch: 38 [1600/10000 (16%)]	Loss: 0.316425
Train Epoch: 38 [2400/10000 (24%)]	Loss: 0.340293
Train Epoch: 38 [3200/10000 (32%)]	Loss: 0.290340
Train Epoch: 38 [4000/10000 (40%)]	Loss: 0.267460
Train Epoch: 38 [4800/10000 (48%)]	Loss: 0.323433
Train Epoch: 38 [5600/10000 (56%)]	Loss: 0.285356
Train Epoch: 38 [6400/10000 (64%)]	Loss: 0.272795
Train Epoch: 38 [7200/10000 (72%)]	Loss: 0.281596
Train Epoch: 38 [8000/10000 (80%)]	Loss: 0.337088
Train Epoch: 38 [8800/10000 (88%)]	Loss: 0.303948
Train Epoch: 38 [9600/10000 (96%)]	Loss: 0.299736
Audio Event Detection Segment-level F1: 56.0
Visual Event Detection Segment-level F1: 54.4
Audio-Visual Event Detection Segment-level F1: 44.4
Segment-levelType@Avg. F1: 51.6
Segment-level Event@Avg. F1: 55.1
Audio Event Detection Event-level F1: 44.8
Visual Event Detection Event-level F1: 47.0
Audio-Visual Event Detection Event-level F1: 33.8
Event-level Type@Avg. F1: 41.9
Event-level Event@Avg. F1: 43.8
Train Epoch: 39 [0/10000 (0%)]	Loss: 0.320037
Train Epoch: 39 [800/10000 (8%)]	Loss: 0.330061
Train Epoch: 39 [1600/10000 (16%)]	Loss: 0.263197
Train Epoch: 39 [2400/10000 (24%)]	Loss: 0.282568
Train Epoch: 39 [3200/10000 (32%)]	Loss: 0.325408
Train Epoch: 39 [4000/10000 (40%)]	Loss: 0.331541
Train Epoch: 39 [4800/10000 (48%)]	Loss: 0.344398
Train Epoch: 39 [5600/10000 (56%)]	Loss: 0.323464
Train Epoch: 39 [6400/10000 (64%)]	Loss: 0.279040
Train Epoch: 39 [7200/10000 (72%)]	Loss: 0.277155
Train Epoch: 39 [8000/10000 (80%)]	Loss: 0.323766
Train Epoch: 39 [8800/10000 (88%)]	Loss: 0.312527
Train Epoch: 39 [9600/10000 (96%)]	Loss: 0.302558
Audio Event Detection Segment-level F1: 56.0
Visual Event Detection Segment-level F1: 54.4
Audio-Visual Event Detection Segment-level F1: 44.6
Segment-levelType@Avg. F1: 51.7
Segment-level Event@Avg. F1: 55.1
Audio Event Detection Event-level F1: 44.8
Visual Event Detection Event-level F1: 47.0
Audio-Visual Event Detection Event-level F1: 34.0
Event-level Type@Avg. F1: 41.9
Event-level Event@Avg. F1: 43.8
Train Epoch: 40 [0/10000 (0%)]	Loss: 0.321216
Train Epoch: 40 [800/10000 (8%)]	Loss: 0.291202
Train Epoch: 40 [1600/10000 (16%)]	Loss: 0.325346
Train Epoch: 40 [2400/10000 (24%)]	Loss: 0.291349
Train Epoch: 40 [3200/10000 (32%)]	Loss: 0.321322
Train Epoch: 40 [4000/10000 (40%)]	Loss: 0.308829
Train Epoch: 40 [4800/10000 (48%)]	Loss: 0.301131
Train Epoch: 40 [5600/10000 (56%)]	Loss: 0.331828
Train Epoch: 40 [6400/10000 (64%)]	Loss: 0.315612
Train Epoch: 40 [7200/10000 (72%)]	Loss: 0.335124
Train Epoch: 40 [8000/10000 (80%)]	Loss: 0.278550
Train Epoch: 40 [8800/10000 (88%)]	Loss: 0.331685
Train Epoch: 40 [9600/10000 (96%)]	Loss: 0.330075
Audio Event Detection Segment-level F1: 56.0
Visual Event Detection Segment-level F1: 54.3
Audio-Visual Event Detection Segment-level F1: 44.6
Segment-levelType@Avg. F1: 51.6
Segment-level Event@Avg. F1: 55.1
Audio Event Detection Event-level F1: 44.8
Visual Event Detection Event-level F1: 46.9
Audio-Visual Event Detection Event-level F1: 34.0
Event-level Type@Avg. F1: 41.9
Event-level Event@Avg. F1: 43.8
