111111111111
Train Epoch: 1 [0/10000 (0%)]	Loss: 2.103743
Train Epoch: 1 [800/10000 (8%)]	Loss: 0.630108
Train Epoch: 1 [1600/10000 (16%)]	Loss: 0.541118
Train Epoch: 1 [2400/10000 (24%)]	Loss: 0.508848
Train Epoch: 1 [3200/10000 (32%)]	Loss: 0.526553
Train Epoch: 1 [4000/10000 (40%)]	Loss: 0.472652
Train Epoch: 1 [4800/10000 (48%)]	Loss: 0.497280
Train Epoch: 1 [5600/10000 (56%)]	Loss: 0.462559
Train Epoch: 1 [6400/10000 (64%)]	Loss: 0.426106
Train Epoch: 1 [7200/10000 (72%)]	Loss: 0.461132
Train Epoch: 1 [8000/10000 (80%)]	Loss: 0.411294
Train Epoch: 1 [8800/10000 (88%)]	Loss: 0.378656
Train Epoch: 1 [9600/10000 (96%)]	Loss: 0.386661
Audio Event Detection Segment-level F1: 50.9
Visual Event Detection Segment-level F1: 51.1
Audio-Visual Event Detection Segment-level F1: 40.3
Segment-levelType@Avg. F1: 47.4
Segment-level Event@Avg. F1: 50.7
Audio Event Detection Event-level F1: 41.8
Visual Event Detection Event-level F1: 46.6
Audio-Visual Event Detection Event-level F1: 33.7
Event-level Type@Avg. F1: 40.7
Event-level Event@Avg. F1: 42.8
Train Epoch: 2 [0/10000 (0%)]	Loss: 0.375158
Train Epoch: 2 [800/10000 (8%)]	Loss: 0.363081
Train Epoch: 2 [1600/10000 (16%)]	Loss: 0.476957
Train Epoch: 2 [2400/10000 (24%)]	Loss: 0.366728
Train Epoch: 2 [3200/10000 (32%)]	Loss: 0.440965
Train Epoch: 2 [4000/10000 (40%)]	Loss: 0.371610
Train Epoch: 2 [4800/10000 (48%)]	Loss: 0.412284
Train Epoch: 2 [5600/10000 (56%)]	Loss: 0.488951
Train Epoch: 2 [6400/10000 (64%)]	Loss: 0.451464
Train Epoch: 2 [7200/10000 (72%)]	Loss: 0.459139
Train Epoch: 2 [8000/10000 (80%)]	Loss: 0.350108
Train Epoch: 2 [8800/10000 (88%)]	Loss: 0.398159
Train Epoch: 2 [9600/10000 (96%)]	Loss: 0.414169
Audio Event Detection Segment-level F1: 51.9
Visual Event Detection Segment-level F1: 51.4
Audio-Visual Event Detection Segment-level F1: 40.4
Segment-levelType@Avg. F1: 47.9
Segment-level Event@Avg. F1: 51.6
Audio Event Detection Event-level F1: 42.8
Visual Event Detection Event-level F1: 45.7
Audio-Visual Event Detection Event-level F1: 33.0
Event-level Type@Avg. F1: 40.5
Event-level Event@Avg. F1: 42.8
Train Epoch: 3 [0/10000 (0%)]	Loss: 0.408716
Train Epoch: 3 [800/10000 (8%)]	Loss: 0.405293
Train Epoch: 3 [1600/10000 (16%)]	Loss: 0.371434
Train Epoch: 3 [2400/10000 (24%)]	Loss: 0.370722
Train Epoch: 3 [3200/10000 (32%)]	Loss: 0.429607
Train Epoch: 3 [4000/10000 (40%)]	Loss: 0.389553
Train Epoch: 3 [4800/10000 (48%)]	Loss: 0.445020
Train Epoch: 3 [5600/10000 (56%)]	Loss: 0.434633
Train Epoch: 3 [6400/10000 (64%)]	Loss: 0.330848
Train Epoch: 3 [7200/10000 (72%)]	Loss: 0.351015
Train Epoch: 3 [8000/10000 (80%)]	Loss: 0.499651
Train Epoch: 3 [8800/10000 (88%)]	Loss: 0.393676
Train Epoch: 3 [9600/10000 (96%)]	Loss: 0.470491
Audio Event Detection Segment-level F1: 50.1
Visual Event Detection Segment-level F1: 52.3
Audio-Visual Event Detection Segment-level F1: 41.1
Segment-levelType@Avg. F1: 47.8
Segment-level Event@Avg. F1: 50.2
Audio Event Detection Event-level F1: 40.6
Visual Event Detection Event-level F1: 46.1
Audio-Visual Event Detection Event-level F1: 32.2
Event-level Type@Avg. F1: 39.6
Event-level Event@Avg. F1: 40.4
Train Epoch: 4 [0/10000 (0%)]	Loss: 0.383507
Train Epoch: 4 [800/10000 (8%)]	Loss: 0.402227
Train Epoch: 4 [1600/10000 (16%)]	Loss: 0.388477
Train Epoch: 4 [2400/10000 (24%)]	Loss: 0.326765
Train Epoch: 4 [3200/10000 (32%)]	Loss: 0.347483
Train Epoch: 4 [4000/10000 (40%)]	Loss: 0.477893
Train Epoch: 4 [4800/10000 (48%)]	Loss: 0.369018
Train Epoch: 4 [5600/10000 (56%)]	Loss: 0.406163
Train Epoch: 4 [6400/10000 (64%)]	Loss: 0.469052
Train Epoch: 4 [7200/10000 (72%)]	Loss: 0.397678
Train Epoch: 4 [8000/10000 (80%)]	Loss: 0.479256
Train Epoch: 4 [8800/10000 (88%)]	Loss: 0.383613
Train Epoch: 4 [9600/10000 (96%)]	Loss: 0.373248
Audio Event Detection Segment-level F1: 55.3
Visual Event Detection Segment-level F1: 53.7
Audio-Visual Event Detection Segment-level F1: 43.3
Segment-levelType@Avg. F1: 50.8
Segment-level Event@Avg. F1: 54.3
Audio Event Detection Event-level F1: 45.6
Visual Event Detection Event-level F1: 47.6
Audio-Visual Event Detection Event-level F1: 34.8
Event-level Type@Avg. F1: 42.7
Event-level Event@Avg. F1: 44.6
Train Epoch: 5 [0/10000 (0%)]	Loss: 0.357897
Train Epoch: 5 [800/10000 (8%)]	Loss: 0.417058
Train Epoch: 5 [1600/10000 (16%)]	Loss: 0.362376
Train Epoch: 5 [2400/10000 (24%)]	Loss: 0.327687
Train Epoch: 5 [3200/10000 (32%)]	Loss: 0.422565
Train Epoch: 5 [4000/10000 (40%)]	Loss: 0.314466
Train Epoch: 5 [4800/10000 (48%)]	Loss: 0.354823
Train Epoch: 5 [5600/10000 (56%)]	Loss: 0.360474
Train Epoch: 5 [6400/10000 (64%)]	Loss: 0.375920
Train Epoch: 5 [7200/10000 (72%)]	Loss: 0.405742
Train Epoch: 5 [8000/10000 (80%)]	Loss: 0.361100
Train Epoch: 5 [8800/10000 (88%)]	Loss: 0.368905
Train Epoch: 5 [9600/10000 (96%)]	Loss: 0.442628
Audio Event Detection Segment-level F1: 53.6
Visual Event Detection Segment-level F1: 55.6
Audio-Visual Event Detection Segment-level F1: 45.0
Segment-levelType@Avg. F1: 51.4
Segment-level Event@Avg. F1: 53.4
Audio Event Detection Event-level F1: 44.4
Visual Event Detection Event-level F1: 48.9
Audio-Visual Event Detection Event-level F1: 36.3
Event-level Type@Avg. F1: 43.2
Event-level Event@Avg. F1: 43.5
Train Epoch: 6 [0/10000 (0%)]	Loss: 0.379744
Train Epoch: 6 [800/10000 (8%)]	Loss: 0.354971
Train Epoch: 6 [1600/10000 (16%)]	Loss: 0.368759
Train Epoch: 6 [2400/10000 (24%)]	Loss: 0.385298
Train Epoch: 6 [3200/10000 (32%)]	Loss: 0.359093
Train Epoch: 6 [4000/10000 (40%)]	Loss: 0.355336
Train Epoch: 6 [4800/10000 (48%)]	Loss: 0.404870
Train Epoch: 6 [5600/10000 (56%)]	Loss: 0.374825
Train Epoch: 6 [6400/10000 (64%)]	Loss: 0.352568
Train Epoch: 6 [7200/10000 (72%)]	Loss: 0.352525
Train Epoch: 6 [8000/10000 (80%)]	Loss: 0.398875
Train Epoch: 6 [8800/10000 (88%)]	Loss: 0.403232
Train Epoch: 6 [9600/10000 (96%)]	Loss: 0.356294
Audio Event Detection Segment-level F1: 53.9
Visual Event Detection Segment-level F1: 54.7
Audio-Visual Event Detection Segment-level F1: 42.4
Segment-levelType@Avg. F1: 50.3
Segment-level Event@Avg. F1: 54.1
Audio Event Detection Event-level F1: 44.6
Visual Event Detection Event-level F1: 48.6
Audio-Visual Event Detection Event-level F1: 34.6
Event-level Type@Avg. F1: 42.6
Event-level Event@Avg. F1: 44.8
Train Epoch: 7 [0/10000 (0%)]	Loss: 0.353387
Train Epoch: 7 [800/10000 (8%)]	Loss: 0.336066
Train Epoch: 7 [1600/10000 (16%)]	Loss: 0.415862
Train Epoch: 7 [2400/10000 (24%)]	Loss: 0.400733
Train Epoch: 7 [3200/10000 (32%)]	Loss: 0.381870
Train Epoch: 7 [4000/10000 (40%)]	Loss: 0.352626
Train Epoch: 7 [4800/10000 (48%)]	Loss: 0.436453
Train Epoch: 7 [5600/10000 (56%)]	Loss: 0.374263
Train Epoch: 7 [6400/10000 (64%)]	Loss: 0.352215
Train Epoch: 7 [7200/10000 (72%)]	Loss: 0.342490
Train Epoch: 7 [8000/10000 (80%)]	Loss: 0.314476
Train Epoch: 7 [8800/10000 (88%)]	Loss: 0.361002
Train Epoch: 7 [9600/10000 (96%)]	Loss: 0.358444
Audio Event Detection Segment-level F1: 53.6
Visual Event Detection Segment-level F1: 54.2
Audio-Visual Event Detection Segment-level F1: 43.6
Segment-levelType@Avg. F1: 50.5
Segment-level Event@Avg. F1: 53.8
Audio Event Detection Event-level F1: 43.4
Visual Event Detection Event-level F1: 47.9
Audio-Visual Event Detection Event-level F1: 35.6
Event-level Type@Avg. F1: 42.3
Event-level Event@Avg. F1: 43.6
Train Epoch: 8 [0/10000 (0%)]	Loss: 0.371881
Train Epoch: 8 [800/10000 (8%)]	Loss: 0.379214
Train Epoch: 8 [1600/10000 (16%)]	Loss: 0.313783
Train Epoch: 8 [2400/10000 (24%)]	Loss: 0.369256
Train Epoch: 8 [3200/10000 (32%)]	Loss: 0.368036
Train Epoch: 8 [4000/10000 (40%)]	Loss: 0.384285
Train Epoch: 8 [4800/10000 (48%)]	Loss: 0.326843
Train Epoch: 8 [5600/10000 (56%)]	Loss: 0.342973
Train Epoch: 8 [6400/10000 (64%)]	Loss: 0.375503
Train Epoch: 8 [7200/10000 (72%)]	Loss: 0.370823
Train Epoch: 8 [8000/10000 (80%)]	Loss: 0.502968
Train Epoch: 8 [8800/10000 (88%)]	Loss: 0.369715
Train Epoch: 8 [9600/10000 (96%)]	Loss: 0.358566
Audio Event Detection Segment-level F1: 55.3
Visual Event Detection Segment-level F1: 51.4
Audio-Visual Event Detection Segment-level F1: 42.0
Segment-levelType@Avg. F1: 49.6
Segment-level Event@Avg. F1: 53.7
Audio Event Detection Event-level F1: 45.8
Visual Event Detection Event-level F1: 44.0
Audio-Visual Event Detection Event-level F1: 33.2
Event-level Type@Avg. F1: 41.0
Event-level Event@Avg. F1: 43.8
Train Epoch: 9 [0/10000 (0%)]	Loss: 0.336967
Train Epoch: 9 [800/10000 (8%)]	Loss: 0.351543
Train Epoch: 9 [1600/10000 (16%)]	Loss: 0.362568
Train Epoch: 9 [2400/10000 (24%)]	Loss: 0.376899
Train Epoch: 9 [3200/10000 (32%)]	Loss: 0.355273
Train Epoch: 9 [4000/10000 (40%)]	Loss: 0.365319
Train Epoch: 9 [4800/10000 (48%)]	Loss: 0.347920
Train Epoch: 9 [5600/10000 (56%)]	Loss: 0.309389
Train Epoch: 9 [6400/10000 (64%)]	Loss: 0.359472
Train Epoch: 9 [7200/10000 (72%)]	Loss: 0.365937
Train Epoch: 9 [8000/10000 (80%)]	Loss: 0.353000
Train Epoch: 9 [8800/10000 (88%)]	Loss: 0.319033
Train Epoch: 9 [9600/10000 (96%)]	Loss: 0.358702
Audio Event Detection Segment-level F1: 54.1
Visual Event Detection Segment-level F1: 49.6
Audio-Visual Event Detection Segment-level F1: 40.5
Segment-levelType@Avg. F1: 48.0
Segment-level Event@Avg. F1: 51.9
Audio Event Detection Event-level F1: 44.4
Visual Event Detection Event-level F1: 41.7
Audio-Visual Event Detection Event-level F1: 31.6
Event-level Type@Avg. F1: 39.2
Event-level Event@Avg. F1: 41.6
Train Epoch: 10 [0/10000 (0%)]	Loss: 0.343987
Train Epoch: 10 [800/10000 (8%)]	Loss: 0.312482
Train Epoch: 10 [1600/10000 (16%)]	Loss: 0.330967
Train Epoch: 10 [2400/10000 (24%)]	Loss: 0.331622
Train Epoch: 10 [3200/10000 (32%)]	Loss: 0.373136
Train Epoch: 10 [4000/10000 (40%)]	Loss: 0.344982
Train Epoch: 10 [4800/10000 (48%)]	Loss: 0.332689
Train Epoch: 10 [5600/10000 (56%)]	Loss: 0.369040
Train Epoch: 10 [6400/10000 (64%)]	Loss: 0.466946
Train Epoch: 10 [7200/10000 (72%)]	Loss: 0.430413
Train Epoch: 10 [8000/10000 (80%)]	Loss: 0.426319
Train Epoch: 10 [8800/10000 (88%)]	Loss: 0.324027
Train Epoch: 10 [9600/10000 (96%)]	Loss: 0.366799
Audio Event Detection Segment-level F1: 52.3
Visual Event Detection Segment-level F1: 46.5
Audio-Visual Event Detection Segment-level F1: 37.7
Segment-levelType@Avg. F1: 45.5
Segment-level Event@Avg. F1: 50.1
Audio Event Detection Event-level F1: 41.8
Visual Event Detection Event-level F1: 39.9
Audio-Visual Event Detection Event-level F1: 27.9
Event-level Type@Avg. F1: 36.5
Event-level Event@Avg. F1: 39.7
Train Epoch: 11 [0/10000 (0%)]	Loss: 0.388625
Train Epoch: 11 [800/10000 (8%)]	Loss: 0.377400
Train Epoch: 11 [1600/10000 (16%)]	Loss: 0.386840
Train Epoch: 11 [2400/10000 (24%)]	Loss: 0.351837
Train Epoch: 11 [3200/10000 (32%)]	Loss: 0.372271
Train Epoch: 11 [4000/10000 (40%)]	Loss: 0.307469
Train Epoch: 11 [4800/10000 (48%)]	Loss: 0.392335
Train Epoch: 11 [5600/10000 (56%)]	Loss: 0.339310
Train Epoch: 11 [6400/10000 (64%)]	Loss: 0.338182
Train Epoch: 11 [7200/10000 (72%)]	Loss: 0.372380
Train Epoch: 11 [8000/10000 (80%)]	Loss: 0.342054
Train Epoch: 11 [8800/10000 (88%)]	Loss: 0.332897
Train Epoch: 11 [9600/10000 (96%)]	Loss: 0.413241
Audio Event Detection Segment-level F1: 54.6
Visual Event Detection Segment-level F1: 52.9
Audio-Visual Event Detection Segment-level F1: 42.3
Segment-levelType@Avg. F1: 49.9
Segment-level Event@Avg. F1: 53.8
Audio Event Detection Event-level F1: 43.7
Visual Event Detection Event-level F1: 46.2
Audio-Visual Event Detection Event-level F1: 32.4
Event-level Type@Avg. F1: 40.8
Event-level Event@Avg. F1: 42.7
Train Epoch: 12 [0/10000 (0%)]	Loss: 0.346607
Train Epoch: 12 [800/10000 (8%)]	Loss: 0.323274
Train Epoch: 12 [1600/10000 (16%)]	Loss: 0.339636
Train Epoch: 12 [2400/10000 (24%)]	Loss: 0.300429
Train Epoch: 12 [3200/10000 (32%)]	Loss: 0.313732
Train Epoch: 12 [4000/10000 (40%)]	Loss: 0.340124
Train Epoch: 12 [4800/10000 (48%)]	Loss: 0.350887
Train Epoch: 12 [5600/10000 (56%)]	Loss: 0.381969
Train Epoch: 12 [6400/10000 (64%)]	Loss: 0.356533
Train Epoch: 12 [7200/10000 (72%)]	Loss: 0.321278
Train Epoch: 12 [8000/10000 (80%)]	Loss: 0.331929
Train Epoch: 12 [8800/10000 (88%)]	Loss: 0.382431
Train Epoch: 12 [9600/10000 (96%)]	Loss: 0.352188
Audio Event Detection Segment-level F1: 54.9
Visual Event Detection Segment-level F1: 53.3
Audio-Visual Event Detection Segment-level F1: 42.9
Segment-levelType@Avg. F1: 50.4
Segment-level Event@Avg. F1: 54.2
Audio Event Detection Event-level F1: 43.9
Visual Event Detection Event-level F1: 45.8
Audio-Visual Event Detection Event-level F1: 33.2
Event-level Type@Avg. F1: 41.0
Event-level Event@Avg. F1: 42.6
Train Epoch: 13 [0/10000 (0%)]	Loss: 0.317304
Train Epoch: 13 [800/10000 (8%)]	Loss: 0.322945
Train Epoch: 13 [1600/10000 (16%)]	Loss: 0.343922
Train Epoch: 13 [2400/10000 (24%)]	Loss: 0.381201
Train Epoch: 13 [3200/10000 (32%)]	Loss: 0.336382
Train Epoch: 13 [4000/10000 (40%)]	Loss: 0.323134
Train Epoch: 13 [4800/10000 (48%)]	Loss: 0.289639
Train Epoch: 13 [5600/10000 (56%)]	Loss: 0.378919
Train Epoch: 13 [6400/10000 (64%)]	Loss: 0.332120
Train Epoch: 13 [7200/10000 (72%)]	Loss: 0.261742
Train Epoch: 13 [8000/10000 (80%)]	Loss: 0.338632
Train Epoch: 13 [8800/10000 (88%)]	Loss: 0.381904
Train Epoch: 13 [9600/10000 (96%)]	Loss: 0.341795
Audio Event Detection Segment-level F1: 53.8
Visual Event Detection Segment-level F1: 53.1
Audio-Visual Event Detection Segment-level F1: 43.1
Segment-levelType@Avg. F1: 50.0
Segment-level Event@Avg. F1: 53.4
Audio Event Detection Event-level F1: 43.4
Visual Event Detection Event-level F1: 47.4
Audio-Visual Event Detection Event-level F1: 34.0
Event-level Type@Avg. F1: 41.6
Event-level Event@Avg. F1: 43.1
Train Epoch: 14 [0/10000 (0%)]	Loss: 0.360268
Train Epoch: 14 [800/10000 (8%)]	Loss: 0.340033
Train Epoch: 14 [1600/10000 (16%)]	Loss: 0.330653
Train Epoch: 14 [2400/10000 (24%)]	Loss: 0.345860
Train Epoch: 14 [3200/10000 (32%)]	Loss: 0.361368
Train Epoch: 14 [4000/10000 (40%)]	Loss: 0.322394
Train Epoch: 14 [4800/10000 (48%)]	Loss: 0.319338
Train Epoch: 14 [5600/10000 (56%)]	Loss: 0.330482
Train Epoch: 14 [6400/10000 (64%)]	Loss: 0.350540
Train Epoch: 14 [7200/10000 (72%)]	Loss: 0.382335
Train Epoch: 14 [8000/10000 (80%)]	Loss: 0.322938
Train Epoch: 14 [8800/10000 (88%)]	Loss: 0.342649
Train Epoch: 14 [9600/10000 (96%)]	Loss: 0.366154
Audio Event Detection Segment-level F1: 54.7
Visual Event Detection Segment-level F1: 52.8
Audio-Visual Event Detection Segment-level F1: 42.9
Segment-levelType@Avg. F1: 50.1
Segment-level Event@Avg. F1: 53.7
Audio Event Detection Event-level F1: 44.2
Visual Event Detection Event-level F1: 46.1
Audio-Visual Event Detection Event-level F1: 33.5
Event-level Type@Avg. F1: 41.3
Event-level Event@Avg. F1: 42.9
Train Epoch: 15 [0/10000 (0%)]	Loss: 0.289573
Train Epoch: 15 [800/10000 (8%)]	Loss: 0.327003
Train Epoch: 15 [1600/10000 (16%)]	Loss: 0.336991
Train Epoch: 15 [2400/10000 (24%)]	Loss: 0.336166
Train Epoch: 15 [3200/10000 (32%)]	Loss: 0.326573
Train Epoch: 15 [4000/10000 (40%)]	Loss: 0.353929
Train Epoch: 15 [4800/10000 (48%)]	Loss: 0.343806
Train Epoch: 15 [5600/10000 (56%)]	Loss: 0.295923
Train Epoch: 15 [6400/10000 (64%)]	Loss: 0.310952
Train Epoch: 15 [7200/10000 (72%)]	Loss: 0.337465
Train Epoch: 15 [8000/10000 (80%)]	Loss: 0.322396
Train Epoch: 15 [8800/10000 (88%)]	Loss: 0.355247
Train Epoch: 15 [9600/10000 (96%)]	Loss: 0.302888
Audio Event Detection Segment-level F1: 55.2
Visual Event Detection Segment-level F1: 52.5
Audio-Visual Event Detection Segment-level F1: 42.2
Segment-levelType@Avg. F1: 50.0
Segment-level Event@Avg. F1: 54.1
Audio Event Detection Event-level F1: 44.2
Visual Event Detection Event-level F1: 44.5
Audio-Visual Event Detection Event-level F1: 31.9
Event-level Type@Avg. F1: 40.2
Event-level Event@Avg. F1: 42.3
Train Epoch: 16 [0/10000 (0%)]	Loss: 0.294659
Train Epoch: 16 [800/10000 (8%)]	Loss: 0.313575
Train Epoch: 16 [1600/10000 (16%)]	Loss: 0.366826
Train Epoch: 16 [2400/10000 (24%)]	Loss: 0.312867
Train Epoch: 16 [3200/10000 (32%)]	Loss: 0.331235
Train Epoch: 16 [4000/10000 (40%)]	Loss: 0.293550
Train Epoch: 16 [4800/10000 (48%)]	Loss: 0.325919
Train Epoch: 16 [5600/10000 (56%)]	Loss: 0.351013
Train Epoch: 16 [6400/10000 (64%)]	Loss: 0.368573
Train Epoch: 16 [7200/10000 (72%)]	Loss: 0.336558
Train Epoch: 16 [8000/10000 (80%)]	Loss: 0.372124
Train Epoch: 16 [8800/10000 (88%)]	Loss: 0.359668
Train Epoch: 16 [9600/10000 (96%)]	Loss: 0.322060
Audio Event Detection Segment-level F1: 55.2
Visual Event Detection Segment-level F1: 51.9
Audio-Visual Event Detection Segment-level F1: 42.4
Segment-levelType@Avg. F1: 49.8
Segment-level Event@Avg. F1: 53.9
Audio Event Detection Event-level F1: 44.0
Visual Event Detection Event-level F1: 44.6
Audio-Visual Event Detection Event-level F1: 31.7
Event-level Type@Avg. F1: 40.1
Event-level Event@Avg. F1: 42.3
Train Epoch: 17 [0/10000 (0%)]	Loss: 0.324093
Train Epoch: 17 [800/10000 (8%)]	Loss: 0.366448
Train Epoch: 17 [1600/10000 (16%)]	Loss: 0.348246
Train Epoch: 17 [2400/10000 (24%)]	Loss: 0.317713
Train Epoch: 17 [3200/10000 (32%)]	Loss: 0.328889
Train Epoch: 17 [4000/10000 (40%)]	Loss: 0.351353
Train Epoch: 17 [4800/10000 (48%)]	Loss: 0.377783
Train Epoch: 17 [5600/10000 (56%)]	Loss: 0.383254
Train Epoch: 17 [6400/10000 (64%)]	Loss: 0.306113
Train Epoch: 17 [7200/10000 (72%)]	Loss: 0.369242
Train Epoch: 17 [8000/10000 (80%)]	Loss: 0.398295
Train Epoch: 17 [8800/10000 (88%)]	Loss: 0.275491
Train Epoch: 17 [9600/10000 (96%)]	Loss: 0.305747
Audio Event Detection Segment-level F1: 54.7
Visual Event Detection Segment-level F1: 53.1
Audio-Visual Event Detection Segment-level F1: 43.5
Segment-levelType@Avg. F1: 50.4
Segment-level Event@Avg. F1: 54.0
Audio Event Detection Event-level F1: 43.5
Visual Event Detection Event-level F1: 46.2
Audio-Visual Event Detection Event-level F1: 33.5
Event-level Type@Avg. F1: 41.1
Event-level Event@Avg. F1: 42.8
Train Epoch: 18 [0/10000 (0%)]	Loss: 0.345880
Train Epoch: 18 [800/10000 (8%)]	Loss: 0.342056
Train Epoch: 18 [1600/10000 (16%)]	Loss: 0.350477
Train Epoch: 18 [2400/10000 (24%)]	Loss: 0.376025
Train Epoch: 18 [3200/10000 (32%)]	Loss: 0.300327
Train Epoch: 18 [4000/10000 (40%)]	Loss: 0.361708
Train Epoch: 18 [4800/10000 (48%)]	Loss: 0.351131
Train Epoch: 18 [5600/10000 (56%)]	Loss: 0.343781
Train Epoch: 18 [6400/10000 (64%)]	Loss: 0.410593
Train Epoch: 18 [7200/10000 (72%)]	Loss: 0.311513
Train Epoch: 18 [8000/10000 (80%)]	Loss: 0.341055
Train Epoch: 18 [8800/10000 (88%)]	Loss: 0.314903
Train Epoch: 18 [9600/10000 (96%)]	Loss: 0.425667
Audio Event Detection Segment-level F1: 54.5
Visual Event Detection Segment-level F1: 53.0
Audio-Visual Event Detection Segment-level F1: 42.5
Segment-levelType@Avg. F1: 50.0
Segment-level Event@Avg. F1: 54.3
Audio Event Detection Event-level F1: 43.8
Visual Event Detection Event-level F1: 46.0
Audio-Visual Event Detection Event-level F1: 32.6
Event-level Type@Avg. F1: 40.8
Event-level Event@Avg. F1: 42.8
Train Epoch: 19 [0/10000 (0%)]	Loss: 0.300911
Train Epoch: 19 [800/10000 (8%)]	Loss: 0.343871
Train Epoch: 19 [1600/10000 (16%)]	Loss: 0.331272
Train Epoch: 19 [2400/10000 (24%)]	Loss: 0.307752
Train Epoch: 19 [3200/10000 (32%)]	Loss: 0.351960
Train Epoch: 19 [4000/10000 (40%)]	Loss: 0.341542
Train Epoch: 19 [4800/10000 (48%)]	Loss: 0.341147
Train Epoch: 19 [5600/10000 (56%)]	Loss: 0.310456
Train Epoch: 19 [6400/10000 (64%)]	Loss: 0.315224
Train Epoch: 19 [7200/10000 (72%)]	Loss: 0.300156
Train Epoch: 19 [8000/10000 (80%)]	Loss: 0.360849
Train Epoch: 19 [8800/10000 (88%)]	Loss: 0.247633
Train Epoch: 19 [9600/10000 (96%)]	Loss: 0.344544
Audio Event Detection Segment-level F1: 55.0
Visual Event Detection Segment-level F1: 54.5
Audio-Visual Event Detection Segment-level F1: 43.8
Segment-levelType@Avg. F1: 51.1
Segment-level Event@Avg. F1: 54.2
Audio Event Detection Event-level F1: 44.2
Visual Event Detection Event-level F1: 47.5
Audio-Visual Event Detection Event-level F1: 33.8
Event-level Type@Avg. F1: 41.9
Event-level Event@Avg. F1: 43.2
Train Epoch: 20 [0/10000 (0%)]	Loss: 0.365419
Train Epoch: 20 [800/10000 (8%)]	Loss: 0.309099
Train Epoch: 20 [1600/10000 (16%)]	Loss: 0.315134
Train Epoch: 20 [2400/10000 (24%)]	Loss: 0.345438
Train Epoch: 20 [3200/10000 (32%)]	Loss: 0.319944
Train Epoch: 20 [4000/10000 (40%)]	Loss: 0.331792
Train Epoch: 20 [4800/10000 (48%)]	Loss: 0.357500
Train Epoch: 20 [5600/10000 (56%)]	Loss: 0.400593
Train Epoch: 20 [6400/10000 (64%)]	Loss: 0.340721
Train Epoch: 20 [7200/10000 (72%)]	Loss: 0.328583
Train Epoch: 20 [8000/10000 (80%)]	Loss: 0.332443
Train Epoch: 20 [8800/10000 (88%)]	Loss: 0.378677
Train Epoch: 20 [9600/10000 (96%)]	Loss: 0.336699
Audio Event Detection Segment-level F1: 54.5
Visual Event Detection Segment-level F1: 54.3
Audio-Visual Event Detection Segment-level F1: 44.1
Segment-levelType@Avg. F1: 51.0
Segment-level Event@Avg. F1: 54.0
Audio Event Detection Event-level F1: 44.2
Visual Event Detection Event-level F1: 47.4
Audio-Visual Event Detection Event-level F1: 34.9
Event-level Type@Avg. F1: 42.2
Event-level Event@Avg. F1: 43.5
Train Epoch: 21 [0/10000 (0%)]	Loss: 0.416283
Train Epoch: 21 [800/10000 (8%)]	Loss: 0.287822
Train Epoch: 21 [1600/10000 (16%)]	Loss: 0.341684
Train Epoch: 21 [2400/10000 (24%)]	Loss: 0.323777
Train Epoch: 21 [3200/10000 (32%)]	Loss: 0.403778
Train Epoch: 21 [4000/10000 (40%)]	Loss: 0.274421
Train Epoch: 21 [4800/10000 (48%)]	Loss: 0.370337
Train Epoch: 21 [5600/10000 (56%)]	Loss: 0.334529
Train Epoch: 21 [6400/10000 (64%)]	Loss: 0.295339
Train Epoch: 21 [7200/10000 (72%)]	Loss: 0.325426
Train Epoch: 21 [8000/10000 (80%)]	Loss: 0.307414
Train Epoch: 21 [8800/10000 (88%)]	Loss: 0.276077
Train Epoch: 21 [9600/10000 (96%)]	Loss: 0.347751
Audio Event Detection Segment-level F1: 54.9
Visual Event Detection Segment-level F1: 54.4
Audio-Visual Event Detection Segment-level F1: 43.9
Segment-levelType@Avg. F1: 51.1
Segment-level Event@Avg. F1: 54.5
Audio Event Detection Event-level F1: 44.3
Visual Event Detection Event-level F1: 46.8
Audio-Visual Event Detection Event-level F1: 34.2
Event-level Type@Avg. F1: 41.8
Event-level Event@Avg. F1: 43.2
Train Epoch: 22 [0/10000 (0%)]	Loss: 0.341305
Train Epoch: 22 [800/10000 (8%)]	Loss: 0.312283
Train Epoch: 22 [1600/10000 (16%)]	Loss: 0.307844
Train Epoch: 22 [2400/10000 (24%)]	Loss: 0.296058
Train Epoch: 22 [3200/10000 (32%)]	Loss: 0.319317
Train Epoch: 22 [4000/10000 (40%)]	Loss: 0.331628
Train Epoch: 22 [4800/10000 (48%)]	Loss: 0.344774
Train Epoch: 22 [5600/10000 (56%)]	Loss: 0.392905
Train Epoch: 22 [6400/10000 (64%)]	Loss: 0.382749
Train Epoch: 22 [7200/10000 (72%)]	Loss: 0.325883
Train Epoch: 22 [8000/10000 (80%)]	Loss: 0.329035
Train Epoch: 22 [8800/10000 (88%)]	Loss: 0.296876
Train Epoch: 22 [9600/10000 (96%)]	Loss: 0.300736
Audio Event Detection Segment-level F1: 55.0
Visual Event Detection Segment-level F1: 54.8
Audio-Visual Event Detection Segment-level F1: 44.1
Segment-levelType@Avg. F1: 51.3
Segment-level Event@Avg. F1: 54.6
Audio Event Detection Event-level F1: 44.6
Visual Event Detection Event-level F1: 47.3
Audio-Visual Event Detection Event-level F1: 34.6
Event-level Type@Avg. F1: 42.2
Event-level Event@Avg. F1: 43.5
Train Epoch: 23 [0/10000 (0%)]	Loss: 0.286029
Train Epoch: 23 [800/10000 (8%)]	Loss: 0.361851
Train Epoch: 23 [1600/10000 (16%)]	Loss: 0.319664
Train Epoch: 23 [2400/10000 (24%)]	Loss: 0.344960
Train Epoch: 23 [3200/10000 (32%)]	Loss: 0.301765
Train Epoch: 23 [4000/10000 (40%)]	Loss: 0.295853
Train Epoch: 23 [4800/10000 (48%)]	Loss: 0.312760
Train Epoch: 23 [5600/10000 (56%)]	Loss: 0.316402
Train Epoch: 23 [6400/10000 (64%)]	Loss: 0.354500
Train Epoch: 23 [7200/10000 (72%)]	Loss: 0.301443
Train Epoch: 23 [8000/10000 (80%)]	Loss: 0.304346
Train Epoch: 23 [8800/10000 (88%)]	Loss: 0.293780
Train Epoch: 23 [9600/10000 (96%)]	Loss: 0.333782
Audio Event Detection Segment-level F1: 54.9
Visual Event Detection Segment-level F1: 54.7
Audio-Visual Event Detection Segment-level F1: 44.3
Segment-levelType@Avg. F1: 51.3
Segment-level Event@Avg. F1: 54.5
Audio Event Detection Event-level F1: 44.4
Visual Event Detection Event-level F1: 47.3
Audio-Visual Event Detection Event-level F1: 34.6
Event-level Type@Avg. F1: 42.1
Event-level Event@Avg. F1: 43.4
Train Epoch: 24 [0/10000 (0%)]	Loss: 0.321274
Train Epoch: 24 [800/10000 (8%)]	Loss: 0.372593
Train Epoch: 24 [1600/10000 (16%)]	Loss: 0.288835
Train Epoch: 24 [2400/10000 (24%)]	Loss: 0.314591
Train Epoch: 24 [3200/10000 (32%)]	Loss: 0.294501
Train Epoch: 24 [4000/10000 (40%)]	Loss: 0.336337
Train Epoch: 24 [4800/10000 (48%)]	Loss: 0.325440
Train Epoch: 24 [5600/10000 (56%)]	Loss: 0.322058
Train Epoch: 24 [6400/10000 (64%)]	Loss: 0.307827
Train Epoch: 24 [7200/10000 (72%)]	Loss: 0.270612
Train Epoch: 24 [8000/10000 (80%)]	Loss: 0.304340
Train Epoch: 24 [8800/10000 (88%)]	Loss: 0.357808
Train Epoch: 24 [9600/10000 (96%)]	Loss: 0.333006
Audio Event Detection Segment-level F1: 54.8
Visual Event Detection Segment-level F1: 54.4
Audio-Visual Event Detection Segment-level F1: 44.0
Segment-levelType@Avg. F1: 51.1
Segment-level Event@Avg. F1: 54.3
Audio Event Detection Event-level F1: 44.4
Visual Event Detection Event-level F1: 46.6
Audio-Visual Event Detection Event-level F1: 34.3
Event-level Type@Avg. F1: 41.8
Event-level Event@Avg. F1: 43.1
Train Epoch: 25 [0/10000 (0%)]	Loss: 0.350185
Train Epoch: 25 [800/10000 (8%)]	Loss: 0.311238
Train Epoch: 25 [1600/10000 (16%)]	Loss: 0.315883
Train Epoch: 25 [2400/10000 (24%)]	Loss: 0.303963
Train Epoch: 25 [3200/10000 (32%)]	Loss: 0.363151
Train Epoch: 25 [4000/10000 (40%)]	Loss: 0.318855
Train Epoch: 25 [4800/10000 (48%)]	Loss: 0.280156
Train Epoch: 25 [5600/10000 (56%)]	Loss: 0.297395
Train Epoch: 25 [6400/10000 (64%)]	Loss: 0.297410
Train Epoch: 25 [7200/10000 (72%)]	Loss: 0.326331
Train Epoch: 25 [8000/10000 (80%)]	Loss: 0.329602
Train Epoch: 25 [8800/10000 (88%)]	Loss: 0.310531
Train Epoch: 25 [9600/10000 (96%)]	Loss: 0.384509
Audio Event Detection Segment-level F1: 54.8
Visual Event Detection Segment-level F1: 54.3
Audio-Visual Event Detection Segment-level F1: 44.2
Segment-levelType@Avg. F1: 51.1
Segment-level Event@Avg. F1: 54.4
Audio Event Detection Event-level F1: 44.4
Visual Event Detection Event-level F1: 46.8
Audio-Visual Event Detection Event-level F1: 34.3
Event-level Type@Avg. F1: 41.8
Event-level Event@Avg. F1: 43.1
Train Epoch: 26 [0/10000 (0%)]	Loss: 0.344363
Train Epoch: 26 [800/10000 (8%)]	Loss: 0.310313
Train Epoch: 26 [1600/10000 (16%)]	Loss: 0.299730
Train Epoch: 26 [2400/10000 (24%)]	Loss: 0.325657
Train Epoch: 26 [3200/10000 (32%)]	Loss: 0.330226
Train Epoch: 26 [4000/10000 (40%)]	Loss: 0.331018
Train Epoch: 26 [4800/10000 (48%)]	Loss: 0.292550
Train Epoch: 26 [5600/10000 (56%)]	Loss: 0.286406
Train Epoch: 26 [6400/10000 (64%)]	Loss: 0.371375
Train Epoch: 26 [7200/10000 (72%)]	Loss: 0.288563
Train Epoch: 26 [8000/10000 (80%)]	Loss: 0.323145
Train Epoch: 26 [8800/10000 (88%)]	Loss: 0.359216
Train Epoch: 26 [9600/10000 (96%)]	Loss: 0.316136
Audio Event Detection Segment-level F1: 54.9
Visual Event Detection Segment-level F1: 54.5
Audio-Visual Event Detection Segment-level F1: 43.8
Segment-levelType@Avg. F1: 51.1
Segment-level Event@Avg. F1: 54.5
Audio Event Detection Event-level F1: 44.4
Visual Event Detection Event-level F1: 46.7
Audio-Visual Event Detection Event-level F1: 34.2
Event-level Type@Avg. F1: 41.8
Event-level Event@Avg. F1: 43.1
Train Epoch: 27 [0/10000 (0%)]	Loss: 0.313519
Train Epoch: 27 [800/10000 (8%)]	Loss: 0.330965
Train Epoch: 27 [1600/10000 (16%)]	Loss: 0.283369
Train Epoch: 27 [2400/10000 (24%)]	Loss: 0.329099
Train Epoch: 27 [3200/10000 (32%)]	Loss: 0.315725
Train Epoch: 27 [4000/10000 (40%)]	Loss: 0.353824
Train Epoch: 27 [4800/10000 (48%)]	Loss: 0.327694
Train Epoch: 27 [5600/10000 (56%)]	Loss: 0.374788
Train Epoch: 27 [6400/10000 (64%)]	Loss: 0.263274
Train Epoch: 27 [7200/10000 (72%)]	Loss: 0.337712
Train Epoch: 27 [8000/10000 (80%)]	Loss: 0.346126
Train Epoch: 27 [8800/10000 (88%)]	Loss: 0.283798
Train Epoch: 27 [9600/10000 (96%)]	Loss: 0.364261
Audio Event Detection Segment-level F1: 54.4
Visual Event Detection Segment-level F1: 54.6
Audio-Visual Event Detection Segment-level F1: 44.1
Segment-levelType@Avg. F1: 51.0
Segment-level Event@Avg. F1: 54.1
Audio Event Detection Event-level F1: 44.0
Visual Event Detection Event-level F1: 46.8
Audio-Visual Event Detection Event-level F1: 34.2
Event-level Type@Avg. F1: 41.6
Event-level Event@Avg. F1: 42.9
Train Epoch: 28 [0/10000 (0%)]	Loss: 0.278538
Train Epoch: 28 [800/10000 (8%)]	Loss: 0.344322
Train Epoch: 28 [1600/10000 (16%)]	Loss: 0.312217
Train Epoch: 28 [2400/10000 (24%)]	Loss: 0.285330
Train Epoch: 28 [3200/10000 (32%)]	Loss: 0.322382
Train Epoch: 28 [4000/10000 (40%)]	Loss: 0.319269
Train Epoch: 28 [4800/10000 (48%)]	Loss: 0.325215
Train Epoch: 28 [5600/10000 (56%)]	Loss: 0.289991
Train Epoch: 28 [6400/10000 (64%)]	Loss: 0.315685
Train Epoch: 28 [7200/10000 (72%)]	Loss: 0.324931
Train Epoch: 28 [8000/10000 (80%)]	Loss: 0.330920
Train Epoch: 28 [8800/10000 (88%)]	Loss: 0.300358
Train Epoch: 28 [9600/10000 (96%)]	Loss: 0.333313
Audio Event Detection Segment-level F1: 54.7
Visual Event Detection Segment-level F1: 54.2
Audio-Visual Event Detection Segment-level F1: 43.8
Segment-levelType@Avg. F1: 50.9
Segment-level Event@Avg. F1: 54.3
Audio Event Detection Event-level F1: 44.2
Visual Event Detection Event-level F1: 46.3
Audio-Visual Event Detection Event-level F1: 33.8
Event-level Type@Avg. F1: 41.4
Event-level Event@Avg. F1: 42.7
Train Epoch: 29 [0/10000 (0%)]	Loss: 0.335511
Train Epoch: 29 [800/10000 (8%)]	Loss: 0.311365
Train Epoch: 29 [1600/10000 (16%)]	Loss: 0.352503
Train Epoch: 29 [2400/10000 (24%)]	Loss: 0.298760
Train Epoch: 29 [3200/10000 (32%)]	Loss: 0.315576
Train Epoch: 29 [4000/10000 (40%)]	Loss: 0.332862
Train Epoch: 29 [4800/10000 (48%)]	Loss: 0.384131
Train Epoch: 29 [5600/10000 (56%)]	Loss: 0.333548
Train Epoch: 29 [6400/10000 (64%)]	Loss: 0.371867
Train Epoch: 29 [7200/10000 (72%)]	Loss: 0.317463
Train Epoch: 29 [8000/10000 (80%)]	Loss: 0.334526
Train Epoch: 29 [8800/10000 (88%)]	Loss: 0.396978
Train Epoch: 29 [9600/10000 (96%)]	Loss: 0.319600
Audio Event Detection Segment-level F1: 54.7
Visual Event Detection Segment-level F1: 54.0
Audio-Visual Event Detection Segment-level F1: 43.6
Segment-levelType@Avg. F1: 50.8
Segment-level Event@Avg. F1: 54.4
Audio Event Detection Event-level F1: 44.2
Visual Event Detection Event-level F1: 46.2
Audio-Visual Event Detection Event-level F1: 33.9
Event-level Type@Avg. F1: 41.4
Event-level Event@Avg. F1: 42.8
Train Epoch: 30 [0/10000 (0%)]	Loss: 0.369173
Train Epoch: 30 [800/10000 (8%)]	Loss: 0.287432
Train Epoch: 30 [1600/10000 (16%)]	Loss: 0.335413
Train Epoch: 30 [2400/10000 (24%)]	Loss: 0.273589
Train Epoch: 30 [3200/10000 (32%)]	Loss: 0.369299
Train Epoch: 30 [4000/10000 (40%)]	Loss: 0.302491
Train Epoch: 30 [4800/10000 (48%)]	Loss: 0.285374
Train Epoch: 30 [5600/10000 (56%)]	Loss: 0.400760
Train Epoch: 30 [6400/10000 (64%)]	Loss: 0.311484
Train Epoch: 30 [7200/10000 (72%)]	Loss: 0.327951
Train Epoch: 30 [8000/10000 (80%)]	Loss: 0.319903
Train Epoch: 30 [8800/10000 (88%)]	Loss: 0.310300
Train Epoch: 30 [9600/10000 (96%)]	Loss: 0.333345
Audio Event Detection Segment-level F1: 54.8
Visual Event Detection Segment-level F1: 54.2
Audio-Visual Event Detection Segment-level F1: 44.0
Segment-levelType@Avg. F1: 51.0
Segment-level Event@Avg. F1: 54.4
Audio Event Detection Event-level F1: 44.4
Visual Event Detection Event-level F1: 46.4
Audio-Visual Event Detection Event-level F1: 34.2
Event-level Type@Avg. F1: 41.7
Event-level Event@Avg. F1: 43.1
Train Epoch: 31 [0/10000 (0%)]	Loss: 0.307402
Train Epoch: 31 [800/10000 (8%)]	Loss: 0.293891
Train Epoch: 31 [1600/10000 (16%)]	Loss: 0.329472
Train Epoch: 31 [2400/10000 (24%)]	Loss: 0.348816
Train Epoch: 31 [3200/10000 (32%)]	Loss: 0.383884
Train Epoch: 31 [4000/10000 (40%)]	Loss: 0.303455
Train Epoch: 31 [4800/10000 (48%)]	Loss: 0.284821
Train Epoch: 31 [5600/10000 (56%)]	Loss: 0.294778
Train Epoch: 31 [6400/10000 (64%)]	Loss: 0.335692
Train Epoch: 31 [7200/10000 (72%)]	Loss: 0.362346
Train Epoch: 31 [8000/10000 (80%)]	Loss: 0.340096
Train Epoch: 31 [8800/10000 (88%)]	Loss: 0.309964
Train Epoch: 31 [9600/10000 (96%)]	Loss: 0.311746
Audio Event Detection Segment-level F1: 54.8
Visual Event Detection Segment-level F1: 54.3
Audio-Visual Event Detection Segment-level F1: 44.0
Segment-levelType@Avg. F1: 51.1
Segment-level Event@Avg. F1: 54.3
Audio Event Detection Event-level F1: 44.4
Visual Event Detection Event-level F1: 46.3
Audio-Visual Event Detection Event-level F1: 34.0
Event-level Type@Avg. F1: 41.6
Event-level Event@Avg. F1: 42.9
Train Epoch: 32 [0/10000 (0%)]	Loss: 0.385950
Train Epoch: 32 [800/10000 (8%)]	Loss: 0.303129
Train Epoch: 32 [1600/10000 (16%)]	Loss: 0.325996
Train Epoch: 32 [2400/10000 (24%)]	Loss: 0.293117
Train Epoch: 32 [3200/10000 (32%)]	Loss: 0.352534
Train Epoch: 32 [4000/10000 (40%)]	Loss: 0.297137
Train Epoch: 32 [4800/10000 (48%)]	Loss: 0.358027
Train Epoch: 32 [5600/10000 (56%)]	Loss: 0.294814
Train Epoch: 32 [6400/10000 (64%)]	Loss: 0.327355
Train Epoch: 32 [7200/10000 (72%)]	Loss: 0.286077
Train Epoch: 32 [8000/10000 (80%)]	Loss: 0.340008
Train Epoch: 32 [8800/10000 (88%)]	Loss: 0.308401
Train Epoch: 32 [9600/10000 (96%)]	Loss: 0.294827
Audio Event Detection Segment-level F1: 54.8
Visual Event Detection Segment-level F1: 54.3
Audio-Visual Event Detection Segment-level F1: 44.0
Segment-levelType@Avg. F1: 51.0
Segment-level Event@Avg. F1: 54.3
Audio Event Detection Event-level F1: 44.4
Visual Event Detection Event-level F1: 46.4
Audio-Visual Event Detection Event-level F1: 34.2
Event-level Type@Avg. F1: 41.7
Event-level Event@Avg. F1: 42.9
Train Epoch: 33 [0/10000 (0%)]	Loss: 0.365493
Train Epoch: 33 [800/10000 (8%)]	Loss: 0.311106
Train Epoch: 33 [1600/10000 (16%)]	Loss: 0.338454
Train Epoch: 33 [2400/10000 (24%)]	Loss: 0.303940
Train Epoch: 33 [3200/10000 (32%)]	Loss: 0.361014
Train Epoch: 33 [4000/10000 (40%)]	Loss: 0.292235
Train Epoch: 33 [4800/10000 (48%)]	Loss: 0.336136
Train Epoch: 33 [5600/10000 (56%)]	Loss: 0.336798
Train Epoch: 33 [6400/10000 (64%)]	Loss: 0.351261
Train Epoch: 33 [7200/10000 (72%)]	Loss: 0.284569
Train Epoch: 33 [8000/10000 (80%)]	Loss: 0.307999
Train Epoch: 33 [8800/10000 (88%)]	Loss: 0.322170
Train Epoch: 33 [9600/10000 (96%)]	Loss: 0.283747
Audio Event Detection Segment-level F1: 54.8
Visual Event Detection Segment-level F1: 54.3
Audio-Visual Event Detection Segment-level F1: 43.9
Segment-levelType@Avg. F1: 51.0
Segment-level Event@Avg. F1: 54.3
Audio Event Detection Event-level F1: 44.4
Visual Event Detection Event-level F1: 46.4
Audio-Visual Event Detection Event-level F1: 34.0
Event-level Type@Avg. F1: 41.6
Event-level Event@Avg. F1: 42.9
Train Epoch: 34 [0/10000 (0%)]	Loss: 0.297900
Train Epoch: 34 [800/10000 (8%)]	Loss: 0.335046
Train Epoch: 34 [1600/10000 (16%)]	Loss: 0.299547
Train Epoch: 34 [2400/10000 (24%)]	Loss: 0.325517
Train Epoch: 34 [3200/10000 (32%)]	Loss: 0.344686
Train Epoch: 34 [4000/10000 (40%)]	Loss: 0.326275
Train Epoch: 34 [4800/10000 (48%)]	Loss: 0.280806
Train Epoch: 34 [5600/10000 (56%)]	Loss: 0.325001
Train Epoch: 34 [6400/10000 (64%)]	Loss: 0.277002
Train Epoch: 34 [7200/10000 (72%)]	Loss: 0.294522
Train Epoch: 34 [8000/10000 (80%)]	Loss: 0.308464
Train Epoch: 34 [8800/10000 (88%)]	Loss: 0.364243
Train Epoch: 34 [9600/10000 (96%)]	Loss: 0.331546
Audio Event Detection Segment-level F1: 54.8
Visual Event Detection Segment-level F1: 54.2
Audio-Visual Event Detection Segment-level F1: 43.9
Segment-levelType@Avg. F1: 51.0
Segment-level Event@Avg. F1: 54.2
Audio Event Detection Event-level F1: 44.2
Visual Event Detection Event-level F1: 46.6
Audio-Visual Event Detection Event-level F1: 34.0
Event-level Type@Avg. F1: 41.6
Event-level Event@Avg. F1: 42.8
Train Epoch: 35 [0/10000 (0%)]	Loss: 0.374192
Train Epoch: 35 [800/10000 (8%)]	Loss: 0.341623
Train Epoch: 35 [1600/10000 (16%)]	Loss: 0.283554
Train Epoch: 35 [2400/10000 (24%)]	Loss: 0.295080
Train Epoch: 35 [3200/10000 (32%)]	Loss: 0.292751
Train Epoch: 35 [4000/10000 (40%)]	Loss: 0.322630
Train Epoch: 35 [4800/10000 (48%)]	Loss: 0.362874
Train Epoch: 35 [5600/10000 (56%)]	Loss: 0.321118
Train Epoch: 35 [6400/10000 (64%)]	Loss: 0.279172
Train Epoch: 35 [7200/10000 (72%)]	Loss: 0.293616
Train Epoch: 35 [8000/10000 (80%)]	Loss: 0.261935
Train Epoch: 35 [8800/10000 (88%)]	Loss: 0.348713
Train Epoch: 35 [9600/10000 (96%)]	Loss: 0.328734
Audio Event Detection Segment-level F1: 54.9
Visual Event Detection Segment-level F1: 54.4
Audio-Visual Event Detection Segment-level F1: 44.0
Segment-levelType@Avg. F1: 51.1
Segment-level Event@Avg. F1: 54.3
Audio Event Detection Event-level F1: 44.2
Visual Event Detection Event-level F1: 46.6
Audio-Visual Event Detection Event-level F1: 34.0
Event-level Type@Avg. F1: 41.6
Event-level Event@Avg. F1: 42.8
Train Epoch: 36 [0/10000 (0%)]	Loss: 0.329396
Train Epoch: 36 [800/10000 (8%)]	Loss: 0.322939
Train Epoch: 36 [1600/10000 (16%)]	Loss: 0.297916
Train Epoch: 36 [2400/10000 (24%)]	Loss: 0.299555
Train Epoch: 36 [3200/10000 (32%)]	Loss: 0.298490
Train Epoch: 36 [4000/10000 (40%)]	Loss: 0.350006
Train Epoch: 36 [4800/10000 (48%)]	Loss: 0.282951
Train Epoch: 36 [5600/10000 (56%)]	Loss: 0.342609
Train Epoch: 36 [6400/10000 (64%)]	Loss: 0.285933
Train Epoch: 36 [7200/10000 (72%)]	Loss: 0.381859
Train Epoch: 36 [8000/10000 (80%)]	Loss: 0.303442
Train Epoch: 36 [8800/10000 (88%)]	Loss: 0.346521
Train Epoch: 36 [9600/10000 (96%)]	Loss: 0.305291
Audio Event Detection Segment-level F1: 54.8
Visual Event Detection Segment-level F1: 54.4
Audio-Visual Event Detection Segment-level F1: 44.0
Segment-levelType@Avg. F1: 51.1
Segment-level Event@Avg. F1: 54.3
Audio Event Detection Event-level F1: 44.2
Visual Event Detection Event-level F1: 46.8
Audio-Visual Event Detection Event-level F1: 34.2
Event-level Type@Avg. F1: 41.7
Event-level Event@Avg. F1: 42.9
Train Epoch: 37 [0/10000 (0%)]	Loss: 0.305887
Train Epoch: 37 [800/10000 (8%)]	Loss: 0.280746
Train Epoch: 37 [1600/10000 (16%)]	Loss: 0.275695
Train Epoch: 37 [2400/10000 (24%)]	Loss: 0.331769
Train Epoch: 37 [3200/10000 (32%)]	Loss: 0.309102
Train Epoch: 37 [4000/10000 (40%)]	Loss: 0.339128
Train Epoch: 37 [4800/10000 (48%)]	Loss: 0.275832
Train Epoch: 37 [5600/10000 (56%)]	Loss: 0.326412
Train Epoch: 37 [6400/10000 (64%)]	Loss: 0.330442
Train Epoch: 37 [7200/10000 (72%)]	Loss: 0.338905
Train Epoch: 37 [8000/10000 (80%)]	Loss: 0.341906
Train Epoch: 37 [8800/10000 (88%)]	Loss: 0.337649
Train Epoch: 37 [9600/10000 (96%)]	Loss: 0.282051
Audio Event Detection Segment-level F1: 54.8
Visual Event Detection Segment-level F1: 54.3
Audio-Visual Event Detection Segment-level F1: 44.0
Segment-levelType@Avg. F1: 51.0
Segment-level Event@Avg. F1: 54.3
Audio Event Detection Event-level F1: 44.2
Visual Event Detection Event-level F1: 46.7
Audio-Visual Event Detection Event-level F1: 34.1
Event-level Type@Avg. F1: 41.7
Event-level Event@Avg. F1: 42.9
Train Epoch: 38 [0/10000 (0%)]	Loss: 0.276187
Train Epoch: 38 [800/10000 (8%)]	Loss: 0.311809
Train Epoch: 38 [1600/10000 (16%)]	Loss: 0.323112
Train Epoch: 38 [2400/10000 (24%)]	Loss: 0.333550
Train Epoch: 38 [3200/10000 (32%)]	Loss: 0.286213
Train Epoch: 38 [4000/10000 (40%)]	Loss: 0.274725
Train Epoch: 38 [4800/10000 (48%)]	Loss: 0.321321
Train Epoch: 38 [5600/10000 (56%)]	Loss: 0.284207
Train Epoch: 38 [6400/10000 (64%)]	Loss: 0.285874
Train Epoch: 38 [7200/10000 (72%)]	Loss: 0.282285
Train Epoch: 38 [8000/10000 (80%)]	Loss: 0.333590
Train Epoch: 38 [8800/10000 (88%)]	Loss: 0.300616
Train Epoch: 38 [9600/10000 (96%)]	Loss: 0.299513
Audio Event Detection Segment-level F1: 54.8
Visual Event Detection Segment-level F1: 54.2
Audio-Visual Event Detection Segment-level F1: 43.8
Segment-levelType@Avg. F1: 50.9
Segment-level Event@Avg. F1: 54.2
Audio Event Detection Event-level F1: 44.2
Visual Event Detection Event-level F1: 46.5
Audio-Visual Event Detection Event-level F1: 33.9
Event-level Type@Avg. F1: 41.5
Event-level Event@Avg. F1: 42.8
Train Epoch: 39 [0/10000 (0%)]	Loss: 0.326279
Train Epoch: 39 [800/10000 (8%)]	Loss: 0.329342
Train Epoch: 39 [1600/10000 (16%)]	Loss: 0.268675
Train Epoch: 39 [2400/10000 (24%)]	Loss: 0.301000
Train Epoch: 39 [3200/10000 (32%)]	Loss: 0.322857
Train Epoch: 39 [4000/10000 (40%)]	Loss: 0.326367
Train Epoch: 39 [4800/10000 (48%)]	Loss: 0.371573
Train Epoch: 39 [5600/10000 (56%)]	Loss: 0.314316
Train Epoch: 39 [6400/10000 (64%)]	Loss: 0.286360
Train Epoch: 39 [7200/10000 (72%)]	Loss: 0.282275
Train Epoch: 39 [8000/10000 (80%)]	Loss: 0.326934
Train Epoch: 39 [8800/10000 (88%)]	Loss: 0.318551
Train Epoch: 39 [9600/10000 (96%)]	Loss: 0.295166
Audio Event Detection Segment-level F1: 54.8
Visual Event Detection Segment-level F1: 54.3
Audio-Visual Event Detection Segment-level F1: 43.9
Segment-levelType@Avg. F1: 51.0
Segment-level Event@Avg. F1: 54.2
Audio Event Detection Event-level F1: 44.2
Visual Event Detection Event-level F1: 46.6
Audio-Visual Event Detection Event-level F1: 34.0
Event-level Type@Avg. F1: 41.6
Event-level Event@Avg. F1: 42.8
Train Epoch: 40 [0/10000 (0%)]	Loss: 0.321426
Train Epoch: 40 [800/10000 (8%)]	Loss: 0.283867
Train Epoch: 40 [1600/10000 (16%)]	Loss: 0.324104
Train Epoch: 40 [2400/10000 (24%)]	Loss: 0.290189
Train Epoch: 40 [3200/10000 (32%)]	Loss: 0.326965
Train Epoch: 40 [4000/10000 (40%)]	Loss: 0.363044
Train Epoch: 40 [4800/10000 (48%)]	Loss: 0.343991
Train Epoch: 40 [5600/10000 (56%)]	Loss: 0.321282
Train Epoch: 40 [6400/10000 (64%)]	Loss: 0.321091
Train Epoch: 40 [7200/10000 (72%)]	Loss: 0.339002
Train Epoch: 40 [8000/10000 (80%)]	Loss: 0.282292
Train Epoch: 40 [8800/10000 (88%)]	Loss: 0.327358
Train Epoch: 40 [9600/10000 (96%)]	Loss: 0.318420
Audio Event Detection Segment-level F1: 54.8
Visual Event Detection Segment-level F1: 54.2
Audio-Visual Event Detection Segment-level F1: 43.9
Segment-levelType@Avg. F1: 50.9
Segment-level Event@Avg. F1: 54.2
Audio Event Detection Event-level F1: 44.2
Visual Event Detection Event-level F1: 46.3
Audio-Visual Event Detection Event-level F1: 34.0
Event-level Type@Avg. F1: 41.5
Event-level Event@Avg. F1: 42.7
