111111111111
Train Epoch: 1 [0/10000 (0%)]	Loss: 2.131571
Train Epoch: 1 [800/10000 (8%)]	Loss: 0.606487
Train Epoch: 1 [1600/10000 (16%)]	Loss: 0.597998
Train Epoch: 1 [2400/10000 (24%)]	Loss: 0.483879
Train Epoch: 1 [3200/10000 (32%)]	Loss: 0.462739
Train Epoch: 1 [4000/10000 (40%)]	Loss: 0.467239
Train Epoch: 1 [4800/10000 (48%)]	Loss: 0.472717
Train Epoch: 1 [5600/10000 (56%)]	Loss: 0.435079
Train Epoch: 1 [6400/10000 (64%)]	Loss: 0.485511
Train Epoch: 1 [7200/10000 (72%)]	Loss: 0.399706
Train Epoch: 1 [8000/10000 (80%)]	Loss: 0.445130
Train Epoch: 1 [8800/10000 (88%)]	Loss: 0.443214
Train Epoch: 1 [9600/10000 (96%)]	Loss: 0.413980
Audio Event Detection Segment-level F1: 51.4
Visual Event Detection Segment-level F1: 49.9
Audio-Visual Event Detection Segment-level F1: 38.3
Segment-levelType@Avg. F1: 46.5
Segment-level Event@Avg. F1: 51.7
Audio Event Detection Event-level F1: 42.2
Visual Event Detection Event-level F1: 44.3
Audio-Visual Event Detection Event-level F1: 30.5
Event-level Type@Avg. F1: 39.0
Event-level Event@Avg. F1: 41.7
Train Epoch: 2 [0/10000 (0%)]	Loss: 0.406560
Train Epoch: 2 [800/10000 (8%)]	Loss: 0.429472
Train Epoch: 2 [1600/10000 (16%)]	Loss: 0.421703
Train Epoch: 2 [2400/10000 (24%)]	Loss: 0.368420
Train Epoch: 2 [3200/10000 (32%)]	Loss: 0.456263
Train Epoch: 2 [4000/10000 (40%)]	Loss: 0.404485
Train Epoch: 2 [4800/10000 (48%)]	Loss: 0.404659
Train Epoch: 2 [5600/10000 (56%)]	Loss: 0.407622
Train Epoch: 2 [6400/10000 (64%)]	Loss: 0.417318
Train Epoch: 2 [7200/10000 (72%)]	Loss: 0.388891
Train Epoch: 2 [8000/10000 (80%)]	Loss: 0.433680
Train Epoch: 2 [8800/10000 (88%)]	Loss: 0.417244
Train Epoch: 2 [9600/10000 (96%)]	Loss: 0.386639
Audio Event Detection Segment-level F1: 52.6
Visual Event Detection Segment-level F1: 51.4
Audio-Visual Event Detection Segment-level F1: 41.8
Segment-levelType@Avg. F1: 48.6
Segment-level Event@Avg. F1: 51.6
Audio Event Detection Event-level F1: 42.5
Visual Event Detection Event-level F1: 45.5
Audio-Visual Event Detection Event-level F1: 33.5
Event-level Type@Avg. F1: 40.5
Event-level Event@Avg. F1: 42.0
Train Epoch: 3 [0/10000 (0%)]	Loss: 0.380844
Train Epoch: 3 [800/10000 (8%)]	Loss: 0.411687
Train Epoch: 3 [1600/10000 (16%)]	Loss: 0.422589
Train Epoch: 3 [2400/10000 (24%)]	Loss: 0.394748
Train Epoch: 3 [3200/10000 (32%)]	Loss: 0.376509
Train Epoch: 3 [4000/10000 (40%)]	Loss: 0.405973
Train Epoch: 3 [4800/10000 (48%)]	Loss: 0.492901
Train Epoch: 3 [5600/10000 (56%)]	Loss: 0.382671
Train Epoch: 3 [6400/10000 (64%)]	Loss: 0.342170
Train Epoch: 3 [7200/10000 (72%)]	Loss: 0.375392
Train Epoch: 3 [8000/10000 (80%)]	Loss: 0.376539
Train Epoch: 3 [8800/10000 (88%)]	Loss: 0.384309
Train Epoch: 3 [9600/10000 (96%)]	Loss: 0.344069
Audio Event Detection Segment-level F1: 54.0
Visual Event Detection Segment-level F1: 51.3
Audio-Visual Event Detection Segment-level F1: 40.7
Segment-levelType@Avg. F1: 48.7
Segment-level Event@Avg. F1: 53.0
Audio Event Detection Event-level F1: 43.6
Visual Event Detection Event-level F1: 45.3
Audio-Visual Event Detection Event-level F1: 31.2
Event-level Type@Avg. F1: 40.1
Event-level Event@Avg. F1: 42.6
Train Epoch: 4 [0/10000 (0%)]	Loss: 0.395313
Train Epoch: 4 [800/10000 (8%)]	Loss: 0.401208
Train Epoch: 4 [1600/10000 (16%)]	Loss: 0.430878
Train Epoch: 4 [2400/10000 (24%)]	Loss: 0.348337
Train Epoch: 4 [3200/10000 (32%)]	Loss: 0.337302
Train Epoch: 4 [4000/10000 (40%)]	Loss: 0.386222
Train Epoch: 4 [4800/10000 (48%)]	Loss: 0.320283
Train Epoch: 4 [5600/10000 (56%)]	Loss: 0.392239
Train Epoch: 4 [6400/10000 (64%)]	Loss: 0.408788
Train Epoch: 4 [7200/10000 (72%)]	Loss: 0.361068
Train Epoch: 4 [8000/10000 (80%)]	Loss: 0.404600
Train Epoch: 4 [8800/10000 (88%)]	Loss: 0.367525
Train Epoch: 4 [9600/10000 (96%)]	Loss: 0.407699
Audio Event Detection Segment-level F1: 52.8
Visual Event Detection Segment-level F1: 51.3
Audio-Visual Event Detection Segment-level F1: 41.4
Segment-levelType@Avg. F1: 48.5
Segment-level Event@Avg. F1: 52.0
Audio Event Detection Event-level F1: 43.2
Visual Event Detection Event-level F1: 45.7
Audio-Visual Event Detection Event-level F1: 32.9
Event-level Type@Avg. F1: 40.6
Event-level Event@Avg. F1: 42.5
Train Epoch: 5 [0/10000 (0%)]	Loss: 0.360329
Train Epoch: 5 [800/10000 (8%)]	Loss: 0.407706
Train Epoch: 5 [1600/10000 (16%)]	Loss: 0.431920
Train Epoch: 5 [2400/10000 (24%)]	Loss: 0.389080
Train Epoch: 5 [3200/10000 (32%)]	Loss: 0.373144
Train Epoch: 5 [4000/10000 (40%)]	Loss: 0.430293
Train Epoch: 5 [4800/10000 (48%)]	Loss: 0.397149
Train Epoch: 5 [5600/10000 (56%)]	Loss: 0.340744
Train Epoch: 5 [6400/10000 (64%)]	Loss: 0.413615
Train Epoch: 5 [7200/10000 (72%)]	Loss: 0.381178
Train Epoch: 5 [8000/10000 (80%)]	Loss: 0.345690
Train Epoch: 5 [8800/10000 (88%)]	Loss: 0.393231
Train Epoch: 5 [9600/10000 (96%)]	Loss: 0.405979
Audio Event Detection Segment-level F1: 54.9
Visual Event Detection Segment-level F1: 53.3
Audio-Visual Event Detection Segment-level F1: 44.0
Segment-levelType@Avg. F1: 50.7
Segment-level Event@Avg. F1: 53.8
Audio Event Detection Event-level F1: 44.8
Visual Event Detection Event-level F1: 47.0
Audio-Visual Event Detection Event-level F1: 35.3
Event-level Type@Avg. F1: 42.4
Event-level Event@Avg. F1: 43.7
Train Epoch: 6 [0/10000 (0%)]	Loss: 0.403051
Train Epoch: 6 [800/10000 (8%)]	Loss: 0.374548
Train Epoch: 6 [1600/10000 (16%)]	Loss: 0.346938
Train Epoch: 6 [2400/10000 (24%)]	Loss: 0.367485
Train Epoch: 6 [3200/10000 (32%)]	Loss: 0.415601
Train Epoch: 6 [4000/10000 (40%)]	Loss: 0.372976
Train Epoch: 6 [4800/10000 (48%)]	Loss: 0.369636
Train Epoch: 6 [5600/10000 (56%)]	Loss: 0.362936
Train Epoch: 6 [6400/10000 (64%)]	Loss: 0.318216
Train Epoch: 6 [7200/10000 (72%)]	Loss: 0.373749
Train Epoch: 6 [8000/10000 (80%)]	Loss: 0.362775
Train Epoch: 6 [8800/10000 (88%)]	Loss: 0.404203
Train Epoch: 6 [9600/10000 (96%)]	Loss: 0.374829
Audio Event Detection Segment-level F1: 51.9
Visual Event Detection Segment-level F1: 52.5
Audio-Visual Event Detection Segment-level F1: 41.2
Segment-levelType@Avg. F1: 48.5
Segment-level Event@Avg. F1: 52.1
Audio Event Detection Event-level F1: 40.3
Visual Event Detection Event-level F1: 46.4
Audio-Visual Event Detection Event-level F1: 31.1
Event-level Type@Avg. F1: 39.3
Event-level Event@Avg. F1: 40.6
Train Epoch: 7 [0/10000 (0%)]	Loss: 0.362812
Train Epoch: 7 [800/10000 (8%)]	Loss: 0.325237
Train Epoch: 7 [1600/10000 (16%)]	Loss: 0.412793
Train Epoch: 7 [2400/10000 (24%)]	Loss: 0.351472
Train Epoch: 7 [3200/10000 (32%)]	Loss: 0.310274
Train Epoch: 7 [4000/10000 (40%)]	Loss: 0.361188
Train Epoch: 7 [4800/10000 (48%)]	Loss: 0.367818
Train Epoch: 7 [5600/10000 (56%)]	Loss: 0.421754
Train Epoch: 7 [6400/10000 (64%)]	Loss: 0.416206
Train Epoch: 7 [7200/10000 (72%)]	Loss: 0.335131
Train Epoch: 7 [8000/10000 (80%)]	Loss: 0.381651
Train Epoch: 7 [8800/10000 (88%)]	Loss: 0.382306
Train Epoch: 7 [9600/10000 (96%)]	Loss: 0.432945
Audio Event Detection Segment-level F1: 55.0
Visual Event Detection Segment-level F1: 51.0
Audio-Visual Event Detection Segment-level F1: 43.3
Segment-levelType@Avg. F1: 49.7
Segment-level Event@Avg. F1: 52.8
Audio Event Detection Event-level F1: 44.5
Visual Event Detection Event-level F1: 44.6
Audio-Visual Event Detection Event-level F1: 33.5
Event-level Type@Avg. F1: 40.9
Event-level Event@Avg. F1: 42.4
Train Epoch: 8 [0/10000 (0%)]	Loss: 0.400344
Train Epoch: 8 [800/10000 (8%)]	Loss: 0.361843
Train Epoch: 8 [1600/10000 (16%)]	Loss: 0.335360
Train Epoch: 8 [2400/10000 (24%)]	Loss: 0.388837
Train Epoch: 8 [3200/10000 (32%)]	Loss: 0.379544
Train Epoch: 8 [4000/10000 (40%)]	Loss: 0.314990
Train Epoch: 8 [4800/10000 (48%)]	Loss: 0.369020
Train Epoch: 8 [5600/10000 (56%)]	Loss: 0.375811
Train Epoch: 8 [6400/10000 (64%)]	Loss: 0.376957
Train Epoch: 8 [7200/10000 (72%)]	Loss: 0.378851
Train Epoch: 8 [8000/10000 (80%)]	Loss: 0.318721
Train Epoch: 8 [8800/10000 (88%)]	Loss: 0.371834
Train Epoch: 8 [9600/10000 (96%)]	Loss: 0.444617
Audio Event Detection Segment-level F1: 54.8
Visual Event Detection Segment-level F1: 53.8
Audio-Visual Event Detection Segment-level F1: 43.5
Segment-levelType@Avg. F1: 50.7
Segment-level Event@Avg. F1: 53.8
Audio Event Detection Event-level F1: 43.4
Visual Event Detection Event-level F1: 47.3
Audio-Visual Event Detection Event-level F1: 34.0
Event-level Type@Avg. F1: 41.6
Event-level Event@Avg. F1: 42.6
Train Epoch: 9 [0/10000 (0%)]	Loss: 0.331549
Train Epoch: 9 [800/10000 (8%)]	Loss: 0.329622
Train Epoch: 9 [1600/10000 (16%)]	Loss: 0.307270
Train Epoch: 9 [2400/10000 (24%)]	Loss: 0.374953
Train Epoch: 9 [3200/10000 (32%)]	Loss: 0.286219
Train Epoch: 9 [4000/10000 (40%)]	Loss: 0.342940
Train Epoch: 9 [4800/10000 (48%)]	Loss: 0.362823
Train Epoch: 9 [5600/10000 (56%)]	Loss: 0.316560
Train Epoch: 9 [6400/10000 (64%)]	Loss: 0.342083
Train Epoch: 9 [7200/10000 (72%)]	Loss: 0.320958
Train Epoch: 9 [8000/10000 (80%)]	Loss: 0.336354
Train Epoch: 9 [8800/10000 (88%)]	Loss: 0.350093
Train Epoch: 9 [9600/10000 (96%)]	Loss: 0.349425
Audio Event Detection Segment-level F1: 54.8
Visual Event Detection Segment-level F1: 50.6
Audio-Visual Event Detection Segment-level F1: 42.0
Segment-levelType@Avg. F1: 49.1
Segment-level Event@Avg. F1: 52.4
Audio Event Detection Event-level F1: 44.1
Visual Event Detection Event-level F1: 43.4
Audio-Visual Event Detection Event-level F1: 31.8
Event-level Type@Avg. F1: 39.8
Event-level Event@Avg. F1: 41.6
Train Epoch: 10 [0/10000 (0%)]	Loss: 0.332316
Train Epoch: 10 [800/10000 (8%)]	Loss: 0.346668
Train Epoch: 10 [1600/10000 (16%)]	Loss: 0.349380
Train Epoch: 10 [2400/10000 (24%)]	Loss: 0.351905
Train Epoch: 10 [3200/10000 (32%)]	Loss: 0.323442
Train Epoch: 10 [4000/10000 (40%)]	Loss: 0.332796
Train Epoch: 10 [4800/10000 (48%)]	Loss: 0.428215
Train Epoch: 10 [5600/10000 (56%)]	Loss: 0.401497
Train Epoch: 10 [6400/10000 (64%)]	Loss: 0.386847
Train Epoch: 10 [7200/10000 (72%)]	Loss: 0.314158
Train Epoch: 10 [8000/10000 (80%)]	Loss: 0.369267
Train Epoch: 10 [8800/10000 (88%)]	Loss: 0.330127
Train Epoch: 10 [9600/10000 (96%)]	Loss: 0.299091
Audio Event Detection Segment-level F1: 55.3
Visual Event Detection Segment-level F1: 50.3
Audio-Visual Event Detection Segment-level F1: 41.3
Segment-levelType@Avg. F1: 48.9
Segment-level Event@Avg. F1: 53.4
Audio Event Detection Event-level F1: 44.0
Visual Event Detection Event-level F1: 43.8
Audio-Visual Event Detection Event-level F1: 31.1
Event-level Type@Avg. F1: 39.6
Event-level Event@Avg. F1: 42.6
Train Epoch: 11 [0/10000 (0%)]	Loss: 0.301273
Train Epoch: 11 [800/10000 (8%)]	Loss: 0.361477
Train Epoch: 11 [1600/10000 (16%)]	Loss: 0.321497
Train Epoch: 11 [2400/10000 (24%)]	Loss: 0.319163
Train Epoch: 11 [3200/10000 (32%)]	Loss: 0.353120
Train Epoch: 11 [4000/10000 (40%)]	Loss: 0.278517
Train Epoch: 11 [4800/10000 (48%)]	Loss: 0.302694
Train Epoch: 11 [5600/10000 (56%)]	Loss: 0.321334
Train Epoch: 11 [6400/10000 (64%)]	Loss: 0.286333
Train Epoch: 11 [7200/10000 (72%)]	Loss: 0.310073
Train Epoch: 11 [8000/10000 (80%)]	Loss: 0.342042
Train Epoch: 11 [8800/10000 (88%)]	Loss: 0.344471
Train Epoch: 11 [9600/10000 (96%)]	Loss: 0.366304
Audio Event Detection Segment-level F1: 54.2
Visual Event Detection Segment-level F1: 53.5
Audio-Visual Event Detection Segment-level F1: 44.3
Segment-levelType@Avg. F1: 50.6
Segment-level Event@Avg. F1: 53.5
Audio Event Detection Event-level F1: 42.4
Visual Event Detection Event-level F1: 47.4
Audio-Visual Event Detection Event-level F1: 33.8
Event-level Type@Avg. F1: 41.2
Event-level Event@Avg. F1: 42.1
Train Epoch: 12 [0/10000 (0%)]	Loss: 0.324584
Train Epoch: 12 [800/10000 (8%)]	Loss: 0.287626
Train Epoch: 12 [1600/10000 (16%)]	Loss: 0.321173
Train Epoch: 12 [2400/10000 (24%)]	Loss: 0.320418
Train Epoch: 12 [3200/10000 (32%)]	Loss: 0.295577
Train Epoch: 12 [4000/10000 (40%)]	Loss: 0.366012
Train Epoch: 12 [4800/10000 (48%)]	Loss: 0.305426
Train Epoch: 12 [5600/10000 (56%)]	Loss: 0.287258
Train Epoch: 12 [6400/10000 (64%)]	Loss: 0.323376
Train Epoch: 12 [7200/10000 (72%)]	Loss: 0.297022
Train Epoch: 12 [8000/10000 (80%)]	Loss: 0.324392
Train Epoch: 12 [8800/10000 (88%)]	Loss: 0.321861
Train Epoch: 12 [9600/10000 (96%)]	Loss: 0.356643
Audio Event Detection Segment-level F1: 54.4
Visual Event Detection Segment-level F1: 53.7
Audio-Visual Event Detection Segment-level F1: 44.1
Segment-levelType@Avg. F1: 50.7
Segment-level Event@Avg. F1: 53.6
Audio Event Detection Event-level F1: 42.5
Visual Event Detection Event-level F1: 47.7
Audio-Visual Event Detection Event-level F1: 33.6
Event-level Type@Avg. F1: 41.3
Event-level Event@Avg. F1: 42.3
Train Epoch: 13 [0/10000 (0%)]	Loss: 0.287264
Train Epoch: 13 [800/10000 (8%)]	Loss: 0.385368
Train Epoch: 13 [1600/10000 (16%)]	Loss: 0.318511
Train Epoch: 13 [2400/10000 (24%)]	Loss: 0.319106
Train Epoch: 13 [3200/10000 (32%)]	Loss: 0.328211
Train Epoch: 13 [4000/10000 (40%)]	Loss: 0.324789
Train Epoch: 13 [4800/10000 (48%)]	Loss: 0.298930
Train Epoch: 13 [5600/10000 (56%)]	Loss: 0.330715
Train Epoch: 13 [6400/10000 (64%)]	Loss: 0.299858
Train Epoch: 13 [7200/10000 (72%)]	Loss: 0.336605
Train Epoch: 13 [8000/10000 (80%)]	Loss: 0.360643
Train Epoch: 13 [8800/10000 (88%)]	Loss: 0.321686
Train Epoch: 13 [9600/10000 (96%)]	Loss: 0.357052
Audio Event Detection Segment-level F1: 54.9
Visual Event Detection Segment-level F1: 54.0
Audio-Visual Event Detection Segment-level F1: 44.5
Segment-levelType@Avg. F1: 51.1
Segment-level Event@Avg. F1: 54.0
Audio Event Detection Event-level F1: 42.9
Visual Event Detection Event-level F1: 47.4
Audio-Visual Event Detection Event-level F1: 33.8
Event-level Type@Avg. F1: 41.3
Event-level Event@Avg. F1: 42.4
Train Epoch: 14 [0/10000 (0%)]	Loss: 0.277711
Train Epoch: 14 [800/10000 (8%)]	Loss: 0.294210
Train Epoch: 14 [1600/10000 (16%)]	Loss: 0.297068
Train Epoch: 14 [2400/10000 (24%)]	Loss: 0.298544
Train Epoch: 14 [3200/10000 (32%)]	Loss: 0.315514
Train Epoch: 14 [4000/10000 (40%)]	Loss: 0.326076
Train Epoch: 14 [4800/10000 (48%)]	Loss: 0.318050
Train Epoch: 14 [5600/10000 (56%)]	Loss: 0.301699
Train Epoch: 14 [6400/10000 (64%)]	Loss: 0.321155
Train Epoch: 14 [7200/10000 (72%)]	Loss: 0.305002
Train Epoch: 14 [8000/10000 (80%)]	Loss: 0.307975
Train Epoch: 14 [8800/10000 (88%)]	Loss: 0.288801
Train Epoch: 14 [9600/10000 (96%)]	Loss: 0.322814
Audio Event Detection Segment-level F1: 54.0
Visual Event Detection Segment-level F1: 53.3
Audio-Visual Event Detection Segment-level F1: 43.8
Segment-levelType@Avg. F1: 50.4
Segment-level Event@Avg. F1: 53.1
Audio Event Detection Event-level F1: 42.0
Visual Event Detection Event-level F1: 46.4
Audio-Visual Event Detection Event-level F1: 32.0
Event-level Type@Avg. F1: 40.1
Event-level Event@Avg. F1: 41.1
Train Epoch: 15 [0/10000 (0%)]	Loss: 0.319047
Train Epoch: 15 [800/10000 (8%)]	Loss: 0.333846
Train Epoch: 15 [1600/10000 (16%)]	Loss: 0.296669
Train Epoch: 15 [2400/10000 (24%)]	Loss: 0.332851
Train Epoch: 15 [3200/10000 (32%)]	Loss: 0.299240
Train Epoch: 15 [4000/10000 (40%)]	Loss: 0.265093
Train Epoch: 15 [4800/10000 (48%)]	Loss: 0.306502
Train Epoch: 15 [5600/10000 (56%)]	Loss: 0.332340
Train Epoch: 15 [6400/10000 (64%)]	Loss: 0.334748
Train Epoch: 15 [7200/10000 (72%)]	Loss: 0.338273
Train Epoch: 15 [8000/10000 (80%)]	Loss: 0.362177
Train Epoch: 15 [8800/10000 (88%)]	Loss: 0.303419
Train Epoch: 15 [9600/10000 (96%)]	Loss: 0.277266
Audio Event Detection Segment-level F1: 53.9
Visual Event Detection Segment-level F1: 54.2
Audio-Visual Event Detection Segment-level F1: 44.3
Segment-levelType@Avg. F1: 50.8
Segment-level Event@Avg. F1: 53.4
Audio Event Detection Event-level F1: 41.9
Visual Event Detection Event-level F1: 47.5
Audio-Visual Event Detection Event-level F1: 33.3
Event-level Type@Avg. F1: 40.9
Event-level Event@Avg. F1: 41.8
Train Epoch: 16 [0/10000 (0%)]	Loss: 0.292198
Train Epoch: 16 [800/10000 (8%)]	Loss: 0.325082
Train Epoch: 16 [1600/10000 (16%)]	Loss: 0.317232
Train Epoch: 16 [2400/10000 (24%)]	Loss: 0.312462
Train Epoch: 16 [3200/10000 (32%)]	Loss: 0.286366
Train Epoch: 16 [4000/10000 (40%)]	Loss: 0.295427
Train Epoch: 16 [4800/10000 (48%)]	Loss: 0.340122
Train Epoch: 16 [5600/10000 (56%)]	Loss: 0.285546
Train Epoch: 16 [6400/10000 (64%)]	Loss: 0.346242
Train Epoch: 16 [7200/10000 (72%)]	Loss: 0.310033
Train Epoch: 16 [8000/10000 (80%)]	Loss: 0.280929
Train Epoch: 16 [8800/10000 (88%)]	Loss: 0.282937
Train Epoch: 16 [9600/10000 (96%)]	Loss: 0.342331
Audio Event Detection Segment-level F1: 54.7
Visual Event Detection Segment-level F1: 53.3
Audio-Visual Event Detection Segment-level F1: 44.4
Segment-levelType@Avg. F1: 50.8
Segment-level Event@Avg. F1: 53.4
Audio Event Detection Event-level F1: 42.8
Visual Event Detection Event-level F1: 46.6
Audio-Visual Event Detection Event-level F1: 33.9
Event-level Type@Avg. F1: 41.1
Event-level Event@Avg. F1: 41.7
Train Epoch: 17 [0/10000 (0%)]	Loss: 0.294768
Train Epoch: 17 [800/10000 (8%)]	Loss: 0.306725
Train Epoch: 17 [1600/10000 (16%)]	Loss: 0.320513
Train Epoch: 17 [2400/10000 (24%)]	Loss: 0.319446
Train Epoch: 17 [3200/10000 (32%)]	Loss: 0.324436
Train Epoch: 17 [4000/10000 (40%)]	Loss: 0.308762
Train Epoch: 17 [4800/10000 (48%)]	Loss: 0.261579
Train Epoch: 17 [5600/10000 (56%)]	Loss: 0.315234
Train Epoch: 17 [6400/10000 (64%)]	Loss: 0.298318
Train Epoch: 17 [7200/10000 (72%)]	Loss: 0.300406
Train Epoch: 17 [8000/10000 (80%)]	Loss: 0.293082
Train Epoch: 17 [8800/10000 (88%)]	Loss: 0.295776
Train Epoch: 17 [9600/10000 (96%)]	Loss: 0.351691
Audio Event Detection Segment-level F1: 53.8
Visual Event Detection Segment-level F1: 53.4
Audio-Visual Event Detection Segment-level F1: 43.6
Segment-levelType@Avg. F1: 50.3
Segment-level Event@Avg. F1: 53.1
Audio Event Detection Event-level F1: 41.2
Visual Event Detection Event-level F1: 46.8
Audio-Visual Event Detection Event-level F1: 32.6
Event-level Type@Avg. F1: 40.2
Event-level Event@Avg. F1: 40.8
Train Epoch: 18 [0/10000 (0%)]	Loss: 0.293890
Train Epoch: 18 [800/10000 (8%)]	Loss: 0.309195
Train Epoch: 18 [1600/10000 (16%)]	Loss: 0.322515
Train Epoch: 18 [2400/10000 (24%)]	Loss: 0.301221
Train Epoch: 18 [3200/10000 (32%)]	Loss: 0.352045
Train Epoch: 18 [4000/10000 (40%)]	Loss: 0.292853
Train Epoch: 18 [4800/10000 (48%)]	Loss: 0.282432
Train Epoch: 18 [5600/10000 (56%)]	Loss: 0.307636
Train Epoch: 18 [6400/10000 (64%)]	Loss: 0.381805
Train Epoch: 18 [7200/10000 (72%)]	Loss: 0.337434
Train Epoch: 18 [8000/10000 (80%)]	Loss: 0.282497
Train Epoch: 18 [8800/10000 (88%)]	Loss: 0.313993
Train Epoch: 18 [9600/10000 (96%)]	Loss: 0.311653
Audio Event Detection Segment-level F1: 54.0
Visual Event Detection Segment-level F1: 53.8
Audio-Visual Event Detection Segment-level F1: 44.3
Segment-levelType@Avg. F1: 50.7
Segment-level Event@Avg. F1: 53.2
Audio Event Detection Event-level F1: 41.4
Visual Event Detection Event-level F1: 46.7
Audio-Visual Event Detection Event-level F1: 33.0
Event-level Type@Avg. F1: 40.4
Event-level Event@Avg. F1: 40.9
Train Epoch: 19 [0/10000 (0%)]	Loss: 0.310108
Train Epoch: 19 [800/10000 (8%)]	Loss: 0.282253
Train Epoch: 19 [1600/10000 (16%)]	Loss: 0.287639
Train Epoch: 19 [2400/10000 (24%)]	Loss: 0.368850
Train Epoch: 19 [3200/10000 (32%)]	Loss: 0.287834
Train Epoch: 19 [4000/10000 (40%)]	Loss: 0.328264
Train Epoch: 19 [4800/10000 (48%)]	Loss: 0.310057
Train Epoch: 19 [5600/10000 (56%)]	Loss: 0.302911
Train Epoch: 19 [6400/10000 (64%)]	Loss: 0.315185
Train Epoch: 19 [7200/10000 (72%)]	Loss: 0.254871
Train Epoch: 19 [8000/10000 (80%)]	Loss: 0.261963
Train Epoch: 19 [8800/10000 (88%)]	Loss: 0.304292
Train Epoch: 19 [9600/10000 (96%)]	Loss: 0.336212
Audio Event Detection Segment-level F1: 55.3
Visual Event Detection Segment-level F1: 52.0
Audio-Visual Event Detection Segment-level F1: 43.5
Segment-levelType@Avg. F1: 50.2
Segment-level Event@Avg. F1: 53.7
Audio Event Detection Event-level F1: 42.9
Visual Event Detection Event-level F1: 45.1
Audio-Visual Event Detection Event-level F1: 32.8
Event-level Type@Avg. F1: 40.3
Event-level Event@Avg. F1: 41.8
Train Epoch: 20 [0/10000 (0%)]	Loss: 0.307626
Train Epoch: 20 [800/10000 (8%)]	Loss: 0.290466
Train Epoch: 20 [1600/10000 (16%)]	Loss: 0.282521
Train Epoch: 20 [2400/10000 (24%)]	Loss: 0.300267
Train Epoch: 20 [3200/10000 (32%)]	Loss: 0.372562
Train Epoch: 20 [4000/10000 (40%)]	Loss: 0.359363
Train Epoch: 20 [4800/10000 (48%)]	Loss: 0.322207
Train Epoch: 20 [5600/10000 (56%)]	Loss: 0.286719
Train Epoch: 20 [6400/10000 (64%)]	Loss: 0.303941
Train Epoch: 20 [7200/10000 (72%)]	Loss: 0.283801
Train Epoch: 20 [8000/10000 (80%)]	Loss: 0.304713
Train Epoch: 20 [8800/10000 (88%)]	Loss: 0.286376
Train Epoch: 20 [9600/10000 (96%)]	Loss: 0.298626
Audio Event Detection Segment-level F1: 54.7
Visual Event Detection Segment-level F1: 53.4
Audio-Visual Event Detection Segment-level F1: 44.6
Segment-levelType@Avg. F1: 50.9
Segment-level Event@Avg. F1: 53.8
Audio Event Detection Event-level F1: 42.3
Visual Event Detection Event-level F1: 46.4
Audio-Visual Event Detection Event-level F1: 32.7
Event-level Type@Avg. F1: 40.5
Event-level Event@Avg. F1: 41.5
Train Epoch: 21 [0/10000 (0%)]	Loss: 0.296603
Train Epoch: 21 [800/10000 (8%)]	Loss: 0.303861
Train Epoch: 21 [1600/10000 (16%)]	Loss: 0.299699
Train Epoch: 21 [2400/10000 (24%)]	Loss: 0.282228
Train Epoch: 21 [3200/10000 (32%)]	Loss: 0.317437
Train Epoch: 21 [4000/10000 (40%)]	Loss: 0.362492
Train Epoch: 21 [4800/10000 (48%)]	Loss: 0.306162
Train Epoch: 21 [5600/10000 (56%)]	Loss: 0.282166
Train Epoch: 21 [6400/10000 (64%)]	Loss: 0.259991
Train Epoch: 21 [7200/10000 (72%)]	Loss: 0.320352
Train Epoch: 21 [8000/10000 (80%)]	Loss: 0.290547
Train Epoch: 21 [8800/10000 (88%)]	Loss: 0.300151
Train Epoch: 21 [9600/10000 (96%)]	Loss: 0.311520
Audio Event Detection Segment-level F1: 54.6
Visual Event Detection Segment-level F1: 53.4
Audio-Visual Event Detection Segment-level F1: 44.3
Segment-levelType@Avg. F1: 50.8
Segment-level Event@Avg. F1: 53.4
Audio Event Detection Event-level F1: 42.1
Visual Event Detection Event-level F1: 46.0
Audio-Visual Event Detection Event-level F1: 32.8
Event-level Type@Avg. F1: 40.3
Event-level Event@Avg. F1: 41.1
Train Epoch: 22 [0/10000 (0%)]	Loss: 0.287074
Train Epoch: 22 [800/10000 (8%)]	Loss: 0.314748
Train Epoch: 22 [1600/10000 (16%)]	Loss: 0.272599
Train Epoch: 22 [2400/10000 (24%)]	Loss: 0.259778
Train Epoch: 22 [3200/10000 (32%)]	Loss: 0.269344
Train Epoch: 22 [4000/10000 (40%)]	Loss: 0.293701
Train Epoch: 22 [4800/10000 (48%)]	Loss: 0.323799
Train Epoch: 22 [5600/10000 (56%)]	Loss: 0.272000
Train Epoch: 22 [6400/10000 (64%)]	Loss: 0.265745
Train Epoch: 22 [7200/10000 (72%)]	Loss: 0.268413
Train Epoch: 22 [8000/10000 (80%)]	Loss: 0.305526
Train Epoch: 22 [8800/10000 (88%)]	Loss: 0.271125
Train Epoch: 22 [9600/10000 (96%)]	Loss: 0.295496
Audio Event Detection Segment-level F1: 54.5
Visual Event Detection Segment-level F1: 53.0
Audio-Visual Event Detection Segment-level F1: 44.2
Segment-levelType@Avg. F1: 50.5
Segment-level Event@Avg. F1: 53.5
Audio Event Detection Event-level F1: 41.8
Visual Event Detection Event-level F1: 45.6
Audio-Visual Event Detection Event-level F1: 32.6
Event-level Type@Avg. F1: 40.0
Event-level Event@Avg. F1: 40.9
Train Epoch: 23 [0/10000 (0%)]	Loss: 0.287875
Train Epoch: 23 [800/10000 (8%)]	Loss: 0.304054
Train Epoch: 23 [1600/10000 (16%)]	Loss: 0.293705
Train Epoch: 23 [2400/10000 (24%)]	Loss: 0.306548
Train Epoch: 23 [3200/10000 (32%)]	Loss: 0.294463
Train Epoch: 23 [4000/10000 (40%)]	Loss: 0.276684
Train Epoch: 23 [4800/10000 (48%)]	Loss: 0.293746
Train Epoch: 23 [5600/10000 (56%)]	Loss: 0.337048
Train Epoch: 23 [6400/10000 (64%)]	Loss: 0.285533
Train Epoch: 23 [7200/10000 (72%)]	Loss: 0.339838
Train Epoch: 23 [8000/10000 (80%)]	Loss: 0.372593
Train Epoch: 23 [8800/10000 (88%)]	Loss: 0.280725
Train Epoch: 23 [9600/10000 (96%)]	Loss: 0.315206
Audio Event Detection Segment-level F1: 54.5
Visual Event Detection Segment-level F1: 53.0
Audio-Visual Event Detection Segment-level F1: 44.0
Segment-levelType@Avg. F1: 50.5
Segment-level Event@Avg. F1: 53.4
Audio Event Detection Event-level F1: 41.7
Visual Event Detection Event-level F1: 45.7
Audio-Visual Event Detection Event-level F1: 32.5
Event-level Type@Avg. F1: 40.0
Event-level Event@Avg. F1: 40.8
Train Epoch: 24 [0/10000 (0%)]	Loss: 0.274375
Train Epoch: 24 [800/10000 (8%)]	Loss: 0.312851
Train Epoch: 24 [1600/10000 (16%)]	Loss: 0.279915
Train Epoch: 24 [2400/10000 (24%)]	Loss: 0.287109
Train Epoch: 24 [3200/10000 (32%)]	Loss: 0.385294
Train Epoch: 24 [4000/10000 (40%)]	Loss: 0.302838
Train Epoch: 24 [4800/10000 (48%)]	Loss: 0.315761
Train Epoch: 24 [5600/10000 (56%)]	Loss: 0.287268
Train Epoch: 24 [6400/10000 (64%)]	Loss: 0.330843
Train Epoch: 24 [7200/10000 (72%)]	Loss: 0.282880
Train Epoch: 24 [8000/10000 (80%)]	Loss: 0.306527
Train Epoch: 24 [8800/10000 (88%)]	Loss: 0.290939
Train Epoch: 24 [9600/10000 (96%)]	Loss: 0.290089
Audio Event Detection Segment-level F1: 54.3
Visual Event Detection Segment-level F1: 53.0
Audio-Visual Event Detection Segment-level F1: 43.9
Segment-levelType@Avg. F1: 50.4
Segment-level Event@Avg. F1: 53.3
Audio Event Detection Event-level F1: 41.9
Visual Event Detection Event-level F1: 45.4
Audio-Visual Event Detection Event-level F1: 32.4
Event-level Type@Avg. F1: 39.9
Event-level Event@Avg. F1: 40.8
Train Epoch: 25 [0/10000 (0%)]	Loss: 0.295945
Train Epoch: 25 [800/10000 (8%)]	Loss: 0.273604
Train Epoch: 25 [1600/10000 (16%)]	Loss: 0.324175
Train Epoch: 25 [2400/10000 (24%)]	Loss: 0.287287
Train Epoch: 25 [3200/10000 (32%)]	Loss: 0.313227
Train Epoch: 25 [4000/10000 (40%)]	Loss: 0.354527
Train Epoch: 25 [4800/10000 (48%)]	Loss: 0.272295
Train Epoch: 25 [5600/10000 (56%)]	Loss: 0.280161
Train Epoch: 25 [6400/10000 (64%)]	Loss: 0.336685
Train Epoch: 25 [7200/10000 (72%)]	Loss: 0.330758
Train Epoch: 25 [8000/10000 (80%)]	Loss: 0.325854
Train Epoch: 25 [8800/10000 (88%)]	Loss: 0.301412
Train Epoch: 25 [9600/10000 (96%)]	Loss: 0.302182
Audio Event Detection Segment-level F1: 54.5
Visual Event Detection Segment-level F1: 52.9
Audio-Visual Event Detection Segment-level F1: 44.0
Segment-levelType@Avg. F1: 50.5
Segment-level Event@Avg. F1: 53.4
Audio Event Detection Event-level F1: 41.9
Visual Event Detection Event-level F1: 45.4
Audio-Visual Event Detection Event-level F1: 32.5
Event-level Type@Avg. F1: 39.9
Event-level Event@Avg. F1: 40.8
Train Epoch: 26 [0/10000 (0%)]	Loss: 0.309305
Train Epoch: 26 [800/10000 (8%)]	Loss: 0.302894
Train Epoch: 26 [1600/10000 (16%)]	Loss: 0.322808
Train Epoch: 26 [2400/10000 (24%)]	Loss: 0.291332
Train Epoch: 26 [3200/10000 (32%)]	Loss: 0.328117
Train Epoch: 26 [4000/10000 (40%)]	Loss: 0.275002
Train Epoch: 26 [4800/10000 (48%)]	Loss: 0.274032
Train Epoch: 26 [5600/10000 (56%)]	Loss: 0.323182
Train Epoch: 26 [6400/10000 (64%)]	Loss: 0.253679
Train Epoch: 26 [7200/10000 (72%)]	Loss: 0.308284
Train Epoch: 26 [8000/10000 (80%)]	Loss: 0.269049
Train Epoch: 26 [8800/10000 (88%)]	Loss: 0.307219
Train Epoch: 26 [9600/10000 (96%)]	Loss: 0.267052
Audio Event Detection Segment-level F1: 54.4
Visual Event Detection Segment-level F1: 52.7
Audio-Visual Event Detection Segment-level F1: 43.6
Segment-levelType@Avg. F1: 50.2
Segment-level Event@Avg. F1: 53.3
Audio Event Detection Event-level F1: 41.9
Visual Event Detection Event-level F1: 45.2
Audio-Visual Event Detection Event-level F1: 32.3
Event-level Type@Avg. F1: 39.8
Event-level Event@Avg. F1: 40.9
Train Epoch: 27 [0/10000 (0%)]	Loss: 0.286504
Train Epoch: 27 [800/10000 (8%)]	Loss: 0.309472
Train Epoch: 27 [1600/10000 (16%)]	Loss: 0.349685
Train Epoch: 27 [2400/10000 (24%)]	Loss: 0.303933
Train Epoch: 27 [3200/10000 (32%)]	Loss: 0.324477
Train Epoch: 27 [4000/10000 (40%)]	Loss: 0.301213
Train Epoch: 27 [4800/10000 (48%)]	Loss: 0.299423
Train Epoch: 27 [5600/10000 (56%)]	Loss: 0.295255
Train Epoch: 27 [6400/10000 (64%)]	Loss: 0.281778
Train Epoch: 27 [7200/10000 (72%)]	Loss: 0.291677
Train Epoch: 27 [8000/10000 (80%)]	Loss: 0.304638
Train Epoch: 27 [8800/10000 (88%)]	Loss: 0.325711
Train Epoch: 27 [9600/10000 (96%)]	Loss: 0.282776
Audio Event Detection Segment-level F1: 54.6
Visual Event Detection Segment-level F1: 52.7
Audio-Visual Event Detection Segment-level F1: 43.7
Segment-levelType@Avg. F1: 50.4
Segment-level Event@Avg. F1: 53.4
Audio Event Detection Event-level F1: 42.0
Visual Event Detection Event-level F1: 45.2
Audio-Visual Event Detection Event-level F1: 32.1
Event-level Type@Avg. F1: 39.8
Event-level Event@Avg. F1: 40.9
Train Epoch: 28 [0/10000 (0%)]	Loss: 0.312060
Train Epoch: 28 [800/10000 (8%)]	Loss: 0.299193
Train Epoch: 28 [1600/10000 (16%)]	Loss: 0.311744
Train Epoch: 28 [2400/10000 (24%)]	Loss: 0.295585
Train Epoch: 28 [3200/10000 (32%)]	Loss: 0.303010
Train Epoch: 28 [4000/10000 (40%)]	Loss: 0.311058
Train Epoch: 28 [4800/10000 (48%)]	Loss: 0.320225
Train Epoch: 28 [5600/10000 (56%)]	Loss: 0.291283
Train Epoch: 28 [6400/10000 (64%)]	Loss: 0.305817
Train Epoch: 28 [7200/10000 (72%)]	Loss: 0.297878
Train Epoch: 28 [8000/10000 (80%)]	Loss: 0.322333
Train Epoch: 28 [8800/10000 (88%)]	Loss: 0.316925
Train Epoch: 28 [9600/10000 (96%)]	Loss: 0.323058
Audio Event Detection Segment-level F1: 54.4
Visual Event Detection Segment-level F1: 52.7
Audio-Visual Event Detection Segment-level F1: 43.7
Segment-levelType@Avg. F1: 50.3
Segment-level Event@Avg. F1: 53.3
Audio Event Detection Event-level F1: 41.8
Visual Event Detection Event-level F1: 45.2
Audio-Visual Event Detection Event-level F1: 32.0
Event-level Type@Avg. F1: 39.7
Event-level Event@Avg. F1: 40.7
Train Epoch: 29 [0/10000 (0%)]	Loss: 0.284373
Train Epoch: 29 [800/10000 (8%)]	Loss: 0.318434
Train Epoch: 29 [1600/10000 (16%)]	Loss: 0.304492
Train Epoch: 29 [2400/10000 (24%)]	Loss: 0.320181
Train Epoch: 29 [3200/10000 (32%)]	Loss: 0.295002
Train Epoch: 29 [4000/10000 (40%)]	Loss: 0.307295
Train Epoch: 29 [4800/10000 (48%)]	Loss: 0.299031
Train Epoch: 29 [5600/10000 (56%)]	Loss: 0.324706
Train Epoch: 29 [6400/10000 (64%)]	Loss: 0.293879
Train Epoch: 29 [7200/10000 (72%)]	Loss: 0.316213
Train Epoch: 29 [8000/10000 (80%)]	Loss: 0.361324
Train Epoch: 29 [8800/10000 (88%)]	Loss: 0.310312
Train Epoch: 29 [9600/10000 (96%)]	Loss: 0.277821
Audio Event Detection Segment-level F1: 54.5
Visual Event Detection Segment-level F1: 52.8
Audio-Visual Event Detection Segment-level F1: 43.6
Segment-levelType@Avg. F1: 50.3
Segment-level Event@Avg. F1: 53.3
Audio Event Detection Event-level F1: 42.0
Visual Event Detection Event-level F1: 45.7
Audio-Visual Event Detection Event-level F1: 32.3
Event-level Type@Avg. F1: 40.0
Event-level Event@Avg. F1: 41.0
Train Epoch: 30 [0/10000 (0%)]	Loss: 0.314873
Train Epoch: 30 [800/10000 (8%)]	Loss: 0.292487
Train Epoch: 30 [1600/10000 (16%)]	Loss: 0.300691
Train Epoch: 30 [2400/10000 (24%)]	Loss: 0.268070
Train Epoch: 30 [3200/10000 (32%)]	Loss: 0.292014
Train Epoch: 30 [4000/10000 (40%)]	Loss: 0.285791
Train Epoch: 30 [4800/10000 (48%)]	Loss: 0.275966
Train Epoch: 30 [5600/10000 (56%)]	Loss: 0.318696
Train Epoch: 30 [6400/10000 (64%)]	Loss: 0.279664
Train Epoch: 30 [7200/10000 (72%)]	Loss: 0.298040
Train Epoch: 30 [8000/10000 (80%)]	Loss: 0.334292
Train Epoch: 30 [8800/10000 (88%)]	Loss: 0.268918
Train Epoch: 30 [9600/10000 (96%)]	Loss: 0.361201
Audio Event Detection Segment-level F1: 54.5
Visual Event Detection Segment-level F1: 53.0
Audio-Visual Event Detection Segment-level F1: 44.0
Segment-levelType@Avg. F1: 50.5
Segment-level Event@Avg. F1: 53.3
Audio Event Detection Event-level F1: 42.0
Visual Event Detection Event-level F1: 45.8
Audio-Visual Event Detection Event-level F1: 32.5
Event-level Type@Avg. F1: 40.1
Event-level Event@Avg. F1: 41.1
Train Epoch: 31 [0/10000 (0%)]	Loss: 0.271599
Train Epoch: 31 [800/10000 (8%)]	Loss: 0.313468
Train Epoch: 31 [1600/10000 (16%)]	Loss: 0.298694
Train Epoch: 31 [2400/10000 (24%)]	Loss: 0.315792
Train Epoch: 31 [3200/10000 (32%)]	Loss: 0.274410
Train Epoch: 31 [4000/10000 (40%)]	Loss: 0.277248
Train Epoch: 31 [4800/10000 (48%)]	Loss: 0.269242
Train Epoch: 31 [5600/10000 (56%)]	Loss: 0.311276
Train Epoch: 31 [6400/10000 (64%)]	Loss: 0.299676
Train Epoch: 31 [7200/10000 (72%)]	Loss: 0.299331
Train Epoch: 31 [8000/10000 (80%)]	Loss: 0.300821
Train Epoch: 31 [8800/10000 (88%)]	Loss: 0.258690
Train Epoch: 31 [9600/10000 (96%)]	Loss: 0.289164
Audio Event Detection Segment-level F1: 54.5
Visual Event Detection Segment-level F1: 52.9
Audio-Visual Event Detection Segment-level F1: 44.1
Segment-levelType@Avg. F1: 50.5
Segment-level Event@Avg. F1: 53.4
Audio Event Detection Event-level F1: 42.0
Visual Event Detection Event-level F1: 45.7
Audio-Visual Event Detection Event-level F1: 32.6
Event-level Type@Avg. F1: 40.1
Event-level Event@Avg. F1: 41.0
Train Epoch: 32 [0/10000 (0%)]	Loss: 0.263413
Train Epoch: 32 [800/10000 (8%)]	Loss: 0.295817
Train Epoch: 32 [1600/10000 (16%)]	Loss: 0.273964
Train Epoch: 32 [2400/10000 (24%)]	Loss: 0.313652
Train Epoch: 32 [3200/10000 (32%)]	Loss: 0.285469
Train Epoch: 32 [4000/10000 (40%)]	Loss: 0.385266
Train Epoch: 32 [4800/10000 (48%)]	Loss: 0.281556
Train Epoch: 32 [5600/10000 (56%)]	Loss: 0.299271
Train Epoch: 32 [6400/10000 (64%)]	Loss: 0.266782
Train Epoch: 32 [7200/10000 (72%)]	Loss: 0.290318
Train Epoch: 32 [8000/10000 (80%)]	Loss: 0.287345
Train Epoch: 32 [8800/10000 (88%)]	Loss: 0.304224
Train Epoch: 32 [9600/10000 (96%)]	Loss: 0.296923
Audio Event Detection Segment-level F1: 54.5
Visual Event Detection Segment-level F1: 53.0
Audio-Visual Event Detection Segment-level F1: 44.1
Segment-levelType@Avg. F1: 50.5
Segment-level Event@Avg. F1: 53.4
Audio Event Detection Event-level F1: 42.0
Visual Event Detection Event-level F1: 45.7
Audio-Visual Event Detection Event-level F1: 32.6
Event-level Type@Avg. F1: 40.1
Event-level Event@Avg. F1: 41.0
Train Epoch: 33 [0/10000 (0%)]	Loss: 0.293190
Train Epoch: 33 [800/10000 (8%)]	Loss: 0.342509
Train Epoch: 33 [1600/10000 (16%)]	Loss: 0.297382
Train Epoch: 33 [2400/10000 (24%)]	Loss: 0.285562
Train Epoch: 33 [3200/10000 (32%)]	Loss: 0.289431
Train Epoch: 33 [4000/10000 (40%)]	Loss: 0.285330
Train Epoch: 33 [4800/10000 (48%)]	Loss: 0.304088
Train Epoch: 33 [5600/10000 (56%)]	Loss: 0.307633
Train Epoch: 33 [6400/10000 (64%)]	Loss: 0.298040
Train Epoch: 33 [7200/10000 (72%)]	Loss: 0.315325
Train Epoch: 33 [8000/10000 (80%)]	Loss: 0.319920
Train Epoch: 33 [8800/10000 (88%)]	Loss: 0.257766
Train Epoch: 33 [9600/10000 (96%)]	Loss: 0.265199
Audio Event Detection Segment-level F1: 54.5
Visual Event Detection Segment-level F1: 52.9
Audio-Visual Event Detection Segment-level F1: 44.0
Segment-levelType@Avg. F1: 50.5
Segment-level Event@Avg. F1: 53.3
Audio Event Detection Event-level F1: 42.0
Visual Event Detection Event-level F1: 45.7
Audio-Visual Event Detection Event-level F1: 32.6
Event-level Type@Avg. F1: 40.1
Event-level Event@Avg. F1: 41.0
Train Epoch: 34 [0/10000 (0%)]	Loss: 0.304219
Train Epoch: 34 [800/10000 (8%)]	Loss: 0.284720
Train Epoch: 34 [1600/10000 (16%)]	Loss: 0.279349
Train Epoch: 34 [2400/10000 (24%)]	Loss: 0.311899
Train Epoch: 34 [3200/10000 (32%)]	Loss: 0.280461
Train Epoch: 34 [4000/10000 (40%)]	Loss: 0.317907
Train Epoch: 34 [4800/10000 (48%)]	Loss: 0.315355
Train Epoch: 34 [5600/10000 (56%)]	Loss: 0.285564
Train Epoch: 34 [6400/10000 (64%)]	Loss: 0.287054
Train Epoch: 34 [7200/10000 (72%)]	Loss: 0.274745
Train Epoch: 34 [8000/10000 (80%)]	Loss: 0.304595
Train Epoch: 34 [8800/10000 (88%)]	Loss: 0.295309
Train Epoch: 34 [9600/10000 (96%)]	Loss: 0.318533
Audio Event Detection Segment-level F1: 54.5
Visual Event Detection Segment-level F1: 53.0
Audio-Visual Event Detection Segment-level F1: 44.0
Segment-levelType@Avg. F1: 50.5
Segment-level Event@Avg. F1: 53.3
Audio Event Detection Event-level F1: 42.0
Visual Event Detection Event-level F1: 45.7
Audio-Visual Event Detection Event-level F1: 32.6
Event-level Type@Avg. F1: 40.1
Event-level Event@Avg. F1: 41.0
Train Epoch: 35 [0/10000 (0%)]	Loss: 0.272986
Train Epoch: 35 [800/10000 (8%)]	Loss: 0.278295
Train Epoch: 35 [1600/10000 (16%)]	Loss: 0.267907
Train Epoch: 35 [2400/10000 (24%)]	Loss: 0.378937
Train Epoch: 35 [3200/10000 (32%)]	Loss: 0.314384
Train Epoch: 35 [4000/10000 (40%)]	Loss: 0.283897
Train Epoch: 35 [4800/10000 (48%)]	Loss: 0.346663
Train Epoch: 35 [5600/10000 (56%)]	Loss: 0.313305
Train Epoch: 35 [6400/10000 (64%)]	Loss: 0.280817
Train Epoch: 35 [7200/10000 (72%)]	Loss: 0.282773
Train Epoch: 35 [8000/10000 (80%)]	Loss: 0.329507
Train Epoch: 35 [8800/10000 (88%)]	Loss: 0.307268
Train Epoch: 35 [9600/10000 (96%)]	Loss: 0.309045
Audio Event Detection Segment-level F1: 54.5
Visual Event Detection Segment-level F1: 53.0
Audio-Visual Event Detection Segment-level F1: 44.0
Segment-levelType@Avg. F1: 50.5
Segment-level Event@Avg. F1: 53.3
Audio Event Detection Event-level F1: 42.0
Visual Event Detection Event-level F1: 45.7
Audio-Visual Event Detection Event-level F1: 32.5
Event-level Type@Avg. F1: 40.1
Event-level Event@Avg. F1: 41.0
Train Epoch: 36 [0/10000 (0%)]	Loss: 0.315034
Train Epoch: 36 [800/10000 (8%)]	Loss: 0.331990
Train Epoch: 36 [1600/10000 (16%)]	Loss: 0.308231
Train Epoch: 36 [2400/10000 (24%)]	Loss: 0.326302
Train Epoch: 36 [3200/10000 (32%)]	Loss: 0.337264
Train Epoch: 36 [4000/10000 (40%)]	Loss: 0.315958
Train Epoch: 36 [4800/10000 (48%)]	Loss: 0.281775
Train Epoch: 36 [5600/10000 (56%)]	Loss: 0.320593
Train Epoch: 36 [6400/10000 (64%)]	Loss: 0.327297
Train Epoch: 36 [7200/10000 (72%)]	Loss: 0.295279
Train Epoch: 36 [8000/10000 (80%)]	Loss: 0.304807
Train Epoch: 36 [8800/10000 (88%)]	Loss: 0.299463
Train Epoch: 36 [9600/10000 (96%)]	Loss: 0.301529
Audio Event Detection Segment-level F1: 54.4
Visual Event Detection Segment-level F1: 52.8
Audio-Visual Event Detection Segment-level F1: 43.9
Segment-levelType@Avg. F1: 50.4
Segment-level Event@Avg. F1: 53.3
Audio Event Detection Event-level F1: 42.1
Visual Event Detection Event-level F1: 45.6
Audio-Visual Event Detection Event-level F1: 32.4
Event-level Type@Avg. F1: 40.0
Event-level Event@Avg. F1: 41.0
Train Epoch: 37 [0/10000 (0%)]	Loss: 0.304585
Train Epoch: 37 [800/10000 (8%)]	Loss: 0.305138
Train Epoch: 37 [1600/10000 (16%)]	Loss: 0.255373
Train Epoch: 37 [2400/10000 (24%)]	Loss: 0.297966
Train Epoch: 37 [3200/10000 (32%)]	Loss: 0.326716
Train Epoch: 37 [4000/10000 (40%)]	Loss: 0.274924
Train Epoch: 37 [4800/10000 (48%)]	Loss: 0.306926
Train Epoch: 37 [5600/10000 (56%)]	Loss: 0.276148
Train Epoch: 37 [6400/10000 (64%)]	Loss: 0.299648
Train Epoch: 37 [7200/10000 (72%)]	Loss: 0.301134
Train Epoch: 37 [8000/10000 (80%)]	Loss: 0.286804
Train Epoch: 37 [8800/10000 (88%)]	Loss: 0.291465
Train Epoch: 37 [9600/10000 (96%)]	Loss: 0.304717
Audio Event Detection Segment-level F1: 54.5
Visual Event Detection Segment-level F1: 52.8
Audio-Visual Event Detection Segment-level F1: 43.9
Segment-levelType@Avg. F1: 50.4
Segment-level Event@Avg. F1: 53.3
Audio Event Detection Event-level F1: 42.1
Visual Event Detection Event-level F1: 45.5
Audio-Visual Event Detection Event-level F1: 32.4
Event-level Type@Avg. F1: 40.0
Event-level Event@Avg. F1: 41.0
Train Epoch: 38 [0/10000 (0%)]	Loss: 0.282001
Train Epoch: 38 [800/10000 (8%)]	Loss: 0.313507
Train Epoch: 38 [1600/10000 (16%)]	Loss: 0.296687
Train Epoch: 38 [2400/10000 (24%)]	Loss: 0.320537
Train Epoch: 38 [3200/10000 (32%)]	Loss: 0.278584
Train Epoch: 38 [4000/10000 (40%)]	Loss: 0.291927
Train Epoch: 38 [4800/10000 (48%)]	Loss: 0.293378
Train Epoch: 38 [5600/10000 (56%)]	Loss: 0.290184
Train Epoch: 38 [6400/10000 (64%)]	Loss: 0.286794
Train Epoch: 38 [7200/10000 (72%)]	Loss: 0.282664
Train Epoch: 38 [8000/10000 (80%)]	Loss: 0.293863
Train Epoch: 38 [8800/10000 (88%)]	Loss: 0.323025
Train Epoch: 38 [9600/10000 (96%)]	Loss: 0.275871
Audio Event Detection Segment-level F1: 54.5
Visual Event Detection Segment-level F1: 52.9
Audio-Visual Event Detection Segment-level F1: 43.9
Segment-levelType@Avg. F1: 50.4
Segment-level Event@Avg. F1: 53.4
Audio Event Detection Event-level F1: 42.2
Visual Event Detection Event-level F1: 45.7
Audio-Visual Event Detection Event-level F1: 32.4
Event-level Type@Avg. F1: 40.1
Event-level Event@Avg. F1: 41.1
Train Epoch: 39 [0/10000 (0%)]	Loss: 0.265264
Train Epoch: 39 [800/10000 (8%)]	Loss: 0.339894
Train Epoch: 39 [1600/10000 (16%)]	Loss: 0.317186
Train Epoch: 39 [2400/10000 (24%)]	Loss: 0.284967
Train Epoch: 39 [3200/10000 (32%)]	Loss: 0.302003
Train Epoch: 39 [4000/10000 (40%)]	Loss: 0.297006
Train Epoch: 39 [4800/10000 (48%)]	Loss: 0.293871
Train Epoch: 39 [5600/10000 (56%)]	Loss: 0.294640
Train Epoch: 39 [6400/10000 (64%)]	Loss: 0.283424
Train Epoch: 39 [7200/10000 (72%)]	Loss: 0.299882
Train Epoch: 39 [8000/10000 (80%)]	Loss: 0.302249
Train Epoch: 39 [8800/10000 (88%)]	Loss: 0.312482
Train Epoch: 39 [9600/10000 (96%)]	Loss: 0.284969
Audio Event Detection Segment-level F1: 54.5
Visual Event Detection Segment-level F1: 52.9
Audio-Visual Event Detection Segment-level F1: 43.9
Segment-levelType@Avg. F1: 50.4
Segment-level Event@Avg. F1: 53.4
Audio Event Detection Event-level F1: 42.1
Visual Event Detection Event-level F1: 45.5
Audio-Visual Event Detection Event-level F1: 32.4
Event-level Type@Avg. F1: 40.0
Event-level Event@Avg. F1: 41.0
Train Epoch: 40 [0/10000 (0%)]	Loss: 0.295057
Train Epoch: 40 [800/10000 (8%)]	Loss: 0.322864
Train Epoch: 40 [1600/10000 (16%)]	Loss: 0.271413
Train Epoch: 40 [2400/10000 (24%)]	Loss: 0.271951
Train Epoch: 40 [3200/10000 (32%)]	Loss: 0.293130
Train Epoch: 40 [4000/10000 (40%)]	Loss: 0.315007
Train Epoch: 40 [4800/10000 (48%)]	Loss: 0.311919
Train Epoch: 40 [5600/10000 (56%)]	Loss: 0.292468
Train Epoch: 40 [6400/10000 (64%)]	Loss: 0.308071
Train Epoch: 40 [7200/10000 (72%)]	Loss: 0.330837
Train Epoch: 40 [8000/10000 (80%)]	Loss: 0.280722
Train Epoch: 40 [8800/10000 (88%)]	Loss: 0.327424
Train Epoch: 40 [9600/10000 (96%)]	Loss: 0.278356
Audio Event Detection Segment-level F1: 54.5
Visual Event Detection Segment-level F1: 52.9
Audio-Visual Event Detection Segment-level F1: 43.9
Segment-levelType@Avg. F1: 50.4
Segment-level Event@Avg. F1: 53.4
Audio Event Detection Event-level F1: 42.1
Visual Event Detection Event-level F1: 45.6
Audio-Visual Event Detection Event-level F1: 32.3
Event-level Type@Avg. F1: 40.0
Event-level Event@Avg. F1: 41.0
