111111111111
Train Epoch: 1 [0/10000 (0%)]	Loss: 2.173275
Train Epoch: 1 [800/10000 (8%)]	Loss: 0.644634
Train Epoch: 1 [1600/10000 (16%)]	Loss: 0.610892
Train Epoch: 1 [2400/10000 (24%)]	Loss: 0.525859
Train Epoch: 1 [3200/10000 (32%)]	Loss: 0.483763
Train Epoch: 1 [4000/10000 (40%)]	Loss: 0.497469
Train Epoch: 1 [4800/10000 (48%)]	Loss: 0.432423
Train Epoch: 1 [5600/10000 (56%)]	Loss: 0.463918
Train Epoch: 1 [6400/10000 (64%)]	Loss: 0.453732
Train Epoch: 1 [7200/10000 (72%)]	Loss: 0.408429
Train Epoch: 1 [8000/10000 (80%)]	Loss: 0.366439
Train Epoch: 1 [8800/10000 (88%)]	Loss: 0.426642
Train Epoch: 1 [9600/10000 (96%)]	Loss: 0.412339
Audio Event Detection Segment-level F1: 50.0
Visual Event Detection Segment-level F1: 47.6
Audio-Visual Event Detection Segment-level F1: 37.8
Segment-levelType@Avg. F1: 45.1
Segment-level Event@Avg. F1: 48.9
Audio Event Detection Event-level F1: 42.1
Visual Event Detection Event-level F1: 44.2
Audio-Visual Event Detection Event-level F1: 32.4
Event-level Type@Avg. F1: 39.6
Event-level Event@Avg. F1: 41.9
Train Epoch: 2 [0/10000 (0%)]	Loss: 0.380265
Train Epoch: 2 [800/10000 (8%)]	Loss: 0.401565
Train Epoch: 2 [1600/10000 (16%)]	Loss: 0.355973
Train Epoch: 2 [2400/10000 (24%)]	Loss: 0.372349
Train Epoch: 2 [3200/10000 (32%)]	Loss: 0.450792
Train Epoch: 2 [4000/10000 (40%)]	Loss: 0.455740
Train Epoch: 2 [4800/10000 (48%)]	Loss: 0.404872
Train Epoch: 2 [5600/10000 (56%)]	Loss: 0.420206
Train Epoch: 2 [6400/10000 (64%)]	Loss: 0.477931
Train Epoch: 2 [7200/10000 (72%)]	Loss: 0.433996
Train Epoch: 2 [8000/10000 (80%)]	Loss: 0.410524
Train Epoch: 2 [8800/10000 (88%)]	Loss: 0.411440
Train Epoch: 2 [9600/10000 (96%)]	Loss: 0.466931
Audio Event Detection Segment-level F1: 53.6
Visual Event Detection Segment-level F1: 48.7
Audio-Visual Event Detection Segment-level F1: 39.4
Segment-levelType@Avg. F1: 47.2
Segment-level Event@Avg. F1: 51.4
Audio Event Detection Event-level F1: 44.5
Visual Event Detection Event-level F1: 44.5
Audio-Visual Event Detection Event-level F1: 32.0
Event-level Type@Avg. F1: 40.3
Event-level Event@Avg. F1: 44.1
Train Epoch: 3 [0/10000 (0%)]	Loss: 0.328858
Train Epoch: 3 [800/10000 (8%)]	Loss: 0.409627
Train Epoch: 3 [1600/10000 (16%)]	Loss: 0.366651
Train Epoch: 3 [2400/10000 (24%)]	Loss: 0.401195
Train Epoch: 3 [3200/10000 (32%)]	Loss: 0.451602
Train Epoch: 3 [4000/10000 (40%)]	Loss: 0.435603
Train Epoch: 3 [4800/10000 (48%)]	Loss: 0.350718
Train Epoch: 3 [5600/10000 (56%)]	Loss: 0.431439
Train Epoch: 3 [6400/10000 (64%)]	Loss: 0.378822
Train Epoch: 3 [7200/10000 (72%)]	Loss: 0.479703
Train Epoch: 3 [8000/10000 (80%)]	Loss: 0.360645
Train Epoch: 3 [8800/10000 (88%)]	Loss: 0.461038
Train Epoch: 3 [9600/10000 (96%)]	Loss: 0.393851
Audio Event Detection Segment-level F1: 47.3
Visual Event Detection Segment-level F1: 50.6
Audio-Visual Event Detection Segment-level F1: 38.5
Segment-levelType@Avg. F1: 45.4
Segment-level Event@Avg. F1: 48.2
Audio Event Detection Event-level F1: 40.4
Visual Event Detection Event-level F1: 46.4
Audio-Visual Event Detection Event-level F1: 33.6
Event-level Type@Avg. F1: 40.1
Event-level Event@Avg. F1: 41.2
Train Epoch: 4 [0/10000 (0%)]	Loss: 0.397982
Train Epoch: 4 [800/10000 (8%)]	Loss: 0.412213
Train Epoch: 4 [1600/10000 (16%)]	Loss: 0.442917
Train Epoch: 4 [2400/10000 (24%)]	Loss: 0.393865
Train Epoch: 4 [3200/10000 (32%)]	Loss: 0.410702
Train Epoch: 4 [4000/10000 (40%)]	Loss: 0.473126
Train Epoch: 4 [4800/10000 (48%)]	Loss: 0.437976
Train Epoch: 4 [5600/10000 (56%)]	Loss: 0.430788
Train Epoch: 4 [6400/10000 (64%)]	Loss: 0.461837
Train Epoch: 4 [7200/10000 (72%)]	Loss: 0.350728
Train Epoch: 4 [8000/10000 (80%)]	Loss: 0.337151
Train Epoch: 4 [8800/10000 (88%)]	Loss: 0.420457
Train Epoch: 4 [9600/10000 (96%)]	Loss: 0.371460
Audio Event Detection Segment-level F1: 53.8
Visual Event Detection Segment-level F1: 52.5
Audio-Visual Event Detection Segment-level F1: 41.0
Segment-levelType@Avg. F1: 49.1
Segment-level Event@Avg. F1: 53.2
Audio Event Detection Event-level F1: 44.9
Visual Event Detection Event-level F1: 47.8
Audio-Visual Event Detection Event-level F1: 33.8
Event-level Type@Avg. F1: 42.2
Event-level Event@Avg. F1: 44.4
Train Epoch: 5 [0/10000 (0%)]	Loss: 0.390712
Train Epoch: 5 [800/10000 (8%)]	Loss: 0.334992
Train Epoch: 5 [1600/10000 (16%)]	Loss: 0.348188
Train Epoch: 5 [2400/10000 (24%)]	Loss: 0.443966
Train Epoch: 5 [3200/10000 (32%)]	Loss: 0.396232
Train Epoch: 5 [4000/10000 (40%)]	Loss: 0.417716
Train Epoch: 5 [4800/10000 (48%)]	Loss: 0.360870
Train Epoch: 5 [5600/10000 (56%)]	Loss: 0.317961
Train Epoch: 5 [6400/10000 (64%)]	Loss: 0.352532
Train Epoch: 5 [7200/10000 (72%)]	Loss: 0.389147
Train Epoch: 5 [8000/10000 (80%)]	Loss: 0.350742
Train Epoch: 5 [8800/10000 (88%)]	Loss: 0.425421
Train Epoch: 5 [9600/10000 (96%)]	Loss: 0.363452
Audio Event Detection Segment-level F1: 52.7
Visual Event Detection Segment-level F1: 55.2
Audio-Visual Event Detection Segment-level F1: 44.7
Segment-levelType@Avg. F1: 50.9
Segment-level Event@Avg. F1: 52.5
Audio Event Detection Event-level F1: 44.2
Visual Event Detection Event-level F1: 51.0
Audio-Visual Event Detection Event-level F1: 36.7
Event-level Type@Avg. F1: 44.0
Event-level Event@Avg. F1: 44.4
Train Epoch: 6 [0/10000 (0%)]	Loss: 0.428677
Train Epoch: 6 [800/10000 (8%)]	Loss: 0.428320
Train Epoch: 6 [1600/10000 (16%)]	Loss: 0.405125
Train Epoch: 6 [2400/10000 (24%)]	Loss: 0.363510
Train Epoch: 6 [3200/10000 (32%)]	Loss: 0.363775
Train Epoch: 6 [4000/10000 (40%)]	Loss: 0.334594
Train Epoch: 6 [4800/10000 (48%)]	Loss: 0.322462
Train Epoch: 6 [5600/10000 (56%)]	Loss: 0.461159
Train Epoch: 6 [6400/10000 (64%)]	Loss: 0.338899
Train Epoch: 6 [7200/10000 (72%)]	Loss: 0.389970
Train Epoch: 6 [8000/10000 (80%)]	Loss: 0.312969
Train Epoch: 6 [8800/10000 (88%)]	Loss: 0.367184
Train Epoch: 6 [9600/10000 (96%)]	Loss: 0.365502
Audio Event Detection Segment-level F1: 52.0
Visual Event Detection Segment-level F1: 56.4
Audio-Visual Event Detection Segment-level F1: 43.9
Segment-levelType@Avg. F1: 50.8
Segment-level Event@Avg. F1: 53.7
Audio Event Detection Event-level F1: 42.1
Visual Event Detection Event-level F1: 52.0
Audio-Visual Event Detection Event-level F1: 36.2
Event-level Type@Avg. F1: 43.4
Event-level Event@Avg. F1: 44.1
Train Epoch: 7 [0/10000 (0%)]	Loss: 0.360212
Train Epoch: 7 [800/10000 (8%)]	Loss: 0.399081
Train Epoch: 7 [1600/10000 (16%)]	Loss: 0.408326
Train Epoch: 7 [2400/10000 (24%)]	Loss: 0.339600
Train Epoch: 7 [3200/10000 (32%)]	Loss: 0.311536
Train Epoch: 7 [4000/10000 (40%)]	Loss: 0.413194
Train Epoch: 7 [4800/10000 (48%)]	Loss: 0.404793
Train Epoch: 7 [5600/10000 (56%)]	Loss: 0.366946
Train Epoch: 7 [6400/10000 (64%)]	Loss: 0.439888
Train Epoch: 7 [7200/10000 (72%)]	Loss: 0.331470
Train Epoch: 7 [8000/10000 (80%)]	Loss: 0.368088
Train Epoch: 7 [8800/10000 (88%)]	Loss: 0.382443
Train Epoch: 7 [9600/10000 (96%)]	Loss: 0.397811
Audio Event Detection Segment-level F1: 51.4
Visual Event Detection Segment-level F1: 48.2
Audio-Visual Event Detection Segment-level F1: 37.5
Segment-levelType@Avg. F1: 45.7
Segment-level Event@Avg. F1: 49.8
Audio Event Detection Event-level F1: 42.8
Visual Event Detection Event-level F1: 43.6
Audio-Visual Event Detection Event-level F1: 31.1
Event-level Type@Avg. F1: 39.2
Event-level Event@Avg. F1: 42.4
Train Epoch: 8 [0/10000 (0%)]	Loss: 0.391132
Train Epoch: 8 [800/10000 (8%)]	Loss: 0.476245
Tensor 'a_out' contains NaN values.
a_out
tensor([[[ 0.1627,  0.1055,  0.1197,  ...,  0.0858, -0.1387,  0.3084],
         [-0.0245,  0.1249, -0.2414,  ...,  0.2478, -0.1525,  0.1381],
         [-0.0884,  0.3532, -0.1454,  ...,  0.3735, -0.4343,  0.1710],
         ...,
         [    nan,     nan,     nan,  ...,     nan,     nan,     nan],
         [ 0.0034,  0.1390, -0.2804,  ..., -0.0457, -0.0491, -0.0212],
         [-0.0243,  0.3918, -0.2318,  ...,  0.0678, -0.1353,  0.0190]],

        [[-0.0932,  0.0841,  0.0365,  ..., -0.0601, -0.2499,  0.2341],
         [-0.0531,  0.1969, -0.0022,  ...,  0.0402, -0.1955,  0.2934],
         [-0.1805,  0.1401,  0.0868,  ...,  0.2856, -0.6177,  0.0659],
         ...,
         [    nan,     nan,     nan,  ...,     nan,     nan,     nan],
         [-0.0438, -0.3837, -0.1137,  ..., -0.0719, -0.0160, -0.2413],
         [ 0.0833,  0.2286, -0.3210,  ...,  0.0374, -0.2713,  0.0885]],

        [[ 0.1568,  0.1180,  0.0815,  ..., -0.0039, -0.1319,  0.3650],
         [ 0.0763,  0.0545, -0.1135,  ..., -0.0940,  0.0437,  0.3090],
         [-0.2729,  0.1431,  0.0655,  ...,  0.4216, -0.5976,  0.2062],
         ...,
         [    nan,     nan,     nan,  ...,     nan,     nan,     nan],
         [ 0.0344,  0.0913,  0.1326,  ...,  0.1461, -0.1681,  0.0171],
         [ 0.0380,  0.3009, -0.2995,  ...,  0.0867, -0.2475, -0.0025]],

        ...,

        [[ 0.0440,  0.1986,  0.1470,  ...,  0.0434, -0.1641,  0.2277],
         [-0.1953,  0.2662,  0.0217,  ...,  0.2198, -0.1693,  0.3655],
         [-0.2852,  0.2188,  0.0737,  ...,  0.2174, -0.4377,  0.0412],
         ...,
         [-0.1269,  0.0437, -0.0430,  ...,  0.1532, -0.3450, -0.1177],
         [-0.0088, -0.1122, -0.0981,  ...,  0.2428,  0.0273,  0.0567],
         [-0.0289,  0.1110, -0.2511,  ..., -0.0901, -0.3275,  0.0464]],

        [[ 0.1133,  0.2463,  0.0567,  ..., -0.0023, -0.2114,  0.2739],
         [ 0.0249,  0.0157,  0.0300,  ...,  0.1409, -0.2068,  0.2933],
         [-0.1436,  0.0892,  0.1228,  ...,  0.2461, -0.4806,  0.1824],
         ...,
         [-0.1601, -0.0500,  0.2306,  ...,  0.2230, -0.2426, -0.0364],
         [ 0.0919, -0.0874, -0.1121,  ...,  0.1772,  0.0230, -0.0797],
         [-0.0412,  0.0521, -0.1782,  ..., -0.0831, -0.4430,  0.1184]],

        [[-0.0097,  0.1772, -0.0140,  ...,  0.0082, -0.2098,  0.2484],
         [-0.1312,  0.1406, -0.0102,  ...,  0.0460, -0.0985,  0.3813],
         [-0.1431,  0.1965,  0.1972,  ...,  0.2257, -0.4533,  0.0995],
         ...,
         [-0.2398, -0.0979,  0.0446,  ...,  0.1631, -0.2853, -0.1607],
         [ 0.0364, -0.0400, -0.1739,  ...,  0.1483,  0.1523,  0.1406],
         [ 0.0316,  0.3793, -0.3735,  ..., -0.0280, -0.1869,  0.0575]]],
       device='cuda:0', grad_fn=<AddBackward0>)
