111111111111
Train Epoch: 1 [0/10000 (0%)]	Loss: 2.191805
Train Epoch: 1 [800/10000 (8%)]	Loss: 0.698586
Train Epoch: 1 [1600/10000 (16%)]	Loss: 0.610642
Train Epoch: 1 [2400/10000 (24%)]	Loss: 0.548167
Train Epoch: 1 [3200/10000 (32%)]	Loss: 0.469376
Train Epoch: 1 [4000/10000 (40%)]	Loss: 0.496309
Train Epoch: 1 [4800/10000 (48%)]	Loss: 0.401686
Train Epoch: 1 [5600/10000 (56%)]	Loss: 0.423128
Train Epoch: 1 [6400/10000 (64%)]	Loss: 0.410396
Train Epoch: 1 [7200/10000 (72%)]	Loss: 0.369005
Train Epoch: 1 [8000/10000 (80%)]	Loss: 0.322777
Train Epoch: 1 [8800/10000 (88%)]	Loss: 0.362854
Train Epoch: 1 [9600/10000 (96%)]	Loss: 0.359371
Audio Event Detection Segment-level F1: 57.7
Visual Event Detection Segment-level F1: 48.2
Audio-Visual Event Detection Segment-level F1: 45.1
Segment-levelType@Avg. F1: 50.4
Segment-level Event@Avg. F1: 51.9
Audio Event Detection Event-level F1: 47.4
Visual Event Detection Event-level F1: 42.9
Audio-Visual Event Detection Event-level F1: 38.2
Event-level Type@Avg. F1: 42.9
Event-level Event@Avg. F1: 43.7
Train Epoch: 2 [0/10000 (0%)]	Loss: 0.320957
Train Epoch: 2 [800/10000 (8%)]	Loss: 0.360769
Train Epoch: 2 [1600/10000 (16%)]	Loss: 0.323965
Train Epoch: 2 [2400/10000 (24%)]	Loss: 0.313624
Train Epoch: 2 [3200/10000 (32%)]	Loss: 0.397173
Train Epoch: 2 [4000/10000 (40%)]	Loss: 0.426858
Train Epoch: 2 [4800/10000 (48%)]	Loss: 0.328240
Train Epoch: 2 [5600/10000 (56%)]	Loss: 0.359393
Train Epoch: 2 [6400/10000 (64%)]	Loss: 0.406391
Train Epoch: 2 [7200/10000 (72%)]	Loss: 0.445201
Train Epoch: 2 [8000/10000 (80%)]	Loss: 0.379214
Train Epoch: 2 [8800/10000 (88%)]	Loss: 0.366541
Train Epoch: 2 [9600/10000 (96%)]	Loss: 0.445720
Audio Event Detection Segment-level F1: 59.2
Visual Event Detection Segment-level F1: 49.8
Audio-Visual Event Detection Segment-level F1: 46.2
Segment-levelType@Avg. F1: 51.7
Segment-level Event@Avg. F1: 53.0
Audio Event Detection Event-level F1: 48.7
Visual Event Detection Event-level F1: 44.3
Audio-Visual Event Detection Event-level F1: 38.8
Event-level Type@Avg. F1: 43.9
Event-level Event@Avg. F1: 45.1
Train Epoch: 3 [0/10000 (0%)]	Loss: 0.315400
Train Epoch: 3 [800/10000 (8%)]	Loss: 0.397468
Train Epoch: 3 [1600/10000 (16%)]	Loss: 0.318177
Train Epoch: 3 [2400/10000 (24%)]	Loss: 0.341793
Train Epoch: 3 [3200/10000 (32%)]	Loss: 0.372676
Train Epoch: 3 [4000/10000 (40%)]	Loss: 0.390938
Train Epoch: 3 [4800/10000 (48%)]	Loss: 0.371445
Train Epoch: 3 [5600/10000 (56%)]	Loss: 0.384586
Train Epoch: 3 [6400/10000 (64%)]	Loss: 0.337706
Train Epoch: 3 [7200/10000 (72%)]	Loss: 0.427797
Train Epoch: 3 [8000/10000 (80%)]	Loss: 0.321397
Train Epoch: 3 [8800/10000 (88%)]	Loss: 0.392057
Train Epoch: 3 [9600/10000 (96%)]	Loss: 0.335836
Audio Event Detection Segment-level F1: 58.4
Visual Event Detection Segment-level F1: 48.4
Audio-Visual Event Detection Segment-level F1: 45.2
Segment-levelType@Avg. F1: 50.7
Segment-level Event@Avg. F1: 52.1
Audio Event Detection Event-level F1: 48.8
Visual Event Detection Event-level F1: 42.2
Audio-Visual Event Detection Event-level F1: 38.6
Event-level Type@Avg. F1: 43.2
Event-level Event@Avg. F1: 44.4
Train Epoch: 4 [0/10000 (0%)]	Loss: 0.376114
Train Epoch: 4 [800/10000 (8%)]	Loss: 0.392554
Train Epoch: 4 [1600/10000 (16%)]	Loss: 0.322918
Train Epoch: 4 [2400/10000 (24%)]	Loss: 0.338661
Train Epoch: 4 [3200/10000 (32%)]	Loss: 0.356089
Train Epoch: 4 [4000/10000 (40%)]	Loss: 0.427599
Train Epoch: 4 [4800/10000 (48%)]	Loss: 0.414827
Train Epoch: 4 [5600/10000 (56%)]	Loss: 0.424648
Train Epoch: 4 [6400/10000 (64%)]	Loss: 0.424476
Train Epoch: 4 [7200/10000 (72%)]	Loss: 0.373154
Train Epoch: 4 [8000/10000 (80%)]	Loss: 0.577637
Train Epoch: 4 [8800/10000 (88%)]	Loss: 0.405981
Train Epoch: 4 [9600/10000 (96%)]	Loss: 0.449155
Audio Event Detection Segment-level F1: 55.9
Visual Event Detection Segment-level F1: 49.0
Audio-Visual Event Detection Segment-level F1: 46.3
Segment-levelType@Avg. F1: 50.4
Segment-level Event@Avg. F1: 50.1
Audio Event Detection Event-level F1: 46.2
Visual Event Detection Event-level F1: 42.5
Audio-Visual Event Detection Event-level F1: 38.8
Event-level Type@Avg. F1: 42.5
Event-level Event@Avg. F1: 41.7
Train Epoch: 5 [0/10000 (0%)]	Loss: 0.361388
Train Epoch: 5 [800/10000 (8%)]	Loss: 0.300824
Train Epoch: 5 [1600/10000 (16%)]	Loss: 0.379024
Train Epoch: 5 [2400/10000 (24%)]	Loss: 0.356896
Train Epoch: 5 [3200/10000 (32%)]	Loss: 0.332089
Train Epoch: 5 [4000/10000 (40%)]	Loss: 0.364713
Train Epoch: 5 [4800/10000 (48%)]	Loss: 0.346928
Train Epoch: 5 [5600/10000 (56%)]	Loss: 0.279577
Train Epoch: 5 [6400/10000 (64%)]	Loss: 0.321283
Train Epoch: 5 [7200/10000 (72%)]	Loss: 0.333438
Train Epoch: 5 [8000/10000 (80%)]	Loss: 0.294513
Train Epoch: 5 [8800/10000 (88%)]	Loss: 0.426103
Train Epoch: 5 [9600/10000 (96%)]	Loss: 0.312149
Audio Event Detection Segment-level F1: 60.4
Visual Event Detection Segment-level F1: 54.0
Audio-Visual Event Detection Segment-level F1: 50.4
Segment-levelType@Avg. F1: 54.9
Segment-level Event@Avg. F1: 55.5
Audio Event Detection Event-level F1: 51.2
Visual Event Detection Event-level F1: 48.2
Audio-Visual Event Detection Event-level F1: 43.1
Event-level Type@Avg. F1: 47.5
Event-level Event@Avg. F1: 47.6
Train Epoch: 6 [0/10000 (0%)]	Loss: 0.351591
Train Epoch: 6 [800/10000 (8%)]	Loss: 0.351349
Train Epoch: 6 [1600/10000 (16%)]	Loss: 0.320893
Train Epoch: 6 [2400/10000 (24%)]	Loss: 0.329622
Train Epoch: 6 [3200/10000 (32%)]	Loss: 0.346660
Train Epoch: 6 [4000/10000 (40%)]	Loss: 0.300456
Train Epoch: 6 [4800/10000 (48%)]	Loss: 0.301502
Train Epoch: 6 [5600/10000 (56%)]	Loss: 0.406780
Train Epoch: 6 [6400/10000 (64%)]	Loss: 0.287256
Train Epoch: 6 [7200/10000 (72%)]	Loss: 0.362341
Train Epoch: 6 [8000/10000 (80%)]	Loss: 0.253045
Train Epoch: 6 [8800/10000 (88%)]	Loss: 0.315915
Train Epoch: 6 [9600/10000 (96%)]	Loss: 0.357784
Audio Event Detection Segment-level F1: 60.1
Visual Event Detection Segment-level F1: 51.0
Audio-Visual Event Detection Segment-level F1: 47.3
Segment-levelType@Avg. F1: 52.8
Segment-level Event@Avg. F1: 54.3
Audio Event Detection Event-level F1: 51.0
Visual Event Detection Event-level F1: 45.7
Audio-Visual Event Detection Event-level F1: 39.9
Event-level Type@Avg. F1: 45.5
Event-level Event@Avg. F1: 47.4
Train Epoch: 7 [0/10000 (0%)]	Loss: 0.310413
Train Epoch: 7 [800/10000 (8%)]	Loss: 0.334182
Train Epoch: 7 [1600/10000 (16%)]	Loss: 0.324015
Train Epoch: 7 [2400/10000 (24%)]	Loss: 0.295240
Train Epoch: 7 [3200/10000 (32%)]	Loss: 0.264569
Train Epoch: 7 [4000/10000 (40%)]	Loss: 0.302104
Train Epoch: 7 [4800/10000 (48%)]	Loss: 0.302533
Train Epoch: 7 [5600/10000 (56%)]	Loss: 0.298926
Train Epoch: 7 [6400/10000 (64%)]	Loss: 0.360929
Train Epoch: 7 [7200/10000 (72%)]	Loss: 0.351117
Train Epoch: 7 [8000/10000 (80%)]	Loss: 0.335882
Train Epoch: 7 [8800/10000 (88%)]	Loss: 0.329425
Train Epoch: 7 [9600/10000 (96%)]	Loss: 0.284491
Audio Event Detection Segment-level F1: 60.9
Visual Event Detection Segment-level F1: 49.8
Audio-Visual Event Detection Segment-level F1: 46.3
Segment-levelType@Avg. F1: 52.4
Segment-level Event@Avg. F1: 55.3
Audio Event Detection Event-level F1: 51.3
Visual Event Detection Event-level F1: 45.2
Audio-Visual Event Detection Event-level F1: 39.1
Event-level Type@Avg. F1: 45.2
Event-level Event@Avg. F1: 47.9
Train Epoch: 8 [0/10000 (0%)]	Loss: 0.285217
Train Epoch: 8 [800/10000 (8%)]	Loss: 0.310572
Train Epoch: 8 [1600/10000 (16%)]	Loss: 0.297176
Train Epoch: 8 [2400/10000 (24%)]	Loss: 0.328056
Train Epoch: 8 [3200/10000 (32%)]	Loss: 0.296399
Train Epoch: 8 [4000/10000 (40%)]	Loss: 0.328193
Train Epoch: 8 [4800/10000 (48%)]	Loss: 0.296363
Train Epoch: 8 [5600/10000 (56%)]	Loss: 0.268831
Train Epoch: 8 [6400/10000 (64%)]	Loss: 0.394933
Train Epoch: 8 [7200/10000 (72%)]	Loss: 0.280050
Train Epoch: 8 [8000/10000 (80%)]	Loss: 0.302561
Train Epoch: 8 [8800/10000 (88%)]	Loss: 0.311112
Train Epoch: 8 [9600/10000 (96%)]	Loss: 0.344814
Audio Event Detection Segment-level F1: 60.2
Visual Event Detection Segment-level F1: 50.1
Audio-Visual Event Detection Segment-level F1: 46.5
Segment-levelType@Avg. F1: 52.2
Segment-level Event@Avg. F1: 54.4
Audio Event Detection Event-level F1: 51.0
Visual Event Detection Event-level F1: 45.4
Audio-Visual Event Detection Event-level F1: 40.0
Event-level Type@Avg. F1: 45.5
Event-level Event@Avg. F1: 47.7
Train Epoch: 9 [0/10000 (0%)]	Loss: 0.262667
Train Epoch: 9 [800/10000 (8%)]	Loss: 0.260553
Train Epoch: 9 [1600/10000 (16%)]	Loss: 0.259563
Train Epoch: 9 [2400/10000 (24%)]	Loss: 0.355470
Train Epoch: 9 [3200/10000 (32%)]	Loss: 0.275468
Train Epoch: 9 [4000/10000 (40%)]	Loss: 0.264003
Train Epoch: 9 [4800/10000 (48%)]	Loss: 0.254793
Train Epoch: 9 [5600/10000 (56%)]	Loss: 0.308849
Train Epoch: 9 [6400/10000 (64%)]	Loss: 0.270099
Train Epoch: 9 [7200/10000 (72%)]	Loss: 0.348057
Train Epoch: 9 [8000/10000 (80%)]	Loss: 0.280146
Train Epoch: 9 [8800/10000 (88%)]	Loss: 0.347366
Train Epoch: 9 [9600/10000 (96%)]	Loss: 0.322238
Audio Event Detection Segment-level F1: 59.0
Visual Event Detection Segment-level F1: 49.7
Audio-Visual Event Detection Segment-level F1: 46.2
Segment-levelType@Avg. F1: 51.6
Segment-level Event@Avg. F1: 53.6
Audio Event Detection Event-level F1: 49.2
Visual Event Detection Event-level F1: 45.0
Audio-Visual Event Detection Event-level F1: 39.4
Event-level Type@Avg. F1: 44.6
Event-level Event@Avg. F1: 46.1
Train Epoch: 10 [0/10000 (0%)]	Loss: 0.259049
Train Epoch: 10 [800/10000 (8%)]	Loss: 0.301836
Train Epoch: 10 [1600/10000 (16%)]	Loss: 0.292417
Train Epoch: 10 [2400/10000 (24%)]	Loss: 0.362899
Train Epoch: 10 [3200/10000 (32%)]	Loss: 0.267853
Train Epoch: 10 [4000/10000 (40%)]	Loss: 0.265116
Train Epoch: 10 [4800/10000 (48%)]	Loss: 0.324726
Train Epoch: 10 [5600/10000 (56%)]	Loss: 0.373654
Train Epoch: 10 [6400/10000 (64%)]	Loss: 0.302684
Train Epoch: 10 [7200/10000 (72%)]	Loss: 0.285359
Train Epoch: 10 [8000/10000 (80%)]	Loss: 0.344707
Train Epoch: 10 [8800/10000 (88%)]	Loss: 0.273813
Train Epoch: 10 [9600/10000 (96%)]	Loss: 0.285387
Audio Event Detection Segment-level F1: 58.6
Visual Event Detection Segment-level F1: 52.0
Audio-Visual Event Detection Segment-level F1: 48.5
Segment-levelType@Avg. F1: 53.0
Segment-level Event@Avg. F1: 53.4
Audio Event Detection Event-level F1: 48.8
Visual Event Detection Event-level F1: 46.7
Audio-Visual Event Detection Event-level F1: 41.3
Event-level Type@Avg. F1: 45.6
Event-level Event@Avg. F1: 45.9
Train Epoch: 11 [0/10000 (0%)]	Loss: 0.316211
Train Epoch: 11 [800/10000 (8%)]	Loss: 0.327754
Train Epoch: 11 [1600/10000 (16%)]	Loss: 0.290155
Train Epoch: 11 [2400/10000 (24%)]	Loss: 0.235761
Train Epoch: 11 [3200/10000 (32%)]	Loss: 0.277100
Train Epoch: 11 [4000/10000 (40%)]	Loss: 0.297731
Train Epoch: 11 [4800/10000 (48%)]	Loss: 0.284186
Train Epoch: 11 [5600/10000 (56%)]	Loss: 0.281184
Train Epoch: 11 [6400/10000 (64%)]	Loss: 0.282332
Train Epoch: 11 [7200/10000 (72%)]	Loss: 0.270730
Train Epoch: 11 [8000/10000 (80%)]	Loss: 0.257760
Train Epoch: 11 [8800/10000 (88%)]	Loss: 0.303918
Train Epoch: 11 [9600/10000 (96%)]	Loss: 0.255823
Audio Event Detection Segment-level F1: 61.6
Visual Event Detection Segment-level F1: 52.4
Audio-Visual Event Detection Segment-level F1: 48.4
Segment-levelType@Avg. F1: 54.1
Segment-level Event@Avg. F1: 56.1
Audio Event Detection Event-level F1: 51.6
Visual Event Detection Event-level F1: 47.7
Audio-Visual Event Detection Event-level F1: 41.6
Event-level Type@Avg. F1: 47.0
Event-level Event@Avg. F1: 48.7
Train Epoch: 12 [0/10000 (0%)]	Loss: 0.242284
Train Epoch: 12 [800/10000 (8%)]	Loss: 0.294463
Train Epoch: 12 [1600/10000 (16%)]	Loss: 0.294016
Train Epoch: 12 [2400/10000 (24%)]	Loss: 0.262991
Train Epoch: 12 [3200/10000 (32%)]	Loss: 0.312766
Train Epoch: 12 [4000/10000 (40%)]	Loss: 0.252562
Train Epoch: 12 [4800/10000 (48%)]	Loss: 0.272338
Train Epoch: 12 [5600/10000 (56%)]	Loss: 0.269507
Train Epoch: 12 [6400/10000 (64%)]	Loss: 0.253826
Train Epoch: 12 [7200/10000 (72%)]	Loss: 0.306763
Train Epoch: 12 [8000/10000 (80%)]	Loss: 0.272389
Train Epoch: 12 [8800/10000 (88%)]	Loss: 0.245901
Train Epoch: 12 [9600/10000 (96%)]	Loss: 0.297110
Audio Event Detection Segment-level F1: 61.7
Visual Event Detection Segment-level F1: 51.9
Audio-Visual Event Detection Segment-level F1: 47.9
Segment-levelType@Avg. F1: 53.8
Segment-level Event@Avg. F1: 56.0
Audio Event Detection Event-level F1: 52.4
Visual Event Detection Event-level F1: 47.4
Audio-Visual Event Detection Event-level F1: 41.3
Event-level Type@Avg. F1: 47.0
Event-level Event@Avg. F1: 49.3
Train Epoch: 13 [0/10000 (0%)]	Loss: 0.338438
Train Epoch: 13 [800/10000 (8%)]	Loss: 0.272589
Train Epoch: 13 [1600/10000 (16%)]	Loss: 0.285957
Train Epoch: 13 [2400/10000 (24%)]	Loss: 0.236859
Train Epoch: 13 [3200/10000 (32%)]	Loss: 0.304250
Train Epoch: 13 [4000/10000 (40%)]	Loss: 0.257333
Train Epoch: 13 [4800/10000 (48%)]	Loss: 0.307638
Train Epoch: 13 [5600/10000 (56%)]	Loss: 0.234692
Train Epoch: 13 [6400/10000 (64%)]	Loss: 0.296695
Train Epoch: 13 [7200/10000 (72%)]	Loss: 0.285799
Train Epoch: 13 [8000/10000 (80%)]	Loss: 0.265211
Train Epoch: 13 [8800/10000 (88%)]	Loss: 0.290320
Train Epoch: 13 [9600/10000 (96%)]	Loss: 0.249485
Audio Event Detection Segment-level F1: 61.8
Visual Event Detection Segment-level F1: 52.8
Audio-Visual Event Detection Segment-level F1: 48.4
Segment-levelType@Avg. F1: 54.3
Segment-level Event@Avg. F1: 56.2
Audio Event Detection Event-level F1: 52.4
Visual Event Detection Event-level F1: 47.9
Audio-Visual Event Detection Event-level F1: 41.5
Event-level Type@Avg. F1: 47.3
Event-level Event@Avg. F1: 49.2
Train Epoch: 14 [0/10000 (0%)]	Loss: 0.280803
Train Epoch: 14 [800/10000 (8%)]	Loss: 0.243520
Train Epoch: 14 [1600/10000 (16%)]	Loss: 0.262434
Train Epoch: 14 [2400/10000 (24%)]	Loss: 0.276066
Train Epoch: 14 [3200/10000 (32%)]	Loss: 0.242925
Train Epoch: 14 [4000/10000 (40%)]	Loss: 0.301133
Train Epoch: 14 [4800/10000 (48%)]	Loss: 0.255380
Train Epoch: 14 [5600/10000 (56%)]	Loss: 0.257375
Train Epoch: 14 [6400/10000 (64%)]	Loss: 0.267905
Train Epoch: 14 [7200/10000 (72%)]	Loss: 0.246403
Train Epoch: 14 [8000/10000 (80%)]	Loss: 0.233632
Train Epoch: 14 [8800/10000 (88%)]	Loss: 0.258386
Train Epoch: 14 [9600/10000 (96%)]	Loss: 0.330755
Audio Event Detection Segment-level F1: 61.0
Visual Event Detection Segment-level F1: 52.9
Audio-Visual Event Detection Segment-level F1: 48.6
Segment-levelType@Avg. F1: 54.2
Segment-level Event@Avg. F1: 55.9
Audio Event Detection Event-level F1: 51.4
Visual Event Detection Event-level F1: 48.2
Audio-Visual Event Detection Event-level F1: 41.8
Event-level Type@Avg. F1: 47.2
Event-level Event@Avg. F1: 48.8
Train Epoch: 15 [0/10000 (0%)]	Loss: 0.242166
Train Epoch: 15 [800/10000 (8%)]	Loss: 0.251801
Train Epoch: 15 [1600/10000 (16%)]	Loss: 0.290536
Train Epoch: 15 [2400/10000 (24%)]	Loss: 0.284394
Train Epoch: 15 [3200/10000 (32%)]	Loss: 0.277688
Train Epoch: 15 [4000/10000 (40%)]	Loss: 0.284354
Train Epoch: 15 [4800/10000 (48%)]	Loss: 0.241529
Train Epoch: 15 [5600/10000 (56%)]	Loss: 0.239028
Train Epoch: 15 [6400/10000 (64%)]	Loss: 0.269105
Train Epoch: 15 [7200/10000 (72%)]	Loss: 0.236190
Train Epoch: 15 [8000/10000 (80%)]	Loss: 0.258095
Train Epoch: 15 [8800/10000 (88%)]	Loss: 0.294766
Train Epoch: 15 [9600/10000 (96%)]	Loss: 0.244450
Audio Event Detection Segment-level F1: 61.0
Visual Event Detection Segment-level F1: 52.0
Audio-Visual Event Detection Segment-level F1: 47.7
Segment-levelType@Avg. F1: 53.6
Segment-level Event@Avg. F1: 55.6
Audio Event Detection Event-level F1: 51.4
Visual Event Detection Event-level F1: 47.2
Audio-Visual Event Detection Event-level F1: 41.0
Event-level Type@Avg. F1: 46.5
Event-level Event@Avg. F1: 48.6
Train Epoch: 16 [0/10000 (0%)]	Loss: 0.292583
Train Epoch: 16 [800/10000 (8%)]	Loss: 0.238149
Train Epoch: 16 [1600/10000 (16%)]	Loss: 0.242912
Train Epoch: 16 [2400/10000 (24%)]	Loss: 0.244801
Train Epoch: 16 [3200/10000 (32%)]	Loss: 0.304476
Train Epoch: 16 [4000/10000 (40%)]	Loss: 0.252368
Train Epoch: 16 [4800/10000 (48%)]	Loss: 0.267490
Train Epoch: 16 [5600/10000 (56%)]	Loss: 0.331424
Train Epoch: 16 [6400/10000 (64%)]	Loss: 0.270313
Train Epoch: 16 [7200/10000 (72%)]	Loss: 0.265208
Train Epoch: 16 [8000/10000 (80%)]	Loss: 0.262680
Train Epoch: 16 [8800/10000 (88%)]	Loss: 0.275687
Train Epoch: 16 [9600/10000 (96%)]	Loss: 0.232792
Audio Event Detection Segment-level F1: 61.4
Visual Event Detection Segment-level F1: 53.0
Audio-Visual Event Detection Segment-level F1: 48.5
Segment-levelType@Avg. F1: 54.3
Segment-level Event@Avg. F1: 56.1
Audio Event Detection Event-level F1: 52.1
Visual Event Detection Event-level F1: 48.3
Audio-Visual Event Detection Event-level F1: 41.7
Event-level Type@Avg. F1: 47.4
Event-level Event@Avg. F1: 49.3
Train Epoch: 17 [0/10000 (0%)]	Loss: 0.260086
Train Epoch: 17 [800/10000 (8%)]	Loss: 0.285723
Train Epoch: 17 [1600/10000 (16%)]	Loss: 0.293882
Train Epoch: 17 [2400/10000 (24%)]	Loss: 0.264712
Train Epoch: 17 [3200/10000 (32%)]	Loss: 0.350878
Train Epoch: 17 [4000/10000 (40%)]	Loss: 0.231923
Train Epoch: 17 [4800/10000 (48%)]	Loss: 0.256534
Train Epoch: 17 [5600/10000 (56%)]	Loss: 0.263387
Train Epoch: 17 [6400/10000 (64%)]	Loss: 0.260870
Train Epoch: 17 [7200/10000 (72%)]	Loss: 0.239304
Train Epoch: 17 [8000/10000 (80%)]	Loss: 0.228617
Train Epoch: 17 [8800/10000 (88%)]	Loss: 0.250540
Train Epoch: 17 [9600/10000 (96%)]	Loss: 0.247729
Audio Event Detection Segment-level F1: 61.6
Visual Event Detection Segment-level F1: 52.9
Audio-Visual Event Detection Segment-level F1: 48.5
Segment-levelType@Avg. F1: 54.3
Segment-level Event@Avg. F1: 56.3
Audio Event Detection Event-level F1: 51.7
Visual Event Detection Event-level F1: 48.2
Audio-Visual Event Detection Event-level F1: 41.4
Event-level Type@Avg. F1: 47.1
Event-level Event@Avg. F1: 49.1
Train Epoch: 18 [0/10000 (0%)]	Loss: 0.290743
Train Epoch: 18 [800/10000 (8%)]	Loss: 0.256857
Train Epoch: 18 [1600/10000 (16%)]	Loss: 0.265444
Train Epoch: 18 [2400/10000 (24%)]	Loss: 0.250192
Train Epoch: 18 [3200/10000 (32%)]	Loss: 0.267540
Train Epoch: 18 [4000/10000 (40%)]	Loss: 0.282473
Train Epoch: 18 [4800/10000 (48%)]	Loss: 0.335867
Train Epoch: 18 [5600/10000 (56%)]	Loss: 0.263153
Train Epoch: 18 [6400/10000 (64%)]	Loss: 0.288925
Train Epoch: 18 [7200/10000 (72%)]	Loss: 0.326871
Train Epoch: 18 [8000/10000 (80%)]	Loss: 0.294846
Train Epoch: 18 [8800/10000 (88%)]	Loss: 0.332387
Train Epoch: 18 [9600/10000 (96%)]	Loss: 0.293294
Audio Event Detection Segment-level F1: 60.6
Visual Event Detection Segment-level F1: 53.9
Audio-Visual Event Detection Segment-level F1: 49.5
Segment-levelType@Avg. F1: 54.7
Segment-level Event@Avg. F1: 55.9
Audio Event Detection Event-level F1: 51.5
Visual Event Detection Event-level F1: 49.7
Audio-Visual Event Detection Event-level F1: 42.6
Event-level Type@Avg. F1: 47.9
Event-level Event@Avg. F1: 49.4
Train Epoch: 19 [0/10000 (0%)]	Loss: 0.251795
Train Epoch: 19 [800/10000 (8%)]	Loss: 0.256248
Train Epoch: 19 [1600/10000 (16%)]	Loss: 0.257453
Train Epoch: 19 [2400/10000 (24%)]	Loss: 0.248789
Train Epoch: 19 [3200/10000 (32%)]	Loss: 0.274920
Train Epoch: 19 [4000/10000 (40%)]	Loss: 0.231321
Train Epoch: 19 [4800/10000 (48%)]	Loss: 0.263032
Train Epoch: 19 [5600/10000 (56%)]	Loss: 0.273230
Train Epoch: 19 [6400/10000 (64%)]	Loss: 0.254110
Train Epoch: 19 [7200/10000 (72%)]	Loss: 0.250283
Train Epoch: 19 [8000/10000 (80%)]	Loss: 0.234326
Train Epoch: 19 [8800/10000 (88%)]	Loss: 0.250591
Train Epoch: 19 [9600/10000 (96%)]	Loss: 0.306452
Audio Event Detection Segment-level F1: 60.4
Visual Event Detection Segment-level F1: 53.6
Audio-Visual Event Detection Segment-level F1: 49.3
Segment-levelType@Avg. F1: 54.4
Segment-level Event@Avg. F1: 55.7
Audio Event Detection Event-level F1: 51.1
Visual Event Detection Event-level F1: 49.5
Audio-Visual Event Detection Event-level F1: 42.0
Event-level Type@Avg. F1: 47.5
Event-level Event@Avg. F1: 49.0
Train Epoch: 20 [0/10000 (0%)]	Loss: 0.265313
Train Epoch: 20 [800/10000 (8%)]	Loss: 0.241371
Train Epoch: 20 [1600/10000 (16%)]	Loss: 0.227844
Train Epoch: 20 [2400/10000 (24%)]	Loss: 0.271606
Train Epoch: 20 [3200/10000 (32%)]	Loss: 0.241412
Train Epoch: 20 [4000/10000 (40%)]	Loss: 0.247971
Train Epoch: 20 [4800/10000 (48%)]	Loss: 0.250222
Train Epoch: 20 [5600/10000 (56%)]	Loss: 0.248310
Train Epoch: 20 [6400/10000 (64%)]	Loss: 0.256905
Train Epoch: 20 [7200/10000 (72%)]	Loss: 0.259837
Train Epoch: 20 [8000/10000 (80%)]	Loss: 0.256964
Train Epoch: 20 [8800/10000 (88%)]	Loss: 0.258145
Train Epoch: 20 [9600/10000 (96%)]	Loss: 0.275028
Audio Event Detection Segment-level F1: 61.0
Visual Event Detection Segment-level F1: 53.0
Audio-Visual Event Detection Segment-level F1: 48.2
Segment-levelType@Avg. F1: 54.0
Segment-level Event@Avg. F1: 56.1
Audio Event Detection Event-level F1: 51.6
Visual Event Detection Event-level F1: 48.6
Audio-Visual Event Detection Event-level F1: 41.6
Event-level Type@Avg. F1: 47.3
Event-level Event@Avg. F1: 49.4
Train Epoch: 21 [0/10000 (0%)]	Loss: 0.263057
Train Epoch: 21 [800/10000 (8%)]	Loss: 0.237916
Train Epoch: 21 [1600/10000 (16%)]	Loss: 0.251781
Train Epoch: 21 [2400/10000 (24%)]	Loss: 0.260057
Train Epoch: 21 [3200/10000 (32%)]	Loss: 0.231869
Train Epoch: 21 [4000/10000 (40%)]	Loss: 0.280374
Train Epoch: 21 [4800/10000 (48%)]	Loss: 0.249086
Train Epoch: 21 [5600/10000 (56%)]	Loss: 0.286813
Train Epoch: 21 [6400/10000 (64%)]	Loss: 0.245744
Train Epoch: 21 [7200/10000 (72%)]	Loss: 0.258705
Train Epoch: 21 [8000/10000 (80%)]	Loss: 0.247035
Train Epoch: 21 [8800/10000 (88%)]	Loss: 0.232901
Train Epoch: 21 [9600/10000 (96%)]	Loss: 0.262953
Audio Event Detection Segment-level F1: 60.6
Visual Event Detection Segment-level F1: 53.3
Audio-Visual Event Detection Segment-level F1: 48.6
Segment-levelType@Avg. F1: 54.2
Segment-level Event@Avg. F1: 55.8
Audio Event Detection Event-level F1: 51.4
Visual Event Detection Event-level F1: 49.1
Audio-Visual Event Detection Event-level F1: 42.1
Event-level Type@Avg. F1: 47.5
Event-level Event@Avg. F1: 49.3
Train Epoch: 22 [0/10000 (0%)]	Loss: 0.305913
Train Epoch: 22 [800/10000 (8%)]	Loss: 0.291807
Train Epoch: 22 [1600/10000 (16%)]	Loss: 0.252134
Train Epoch: 22 [2400/10000 (24%)]	Loss: 0.240276
Train Epoch: 22 [3200/10000 (32%)]	Loss: 0.256933
Train Epoch: 22 [4000/10000 (40%)]	Loss: 0.265078
Train Epoch: 22 [4800/10000 (48%)]	Loss: 0.223199
Train Epoch: 22 [5600/10000 (56%)]	Loss: 0.240186
Train Epoch: 22 [6400/10000 (64%)]	Loss: 0.288486
Train Epoch: 22 [7200/10000 (72%)]	Loss: 0.242860
Train Epoch: 22 [8000/10000 (80%)]	Loss: 0.217161
Train Epoch: 22 [8800/10000 (88%)]	Loss: 0.273849
Train Epoch: 22 [9600/10000 (96%)]	Loss: 0.225607
Audio Event Detection Segment-level F1: 60.9
Visual Event Detection Segment-level F1: 52.9
Audio-Visual Event Detection Segment-level F1: 48.5
Segment-levelType@Avg. F1: 54.1
Segment-level Event@Avg. F1: 55.9
Audio Event Detection Event-level F1: 51.4
Visual Event Detection Event-level F1: 48.5
Audio-Visual Event Detection Event-level F1: 41.9
Event-level Type@Avg. F1: 47.3
Event-level Event@Avg. F1: 49.2
Train Epoch: 23 [0/10000 (0%)]	Loss: 0.230155
Train Epoch: 23 [800/10000 (8%)]	Loss: 0.247997
Train Epoch: 23 [1600/10000 (16%)]	Loss: 0.233292
Train Epoch: 23 [2400/10000 (24%)]	Loss: 0.255579
Train Epoch: 23 [3200/10000 (32%)]	Loss: 0.240007
Train Epoch: 23 [4000/10000 (40%)]	Loss: 0.254746
Train Epoch: 23 [4800/10000 (48%)]	Loss: 0.238707
Train Epoch: 23 [5600/10000 (56%)]	Loss: 0.339206
Train Epoch: 23 [6400/10000 (64%)]	Loss: 0.243773
Train Epoch: 23 [7200/10000 (72%)]	Loss: 0.244374
Train Epoch: 23 [8000/10000 (80%)]	Loss: 0.242458
Train Epoch: 23 [8800/10000 (88%)]	Loss: 0.240653
Train Epoch: 23 [9600/10000 (96%)]	Loss: 0.264087
Audio Event Detection Segment-level F1: 60.8
Visual Event Detection Segment-level F1: 52.9
Audio-Visual Event Detection Segment-level F1: 48.4
Segment-levelType@Avg. F1: 54.0
Segment-level Event@Avg. F1: 55.9
Audio Event Detection Event-level F1: 51.4
Visual Event Detection Event-level F1: 48.5
Audio-Visual Event Detection Event-level F1: 41.8
Event-level Type@Avg. F1: 47.2
Event-level Event@Avg. F1: 49.2
Train Epoch: 24 [0/10000 (0%)]	Loss: 0.220318
Train Epoch: 24 [800/10000 (8%)]	Loss: 0.244329
Train Epoch: 24 [1600/10000 (16%)]	Loss: 0.246284
Train Epoch: 24 [2400/10000 (24%)]	Loss: 0.306292
Train Epoch: 24 [3200/10000 (32%)]	Loss: 0.284235
Train Epoch: 24 [4000/10000 (40%)]	Loss: 0.227082
Train Epoch: 24 [4800/10000 (48%)]	Loss: 0.245817
Train Epoch: 24 [5600/10000 (56%)]	Loss: 0.289484
Train Epoch: 24 [6400/10000 (64%)]	Loss: 0.305499
Train Epoch: 24 [7200/10000 (72%)]	Loss: 0.286169
Train Epoch: 24 [8000/10000 (80%)]	Loss: 0.240708
Train Epoch: 24 [8800/10000 (88%)]	Loss: 0.254554
Train Epoch: 24 [9600/10000 (96%)]	Loss: 0.234046
Audio Event Detection Segment-level F1: 61.0
Visual Event Detection Segment-level F1: 52.5
Audio-Visual Event Detection Segment-level F1: 48.2
Segment-levelType@Avg. F1: 53.9
Segment-level Event@Avg. F1: 55.8
Audio Event Detection Event-level F1: 51.6
Visual Event Detection Event-level F1: 48.2
Audio-Visual Event Detection Event-level F1: 41.9
Event-level Type@Avg. F1: 47.2
Event-level Event@Avg. F1: 49.2
Train Epoch: 25 [0/10000 (0%)]	Loss: 0.279574
Train Epoch: 25 [800/10000 (8%)]	Loss: 0.268510
Train Epoch: 25 [1600/10000 (16%)]	Loss: 0.237972
Train Epoch: 25 [2400/10000 (24%)]	Loss: 0.224972
Train Epoch: 25 [3200/10000 (32%)]	Loss: 0.222682
Train Epoch: 25 [4000/10000 (40%)]	Loss: 0.238650
Train Epoch: 25 [4800/10000 (48%)]	Loss: 0.256207
Train Epoch: 25 [5600/10000 (56%)]	Loss: 0.260727
Train Epoch: 25 [6400/10000 (64%)]	Loss: 0.252944
Train Epoch: 25 [7200/10000 (72%)]	Loss: 0.244417
Train Epoch: 25 [8000/10000 (80%)]	Loss: 0.237009
Train Epoch: 25 [8800/10000 (88%)]	Loss: 0.269726
Train Epoch: 25 [9600/10000 (96%)]	Loss: 0.271375
Audio Event Detection Segment-level F1: 60.4
Visual Event Detection Segment-level F1: 53.0
Audio-Visual Event Detection Segment-level F1: 48.6
Segment-levelType@Avg. F1: 54.0
Segment-level Event@Avg. F1: 55.5
Audio Event Detection Event-level F1: 51.6
Visual Event Detection Event-level F1: 48.9
Audio-Visual Event Detection Event-level F1: 42.2
Event-level Type@Avg. F1: 47.6
Event-level Event@Avg. F1: 49.4
Train Epoch: 26 [0/10000 (0%)]	Loss: 0.255760
Train Epoch: 26 [800/10000 (8%)]	Loss: 0.259749
Train Epoch: 26 [1600/10000 (16%)]	Loss: 0.243221
Train Epoch: 26 [2400/10000 (24%)]	Loss: 0.236946
Train Epoch: 26 [3200/10000 (32%)]	Loss: 0.239531
Train Epoch: 26 [4000/10000 (40%)]	Loss: 0.227966
Train Epoch: 26 [4800/10000 (48%)]	Loss: 0.264674
Train Epoch: 26 [5600/10000 (56%)]	Loss: 0.230782
Train Epoch: 26 [6400/10000 (64%)]	Loss: 0.243871
Train Epoch: 26 [7200/10000 (72%)]	Loss: 0.223786
Train Epoch: 26 [8000/10000 (80%)]	Loss: 0.258818
Train Epoch: 26 [8800/10000 (88%)]	Loss: 0.250941
Train Epoch: 26 [9600/10000 (96%)]	Loss: 0.289573
Audio Event Detection Segment-level F1: 60.4
Visual Event Detection Segment-level F1: 53.3
Audio-Visual Event Detection Segment-level F1: 48.9
Segment-levelType@Avg. F1: 54.2
Segment-level Event@Avg. F1: 55.6
Audio Event Detection Event-level F1: 51.4
Visual Event Detection Event-level F1: 49.2
Audio-Visual Event Detection Event-level F1: 42.2
Event-level Type@Avg. F1: 47.6
Event-level Event@Avg. F1: 49.3
Train Epoch: 27 [0/10000 (0%)]	Loss: 0.234724
Train Epoch: 27 [800/10000 (8%)]	Loss: 0.270264
Train Epoch: 27 [1600/10000 (16%)]	Loss: 0.284741
Train Epoch: 27 [2400/10000 (24%)]	Loss: 0.254156
Train Epoch: 27 [3200/10000 (32%)]	Loss: 0.238035
Train Epoch: 27 [4000/10000 (40%)]	Loss: 0.230956
Train Epoch: 27 [4800/10000 (48%)]	Loss: 0.233352
Train Epoch: 27 [5600/10000 (56%)]	Loss: 0.264376
Train Epoch: 27 [6400/10000 (64%)]	Loss: 0.246218
Train Epoch: 27 [7200/10000 (72%)]	Loss: 0.243696
Train Epoch: 27 [8000/10000 (80%)]	Loss: 0.236764
Train Epoch: 27 [8800/10000 (88%)]	Loss: 0.231563
Train Epoch: 27 [9600/10000 (96%)]	Loss: 0.272059
Audio Event Detection Segment-level F1: 60.5
Visual Event Detection Segment-level F1: 53.4
Audio-Visual Event Detection Segment-level F1: 48.7
Segment-levelType@Avg. F1: 54.2
Segment-level Event@Avg. F1: 55.7
Audio Event Detection Event-level F1: 51.2
Visual Event Detection Event-level F1: 49.3
Audio-Visual Event Detection Event-level F1: 42.1
Event-level Type@Avg. F1: 47.5
Event-level Event@Avg. F1: 49.2
Train Epoch: 28 [0/10000 (0%)]	Loss: 0.270791
Train Epoch: 28 [800/10000 (8%)]	Loss: 0.251236
Train Epoch: 28 [1600/10000 (16%)]	Loss: 0.233896
Train Epoch: 28 [2400/10000 (24%)]	Loss: 0.269036
Train Epoch: 28 [3200/10000 (32%)]	Loss: 0.252428
Train Epoch: 28 [4000/10000 (40%)]	Loss: 0.247421
Train Epoch: 28 [4800/10000 (48%)]	Loss: 0.264968
Train Epoch: 28 [5600/10000 (56%)]	Loss: 0.261824
Train Epoch: 28 [6400/10000 (64%)]	Loss: 0.235050
Train Epoch: 28 [7200/10000 (72%)]	Loss: 0.235644
Train Epoch: 28 [8000/10000 (80%)]	Loss: 0.240224
Train Epoch: 28 [8800/10000 (88%)]	Loss: 0.247326
Train Epoch: 28 [9600/10000 (96%)]	Loss: 0.238568
Audio Event Detection Segment-level F1: 60.7
Visual Event Detection Segment-level F1: 53.1
Audio-Visual Event Detection Segment-level F1: 48.5
Segment-levelType@Avg. F1: 54.1
Segment-level Event@Avg. F1: 55.8
Audio Event Detection Event-level F1: 51.2
Visual Event Detection Event-level F1: 49.0
Audio-Visual Event Detection Event-level F1: 41.9
Event-level Type@Avg. F1: 47.4
Event-level Event@Avg. F1: 49.2
Train Epoch: 29 [0/10000 (0%)]	Loss: 0.249392
Train Epoch: 29 [800/10000 (8%)]	Loss: 0.231788
Train Epoch: 29 [1600/10000 (16%)]	Loss: 0.238585
Train Epoch: 29 [2400/10000 (24%)]	Loss: 0.239021
Train Epoch: 29 [3200/10000 (32%)]	Loss: 0.237237
Train Epoch: 29 [4000/10000 (40%)]	Loss: 0.280455
Train Epoch: 29 [4800/10000 (48%)]	Loss: 0.246624
Train Epoch: 29 [5600/10000 (56%)]	Loss: 0.240276
Train Epoch: 29 [6400/10000 (64%)]	Loss: 0.228572
Train Epoch: 29 [7200/10000 (72%)]	Loss: 0.247227
Train Epoch: 29 [8000/10000 (80%)]	Loss: 0.246838
Train Epoch: 29 [8800/10000 (88%)]	Loss: 0.244008
Train Epoch: 29 [9600/10000 (96%)]	Loss: 0.243348
Audio Event Detection Segment-level F1: 60.5
Visual Event Detection Segment-level F1: 53.0
Audio-Visual Event Detection Segment-level F1: 48.6
Segment-levelType@Avg. F1: 54.0
Segment-level Event@Avg. F1: 55.6
Audio Event Detection Event-level F1: 51.2
Visual Event Detection Event-level F1: 49.0
Audio-Visual Event Detection Event-level F1: 42.2
Event-level Type@Avg. F1: 47.5
Event-level Event@Avg. F1: 49.0
Train Epoch: 30 [0/10000 (0%)]	Loss: 0.246725
Train Epoch: 30 [800/10000 (8%)]	Loss: 0.246512
Train Epoch: 30 [1600/10000 (16%)]	Loss: 0.266146
Train Epoch: 30 [2400/10000 (24%)]	Loss: 0.232988
Train Epoch: 30 [3200/10000 (32%)]	Loss: 0.254192
Train Epoch: 30 [4000/10000 (40%)]	Loss: 0.282139
Train Epoch: 30 [4800/10000 (48%)]	Loss: 0.261713
Train Epoch: 30 [5600/10000 (56%)]	Loss: 0.292552
Train Epoch: 30 [6400/10000 (64%)]	Loss: 0.277585
Train Epoch: 30 [7200/10000 (72%)]	Loss: 0.241357
Train Epoch: 30 [8000/10000 (80%)]	Loss: 0.248246
Train Epoch: 30 [8800/10000 (88%)]	Loss: 0.236420
Train Epoch: 30 [9600/10000 (96%)]	Loss: 0.245292
Audio Event Detection Segment-level F1: 60.5
Visual Event Detection Segment-level F1: 53.4
Audio-Visual Event Detection Segment-level F1: 48.6
Segment-levelType@Avg. F1: 54.2
Segment-level Event@Avg. F1: 55.7
Audio Event Detection Event-level F1: 51.0
Visual Event Detection Event-level F1: 49.3
Audio-Visual Event Detection Event-level F1: 42.1
Event-level Type@Avg. F1: 47.5
Event-level Event@Avg. F1: 49.1
Train Epoch: 31 [0/10000 (0%)]	Loss: 0.269089
Train Epoch: 31 [800/10000 (8%)]	Loss: 0.227722
Train Epoch: 31 [1600/10000 (16%)]	Loss: 0.257136
Train Epoch: 31 [2400/10000 (24%)]	Loss: 0.229812
Train Epoch: 31 [3200/10000 (32%)]	Loss: 0.257708
Train Epoch: 31 [4000/10000 (40%)]	Loss: 0.242595
Train Epoch: 31 [4800/10000 (48%)]	Loss: 0.253673
Train Epoch: 31 [5600/10000 (56%)]	Loss: 0.266271
Train Epoch: 31 [6400/10000 (64%)]	Loss: 0.286495
Train Epoch: 31 [7200/10000 (72%)]	Loss: 0.262290
Train Epoch: 31 [8000/10000 (80%)]	Loss: 0.282742
Train Epoch: 31 [8800/10000 (88%)]	Loss: 0.242088
Train Epoch: 31 [9600/10000 (96%)]	Loss: 0.246564
Audio Event Detection Segment-level F1: 60.7
Visual Event Detection Segment-level F1: 53.3
Audio-Visual Event Detection Segment-level F1: 48.6
Segment-levelType@Avg. F1: 54.2
Segment-level Event@Avg. F1: 55.7
Audio Event Detection Event-level F1: 51.2
Visual Event Detection Event-level F1: 49.2
Audio-Visual Event Detection Event-level F1: 42.0
Event-level Type@Avg. F1: 47.5
Event-level Event@Avg. F1: 49.2
Train Epoch: 32 [0/10000 (0%)]	Loss: 0.295118
Train Epoch: 32 [800/10000 (8%)]	Loss: 0.249465
Train Epoch: 32 [1600/10000 (16%)]	Loss: 0.233904
Train Epoch: 32 [2400/10000 (24%)]	Loss: 0.292571
Train Epoch: 32 [3200/10000 (32%)]	Loss: 0.265522
Train Epoch: 32 [4000/10000 (40%)]	Loss: 0.230514
Train Epoch: 32 [4800/10000 (48%)]	Loss: 0.226148
Train Epoch: 32 [5600/10000 (56%)]	Loss: 0.237490
Train Epoch: 32 [6400/10000 (64%)]	Loss: 0.228703
Train Epoch: 32 [7200/10000 (72%)]	Loss: 0.233724
Train Epoch: 32 [8000/10000 (80%)]	Loss: 0.290176
Train Epoch: 32 [8800/10000 (88%)]	Loss: 0.263284
Train Epoch: 32 [9600/10000 (96%)]	Loss: 0.219342
Audio Event Detection Segment-level F1: 60.5
Visual Event Detection Segment-level F1: 53.3
Audio-Visual Event Detection Segment-level F1: 48.7
Segment-levelType@Avg. F1: 54.2
Segment-level Event@Avg. F1: 55.6
Audio Event Detection Event-level F1: 51.1
Visual Event Detection Event-level F1: 49.3
Audio-Visual Event Detection Event-level F1: 42.2
Event-level Type@Avg. F1: 47.5
Event-level Event@Avg. F1: 49.0
Train Epoch: 33 [0/10000 (0%)]	Loss: 0.244858
Train Epoch: 33 [800/10000 (8%)]	Loss: 0.265143
Train Epoch: 33 [1600/10000 (16%)]	Loss: 0.276378
Train Epoch: 33 [2400/10000 (24%)]	Loss: 0.278592
Train Epoch: 33 [3200/10000 (32%)]	Loss: 0.234440
Train Epoch: 33 [4000/10000 (40%)]	Loss: 0.248554
Train Epoch: 33 [4800/10000 (48%)]	Loss: 0.253672
Train Epoch: 33 [5600/10000 (56%)]	Loss: 0.301973
Train Epoch: 33 [6400/10000 (64%)]	Loss: 0.223949
Train Epoch: 33 [7200/10000 (72%)]	Loss: 0.235306
Train Epoch: 33 [8000/10000 (80%)]	Loss: 0.230549
Train Epoch: 33 [8800/10000 (88%)]	Loss: 0.226299
Train Epoch: 33 [9600/10000 (96%)]	Loss: 0.239601
Audio Event Detection Segment-level F1: 60.5
Visual Event Detection Segment-level F1: 53.3
Audio-Visual Event Detection Segment-level F1: 48.7
Segment-levelType@Avg. F1: 54.2
Segment-level Event@Avg. F1: 55.6
Audio Event Detection Event-level F1: 51.0
Visual Event Detection Event-level F1: 49.2
Audio-Visual Event Detection Event-level F1: 42.1
Event-level Type@Avg. F1: 47.5
Event-level Event@Avg. F1: 49.0
Train Epoch: 34 [0/10000 (0%)]	Loss: 0.229106
Train Epoch: 34 [800/10000 (8%)]	Loss: 0.254155
Train Epoch: 34 [1600/10000 (16%)]	Loss: 0.223269
Train Epoch: 34 [2400/10000 (24%)]	Loss: 0.233537
Train Epoch: 34 [3200/10000 (32%)]	Loss: 0.245207
Train Epoch: 34 [4000/10000 (40%)]	Loss: 0.259886
Train Epoch: 34 [4800/10000 (48%)]	Loss: 0.275199
Train Epoch: 34 [5600/10000 (56%)]	Loss: 0.246844
Train Epoch: 34 [6400/10000 (64%)]	Loss: 0.226062
Train Epoch: 34 [7200/10000 (72%)]	Loss: 0.264148
Train Epoch: 34 [8000/10000 (80%)]	Loss: 0.239068
Train Epoch: 34 [8800/10000 (88%)]	Loss: 0.239515
Train Epoch: 34 [9600/10000 (96%)]	Loss: 0.262272
Audio Event Detection Segment-level F1: 60.5
Visual Event Detection Segment-level F1: 53.3
Audio-Visual Event Detection Segment-level F1: 48.7
Segment-levelType@Avg. F1: 54.2
Segment-level Event@Avg. F1: 55.6
Audio Event Detection Event-level F1: 51.1
Visual Event Detection Event-level F1: 49.3
Audio-Visual Event Detection Event-level F1: 42.2
Event-level Type@Avg. F1: 47.5
Event-level Event@Avg. F1: 49.1
Train Epoch: 35 [0/10000 (0%)]	Loss: 0.225607
Train Epoch: 35 [800/10000 (8%)]	Loss: 0.230820
Train Epoch: 35 [1600/10000 (16%)]	Loss: 0.231952
Train Epoch: 35 [2400/10000 (24%)]	Loss: 0.250654
Train Epoch: 35 [3200/10000 (32%)]	Loss: 0.226016
Train Epoch: 35 [4000/10000 (40%)]	Loss: 0.236646
Train Epoch: 35 [4800/10000 (48%)]	Loss: 0.243953
Train Epoch: 35 [5600/10000 (56%)]	Loss: 0.234253
Train Epoch: 35 [6400/10000 (64%)]	Loss: 0.283918
Train Epoch: 35 [7200/10000 (72%)]	Loss: 0.264712
Train Epoch: 35 [8000/10000 (80%)]	Loss: 0.266137
Train Epoch: 35 [8800/10000 (88%)]	Loss: 0.227487
Train Epoch: 35 [9600/10000 (96%)]	Loss: 0.254862
Audio Event Detection Segment-level F1: 60.6
Visual Event Detection Segment-level F1: 53.3
Audio-Visual Event Detection Segment-level F1: 48.7
Segment-levelType@Avg. F1: 54.2
Segment-level Event@Avg. F1: 55.6
Audio Event Detection Event-level F1: 51.2
Visual Event Detection Event-level F1: 49.3
Audio-Visual Event Detection Event-level F1: 42.2
Event-level Type@Avg. F1: 47.5
Event-level Event@Avg. F1: 49.1
Train Epoch: 36 [0/10000 (0%)]	Loss: 0.232832
Train Epoch: 36 [800/10000 (8%)]	Loss: 0.230016
Train Epoch: 36 [1600/10000 (16%)]	Loss: 0.227181
Train Epoch: 36 [2400/10000 (24%)]	Loss: 0.237567
Train Epoch: 36 [3200/10000 (32%)]	Loss: 0.269295
Train Epoch: 36 [4000/10000 (40%)]	Loss: 0.240360
Train Epoch: 36 [4800/10000 (48%)]	Loss: 0.268565
Train Epoch: 36 [5600/10000 (56%)]	Loss: 0.240945
Train Epoch: 36 [6400/10000 (64%)]	Loss: 0.227986
Train Epoch: 36 [7200/10000 (72%)]	Loss: 0.251501
Train Epoch: 36 [8000/10000 (80%)]	Loss: 0.228312
Train Epoch: 36 [8800/10000 (88%)]	Loss: 0.241066
Train Epoch: 36 [9600/10000 (96%)]	Loss: 0.246748
Audio Event Detection Segment-level F1: 60.6
Visual Event Detection Segment-level F1: 53.3
Audio-Visual Event Detection Segment-level F1: 48.7
Segment-levelType@Avg. F1: 54.2
Segment-level Event@Avg. F1: 55.7
Audio Event Detection Event-level F1: 51.2
Visual Event Detection Event-level F1: 49.4
Audio-Visual Event Detection Event-level F1: 42.2
Event-level Type@Avg. F1: 47.6
Event-level Event@Avg. F1: 49.2
Train Epoch: 37 [0/10000 (0%)]	Loss: 0.258348
Train Epoch: 37 [800/10000 (8%)]	Loss: 0.265458
Train Epoch: 37 [1600/10000 (16%)]	Loss: 0.226363
Train Epoch: 37 [2400/10000 (24%)]	Loss: 0.242624
Train Epoch: 37 [3200/10000 (32%)]	Loss: 0.258345
Train Epoch: 37 [4000/10000 (40%)]	Loss: 0.266481
Train Epoch: 37 [4800/10000 (48%)]	Loss: 0.296416
Train Epoch: 37 [5600/10000 (56%)]	Loss: 0.269399
Train Epoch: 37 [6400/10000 (64%)]	Loss: 0.252109
Train Epoch: 37 [7200/10000 (72%)]	Loss: 0.267446
Train Epoch: 37 [8000/10000 (80%)]	Loss: 0.258440
Train Epoch: 37 [8800/10000 (88%)]	Loss: 0.244578
Train Epoch: 37 [9600/10000 (96%)]	Loss: 0.230613
Audio Event Detection Segment-level F1: 60.5
Visual Event Detection Segment-level F1: 53.3
Audio-Visual Event Detection Segment-level F1: 48.7
Segment-levelType@Avg. F1: 54.2
Segment-level Event@Avg. F1: 55.6
Audio Event Detection Event-level F1: 51.2
Visual Event Detection Event-level F1: 49.3
Audio-Visual Event Detection Event-level F1: 42.1
Event-level Type@Avg. F1: 47.5
Event-level Event@Avg. F1: 49.1
Train Epoch: 38 [0/10000 (0%)]	Loss: 0.252547
Train Epoch: 38 [800/10000 (8%)]	Loss: 0.265561
Train Epoch: 38 [1600/10000 (16%)]	Loss: 0.226503
Train Epoch: 38 [2400/10000 (24%)]	Loss: 0.241623
Train Epoch: 38 [3200/10000 (32%)]	Loss: 0.236818
Train Epoch: 38 [4000/10000 (40%)]	Loss: 0.241912
Train Epoch: 38 [4800/10000 (48%)]	Loss: 0.255910
Train Epoch: 38 [5600/10000 (56%)]	Loss: 0.274558
Train Epoch: 38 [6400/10000 (64%)]	Loss: 0.250170
Train Epoch: 38 [7200/10000 (72%)]	Loss: 0.241885
Train Epoch: 38 [8000/10000 (80%)]	Loss: 0.244215
Train Epoch: 38 [8800/10000 (88%)]	Loss: 0.256232
Train Epoch: 38 [9600/10000 (96%)]	Loss: 0.298461
Audio Event Detection Segment-level F1: 60.5
Visual Event Detection Segment-level F1: 53.4
Audio-Visual Event Detection Segment-level F1: 48.8
Segment-levelType@Avg. F1: 54.2
Segment-level Event@Avg. F1: 55.6
Audio Event Detection Event-level F1: 51.1
Visual Event Detection Event-level F1: 49.4
Audio-Visual Event Detection Event-level F1: 42.3
Event-level Type@Avg. F1: 47.6
Event-level Event@Avg. F1: 49.1
Train Epoch: 39 [0/10000 (0%)]	Loss: 0.257740
Train Epoch: 39 [800/10000 (8%)]	Loss: 0.232492
Train Epoch: 39 [1600/10000 (16%)]	Loss: 0.234228
Train Epoch: 39 [2400/10000 (24%)]	Loss: 0.240154
Train Epoch: 39 [3200/10000 (32%)]	Loss: 0.262419
Train Epoch: 39 [4000/10000 (40%)]	Loss: 0.243360
Train Epoch: 39 [4800/10000 (48%)]	Loss: 0.288642
Train Epoch: 39 [5600/10000 (56%)]	Loss: 0.252521
Train Epoch: 39 [6400/10000 (64%)]	Loss: 0.232223
Train Epoch: 39 [7200/10000 (72%)]	Loss: 0.247633
Train Epoch: 39 [8000/10000 (80%)]	Loss: 0.248115
Train Epoch: 39 [8800/10000 (88%)]	Loss: 0.239803
Train Epoch: 39 [9600/10000 (96%)]	Loss: 0.287581
Audio Event Detection Segment-level F1: 60.5
Visual Event Detection Segment-level F1: 53.3
Audio-Visual Event Detection Segment-level F1: 48.7
Segment-levelType@Avg. F1: 54.2
Segment-level Event@Avg. F1: 55.6
Audio Event Detection Event-level F1: 51.1
Visual Event Detection Event-level F1: 49.3
Audio-Visual Event Detection Event-level F1: 42.1
Event-level Type@Avg. F1: 47.5
Event-level Event@Avg. F1: 49.0
Train Epoch: 40 [0/10000 (0%)]	Loss: 0.230072
Train Epoch: 40 [800/10000 (8%)]	Loss: 0.250248
Train Epoch: 40 [1600/10000 (16%)]	Loss: 0.292208
Train Epoch: 40 [2400/10000 (24%)]	Loss: 0.251442
Train Epoch: 40 [3200/10000 (32%)]	Loss: 0.236795
Train Epoch: 40 [4000/10000 (40%)]	Loss: 0.294173
Train Epoch: 40 [4800/10000 (48%)]	Loss: 0.238688
Train Epoch: 40 [5600/10000 (56%)]	Loss: 0.259024
Train Epoch: 40 [6400/10000 (64%)]	Loss: 0.238146
Train Epoch: 40 [7200/10000 (72%)]	Loss: 0.259079
Train Epoch: 40 [8000/10000 (80%)]	Loss: 0.258925
Train Epoch: 40 [8800/10000 (88%)]	Loss: 0.233386
Train Epoch: 40 [9600/10000 (96%)]	Loss: 0.272793
Audio Event Detection Segment-level F1: 60.6
Visual Event Detection Segment-level F1: 53.3
Audio-Visual Event Detection Segment-level F1: 48.7
Segment-levelType@Avg. F1: 54.2
Segment-level Event@Avg. F1: 55.6
Audio Event Detection Event-level F1: 51.2
Visual Event Detection Event-level F1: 49.3
Audio-Visual Event Detection Event-level F1: 42.2
Event-level Type@Avg. F1: 47.6
Event-level Event@Avg. F1: 49.1
