111111111111
Train Epoch: 1 [0/10000 (0%)]	Loss: 2.148910
Train Epoch: 1 [800/10000 (8%)]	Loss: 0.596891
Train Epoch: 1 [1600/10000 (16%)]	Loss: 0.576920
Train Epoch: 1 [2400/10000 (24%)]	Loss: 0.522571
Train Epoch: 1 [3200/10000 (32%)]	Loss: 0.461031
Train Epoch: 1 [4000/10000 (40%)]	Loss: 0.487054
Train Epoch: 1 [4800/10000 (48%)]	Loss: 0.434848
Train Epoch: 1 [5600/10000 (56%)]	Loss: 0.448241
Train Epoch: 1 [6400/10000 (64%)]	Loss: 0.442572
Train Epoch: 1 [7200/10000 (72%)]	Loss: 0.407756
Train Epoch: 1 [8000/10000 (80%)]	Loss: 0.359466
Train Epoch: 1 [8800/10000 (88%)]	Loss: 0.438924
Train Epoch: 1 [9600/10000 (96%)]	Loss: 0.408744
Audio Event Detection Segment-level F1: 51.5
Visual Event Detection Segment-level F1: 51.1
Audio-Visual Event Detection Segment-level F1: 40.0
Segment-levelType@Avg. F1: 47.5
Segment-level Event@Avg. F1: 50.7
Audio Event Detection Event-level F1: 41.1
Visual Event Detection Event-level F1: 45.3
Audio-Visual Event Detection Event-level F1: 31.1
Event-level Type@Avg. F1: 39.2
Event-level Event@Avg. F1: 40.8
Train Epoch: 2 [0/10000 (0%)]	Loss: 0.364770
Train Epoch: 2 [800/10000 (8%)]	Loss: 0.392393
Train Epoch: 2 [1600/10000 (16%)]	Loss: 0.346007
Train Epoch: 2 [2400/10000 (24%)]	Loss: 0.373740
Train Epoch: 2 [3200/10000 (32%)]	Loss: 0.429192
Train Epoch: 2 [4000/10000 (40%)]	Loss: 0.438839
Train Epoch: 2 [4800/10000 (48%)]	Loss: 0.383906
Train Epoch: 2 [5600/10000 (56%)]	Loss: 0.423271
Train Epoch: 2 [6400/10000 (64%)]	Loss: 0.472127
Train Epoch: 2 [7200/10000 (72%)]	Loss: 0.439082
Train Epoch: 2 [8000/10000 (80%)]	Loss: 0.415075
Train Epoch: 2 [8800/10000 (88%)]	Loss: 0.401753
Train Epoch: 2 [9600/10000 (96%)]	Loss: 0.467754
Audio Event Detection Segment-level F1: 53.3
Visual Event Detection Segment-level F1: 49.0
Audio-Visual Event Detection Segment-level F1: 40.2
Segment-levelType@Avg. F1: 47.5
Segment-level Event@Avg. F1: 51.1
Audio Event Detection Event-level F1: 43.7
Visual Event Detection Event-level F1: 44.5
Audio-Visual Event Detection Event-level F1: 31.5
Event-level Type@Avg. F1: 39.9
Event-level Event@Avg. F1: 42.5
Train Epoch: 3 [0/10000 (0%)]	Loss: 0.346496
Train Epoch: 3 [800/10000 (8%)]	Loss: 0.400815
Train Epoch: 3 [1600/10000 (16%)]	Loss: 0.369427
Train Epoch: 3 [2400/10000 (24%)]	Loss: 0.570383
Train Epoch: 3 [3200/10000 (32%)]	Loss: 0.513618
Train Epoch: 3 [4000/10000 (40%)]	Loss: 0.470236
Train Epoch: 3 [4800/10000 (48%)]	Loss: 0.388296
Train Epoch: 3 [5600/10000 (56%)]	Loss: 0.448029
Train Epoch: 3 [6400/10000 (64%)]	Loss: 0.388685
Train Epoch: 3 [7200/10000 (72%)]	Loss: 0.480714
Train Epoch: 3 [8000/10000 (80%)]	Loss: 0.353488
Train Epoch: 3 [8800/10000 (88%)]	Loss: 0.478642
Train Epoch: 3 [9600/10000 (96%)]	Loss: 0.365680
Audio Event Detection Segment-level F1: 53.3
Visual Event Detection Segment-level F1: 51.2
Audio-Visual Event Detection Segment-level F1: 42.0
Segment-levelType@Avg. F1: 48.8
Segment-level Event@Avg. F1: 52.3
Audio Event Detection Event-level F1: 44.4
Visual Event Detection Event-level F1: 47.4
Audio-Visual Event Detection Event-level F1: 35.7
Event-level Type@Avg. F1: 42.5
Event-level Event@Avg. F1: 43.4
Train Epoch: 4 [0/10000 (0%)]	Loss: 0.393970
Train Epoch: 4 [800/10000 (8%)]	Loss: 0.409275
Train Epoch: 4 [1600/10000 (16%)]	Loss: 0.445416
Train Epoch: 4 [2400/10000 (24%)]	Loss: 0.383955
Train Epoch: 4 [3200/10000 (32%)]	Loss: 0.422561
Train Epoch: 4 [4000/10000 (40%)]	Loss: 0.517543
Train Epoch: 4 [4800/10000 (48%)]	Loss: 0.431463
Train Epoch: 4 [5600/10000 (56%)]	Loss: 0.445755
Train Epoch: 4 [6400/10000 (64%)]	Loss: 0.448794
Train Epoch: 4 [7200/10000 (72%)]	Loss: 0.330960
Train Epoch: 4 [8000/10000 (80%)]	Loss: 0.342588
Train Epoch: 4 [8800/10000 (88%)]	Loss: 0.410005
Train Epoch: 4 [9600/10000 (96%)]	Loss: 0.395471
Audio Event Detection Segment-level F1: 54.1
Visual Event Detection Segment-level F1: 48.1
Audio-Visual Event Detection Segment-level F1: 39.8
Segment-levelType@Avg. F1: 47.4
Segment-level Event@Avg. F1: 51.4
Audio Event Detection Event-level F1: 45.1
Visual Event Detection Event-level F1: 41.6
Audio-Visual Event Detection Event-level F1: 32.2
Event-level Type@Avg. F1: 39.6
Event-level Event@Avg. F1: 41.7
Train Epoch: 5 [0/10000 (0%)]	Loss: 0.360791
Train Epoch: 5 [800/10000 (8%)]	Loss: 0.330229
Train Epoch: 5 [1600/10000 (16%)]	Loss: 0.397561
Train Epoch: 5 [2400/10000 (24%)]	Loss: 0.416299
Train Epoch: 5 [3200/10000 (32%)]	Loss: 0.383288
Train Epoch: 5 [4000/10000 (40%)]	Loss: 0.412490
Train Epoch: 5 [4800/10000 (48%)]	Loss: 0.368661
Train Epoch: 5 [5600/10000 (56%)]	Loss: 0.320032
Train Epoch: 5 [6400/10000 (64%)]	Loss: 0.345391
Train Epoch: 5 [7200/10000 (72%)]	Loss: 0.371263
Train Epoch: 5 [8000/10000 (80%)]	Loss: 0.339419
Train Epoch: 5 [8800/10000 (88%)]	Loss: 0.457016
Train Epoch: 5 [9600/10000 (96%)]	Loss: 0.368670
Audio Event Detection Segment-level F1: 53.2
Visual Event Detection Segment-level F1: 53.6
Audio-Visual Event Detection Segment-level F1: 43.1
Segment-levelType@Avg. F1: 50.0
Segment-level Event@Avg. F1: 52.7
Audio Event Detection Event-level F1: 43.7
Visual Event Detection Event-level F1: 48.6
Audio-Visual Event Detection Event-level F1: 35.7
Event-level Type@Avg. F1: 42.7
Event-level Event@Avg. F1: 43.4
Train Epoch: 6 [0/10000 (0%)]	Loss: 0.415852
Train Epoch: 6 [800/10000 (8%)]	Loss: 0.423041
Train Epoch: 6 [1600/10000 (16%)]	Loss: 0.377443
Train Epoch: 6 [2400/10000 (24%)]	Loss: 0.401848
Train Epoch: 6 [3200/10000 (32%)]	Loss: 0.360690
Train Epoch: 6 [4000/10000 (40%)]	Loss: 0.350025
Train Epoch: 6 [4800/10000 (48%)]	Loss: 0.325805
Train Epoch: 6 [5600/10000 (56%)]	Loss: 0.488338
Train Epoch: 6 [6400/10000 (64%)]	Loss: 0.337724
Train Epoch: 6 [7200/10000 (72%)]	Loss: 0.397457
Train Epoch: 6 [8000/10000 (80%)]	Loss: 0.301960
Train Epoch: 6 [8800/10000 (88%)]	Loss: 0.386148
Train Epoch: 6 [9600/10000 (96%)]	Loss: 0.365198
Audio Event Detection Segment-level F1: 53.5
Visual Event Detection Segment-level F1: 53.0
Audio-Visual Event Detection Segment-level F1: 42.8
Segment-levelType@Avg. F1: 49.8
Segment-level Event@Avg. F1: 52.7
Audio Event Detection Event-level F1: 43.1
Visual Event Detection Event-level F1: 48.0
Audio-Visual Event Detection Event-level F1: 33.4
Event-level Type@Avg. F1: 41.5
Event-level Event@Avg. F1: 42.4
Train Epoch: 7 [0/10000 (0%)]	Loss: 0.356629
Train Epoch: 7 [800/10000 (8%)]	Loss: 0.357367
Train Epoch: 7 [1600/10000 (16%)]	Loss: 0.436806
Train Epoch: 7 [2400/10000 (24%)]	Loss: 0.351037
Train Epoch: 7 [3200/10000 (32%)]	Loss: 0.319284
Train Epoch: 7 [4000/10000 (40%)]	Loss: 0.383034
Train Epoch: 7 [4800/10000 (48%)]	Loss: 0.348439
Train Epoch: 7 [5600/10000 (56%)]	Loss: 0.377765
Train Epoch: 7 [6400/10000 (64%)]	Loss: 0.346740
Train Epoch: 7 [7200/10000 (72%)]	Loss: 0.347792
Train Epoch: 7 [8000/10000 (80%)]	Loss: 0.339631
Train Epoch: 7 [8800/10000 (88%)]	Loss: 0.318928
Train Epoch: 7 [9600/10000 (96%)]	Loss: 0.412851
Audio Event Detection Segment-level F1: 54.3
Visual Event Detection Segment-level F1: 46.7
Audio-Visual Event Detection Segment-level F1: 39.8
Segment-levelType@Avg. F1: 46.9
Segment-level Event@Avg. F1: 51.2
Audio Event Detection Event-level F1: 43.8
Visual Event Detection Event-level F1: 40.5
Audio-Visual Event Detection Event-level F1: 29.7
Event-level Type@Avg. F1: 38.0
Event-level Event@Avg. F1: 41.1
Train Epoch: 8 [0/10000 (0%)]	Loss: 0.338516
Train Epoch: 8 [800/10000 (8%)]	Loss: 0.334611
Train Epoch: 8 [1600/10000 (16%)]	Loss: 0.292074
Train Epoch: 8 [2400/10000 (24%)]	Loss: 0.359567
Train Epoch: 8 [3200/10000 (32%)]	Loss: 0.341553
Train Epoch: 8 [4000/10000 (40%)]	Loss: 0.351140
Train Epoch: 8 [4800/10000 (48%)]	Loss: 0.351728
Train Epoch: 8 [5600/10000 (56%)]	Loss: 0.317323
Train Epoch: 8 [6400/10000 (64%)]	Loss: 0.420027
Train Epoch: 8 [7200/10000 (72%)]	Loss: 0.342736
Train Epoch: 8 [8000/10000 (80%)]	Loss: 0.324662
Train Epoch: 8 [8800/10000 (88%)]	Loss: 0.298570
Train Epoch: 8 [9600/10000 (96%)]	Loss: 0.328311
Audio Event Detection Segment-level F1: 54.5
Visual Event Detection Segment-level F1: 50.1
Audio-Visual Event Detection Segment-level F1: 41.4
Segment-levelType@Avg. F1: 48.7
Segment-level Event@Avg. F1: 52.8
Audio Event Detection Event-level F1: 43.3
Visual Event Detection Event-level F1: 45.7
Audio-Visual Event Detection Event-level F1: 33.0
Event-level Type@Avg. F1: 40.7
Event-level Event@Avg. F1: 42.7
Train Epoch: 9 [0/10000 (0%)]	Loss: 0.297896
Train Epoch: 9 [800/10000 (8%)]	Loss: 0.353296
Train Epoch: 9 [1600/10000 (16%)]	Loss: 0.380303
Train Epoch: 9 [2400/10000 (24%)]	Loss: 0.446853
Train Epoch: 9 [3200/10000 (32%)]	Loss: 0.409157
Train Epoch: 9 [4000/10000 (40%)]	Loss: 0.408984
Train Epoch: 9 [4800/10000 (48%)]	Loss: 0.344173
Train Epoch: 9 [5600/10000 (56%)]	Loss: 0.405510
Train Epoch: 9 [6400/10000 (64%)]	Loss: 0.352810
Train Epoch: 9 [7200/10000 (72%)]	Loss: 0.360010
Train Epoch: 9 [8000/10000 (80%)]	Loss: 0.349314
Train Epoch: 9 [8800/10000 (88%)]	Loss: 0.391600
Train Epoch: 9 [9600/10000 (96%)]	Loss: 0.421539
Audio Event Detection Segment-level F1: 52.6
Visual Event Detection Segment-level F1: 26.8
Audio-Visual Event Detection Segment-level F1: 25.2
Segment-levelType@Avg. F1: 34.9
Segment-level Event@Avg. F1: 41.2
Audio Event Detection Event-level F1: 42.7
Visual Event Detection Event-level F1: 23.8
Audio-Visual Event Detection Event-level F1: 20.5
Event-level Type@Avg. F1: 29.0
Event-level Event@Avg. F1: 34.4
Train Epoch: 10 [0/10000 (0%)]	Loss: 0.343132
Train Epoch: 10 [800/10000 (8%)]	Loss: 0.322466
Train Epoch: 10 [1600/10000 (16%)]	Loss: 0.362331
Train Epoch: 10 [2400/10000 (24%)]	Loss: 0.374655
Train Epoch: 10 [3200/10000 (32%)]	Loss: 0.368727
Train Epoch: 10 [4000/10000 (40%)]	Loss: 0.312263
Train Epoch: 10 [4800/10000 (48%)]	Loss: 0.330942
Train Epoch: 10 [5600/10000 (56%)]	Loss: 0.427164
Train Epoch: 10 [6400/10000 (64%)]	Loss: 0.335609
Train Epoch: 10 [7200/10000 (72%)]	Loss: 0.337960
Train Epoch: 10 [8000/10000 (80%)]	Loss: 0.415882
Train Epoch: 10 [8800/10000 (88%)]	Loss: 0.319251
Train Epoch: 10 [9600/10000 (96%)]	Loss: 0.303277
Audio Event Detection Segment-level F1: 50.2
Visual Event Detection Segment-level F1: 40.1
Audio-Visual Event Detection Segment-level F1: 33.7
Segment-levelType@Avg. F1: 41.3
Segment-level Event@Avg. F1: 45.2
Audio Event Detection Event-level F1: 38.0
Visual Event Detection Event-level F1: 37.0
Audio-Visual Event Detection Event-level F1: 25.8
Event-level Type@Avg. F1: 33.6
Event-level Event@Avg. F1: 35.7
Train Epoch: 11 [0/10000 (0%)]	Loss: 0.356007
Train Epoch: 11 [800/10000 (8%)]	Loss: 0.375960
Train Epoch: 11 [1600/10000 (16%)]	Loss: 0.332266
Train Epoch: 11 [2400/10000 (24%)]	Loss: 0.301439
Train Epoch: 11 [3200/10000 (32%)]	Loss: 0.324755
Train Epoch: 11 [4000/10000 (40%)]	Loss: 0.361614
Train Epoch: 11 [4800/10000 (48%)]	Loss: 0.315189
Train Epoch: 11 [5600/10000 (56%)]	Loss: 0.324703
Train Epoch: 11 [6400/10000 (64%)]	Loss: 0.324782
Train Epoch: 11 [7200/10000 (72%)]	Loss: 0.302711
Train Epoch: 11 [8000/10000 (80%)]	Loss: 0.292496
Train Epoch: 11 [8800/10000 (88%)]	Loss: 0.334300
Train Epoch: 11 [9600/10000 (96%)]	Loss: 0.314571
Audio Event Detection Segment-level F1: 51.7
Visual Event Detection Segment-level F1: 44.6
Audio-Visual Event Detection Segment-level F1: 37.3
Segment-levelType@Avg. F1: 44.5
Segment-level Event@Avg. F1: 47.7
Audio Event Detection Event-level F1: 39.9
Visual Event Detection Event-level F1: 42.8
Audio-Visual Event Detection Event-level F1: 30.0
Event-level Type@Avg. F1: 37.5
Event-level Event@Avg. F1: 38.7
Train Epoch: 12 [0/10000 (0%)]	Loss: 0.292289
Train Epoch: 12 [800/10000 (8%)]	Loss: 0.345038
Train Epoch: 12 [1600/10000 (16%)]	Loss: 0.322004
Train Epoch: 12 [2400/10000 (24%)]	Loss: 0.323392
Train Epoch: 12 [3200/10000 (32%)]	Loss: 0.372586
Train Epoch: 12 [4000/10000 (40%)]	Loss: 0.307692
Train Epoch: 12 [4800/10000 (48%)]	Loss: 0.321428
Train Epoch: 12 [5600/10000 (56%)]	Loss: 0.312712
Train Epoch: 12 [6400/10000 (64%)]	Loss: 0.276549
Train Epoch: 12 [7200/10000 (72%)]	Loss: 0.339201
Train Epoch: 12 [8000/10000 (80%)]	Loss: 0.286145
Train Epoch: 12 [8800/10000 (88%)]	Loss: 0.289039
Train Epoch: 12 [9600/10000 (96%)]	Loss: 0.305368
Audio Event Detection Segment-level F1: 52.4
Visual Event Detection Segment-level F1: 44.5
Audio-Visual Event Detection Segment-level F1: 37.6
Segment-levelType@Avg. F1: 44.8
Segment-level Event@Avg. F1: 47.8
Audio Event Detection Event-level F1: 40.1
Visual Event Detection Event-level F1: 42.3
Audio-Visual Event Detection Event-level F1: 30.0
Event-level Type@Avg. F1: 37.5
Event-level Event@Avg. F1: 38.7
Train Epoch: 13 [0/10000 (0%)]	Loss: 0.340710
Train Epoch: 13 [800/10000 (8%)]	Loss: 0.275685
Train Epoch: 13 [1600/10000 (16%)]	Loss: 0.297586
Train Epoch: 13 [2400/10000 (24%)]	Loss: 0.291364
Train Epoch: 13 [3200/10000 (32%)]	Loss: 0.313828
Train Epoch: 13 [4000/10000 (40%)]	Loss: 0.335182
Train Epoch: 13 [4800/10000 (48%)]	Loss: 0.324395
Train Epoch: 13 [5600/10000 (56%)]	Loss: 0.278959
Train Epoch: 13 [6400/10000 (64%)]	Loss: 0.344777
Train Epoch: 13 [7200/10000 (72%)]	Loss: 0.301341
Train Epoch: 13 [8000/10000 (80%)]	Loss: 0.292843
Train Epoch: 13 [8800/10000 (88%)]	Loss: 0.309627
Train Epoch: 13 [9600/10000 (96%)]	Loss: 0.320351
Audio Event Detection Segment-level F1: 51.9
Visual Event Detection Segment-level F1: 44.3
Audio-Visual Event Detection Segment-level F1: 37.0
Segment-levelType@Avg. F1: 44.4
Segment-level Event@Avg. F1: 47.7
Audio Event Detection Event-level F1: 39.0
Visual Event Detection Event-level F1: 41.6
Audio-Visual Event Detection Event-level F1: 28.6
Event-level Type@Avg. F1: 36.4
Event-level Event@Avg. F1: 37.8
Train Epoch: 14 [0/10000 (0%)]	Loss: 0.281511
Train Epoch: 14 [800/10000 (8%)]	Loss: 0.287724
Train Epoch: 14 [1600/10000 (16%)]	Loss: 0.284316
Train Epoch: 14 [2400/10000 (24%)]	Loss: 0.276901
Train Epoch: 14 [3200/10000 (32%)]	Loss: 0.278805
Train Epoch: 14 [4000/10000 (40%)]	Loss: 0.325094
Train Epoch: 14 [4800/10000 (48%)]	Loss: 0.284204
Train Epoch: 14 [5600/10000 (56%)]	Loss: 0.288856
Train Epoch: 14 [6400/10000 (64%)]	Loss: 0.330743
Train Epoch: 14 [7200/10000 (72%)]	Loss: 0.295531
Train Epoch: 14 [8000/10000 (80%)]	Loss: 0.278497
Train Epoch: 14 [8800/10000 (88%)]	Loss: 0.296709
Train Epoch: 14 [9600/10000 (96%)]	Loss: 0.318122
Audio Event Detection Segment-level F1: 51.3
Visual Event Detection Segment-level F1: 44.6
Audio-Visual Event Detection Segment-level F1: 38.2
Segment-levelType@Avg. F1: 44.7
Segment-level Event@Avg. F1: 47.6
Audio Event Detection Event-level F1: 38.4
Visual Event Detection Event-level F1: 42.2
Audio-Visual Event Detection Event-level F1: 30.0
Event-level Type@Avg. F1: 36.8
Event-level Event@Avg. F1: 37.8
Train Epoch: 15 [0/10000 (0%)]	Loss: 0.280905
Train Epoch: 15 [800/10000 (8%)]	Loss: 0.270148
Train Epoch: 15 [1600/10000 (16%)]	Loss: 0.294020
Train Epoch: 15 [2400/10000 (24%)]	Loss: 0.337593
Train Epoch: 15 [3200/10000 (32%)]	Loss: 0.303219
Train Epoch: 15 [4000/10000 (40%)]	Loss: 0.335069
Train Epoch: 15 [4800/10000 (48%)]	Loss: 0.307426
Train Epoch: 15 [5600/10000 (56%)]	Loss: 0.290480
Train Epoch: 15 [6400/10000 (64%)]	Loss: 0.321390
Train Epoch: 15 [7200/10000 (72%)]	Loss: 0.284724
Train Epoch: 15 [8000/10000 (80%)]	Loss: 0.290395
Train Epoch: 15 [8800/10000 (88%)]	Loss: 0.327786
Train Epoch: 15 [9600/10000 (96%)]	Loss: 0.303879
Audio Event Detection Segment-level F1: 51.0
Visual Event Detection Segment-level F1: 44.2
Audio-Visual Event Detection Segment-level F1: 37.6
Segment-levelType@Avg. F1: 44.3
Segment-level Event@Avg. F1: 47.1
Audio Event Detection Event-level F1: 38.2
Visual Event Detection Event-level F1: 42.2
Audio-Visual Event Detection Event-level F1: 29.8
Event-level Type@Avg. F1: 36.7
Event-level Event@Avg. F1: 37.7
Train Epoch: 16 [0/10000 (0%)]	Loss: 0.311353
Train Epoch: 16 [800/10000 (8%)]	Loss: 0.287889
Train Epoch: 16 [1600/10000 (16%)]	Loss: 0.282314
Train Epoch: 16 [2400/10000 (24%)]	Loss: 0.293035
Train Epoch: 16 [3200/10000 (32%)]	Loss: 0.309951
Train Epoch: 16 [4000/10000 (40%)]	Loss: 0.279585
Train Epoch: 16 [4800/10000 (48%)]	Loss: 0.293034
Train Epoch: 16 [5600/10000 (56%)]	Loss: 0.331034
Train Epoch: 16 [6400/10000 (64%)]	Loss: 0.320096
Train Epoch: 16 [7200/10000 (72%)]	Loss: 0.280931
Train Epoch: 16 [8000/10000 (80%)]	Loss: 0.293745
Train Epoch: 16 [8800/10000 (88%)]	Loss: 0.311064
Train Epoch: 16 [9600/10000 (96%)]	Loss: 0.250018
Audio Event Detection Segment-level F1: 50.6
Visual Event Detection Segment-level F1: 43.8
Audio-Visual Event Detection Segment-level F1: 36.9
Segment-levelType@Avg. F1: 43.8
Segment-level Event@Avg. F1: 46.9
Audio Event Detection Event-level F1: 37.2
Visual Event Detection Event-level F1: 41.9
Audio-Visual Event Detection Event-level F1: 28.9
Event-level Type@Avg. F1: 36.0
Event-level Event@Avg. F1: 37.2
Train Epoch: 17 [0/10000 (0%)]	Loss: 0.299758
Train Epoch: 17 [800/10000 (8%)]	Loss: 0.298909
Train Epoch: 17 [1600/10000 (16%)]	Loss: 0.323645
Train Epoch: 17 [2400/10000 (24%)]	Loss: 0.343424
Train Epoch: 17 [3200/10000 (32%)]	Loss: 0.348242
Train Epoch: 17 [4000/10000 (40%)]	Loss: 0.288577
Train Epoch: 17 [4800/10000 (48%)]	Loss: 0.264985
Train Epoch: 17 [5600/10000 (56%)]	Loss: 0.278445
Train Epoch: 17 [6400/10000 (64%)]	Loss: 0.318440
Train Epoch: 17 [7200/10000 (72%)]	Loss: 0.264211
Train Epoch: 17 [8000/10000 (80%)]	Loss: 0.278780
Train Epoch: 17 [8800/10000 (88%)]	Loss: 0.298156
Train Epoch: 17 [9600/10000 (96%)]	Loss: 0.326422
Audio Event Detection Segment-level F1: 50.4
Visual Event Detection Segment-level F1: 43.8
Audio-Visual Event Detection Segment-level F1: 37.6
Segment-levelType@Avg. F1: 43.9
Segment-level Event@Avg. F1: 46.9
Audio Event Detection Event-level F1: 36.6
Visual Event Detection Event-level F1: 41.3
Audio-Visual Event Detection Event-level F1: 29.1
Event-level Type@Avg. F1: 35.7
Event-level Event@Avg. F1: 36.3
Train Epoch: 18 [0/10000 (0%)]	Loss: 0.287200
Train Epoch: 18 [800/10000 (8%)]	Loss: 0.301170
Train Epoch: 18 [1600/10000 (16%)]	Loss: 0.272358
Train Epoch: 18 [2400/10000 (24%)]	Loss: 0.272806
Train Epoch: 18 [3200/10000 (32%)]	Loss: 0.297164
Train Epoch: 18 [4000/10000 (40%)]	Loss: 0.276281
Train Epoch: 18 [4800/10000 (48%)]	Loss: 0.356535
Train Epoch: 18 [5600/10000 (56%)]	Loss: 0.285433
Train Epoch: 18 [6400/10000 (64%)]	Loss: 0.283686
Train Epoch: 18 [7200/10000 (72%)]	Loss: 0.304231
Train Epoch: 18 [8000/10000 (80%)]	Loss: 0.308514
Train Epoch: 18 [8800/10000 (88%)]	Loss: 0.400739
Train Epoch: 18 [9600/10000 (96%)]	Loss: 0.325252
Audio Event Detection Segment-level F1: 50.1
Visual Event Detection Segment-level F1: 44.4
Audio-Visual Event Detection Segment-level F1: 38.4
Segment-levelType@Avg. F1: 44.3
Segment-level Event@Avg. F1: 47.0
Audio Event Detection Event-level F1: 36.6
Visual Event Detection Event-level F1: 42.4
Audio-Visual Event Detection Event-level F1: 29.5
Event-level Type@Avg. F1: 36.2
Event-level Event@Avg. F1: 36.9
Train Epoch: 19 [0/10000 (0%)]	Loss: 0.276568
Train Epoch: 19 [800/10000 (8%)]	Loss: 0.264170
Train Epoch: 19 [1600/10000 (16%)]	Loss: 0.312199
Train Epoch: 19 [2400/10000 (24%)]	Loss: 0.262382
Train Epoch: 19 [3200/10000 (32%)]	Loss: 0.298210
Train Epoch: 19 [4000/10000 (40%)]	Loss: 0.258648
Train Epoch: 19 [4800/10000 (48%)]	Loss: 0.285843
Train Epoch: 19 [5600/10000 (56%)]	Loss: 0.328625
Train Epoch: 19 [6400/10000 (64%)]	Loss: 0.259967
Train Epoch: 19 [7200/10000 (72%)]	Loss: 0.264472
Train Epoch: 19 [8000/10000 (80%)]	Loss: 0.297957
Train Epoch: 19 [8800/10000 (88%)]	Loss: 0.287823
Train Epoch: 19 [9600/10000 (96%)]	Loss: 0.297093
Audio Event Detection Segment-level F1: 49.8
Visual Event Detection Segment-level F1: 44.6
Audio-Visual Event Detection Segment-level F1: 38.3
Segment-levelType@Avg. F1: 44.2
Segment-level Event@Avg. F1: 46.6
Audio Event Detection Event-level F1: 36.4
Visual Event Detection Event-level F1: 42.5
Audio-Visual Event Detection Event-level F1: 29.3
Event-level Type@Avg. F1: 36.1
Event-level Event@Avg. F1: 36.6
Train Epoch: 20 [0/10000 (0%)]	Loss: 0.260436
Train Epoch: 20 [800/10000 (8%)]	Loss: 0.272753
Train Epoch: 20 [1600/10000 (16%)]	Loss: 0.272243
Train Epoch: 20 [2400/10000 (24%)]	Loss: 0.279193
Train Epoch: 20 [3200/10000 (32%)]	Loss: 0.332913
Train Epoch: 20 [4000/10000 (40%)]	Loss: 0.295589
Train Epoch: 20 [4800/10000 (48%)]	Loss: 0.298570
Train Epoch: 20 [5600/10000 (56%)]	Loss: 0.263272
Train Epoch: 20 [6400/10000 (64%)]	Loss: 0.275157
Train Epoch: 20 [7200/10000 (72%)]	Loss: 0.288373
Train Epoch: 20 [8000/10000 (80%)]	Loss: 0.273201
Train Epoch: 20 [8800/10000 (88%)]	Loss: 0.266875
Train Epoch: 20 [9600/10000 (96%)]	Loss: 0.289327
Audio Event Detection Segment-level F1: 50.1
Visual Event Detection Segment-level F1: 42.4
Audio-Visual Event Detection Segment-level F1: 36.3
Segment-levelType@Avg. F1: 42.9
Segment-level Event@Avg. F1: 46.0
Audio Event Detection Event-level F1: 36.3
Visual Event Detection Event-level F1: 38.9
Audio-Visual Event Detection Event-level F1: 27.5
Event-level Type@Avg. F1: 34.2
Event-level Event@Avg. F1: 35.6
Train Epoch: 21 [0/10000 (0%)]	Loss: 0.262850
Train Epoch: 21 [800/10000 (8%)]	Loss: 0.255562
Train Epoch: 21 [1600/10000 (16%)]	Loss: 0.284913
Train Epoch: 21 [2400/10000 (24%)]	Loss: 0.323810
Train Epoch: 21 [3200/10000 (32%)]	Loss: 0.289736
Train Epoch: 21 [4000/10000 (40%)]	Loss: 0.266361
Train Epoch: 21 [4800/10000 (48%)]	Loss: 0.276228
Train Epoch: 21 [5600/10000 (56%)]	Loss: 0.288866
Train Epoch: 21 [6400/10000 (64%)]	Loss: 0.280989
Train Epoch: 21 [7200/10000 (72%)]	Loss: 0.280742
Train Epoch: 21 [8000/10000 (80%)]	Loss: 0.253063
Train Epoch: 21 [8800/10000 (88%)]	Loss: 0.277135
Train Epoch: 21 [9600/10000 (96%)]	Loss: 0.291980
Audio Event Detection Segment-level F1: 50.0
Visual Event Detection Segment-level F1: 43.2
Audio-Visual Event Detection Segment-level F1: 37.0
Segment-levelType@Avg. F1: 43.4
Segment-level Event@Avg. F1: 46.3
Audio Event Detection Event-level F1: 36.1
Visual Event Detection Event-level F1: 39.9
Audio-Visual Event Detection Event-level F1: 27.8
Event-level Type@Avg. F1: 34.6
Event-level Event@Avg. F1: 35.6
Train Epoch: 22 [0/10000 (0%)]	Loss: 0.377460
Train Epoch: 22 [800/10000 (8%)]	Loss: 0.325033
Train Epoch: 22 [1600/10000 (16%)]	Loss: 0.296819
Train Epoch: 22 [2400/10000 (24%)]	Loss: 0.278778
Train Epoch: 22 [3200/10000 (32%)]	Loss: 0.290645
Train Epoch: 22 [4000/10000 (40%)]	Loss: 0.279706
Train Epoch: 22 [4800/10000 (48%)]	Loss: 0.251411
Train Epoch: 22 [5600/10000 (56%)]	Loss: 0.286475
Train Epoch: 22 [6400/10000 (64%)]	Loss: 0.271847
Train Epoch: 22 [7200/10000 (72%)]	Loss: 0.272201
Train Epoch: 22 [8000/10000 (80%)]	Loss: 0.262766
Train Epoch: 22 [8800/10000 (88%)]	Loss: 0.299622
Train Epoch: 22 [9600/10000 (96%)]	Loss: 0.264708
Audio Event Detection Segment-level F1: 50.1
Visual Event Detection Segment-level F1: 43.2
Audio-Visual Event Detection Segment-level F1: 37.1
Segment-levelType@Avg. F1: 43.5
Segment-level Event@Avg. F1: 46.4
Audio Event Detection Event-level F1: 36.5
Visual Event Detection Event-level F1: 40.1
Audio-Visual Event Detection Event-level F1: 28.0
Event-level Type@Avg. F1: 34.9
Event-level Event@Avg. F1: 36.0
Train Epoch: 23 [0/10000 (0%)]	Loss: 0.277095
Train Epoch: 23 [800/10000 (8%)]	Loss: 0.287895
Train Epoch: 23 [1600/10000 (16%)]	Loss: 0.264789
Train Epoch: 23 [2400/10000 (24%)]	Loss: 0.290215
Train Epoch: 23 [3200/10000 (32%)]	Loss: 0.256999
Train Epoch: 23 [4000/10000 (40%)]	Loss: 0.257331
Train Epoch: 23 [4800/10000 (48%)]	Loss: 0.285024
Train Epoch: 23 [5600/10000 (56%)]	Loss: 0.379827
Train Epoch: 23 [6400/10000 (64%)]	Loss: 0.275713
Train Epoch: 23 [7200/10000 (72%)]	Loss: 0.275080
Train Epoch: 23 [8000/10000 (80%)]	Loss: 0.273716
Train Epoch: 23 [8800/10000 (88%)]	Loss: 0.297311
Train Epoch: 23 [9600/10000 (96%)]	Loss: 0.301963
Audio Event Detection Segment-level F1: 50.1
Visual Event Detection Segment-level F1: 42.9
Audio-Visual Event Detection Segment-level F1: 36.8
Segment-levelType@Avg. F1: 43.3
Segment-level Event@Avg. F1: 46.1
Audio Event Detection Event-level F1: 36.4
Visual Event Detection Event-level F1: 39.7
Audio-Visual Event Detection Event-level F1: 28.0
Event-level Type@Avg. F1: 34.7
Event-level Event@Avg. F1: 35.6
Train Epoch: 24 [0/10000 (0%)]	Loss: 0.268488
Train Epoch: 24 [800/10000 (8%)]	Loss: 0.299001
Train Epoch: 24 [1600/10000 (16%)]	Loss: 0.300325
Train Epoch: 24 [2400/10000 (24%)]	Loss: 0.307967
Train Epoch: 24 [3200/10000 (32%)]	Loss: 0.281523
Train Epoch: 24 [4000/10000 (40%)]	Loss: 0.264922
Train Epoch: 24 [4800/10000 (48%)]	Loss: 0.265649
Train Epoch: 24 [5600/10000 (56%)]	Loss: 0.296514
Train Epoch: 24 [6400/10000 (64%)]	Loss: 0.307893
Train Epoch: 24 [7200/10000 (72%)]	Loss: 0.252004
Train Epoch: 24 [8000/10000 (80%)]	Loss: 0.278851
Train Epoch: 24 [8800/10000 (88%)]	Loss: 0.269324
Train Epoch: 24 [9600/10000 (96%)]	Loss: 0.299727
Audio Event Detection Segment-level F1: 50.0
Visual Event Detection Segment-level F1: 42.8
Audio-Visual Event Detection Segment-level F1: 36.6
Segment-levelType@Avg. F1: 43.1
Segment-level Event@Avg. F1: 46.0
Audio Event Detection Event-level F1: 36.1
Visual Event Detection Event-level F1: 39.4
Audio-Visual Event Detection Event-level F1: 27.7
Event-level Type@Avg. F1: 34.4
Event-level Event@Avg. F1: 35.3
Train Epoch: 25 [0/10000 (0%)]	Loss: 0.319958
Train Epoch: 25 [800/10000 (8%)]	Loss: 0.281330
Train Epoch: 25 [1600/10000 (16%)]	Loss: 0.266210
Train Epoch: 25 [2400/10000 (24%)]	Loss: 0.256707
Train Epoch: 25 [3200/10000 (32%)]	Loss: 0.267017
Train Epoch: 25 [4000/10000 (40%)]	Loss: 0.264324
Train Epoch: 25 [4800/10000 (48%)]	Loss: 0.287435
Train Epoch: 25 [5600/10000 (56%)]	Loss: 0.270769
Train Epoch: 25 [6400/10000 (64%)]	Loss: 0.264025
Train Epoch: 25 [7200/10000 (72%)]	Loss: 0.262604
Train Epoch: 25 [8000/10000 (80%)]	Loss: 0.264489
Train Epoch: 25 [8800/10000 (88%)]	Loss: 0.275495
Train Epoch: 25 [9600/10000 (96%)]	Loss: 0.298617
Audio Event Detection Segment-level F1: 49.9
Visual Event Detection Segment-level F1: 43.0
Audio-Visual Event Detection Segment-level F1: 36.9
Segment-levelType@Avg. F1: 43.3
Segment-level Event@Avg. F1: 46.0
Audio Event Detection Event-level F1: 36.2
Visual Event Detection Event-level F1: 39.4
Audio-Visual Event Detection Event-level F1: 27.8
Event-level Type@Avg. F1: 34.4
Event-level Event@Avg. F1: 35.4
Train Epoch: 26 [0/10000 (0%)]	Loss: 0.290430
Train Epoch: 26 [800/10000 (8%)]	Loss: 0.289176
Train Epoch: 26 [1600/10000 (16%)]	Loss: 0.314368
Train Epoch: 26 [2400/10000 (24%)]	Loss: 0.281624
Train Epoch: 26 [3200/10000 (32%)]	Loss: 0.269932
Train Epoch: 26 [4000/10000 (40%)]	Loss: 0.258366
Train Epoch: 26 [4800/10000 (48%)]	Loss: 0.309481
Train Epoch: 26 [5600/10000 (56%)]	Loss: 0.262691
Train Epoch: 26 [6400/10000 (64%)]	Loss: 0.283025
Train Epoch: 26 [7200/10000 (72%)]	Loss: 0.260094
Train Epoch: 26 [8000/10000 (80%)]	Loss: 0.271103
Train Epoch: 26 [8800/10000 (88%)]	Loss: 0.304618
Train Epoch: 26 [9600/10000 (96%)]	Loss: 0.301013
Audio Event Detection Segment-level F1: 50.1
Visual Event Detection Segment-level F1: 43.6
Audio-Visual Event Detection Segment-level F1: 37.5
Segment-levelType@Avg. F1: 43.7
Segment-level Event@Avg. F1: 46.5
Audio Event Detection Event-level F1: 36.3
Visual Event Detection Event-level F1: 40.7
Audio-Visual Event Detection Event-level F1: 28.5
Event-level Type@Avg. F1: 35.2
Event-level Event@Avg. F1: 36.1
Train Epoch: 27 [0/10000 (0%)]	Loss: 0.268040
Train Epoch: 27 [800/10000 (8%)]	Loss: 0.290125
Train Epoch: 27 [1600/10000 (16%)]	Loss: 0.288277
Train Epoch: 27 [2400/10000 (24%)]	Loss: 0.281066
Train Epoch: 27 [3200/10000 (32%)]	Loss: 0.259573
Train Epoch: 27 [4000/10000 (40%)]	Loss: 0.264833
Train Epoch: 27 [4800/10000 (48%)]	Loss: 0.273946
Train Epoch: 27 [5600/10000 (56%)]	Loss: 0.304205
Train Epoch: 27 [6400/10000 (64%)]	Loss: 0.279823
Train Epoch: 27 [7200/10000 (72%)]	Loss: 0.298204
Train Epoch: 27 [8000/10000 (80%)]	Loss: 0.263587
Train Epoch: 27 [8800/10000 (88%)]	Loss: 0.247682
Train Epoch: 27 [9600/10000 (96%)]	Loss: 0.321343
Audio Event Detection Segment-level F1: 50.1
Visual Event Detection Segment-level F1: 43.4
Audio-Visual Event Detection Segment-level F1: 37.4
Segment-levelType@Avg. F1: 43.6
Segment-level Event@Avg. F1: 46.4
Audio Event Detection Event-level F1: 36.5
Visual Event Detection Event-level F1: 40.5
Audio-Visual Event Detection Event-level F1: 28.2
Event-level Type@Avg. F1: 35.1
Event-level Event@Avg. F1: 36.0
Train Epoch: 28 [0/10000 (0%)]	Loss: 0.276176
Train Epoch: 28 [800/10000 (8%)]	Loss: 0.307281
Train Epoch: 28 [1600/10000 (16%)]	Loss: 0.250562
Train Epoch: 28 [2400/10000 (24%)]	Loss: 0.318027
Train Epoch: 28 [3200/10000 (32%)]	Loss: 0.301349
Train Epoch: 28 [4000/10000 (40%)]	Loss: 0.278683
Train Epoch: 28 [4800/10000 (48%)]	Loss: 0.275180
Train Epoch: 28 [5600/10000 (56%)]	Loss: 0.278701
Train Epoch: 28 [6400/10000 (64%)]	Loss: 0.278949
Train Epoch: 28 [7200/10000 (72%)]	Loss: 0.266254
Train Epoch: 28 [8000/10000 (80%)]	Loss: 0.254511
Train Epoch: 28 [8800/10000 (88%)]	Loss: 0.267770
Train Epoch: 28 [9600/10000 (96%)]	Loss: 0.263546
Audio Event Detection Segment-level F1: 50.4
Visual Event Detection Segment-level F1: 43.4
Audio-Visual Event Detection Segment-level F1: 37.5
Segment-levelType@Avg. F1: 43.7
Segment-level Event@Avg. F1: 46.5
Audio Event Detection Event-level F1: 36.7
Visual Event Detection Event-level F1: 39.9
Audio-Visual Event Detection Event-level F1: 28.1
Event-level Type@Avg. F1: 34.9
Event-level Event@Avg. F1: 35.9
Train Epoch: 29 [0/10000 (0%)]	Loss: 0.264026
Train Epoch: 29 [800/10000 (8%)]	Loss: 0.273456
Train Epoch: 29 [1600/10000 (16%)]	Loss: 0.290023
Train Epoch: 29 [2400/10000 (24%)]	Loss: 0.261173
Train Epoch: 29 [3200/10000 (32%)]	Loss: 0.270264
Train Epoch: 29 [4000/10000 (40%)]	Loss: 0.282013
Train Epoch: 29 [4800/10000 (48%)]	Loss: 0.289731
Train Epoch: 29 [5600/10000 (56%)]	Loss: 0.280601
Train Epoch: 29 [6400/10000 (64%)]	Loss: 0.258686
Train Epoch: 29 [7200/10000 (72%)]	Loss: 0.295551
Train Epoch: 29 [8000/10000 (80%)]	Loss: 0.280378
Train Epoch: 29 [8800/10000 (88%)]	Loss: 0.291764
Train Epoch: 29 [9600/10000 (96%)]	Loss: 0.298149
Audio Event Detection Segment-level F1: 50.2
Visual Event Detection Segment-level F1: 43.4
Audio-Visual Event Detection Segment-level F1: 37.1
Segment-levelType@Avg. F1: 43.6
Segment-level Event@Avg. F1: 46.4
Audio Event Detection Event-level F1: 36.7
Visual Event Detection Event-level F1: 40.1
Audio-Visual Event Detection Event-level F1: 28.0
Event-level Type@Avg. F1: 34.9
Event-level Event@Avg. F1: 36.0
Train Epoch: 30 [0/10000 (0%)]	Loss: 0.246950
Train Epoch: 30 [800/10000 (8%)]	Loss: 0.272519
Train Epoch: 30 [1600/10000 (16%)]	Loss: 0.292945
Train Epoch: 30 [2400/10000 (24%)]	Loss: 0.261849
Train Epoch: 30 [3200/10000 (32%)]	Loss: 0.293769
Train Epoch: 30 [4000/10000 (40%)]	Loss: 0.303662
Train Epoch: 30 [4800/10000 (48%)]	Loss: 0.290038
Train Epoch: 30 [5600/10000 (56%)]	Loss: 0.281589
Train Epoch: 30 [6400/10000 (64%)]	Loss: 0.294671
Train Epoch: 30 [7200/10000 (72%)]	Loss: 0.272604
Train Epoch: 30 [8000/10000 (80%)]	Loss: 0.251492
Train Epoch: 30 [8800/10000 (88%)]	Loss: 0.292102
Train Epoch: 30 [9600/10000 (96%)]	Loss: 0.259516
Audio Event Detection Segment-level F1: 50.1
Visual Event Detection Segment-level F1: 43.1
Audio-Visual Event Detection Segment-level F1: 36.9
Segment-levelType@Avg. F1: 43.4
Segment-level Event@Avg. F1: 46.3
Audio Event Detection Event-level F1: 36.6
Visual Event Detection Event-level F1: 39.9
Audio-Visual Event Detection Event-level F1: 27.7
Event-level Type@Avg. F1: 34.8
Event-level Event@Avg. F1: 35.9
Train Epoch: 31 [0/10000 (0%)]	Loss: 0.298302
Train Epoch: 31 [800/10000 (8%)]	Loss: 0.283444
Train Epoch: 31 [1600/10000 (16%)]	Loss: 0.269615
Train Epoch: 31 [2400/10000 (24%)]	Loss: 0.259242
Train Epoch: 31 [3200/10000 (32%)]	Loss: 0.294107
Train Epoch: 31 [4000/10000 (40%)]	Loss: 0.261849
Train Epoch: 31 [4800/10000 (48%)]	Loss: 0.271514
Train Epoch: 31 [5600/10000 (56%)]	Loss: 0.278925
Train Epoch: 31 [6400/10000 (64%)]	Loss: 0.265901
Train Epoch: 31 [7200/10000 (72%)]	Loss: 0.307272
Train Epoch: 31 [8000/10000 (80%)]	Loss: 0.306233
Train Epoch: 31 [8800/10000 (88%)]	Loss: 0.242498
Train Epoch: 31 [9600/10000 (96%)]	Loss: 0.267175
Audio Event Detection Segment-level F1: 50.1
Visual Event Detection Segment-level F1: 43.0
Audio-Visual Event Detection Segment-level F1: 36.9
Segment-levelType@Avg. F1: 43.3
Segment-level Event@Avg. F1: 46.2
Audio Event Detection Event-level F1: 36.6
Visual Event Detection Event-level F1: 39.9
Audio-Visual Event Detection Event-level F1: 27.7
Event-level Type@Avg. F1: 34.7
Event-level Event@Avg. F1: 35.9
Train Epoch: 32 [0/10000 (0%)]	Loss: 0.292914
Train Epoch: 32 [800/10000 (8%)]	Loss: 0.286416
Train Epoch: 32 [1600/10000 (16%)]	Loss: 0.274739
Train Epoch: 32 [2400/10000 (24%)]	Loss: 0.295152
Train Epoch: 32 [3200/10000 (32%)]	Loss: 0.293564
Train Epoch: 32 [4000/10000 (40%)]	Loss: 0.272679
Train Epoch: 32 [4800/10000 (48%)]	Loss: 0.272700
Train Epoch: 32 [5600/10000 (56%)]	Loss: 0.269277
Train Epoch: 32 [6400/10000 (64%)]	Loss: 0.266918
Train Epoch: 32 [7200/10000 (72%)]	Loss: 0.250027
Train Epoch: 32 [8000/10000 (80%)]	Loss: 0.270488
Train Epoch: 32 [8800/10000 (88%)]	Loss: 0.267920
Train Epoch: 32 [9600/10000 (96%)]	Loss: 0.270152
Audio Event Detection Segment-level F1: 50.1
Visual Event Detection Segment-level F1: 43.2
Audio-Visual Event Detection Segment-level F1: 37.1
Segment-levelType@Avg. F1: 43.5
Segment-level Event@Avg. F1: 46.3
Audio Event Detection Event-level F1: 36.7
Visual Event Detection Event-level F1: 40.1
Audio-Visual Event Detection Event-level F1: 28.0
Event-level Type@Avg. F1: 34.9
Event-level Event@Avg. F1: 36.1
Train Epoch: 33 [0/10000 (0%)]	Loss: 0.263037
Train Epoch: 33 [800/10000 (8%)]	Loss: 0.257811
Train Epoch: 33 [1600/10000 (16%)]	Loss: 0.315129
Train Epoch: 33 [2400/10000 (24%)]	Loss: 0.301836
Train Epoch: 33 [3200/10000 (32%)]	Loss: 0.289023
Train Epoch: 33 [4000/10000 (40%)]	Loss: 0.281016
Train Epoch: 33 [4800/10000 (48%)]	Loss: 0.269511
Train Epoch: 33 [5600/10000 (56%)]	Loss: 0.329450
Train Epoch: 33 [6400/10000 (64%)]	Loss: 0.249250
Train Epoch: 33 [7200/10000 (72%)]	Loss: 0.268798
Train Epoch: 33 [8000/10000 (80%)]	Loss: 0.293515
Train Epoch: 33 [8800/10000 (88%)]	Loss: 0.258788
Train Epoch: 33 [9600/10000 (96%)]	Loss: 0.321892
Audio Event Detection Segment-level F1: 50.1
Visual Event Detection Segment-level F1: 43.3
Audio-Visual Event Detection Segment-level F1: 37.0
Segment-levelType@Avg. F1: 43.5
Segment-level Event@Avg. F1: 46.3
Audio Event Detection Event-level F1: 36.7
Visual Event Detection Event-level F1: 40.0
Audio-Visual Event Detection Event-level F1: 27.9
Event-level Type@Avg. F1: 34.9
Event-level Event@Avg. F1: 36.0
Train Epoch: 34 [0/10000 (0%)]	Loss: 0.260038
Train Epoch: 34 [800/10000 (8%)]	Loss: 0.283567
Train Epoch: 34 [1600/10000 (16%)]	Loss: 0.269264
Train Epoch: 34 [2400/10000 (24%)]	Loss: 0.275078
Train Epoch: 34 [3200/10000 (32%)]	Loss: 0.296010
Train Epoch: 34 [4000/10000 (40%)]	Loss: 0.268518
Train Epoch: 34 [4800/10000 (48%)]	Loss: 0.302464
Train Epoch: 34 [5600/10000 (56%)]	Loss: 0.258239
Train Epoch: 34 [6400/10000 (64%)]	Loss: 0.264905
Train Epoch: 34 [7200/10000 (72%)]	Loss: 0.299374
Train Epoch: 34 [8000/10000 (80%)]	Loss: 0.266271
Train Epoch: 34 [8800/10000 (88%)]	Loss: 0.293726
Train Epoch: 34 [9600/10000 (96%)]	Loss: 0.298470
Audio Event Detection Segment-level F1: 50.1
Visual Event Detection Segment-level F1: 43.3
Audio-Visual Event Detection Segment-level F1: 37.2
Segment-levelType@Avg. F1: 43.5
Segment-level Event@Avg. F1: 46.3
Audio Event Detection Event-level F1: 36.6
Visual Event Detection Event-level F1: 40.1
Audio-Visual Event Detection Event-level F1: 28.0
Event-level Type@Avg. F1: 34.9
Event-level Event@Avg. F1: 36.0
Train Epoch: 35 [0/10000 (0%)]	Loss: 0.270652
Train Epoch: 35 [800/10000 (8%)]	Loss: 0.270422
Train Epoch: 35 [1600/10000 (16%)]	Loss: 0.271622
Train Epoch: 35 [2400/10000 (24%)]	Loss: 0.287365
Train Epoch: 35 [3200/10000 (32%)]	Loss: 0.252141
Train Epoch: 35 [4000/10000 (40%)]	Loss: 0.256512
Train Epoch: 35 [4800/10000 (48%)]	Loss: 0.253478
Train Epoch: 35 [5600/10000 (56%)]	Loss: 0.260354
Train Epoch: 35 [6400/10000 (64%)]	Loss: 0.324499
Train Epoch: 35 [7200/10000 (72%)]	Loss: 0.352829
Train Epoch: 35 [8000/10000 (80%)]	Loss: 0.294462
Train Epoch: 35 [8800/10000 (88%)]	Loss: 0.270361
Train Epoch: 35 [9600/10000 (96%)]	Loss: 0.268792
Audio Event Detection Segment-level F1: 50.1
Visual Event Detection Segment-level F1: 43.3
Audio-Visual Event Detection Segment-level F1: 37.1
Segment-levelType@Avg. F1: 43.5
Segment-level Event@Avg. F1: 46.3
Audio Event Detection Event-level F1: 36.6
Visual Event Detection Event-level F1: 40.1
Audio-Visual Event Detection Event-level F1: 28.0
Event-level Type@Avg. F1: 34.9
Event-level Event@Avg. F1: 36.0
Train Epoch: 36 [0/10000 (0%)]	Loss: 0.287188
Train Epoch: 36 [800/10000 (8%)]	Loss: 0.293924
Train Epoch: 36 [1600/10000 (16%)]	Loss: 0.278610
Train Epoch: 36 [2400/10000 (24%)]	Loss: 0.281744
Train Epoch: 36 [3200/10000 (32%)]	Loss: 0.279436
Train Epoch: 36 [4000/10000 (40%)]	Loss: 0.249355
Train Epoch: 36 [4800/10000 (48%)]	Loss: 0.286203
Train Epoch: 36 [5600/10000 (56%)]	Loss: 0.300688
Train Epoch: 36 [6400/10000 (64%)]	Loss: 0.264574
Train Epoch: 36 [7200/10000 (72%)]	Loss: 0.259797
Train Epoch: 36 [8000/10000 (80%)]	Loss: 0.262161
Train Epoch: 36 [8800/10000 (88%)]	Loss: 0.263948
Train Epoch: 36 [9600/10000 (96%)]	Loss: 0.288978
Audio Event Detection Segment-level F1: 50.1
Visual Event Detection Segment-level F1: 43.3
Audio-Visual Event Detection Segment-level F1: 37.2
Segment-levelType@Avg. F1: 43.5
Segment-level Event@Avg. F1: 46.3
Audio Event Detection Event-level F1: 36.7
Visual Event Detection Event-level F1: 40.1
Audio-Visual Event Detection Event-level F1: 28.0
Event-level Type@Avg. F1: 34.9
Event-level Event@Avg. F1: 36.0
Train Epoch: 37 [0/10000 (0%)]	Loss: 0.294303
Train Epoch: 37 [800/10000 (8%)]	Loss: 0.265832
Train Epoch: 37 [1600/10000 (16%)]	Loss: 0.269767
Train Epoch: 37 [2400/10000 (24%)]	Loss: 0.258514
Train Epoch: 37 [3200/10000 (32%)]	Loss: 0.263275
Train Epoch: 37 [4000/10000 (40%)]	Loss: 0.283105
Train Epoch: 37 [4800/10000 (48%)]	Loss: 0.267949
Train Epoch: 37 [5600/10000 (56%)]	Loss: 0.299411
Train Epoch: 37 [6400/10000 (64%)]	Loss: 0.332495
Train Epoch: 37 [7200/10000 (72%)]	Loss: 0.303089
Train Epoch: 37 [8000/10000 (80%)]	Loss: 0.305935
Train Epoch: 37 [8800/10000 (88%)]	Loss: 0.283703
Train Epoch: 37 [9600/10000 (96%)]	Loss: 0.248838
Audio Event Detection Segment-level F1: 50.2
Visual Event Detection Segment-level F1: 43.1
Audio-Visual Event Detection Segment-level F1: 37.1
Segment-levelType@Avg. F1: 43.5
Segment-level Event@Avg. F1: 46.3
Audio Event Detection Event-level F1: 36.8
Visual Event Detection Event-level F1: 39.9
Audio-Visual Event Detection Event-level F1: 28.0
Event-level Type@Avg. F1: 34.9
Event-level Event@Avg. F1: 36.0
Train Epoch: 38 [0/10000 (0%)]	Loss: 0.288340
Train Epoch: 38 [800/10000 (8%)]	Loss: 0.283262
Train Epoch: 38 [1600/10000 (16%)]	Loss: 0.270040
Train Epoch: 38 [2400/10000 (24%)]	Loss: 0.280623
Train Epoch: 38 [3200/10000 (32%)]	Loss: 0.264138
Train Epoch: 38 [4000/10000 (40%)]	Loss: 0.278724
Train Epoch: 38 [4800/10000 (48%)]	Loss: 0.283734
Train Epoch: 38 [5600/10000 (56%)]	Loss: 0.269701
Train Epoch: 38 [6400/10000 (64%)]	Loss: 0.277076
Train Epoch: 38 [7200/10000 (72%)]	Loss: 0.266629
Train Epoch: 38 [8000/10000 (80%)]	Loss: 0.296769
Train Epoch: 38 [8800/10000 (88%)]	Loss: 0.276406
Train Epoch: 38 [9600/10000 (96%)]	Loss: 0.285515
Audio Event Detection Segment-level F1: 50.2
Visual Event Detection Segment-level F1: 43.1
Audio-Visual Event Detection Segment-level F1: 36.9
Segment-levelType@Avg. F1: 43.4
Segment-level Event@Avg. F1: 46.3
Audio Event Detection Event-level F1: 36.8
Visual Event Detection Event-level F1: 39.9
Audio-Visual Event Detection Event-level F1: 27.9
Event-level Type@Avg. F1: 34.9
Event-level Event@Avg. F1: 36.0
Train Epoch: 39 [0/10000 (0%)]	Loss: 0.301951
Train Epoch: 39 [800/10000 (8%)]	Loss: 0.286124
Train Epoch: 39 [1600/10000 (16%)]	Loss: 0.262780
Train Epoch: 39 [2400/10000 (24%)]	Loss: 0.266649
Train Epoch: 39 [3200/10000 (32%)]	Loss: 0.270766
Train Epoch: 39 [4000/10000 (40%)]	Loss: 0.271745
Train Epoch: 39 [4800/10000 (48%)]	Loss: 0.294489
Train Epoch: 39 [5600/10000 (56%)]	Loss: 0.269391
Train Epoch: 39 [6400/10000 (64%)]	Loss: 0.261840
Train Epoch: 39 [7200/10000 (72%)]	Loss: 0.291179
Train Epoch: 39 [8000/10000 (80%)]	Loss: 0.283907
Train Epoch: 39 [8800/10000 (88%)]	Loss: 0.281663
Train Epoch: 39 [9600/10000 (96%)]	Loss: 0.334432
Audio Event Detection Segment-level F1: 50.1
Visual Event Detection Segment-level F1: 43.1
Audio-Visual Event Detection Segment-level F1: 37.0
Segment-levelType@Avg. F1: 43.4
Segment-level Event@Avg. F1: 46.3
Audio Event Detection Event-level F1: 36.7
Visual Event Detection Event-level F1: 39.9
Audio-Visual Event Detection Event-level F1: 27.8
Event-level Type@Avg. F1: 34.8
Event-level Event@Avg. F1: 35.9
Train Epoch: 40 [0/10000 (0%)]	Loss: 0.275073
Train Epoch: 40 [800/10000 (8%)]	Loss: 0.262186
Train Epoch: 40 [1600/10000 (16%)]	Loss: 0.323053
Train Epoch: 40 [2400/10000 (24%)]	Loss: 0.268021
Train Epoch: 40 [3200/10000 (32%)]	Loss: 0.274488
Train Epoch: 40 [4000/10000 (40%)]	Loss: 0.326467
Train Epoch: 40 [4800/10000 (48%)]	Loss: 0.278446
Train Epoch: 40 [5600/10000 (56%)]	Loss: 0.286294
Train Epoch: 40 [6400/10000 (64%)]	Loss: 0.294414
Train Epoch: 40 [7200/10000 (72%)]	Loss: 0.293604
Train Epoch: 40 [8000/10000 (80%)]	Loss: 0.284255
Train Epoch: 40 [8800/10000 (88%)]	Loss: 0.265359
Train Epoch: 40 [9600/10000 (96%)]	Loss: 0.303717
Audio Event Detection Segment-level F1: 50.1
Visual Event Detection Segment-level F1: 43.1
Audio-Visual Event Detection Segment-level F1: 37.1
Segment-levelType@Avg. F1: 43.5
Segment-level Event@Avg. F1: 46.3
Audio Event Detection Event-level F1: 36.7
Visual Event Detection Event-level F1: 39.9
Audio-Visual Event Detection Event-level F1: 28.0
Event-level Type@Avg. F1: 34.9
Event-level Event@Avg. F1: 35.9
