111111111111
Train Epoch: 1 [0/10000 (0%)]	Loss: 2.194480
Train Epoch: 1 [800/10000 (8%)]	Loss: 0.733719
Train Epoch: 1 [1600/10000 (16%)]	Loss: 0.607973
Train Epoch: 1 [2400/10000 (24%)]	Loss: 0.521304
Train Epoch: 1 [3200/10000 (32%)]	Loss: 0.491718
Train Epoch: 1 [4000/10000 (40%)]	Loss: 0.448724
Train Epoch: 1 [4800/10000 (48%)]	Loss: 0.423937
Train Epoch: 1 [5600/10000 (56%)]	Loss: 0.336990
Train Epoch: 1 [6400/10000 (64%)]	Loss: 0.394980
Train Epoch: 1 [7200/10000 (72%)]	Loss: 0.406220
Train Epoch: 1 [8000/10000 (80%)]	Loss: 0.370432
Train Epoch: 1 [8800/10000 (88%)]	Loss: 0.384771
Train Epoch: 1 [9600/10000 (96%)]	Loss: 0.422274
Audio Event Detection Segment-level F1: 59.0
Visual Event Detection Segment-level F1: 52.9
Audio-Visual Event Detection Segment-level F1: 49.9
Segment-levelType@Avg. F1: 53.9
Segment-level Event@Avg. F1: 53.9
Audio Event Detection Event-level F1: 47.9
Visual Event Detection Event-level F1: 47.1
Audio-Visual Event Detection Event-level F1: 41.9
Event-level Type@Avg. F1: 45.6
Event-level Event@Avg. F1: 44.8
Train Epoch: 2 [0/10000 (0%)]	Loss: 0.357103
Train Epoch: 2 [800/10000 (8%)]	Loss: 0.318803
Train Epoch: 2 [1600/10000 (16%)]	Loss: 0.382193
Train Epoch: 2 [2400/10000 (24%)]	Loss: 0.448691
Train Epoch: 2 [3200/10000 (32%)]	Loss: 0.450500
Train Epoch: 2 [4000/10000 (40%)]	Loss: 0.344368
Train Epoch: 2 [4800/10000 (48%)]	Loss: 0.297172
Train Epoch: 2 [5600/10000 (56%)]	Loss: 0.403571
Train Epoch: 2 [6400/10000 (64%)]	Loss: 0.375332
Train Epoch: 2 [7200/10000 (72%)]	Loss: 0.304836
Train Epoch: 2 [8000/10000 (80%)]	Loss: 0.441007
Train Epoch: 2 [8800/10000 (88%)]	Loss: 0.342244
Train Epoch: 2 [9600/10000 (96%)]	Loss: 0.331657
Audio Event Detection Segment-level F1: 59.1
Visual Event Detection Segment-level F1: 49.4
Audio-Visual Event Detection Segment-level F1: 46.4
Segment-levelType@Avg. F1: 51.6
Segment-level Event@Avg. F1: 53.5
Audio Event Detection Event-level F1: 49.8
Visual Event Detection Event-level F1: 44.5
Audio-Visual Event Detection Event-level F1: 40.2
Event-level Type@Avg. F1: 44.8
Event-level Event@Avg. F1: 46.4
Train Epoch: 3 [0/10000 (0%)]	Loss: 0.378883
Train Epoch: 3 [800/10000 (8%)]	Loss: 0.334913
Train Epoch: 3 [1600/10000 (16%)]	Loss: 0.349075
Train Epoch: 3 [2400/10000 (24%)]	Loss: 0.334515
Train Epoch: 3 [3200/10000 (32%)]	Loss: 0.369828
Train Epoch: 3 [4000/10000 (40%)]	Loss: 0.384183
Train Epoch: 3 [4800/10000 (48%)]	Loss: 0.355291
Train Epoch: 3 [5600/10000 (56%)]	Loss: 0.373130
Train Epoch: 3 [6400/10000 (64%)]	Loss: 0.344836
Train Epoch: 3 [7200/10000 (72%)]	Loss: 0.346865
Train Epoch: 3 [8000/10000 (80%)]	Loss: 0.363504
Train Epoch: 3 [8800/10000 (88%)]	Loss: 0.374782
Train Epoch: 3 [9600/10000 (96%)]	Loss: 0.340374
Audio Event Detection Segment-level F1: 61.3
Visual Event Detection Segment-level F1: 54.2
Audio-Visual Event Detection Segment-level F1: 50.4
Segment-levelType@Avg. F1: 55.3
Segment-level Event@Avg. F1: 56.4
Audio Event Detection Event-level F1: 52.2
Visual Event Detection Event-level F1: 48.9
Audio-Visual Event Detection Event-level F1: 43.2
Event-level Type@Avg. F1: 48.1
Event-level Event@Avg. F1: 48.7
Train Epoch: 4 [0/10000 (0%)]	Loss: 0.319645
Train Epoch: 4 [800/10000 (8%)]	Loss: 0.330214
Train Epoch: 4 [1600/10000 (16%)]	Loss: 0.287132
Train Epoch: 4 [2400/10000 (24%)]	Loss: 0.304134
Train Epoch: 4 [3200/10000 (32%)]	Loss: 0.287332
Train Epoch: 4 [4000/10000 (40%)]	Loss: 0.366490
Train Epoch: 4 [4800/10000 (48%)]	Loss: 0.322245
Train Epoch: 4 [5600/10000 (56%)]	Loss: 0.295017
Train Epoch: 4 [6400/10000 (64%)]	Loss: 0.345868
Train Epoch: 4 [7200/10000 (72%)]	Loss: 0.322453
Train Epoch: 4 [8000/10000 (80%)]	Loss: 0.281326
Train Epoch: 4 [8800/10000 (88%)]	Loss: 0.267902
Train Epoch: 4 [9600/10000 (96%)]	Loss: 0.402325
Audio Event Detection Segment-level F1: 61.1
Visual Event Detection Segment-level F1: 51.6
Audio-Visual Event Detection Segment-level F1: 47.9
Segment-levelType@Avg. F1: 53.5
Segment-level Event@Avg. F1: 55.5
Audio Event Detection Event-level F1: 52.0
Visual Event Detection Event-level F1: 46.4
Audio-Visual Event Detection Event-level F1: 40.9
Event-level Type@Avg. F1: 46.4
Event-level Event@Avg. F1: 48.2
Train Epoch: 5 [0/10000 (0%)]	Loss: 0.284578
Train Epoch: 5 [800/10000 (8%)]	Loss: 0.283579
Train Epoch: 5 [1600/10000 (16%)]	Loss: 0.405029
Train Epoch: 5 [2400/10000 (24%)]	Loss: 0.303458
Train Epoch: 5 [3200/10000 (32%)]	Loss: 0.369127
Train Epoch: 5 [4000/10000 (40%)]	Loss: 0.359136
Train Epoch: 5 [4800/10000 (48%)]	Loss: 0.441682
Train Epoch: 5 [5600/10000 (56%)]	Loss: 0.366091
Train Epoch: 5 [6400/10000 (64%)]	Loss: 0.385607
Train Epoch: 5 [7200/10000 (72%)]	Loss: 0.328550
Train Epoch: 5 [8000/10000 (80%)]	Loss: 0.427429
Train Epoch: 5 [8800/10000 (88%)]	Loss: 0.396331
Train Epoch: 5 [9600/10000 (96%)]	Loss: 0.290547
Audio Event Detection Segment-level F1: 59.9
Visual Event Detection Segment-level F1: 52.3
Audio-Visual Event Detection Segment-level F1: 48.7
Segment-levelType@Avg. F1: 53.6
Segment-level Event@Avg. F1: 54.5
Audio Event Detection Event-level F1: 50.8
Visual Event Detection Event-level F1: 46.8
Audio-Visual Event Detection Event-level F1: 41.1
Event-level Type@Avg. F1: 46.2
Event-level Event@Avg. F1: 47.0
Train Epoch: 6 [0/10000 (0%)]	Loss: 0.342273
Train Epoch: 6 [800/10000 (8%)]	Loss: 0.354188
Train Epoch: 6 [1600/10000 (16%)]	Loss: 0.332021
Train Epoch: 6 [2400/10000 (24%)]	Loss: 0.306791
Train Epoch: 6 [3200/10000 (32%)]	Loss: 0.383783
Train Epoch: 6 [4000/10000 (40%)]	Loss: 0.356856
Train Epoch: 6 [4800/10000 (48%)]	Loss: 0.383128
Train Epoch: 6 [5600/10000 (56%)]	Loss: 0.320042
Train Epoch: 6 [6400/10000 (64%)]	Loss: 0.260642
Train Epoch: 6 [7200/10000 (72%)]	Loss: 0.323196
Train Epoch: 6 [8000/10000 (80%)]	Loss: 0.305553
Train Epoch: 6 [8800/10000 (88%)]	Loss: 0.286553
Train Epoch: 6 [9600/10000 (96%)]	Loss: 0.341596
Audio Event Detection Segment-level F1: 60.1
Visual Event Detection Segment-level F1: 49.7
Audio-Visual Event Detection Segment-level F1: 45.8
Segment-levelType@Avg. F1: 51.9
Segment-level Event@Avg. F1: 54.2
Audio Event Detection Event-level F1: 51.0
Visual Event Detection Event-level F1: 45.1
Audio-Visual Event Detection Event-level F1: 39.5
Event-level Type@Avg. F1: 45.2
Event-level Event@Avg. F1: 47.4
Train Epoch: 7 [0/10000 (0%)]	Loss: 0.341043
Train Epoch: 7 [800/10000 (8%)]	Loss: 0.323872
Train Epoch: 7 [1600/10000 (16%)]	Loss: 0.349361
Train Epoch: 7 [2400/10000 (24%)]	Loss: 0.326214
Train Epoch: 7 [3200/10000 (32%)]	Loss: 0.298054
Train Epoch: 7 [4000/10000 (40%)]	Loss: 0.315140
Train Epoch: 7 [4800/10000 (48%)]	Loss: 0.359370
Train Epoch: 7 [5600/10000 (56%)]	Loss: 0.278469
Train Epoch: 7 [6400/10000 (64%)]	Loss: 0.288600
Train Epoch: 7 [7200/10000 (72%)]	Loss: 0.316852
Train Epoch: 7 [8000/10000 (80%)]	Loss: 0.403816
Train Epoch: 7 [8800/10000 (88%)]	Loss: 0.295065
Train Epoch: 7 [9600/10000 (96%)]	Loss: 0.388700
Audio Event Detection Segment-level F1: 59.1
Visual Event Detection Segment-level F1: 48.4
Audio-Visual Event Detection Segment-level F1: 45.1
Segment-levelType@Avg. F1: 50.9
Segment-level Event@Avg. F1: 52.6
Audio Event Detection Event-level F1: 49.0
Visual Event Detection Event-level F1: 42.4
Audio-Visual Event Detection Event-level F1: 37.5
Event-level Type@Avg. F1: 43.0
Event-level Event@Avg. F1: 45.1
Train Epoch: 8 [0/10000 (0%)]	Loss: 0.385066
Train Epoch: 8 [800/10000 (8%)]	Loss: 0.305074
Train Epoch: 8 [1600/10000 (16%)]	Loss: 0.268927
Train Epoch: 8 [2400/10000 (24%)]	Loss: 0.285524
Train Epoch: 8 [3200/10000 (32%)]	Loss: 0.307001
Train Epoch: 8 [4000/10000 (40%)]	Loss: 0.465724
Train Epoch: 8 [4800/10000 (48%)]	Loss: 0.294075
Train Epoch: 8 [5600/10000 (56%)]	Loss: 0.313024
Train Epoch: 8 [6400/10000 (64%)]	Loss: 0.450031
Train Epoch: 8 [7200/10000 (72%)]	Loss: 0.322657
Train Epoch: 8 [8000/10000 (80%)]	Loss: 0.306595
Train Epoch: 8 [8800/10000 (88%)]	Loss: 0.318371
Train Epoch: 8 [9600/10000 (96%)]	Loss: 0.260103
Audio Event Detection Segment-level F1: 59.9
Visual Event Detection Segment-level F1: 50.2
Audio-Visual Event Detection Segment-level F1: 46.5
Segment-levelType@Avg. F1: 52.2
Segment-level Event@Avg. F1: 54.1
Audio Event Detection Event-level F1: 49.5
Visual Event Detection Event-level F1: 44.5
Audio-Visual Event Detection Event-level F1: 38.2
Event-level Type@Avg. F1: 44.1
Event-level Event@Avg. F1: 45.6
Train Epoch: 9 [0/10000 (0%)]	Loss: 0.305159
Train Epoch: 9 [800/10000 (8%)]	Loss: 0.306821
Train Epoch: 9 [1600/10000 (16%)]	Loss: 0.302065
Train Epoch: 9 [2400/10000 (24%)]	Loss: 0.255244
Train Epoch: 9 [3200/10000 (32%)]	Loss: 0.275770
Train Epoch: 9 [4000/10000 (40%)]	Loss: 0.345745
Train Epoch: 9 [4800/10000 (48%)]	Loss: 0.276659
Train Epoch: 9 [5600/10000 (56%)]	Loss: 0.332217
Train Epoch: 9 [6400/10000 (64%)]	Loss: 0.312830
Train Epoch: 9 [7200/10000 (72%)]	Loss: 0.338069
Train Epoch: 9 [8000/10000 (80%)]	Loss: 0.289050
Train Epoch: 9 [8800/10000 (88%)]	Loss: 0.371604
Train Epoch: 9 [9600/10000 (96%)]	Loss: 0.293953
Audio Event Detection Segment-level F1: 59.1
Visual Event Detection Segment-level F1: 49.6
Audio-Visual Event Detection Segment-level F1: 45.8
Segment-levelType@Avg. F1: 51.5
Segment-level Event@Avg. F1: 53.2
Audio Event Detection Event-level F1: 51.1
Visual Event Detection Event-level F1: 44.5
Audio-Visual Event Detection Event-level F1: 38.9
Event-level Type@Avg. F1: 44.9
Event-level Event@Avg. F1: 47.1
Train Epoch: 10 [0/10000 (0%)]	Loss: 0.275134
Train Epoch: 10 [800/10000 (8%)]	Loss: 0.355902
Train Epoch: 10 [1600/10000 (16%)]	Loss: 0.301985
Train Epoch: 10 [2400/10000 (24%)]	Loss: 0.313598
Train Epoch: 10 [3200/10000 (32%)]	Loss: 0.268265
Train Epoch: 10 [4000/10000 (40%)]	Loss: 0.382777
Train Epoch: 10 [4800/10000 (48%)]	Loss: 0.290730
Train Epoch: 10 [5600/10000 (56%)]	Loss: 0.307370
Train Epoch: 10 [6400/10000 (64%)]	Loss: 0.379371
Train Epoch: 10 [7200/10000 (72%)]	Loss: 0.312063
Train Epoch: 10 [8000/10000 (80%)]	Loss: 0.337248
Train Epoch: 10 [8800/10000 (88%)]	Loss: 0.278429
Train Epoch: 10 [9600/10000 (96%)]	Loss: 0.292158
Audio Event Detection Segment-level F1: 61.0
Visual Event Detection Segment-level F1: 52.2
Audio-Visual Event Detection Segment-level F1: 48.9
Segment-levelType@Avg. F1: 54.0
Segment-level Event@Avg. F1: 56.0
Audio Event Detection Event-level F1: 51.1
Visual Event Detection Event-level F1: 47.1
Audio-Visual Event Detection Event-level F1: 41.3
Event-level Type@Avg. F1: 46.5
Event-level Event@Avg. F1: 47.9
Train Epoch: 11 [0/10000 (0%)]	Loss: 0.351634
Train Epoch: 11 [800/10000 (8%)]	Loss: 0.244206
Train Epoch: 11 [1600/10000 (16%)]	Loss: 0.260891
Train Epoch: 11 [2400/10000 (24%)]	Loss: 0.261316
Train Epoch: 11 [3200/10000 (32%)]	Loss: 0.293714
Train Epoch: 11 [4000/10000 (40%)]	Loss: 0.251963
Train Epoch: 11 [4800/10000 (48%)]	Loss: 0.260019
Train Epoch: 11 [5600/10000 (56%)]	Loss: 0.286105
Train Epoch: 11 [6400/10000 (64%)]	Loss: 0.290233
Train Epoch: 11 [7200/10000 (72%)]	Loss: 0.287749
Train Epoch: 11 [8000/10000 (80%)]	Loss: 0.259226
Train Epoch: 11 [8800/10000 (88%)]	Loss: 0.265038
Train Epoch: 11 [9600/10000 (96%)]	Loss: 0.280871
Audio Event Detection Segment-level F1: 61.9
Visual Event Detection Segment-level F1: 51.9
Audio-Visual Event Detection Segment-level F1: 48.0
Segment-levelType@Avg. F1: 53.9
Segment-level Event@Avg. F1: 56.3
Audio Event Detection Event-level F1: 52.1
Visual Event Detection Event-level F1: 47.7
Audio-Visual Event Detection Event-level F1: 41.0
Event-level Type@Avg. F1: 46.9
Event-level Event@Avg. F1: 49.3
Train Epoch: 12 [0/10000 (0%)]	Loss: 0.267949
Train Epoch: 12 [800/10000 (8%)]	Loss: 0.268941
Train Epoch: 12 [1600/10000 (16%)]	Loss: 0.257124
Train Epoch: 12 [2400/10000 (24%)]	Loss: 0.291015
Train Epoch: 12 [3200/10000 (32%)]	Loss: 0.275931
Train Epoch: 12 [4000/10000 (40%)]	Loss: 0.292231
Train Epoch: 12 [4800/10000 (48%)]	Loss: 0.282788
Train Epoch: 12 [5600/10000 (56%)]	Loss: 0.270647
Train Epoch: 12 [6400/10000 (64%)]	Loss: 0.293819
Train Epoch: 12 [7200/10000 (72%)]	Loss: 0.285461
Train Epoch: 12 [8000/10000 (80%)]	Loss: 0.268440
Train Epoch: 12 [8800/10000 (88%)]	Loss: 0.272771
Train Epoch: 12 [9600/10000 (96%)]	Loss: 0.258108
Audio Event Detection Segment-level F1: 61.8
Visual Event Detection Segment-level F1: 52.3
Audio-Visual Event Detection Segment-level F1: 47.8
Segment-levelType@Avg. F1: 54.0
Segment-level Event@Avg. F1: 56.2
Audio Event Detection Event-level F1: 52.6
Visual Event Detection Event-level F1: 47.8
Audio-Visual Event Detection Event-level F1: 40.8
Event-level Type@Avg. F1: 47.1
Event-level Event@Avg. F1: 49.6
Train Epoch: 13 [0/10000 (0%)]	Loss: 0.283608
Train Epoch: 13 [800/10000 (8%)]	Loss: 0.288644
Train Epoch: 13 [1600/10000 (16%)]	Loss: 0.323469
Train Epoch: 13 [2400/10000 (24%)]	Loss: 0.278563
Train Epoch: 13 [3200/10000 (32%)]	Loss: 0.337675
Train Epoch: 13 [4000/10000 (40%)]	Loss: 0.242589
Train Epoch: 13 [4800/10000 (48%)]	Loss: 0.248639
Train Epoch: 13 [5600/10000 (56%)]	Loss: 0.293653
Train Epoch: 13 [6400/10000 (64%)]	Loss: 0.255922
Train Epoch: 13 [7200/10000 (72%)]	Loss: 0.246467
Train Epoch: 13 [8000/10000 (80%)]	Loss: 0.253567
Train Epoch: 13 [8800/10000 (88%)]	Loss: 0.270122
Train Epoch: 13 [9600/10000 (96%)]	Loss: 0.257716
Audio Event Detection Segment-level F1: 61.7
Visual Event Detection Segment-level F1: 51.8
Audio-Visual Event Detection Segment-level F1: 48.0
Segment-levelType@Avg. F1: 53.8
Segment-level Event@Avg. F1: 56.1
Audio Event Detection Event-level F1: 52.0
Visual Event Detection Event-level F1: 47.8
Audio-Visual Event Detection Event-level F1: 41.2
Event-level Type@Avg. F1: 47.0
Event-level Event@Avg. F1: 49.4
Train Epoch: 14 [0/10000 (0%)]	Loss: 0.281016
Train Epoch: 14 [800/10000 (8%)]	Loss: 0.256345
Train Epoch: 14 [1600/10000 (16%)]	Loss: 0.228923
Train Epoch: 14 [2400/10000 (24%)]	Loss: 0.257573
Train Epoch: 14 [3200/10000 (32%)]	Loss: 0.312640
Train Epoch: 14 [4000/10000 (40%)]	Loss: 0.270480
Train Epoch: 14 [4800/10000 (48%)]	Loss: 0.242566
Train Epoch: 14 [5600/10000 (56%)]	Loss: 0.361351
Train Epoch: 14 [6400/10000 (64%)]	Loss: 0.249955
Train Epoch: 14 [7200/10000 (72%)]	Loss: 0.247469
Train Epoch: 14 [8000/10000 (80%)]	Loss: 0.306922
Train Epoch: 14 [8800/10000 (88%)]	Loss: 0.322057
Train Epoch: 14 [9600/10000 (96%)]	Loss: 0.275965
Audio Event Detection Segment-level F1: 61.9
Visual Event Detection Segment-level F1: 52.3
Audio-Visual Event Detection Segment-level F1: 48.2
Segment-levelType@Avg. F1: 54.1
Segment-level Event@Avg. F1: 56.5
Audio Event Detection Event-level F1: 52.1
Visual Event Detection Event-level F1: 48.3
Audio-Visual Event Detection Event-level F1: 41.4
Event-level Type@Avg. F1: 47.3
Event-level Event@Avg. F1: 49.7
Train Epoch: 15 [0/10000 (0%)]	Loss: 0.279400
Train Epoch: 15 [800/10000 (8%)]	Loss: 0.285224
Train Epoch: 15 [1600/10000 (16%)]	Loss: 0.267451
Train Epoch: 15 [2400/10000 (24%)]	Loss: 0.268899
Train Epoch: 15 [3200/10000 (32%)]	Loss: 0.244877
Train Epoch: 15 [4000/10000 (40%)]	Loss: 0.292202
Train Epoch: 15 [4800/10000 (48%)]	Loss: 0.260077
Train Epoch: 15 [5600/10000 (56%)]	Loss: 0.276943
Train Epoch: 15 [6400/10000 (64%)]	Loss: 0.252495
Train Epoch: 15 [7200/10000 (72%)]	Loss: 0.271467
Train Epoch: 15 [8000/10000 (80%)]	Loss: 0.307873
Train Epoch: 15 [8800/10000 (88%)]	Loss: 0.247270
Train Epoch: 15 [9600/10000 (96%)]	Loss: 0.260657
Audio Event Detection Segment-level F1: 61.6
Visual Event Detection Segment-level F1: 52.7
Audio-Visual Event Detection Segment-level F1: 48.6
Segment-levelType@Avg. F1: 54.3
Segment-level Event@Avg. F1: 56.5
Audio Event Detection Event-level F1: 52.1
Visual Event Detection Event-level F1: 48.4
Audio-Visual Event Detection Event-level F1: 41.5
Event-level Type@Avg. F1: 47.3
Event-level Event@Avg. F1: 49.6
Train Epoch: 16 [0/10000 (0%)]	Loss: 0.260570
Train Epoch: 16 [800/10000 (8%)]	Loss: 0.230067
Train Epoch: 16 [1600/10000 (16%)]	Loss: 0.245777
Train Epoch: 16 [2400/10000 (24%)]	Loss: 0.241771
Train Epoch: 16 [3200/10000 (32%)]	Loss: 0.266728
Train Epoch: 16 [4000/10000 (40%)]	Loss: 0.244019
Train Epoch: 16 [4800/10000 (48%)]	Loss: 0.263056
Train Epoch: 16 [5600/10000 (56%)]	Loss: 0.335515
Train Epoch: 16 [6400/10000 (64%)]	Loss: 0.262862
Train Epoch: 16 [7200/10000 (72%)]	Loss: 0.256876
Train Epoch: 16 [8000/10000 (80%)]	Loss: 0.248193
Train Epoch: 16 [8800/10000 (88%)]	Loss: 0.248105
Train Epoch: 16 [9600/10000 (96%)]	Loss: 0.244362
Audio Event Detection Segment-level F1: 61.0
Visual Event Detection Segment-level F1: 53.2
Audio-Visual Event Detection Segment-level F1: 48.5
Segment-levelType@Avg. F1: 54.2
Segment-level Event@Avg. F1: 55.8
Audio Event Detection Event-level F1: 51.7
Visual Event Detection Event-level F1: 49.1
Audio-Visual Event Detection Event-level F1: 42.1
Event-level Type@Avg. F1: 47.7
Event-level Event@Avg. F1: 49.3
Train Epoch: 17 [0/10000 (0%)]	Loss: 0.235094
Train Epoch: 17 [800/10000 (8%)]	Loss: 0.255308
Train Epoch: 17 [1600/10000 (16%)]	Loss: 0.246030
Train Epoch: 17 [2400/10000 (24%)]	Loss: 0.286506
Train Epoch: 17 [3200/10000 (32%)]	Loss: 0.261924
Train Epoch: 17 [4000/10000 (40%)]	Loss: 0.263193
Train Epoch: 17 [4800/10000 (48%)]	Loss: 0.247405
Train Epoch: 17 [5600/10000 (56%)]	Loss: 0.269339
Train Epoch: 17 [6400/10000 (64%)]	Loss: 0.275617
Train Epoch: 17 [7200/10000 (72%)]	Loss: 0.248601
Train Epoch: 17 [8000/10000 (80%)]	Loss: 0.277403
Train Epoch: 17 [8800/10000 (88%)]	Loss: 0.238287
Train Epoch: 17 [9600/10000 (96%)]	Loss: 0.241924
Audio Event Detection Segment-level F1: 62.0
Visual Event Detection Segment-level F1: 51.8
Audio-Visual Event Detection Segment-level F1: 47.4
Segment-levelType@Avg. F1: 53.7
Segment-level Event@Avg. F1: 56.3
Audio Event Detection Event-level F1: 52.2
Visual Event Detection Event-level F1: 47.7
Audio-Visual Event Detection Event-level F1: 40.7
Event-level Type@Avg. F1: 46.9
Event-level Event@Avg. F1: 49.6
Train Epoch: 18 [0/10000 (0%)]	Loss: 0.292728
Train Epoch: 18 [800/10000 (8%)]	Loss: 0.261703
Train Epoch: 18 [1600/10000 (16%)]	Loss: 0.256686
Train Epoch: 18 [2400/10000 (24%)]	Loss: 0.301028
Train Epoch: 18 [3200/10000 (32%)]	Loss: 0.239524
Train Epoch: 18 [4000/10000 (40%)]	Loss: 0.249322
Train Epoch: 18 [4800/10000 (48%)]	Loss: 0.293350
Train Epoch: 18 [5600/10000 (56%)]	Loss: 0.239960
Train Epoch: 18 [6400/10000 (64%)]	Loss: 0.293102
Train Epoch: 18 [7200/10000 (72%)]	Loss: 0.221727
Train Epoch: 18 [8000/10000 (80%)]	Loss: 0.263409
Train Epoch: 18 [8800/10000 (88%)]	Loss: 0.246950
Train Epoch: 18 [9600/10000 (96%)]	Loss: 0.278995
Audio Event Detection Segment-level F1: 61.6
Visual Event Detection Segment-level F1: 52.5
Audio-Visual Event Detection Segment-level F1: 48.2
Segment-levelType@Avg. F1: 54.1
Segment-level Event@Avg. F1: 56.2
Audio Event Detection Event-level F1: 51.8
Visual Event Detection Event-level F1: 48.1
Audio-Visual Event Detection Event-level F1: 41.1
Event-level Type@Avg. F1: 47.0
Event-level Event@Avg. F1: 49.4
Train Epoch: 19 [0/10000 (0%)]	Loss: 0.296361
Train Epoch: 19 [800/10000 (8%)]	Loss: 0.228738
Train Epoch: 19 [1600/10000 (16%)]	Loss: 0.250862
Train Epoch: 19 [2400/10000 (24%)]	Loss: 0.259476
Train Epoch: 19 [3200/10000 (32%)]	Loss: 0.222290
Train Epoch: 19 [4000/10000 (40%)]	Loss: 0.255284
Train Epoch: 19 [4800/10000 (48%)]	Loss: 0.271394
Train Epoch: 19 [5600/10000 (56%)]	Loss: 0.238297
Train Epoch: 19 [6400/10000 (64%)]	Loss: 0.263339
Train Epoch: 19 [7200/10000 (72%)]	Loss: 0.237144
Train Epoch: 19 [8000/10000 (80%)]	Loss: 0.255403
Train Epoch: 19 [8800/10000 (88%)]	Loss: 0.245384
Train Epoch: 19 [9600/10000 (96%)]	Loss: 0.265484
Audio Event Detection Segment-level F1: 61.2
Visual Event Detection Segment-level F1: 53.3
Audio-Visual Event Detection Segment-level F1: 48.9
Segment-levelType@Avg. F1: 54.4
Segment-level Event@Avg. F1: 56.0
Audio Event Detection Event-level F1: 51.8
Visual Event Detection Event-level F1: 49.0
Audio-Visual Event Detection Event-level F1: 41.5
Event-level Type@Avg. F1: 47.5
Event-level Event@Avg. F1: 49.4
Train Epoch: 20 [0/10000 (0%)]	Loss: 0.297338
Train Epoch: 20 [800/10000 (8%)]	Loss: 0.269949
Train Epoch: 20 [1600/10000 (16%)]	Loss: 0.242966
Train Epoch: 20 [2400/10000 (24%)]	Loss: 0.274482
Train Epoch: 20 [3200/10000 (32%)]	Loss: 0.255621
Train Epoch: 20 [4000/10000 (40%)]	Loss: 0.252019
Train Epoch: 20 [4800/10000 (48%)]	Loss: 0.255464
Train Epoch: 20 [5600/10000 (56%)]	Loss: 0.242644
