Directory model_han_cmatt_to_mamba_-_hidden_state_dynamic created.
111111111111
Train Epoch: 1 [0/10000 (0%)]	Loss: 2.188731
Train Epoch: 1 [800/10000 (8%)]	Loss: 0.733021
Train Epoch: 1 [1600/10000 (16%)]	Loss: 0.605290
Train Epoch: 1 [2400/10000 (24%)]	Loss: 0.519869
Train Epoch: 1 [3200/10000 (32%)]	Loss: 0.488369
Train Epoch: 1 [4000/10000 (40%)]	Loss: 0.451200
Train Epoch: 1 [4800/10000 (48%)]	Loss: 0.421933
Train Epoch: 1 [5600/10000 (56%)]	Loss: 0.337455
Train Epoch: 1 [6400/10000 (64%)]	Loss: 0.397803
Train Epoch: 1 [7200/10000 (72%)]	Loss: 0.411672
Train Epoch: 1 [8000/10000 (80%)]	Loss: 0.367244
Train Epoch: 1 [8800/10000 (88%)]	Loss: 0.389244
Train Epoch: 1 [9600/10000 (96%)]	Loss: 0.417102
Audio Event Detection Segment-level F1: 58.7
Visual Event Detection Segment-level F1: 52.1
Audio-Visual Event Detection Segment-level F1: 49.0
Segment-levelType@Avg. F1: 53.3
Segment-level Event@Avg. F1: 53.7
Audio Event Detection Event-level F1: 47.2
Visual Event Detection Event-level F1: 45.3
Audio-Visual Event Detection Event-level F1: 40.3
Event-level Type@Avg. F1: 44.3
Event-level Event@Avg. F1: 43.5
Train Epoch: 2 [0/10000 (0%)]	Loss: 0.366727
Train Epoch: 2 [800/10000 (8%)]	Loss: 0.330333
Train Epoch: 2 [1600/10000 (16%)]	Loss: 0.549907
Train Epoch: 2 [2400/10000 (24%)]	Loss: 0.516200
Train Epoch: 2 [3200/10000 (32%)]	Loss: 0.467022
Train Epoch: 2 [4000/10000 (40%)]	Loss: 0.374025
Train Epoch: 2 [4800/10000 (48%)]	Loss: 0.306651
Train Epoch: 2 [5600/10000 (56%)]	Loss: 0.388143
Train Epoch: 2 [6400/10000 (64%)]	Loss: 0.372428
Train Epoch: 2 [7200/10000 (72%)]	Loss: 0.331022
Train Epoch: 2 [8000/10000 (80%)]	Loss: 0.414418
Train Epoch: 2 [8800/10000 (88%)]	Loss: 0.343684
Train Epoch: 2 [9600/10000 (96%)]	Loss: 0.322527
Audio Event Detection Segment-level F1: 59.7
Visual Event Detection Segment-level F1: 52.0
Audio-Visual Event Detection Segment-level F1: 48.7
Segment-levelType@Avg. F1: 53.5
Segment-level Event@Avg. F1: 54.8
Audio Event Detection Event-level F1: 50.5
Visual Event Detection Event-level F1: 46.6
Audio-Visual Event Detection Event-level F1: 41.7
Event-level Type@Avg. F1: 46.3
Event-level Event@Avg. F1: 46.9
Train Epoch: 3 [0/10000 (0%)]	Loss: 0.381211
Train Epoch: 3 [800/10000 (8%)]	Loss: 0.328797
Train Epoch: 3 [1600/10000 (16%)]	Loss: 0.341021
Train Epoch: 3 [2400/10000 (24%)]	Loss: 0.321001
Train Epoch: 3 [3200/10000 (32%)]	Loss: 0.378180
Train Epoch: 3 [4000/10000 (40%)]	Loss: 0.386531
Train Epoch: 3 [4800/10000 (48%)]	Loss: 0.380793
Train Epoch: 3 [5600/10000 (56%)]	Loss: 0.385676
Train Epoch: 3 [6400/10000 (64%)]	Loss: 0.339360
Train Epoch: 3 [7200/10000 (72%)]	Loss: 0.347310
Train Epoch: 3 [8000/10000 (80%)]	Loss: 0.353870
Train Epoch: 3 [8800/10000 (88%)]	Loss: 0.354145
Train Epoch: 3 [9600/10000 (96%)]	Loss: 0.343605
Audio Event Detection Segment-level F1: 60.5
Visual Event Detection Segment-level F1: 54.3
Audio-Visual Event Detection Segment-level F1: 50.3
Segment-levelType@Avg. F1: 55.1
Segment-level Event@Avg. F1: 55.4
Audio Event Detection Event-level F1: 51.2
Visual Event Detection Event-level F1: 49.6
Audio-Visual Event Detection Event-level F1: 43.0
Event-level Type@Avg. F1: 47.9
Event-level Event@Avg. F1: 48.3
Train Epoch: 4 [0/10000 (0%)]	Loss: 0.329084
Train Epoch: 4 [800/10000 (8%)]	Loss: 0.364790
Train Epoch: 4 [1600/10000 (16%)]	Loss: 0.300005
Train Epoch: 4 [2400/10000 (24%)]	Loss: 0.295624
Train Epoch: 4 [3200/10000 (32%)]	Loss: 0.289638
Train Epoch: 4 [4000/10000 (40%)]	Loss: 0.381626
Train Epoch: 4 [4800/10000 (48%)]	Loss: 0.327156
Train Epoch: 4 [5600/10000 (56%)]	Loss: 0.281784
Train Epoch: 4 [6400/10000 (64%)]	Loss: 0.358242
Train Epoch: 4 [7200/10000 (72%)]	Loss: 0.315089
Train Epoch: 4 [8000/10000 (80%)]	Loss: 0.334649
Train Epoch: 4 [8800/10000 (88%)]	Loss: 0.289043
Train Epoch: 4 [9600/10000 (96%)]	Loss: 0.389252
Audio Event Detection Segment-level F1: 60.7
Visual Event Detection Segment-level F1: 52.4
Audio-Visual Event Detection Segment-level F1: 48.4
Segment-levelType@Avg. F1: 53.8
Segment-level Event@Avg. F1: 55.7
Audio Event Detection Event-level F1: 51.8
Visual Event Detection Event-level F1: 48.3
Audio-Visual Event Detection Event-level F1: 41.3
Event-level Type@Avg. F1: 47.1
Event-level Event@Avg. F1: 49.0
Train Epoch: 5 [0/10000 (0%)]	Loss: 0.322052
Train Epoch: 5 [800/10000 (8%)]	Loss: 0.289815
Train Epoch: 5 [1600/10000 (16%)]	Loss: 0.384514
